[2024-08-14T14:43:11.645+0000] {taskinstance.py:1165} INFO - Dependencies all met for <TaskInstance: parallel_dag.load_b scheduled__2024-08-13T00:00:00+00:00 [queued]>
[2024-08-14T14:43:11.658+0000] {taskinstance.py:1165} INFO - Dependencies all met for <TaskInstance: parallel_dag.load_b scheduled__2024-08-13T00:00:00+00:00 [queued]>
[2024-08-14T14:43:11.659+0000] {taskinstance.py:1362} INFO - 
--------------------------------------------------------------------------------
[2024-08-14T14:43:11.661+0000] {taskinstance.py:1363} INFO - Starting attempt 1 of 1
[2024-08-14T14:43:11.662+0000] {taskinstance.py:1364} INFO - 
--------------------------------------------------------------------------------
[2024-08-14T14:43:11.693+0000] {taskinstance.py:1383} INFO - Executing <Task(BashOperator): load_b> on 2024-08-13 00:00:00+00:00
[2024-08-14T14:43:11.704+0000] {standard_task_runner.py:55} INFO - Started process 275 to run task
[2024-08-14T14:43:11.712+0000] {standard_task_runner.py:82} INFO - Running: ['***', 'tasks', 'run', 'parallel_dag', 'load_b', 'scheduled__2024-08-13T00:00:00+00:00', '--job-id', '92', '--raw', '--subdir', 'DAGS_FOLDER/parallel_dag.py', '--cfg-path', '/tmp/tmprfl40z2x']
[2024-08-14T14:43:11.714+0000] {standard_task_runner.py:83} INFO - Job 92: Subtask load_b
[2024-08-14T14:43:11.833+0000] {task_command.py:376} INFO - Running <TaskInstance: parallel_dag.load_b scheduled__2024-08-13T00:00:00+00:00 [running]> on host 3b5f01e5f2f7
[2024-08-14T14:43:11.944+0000] {taskinstance.py:1592} INFO - Exporting the following env vars:
AIRFLOW_CTX_DAG_OWNER=***
AIRFLOW_CTX_DAG_ID=parallel_dag
AIRFLOW_CTX_TASK_ID=load_b
AIRFLOW_CTX_EXECUTION_DATE=2024-08-13T00:00:00+00:00
AIRFLOW_CTX_TRY_NUMBER=1
AIRFLOW_CTX_DAG_RUN_ID=scheduled__2024-08-13T00:00:00+00:00
[2024-08-14T14:43:11.947+0000] {subprocess.py:63} INFO - Tmp dir root location: 
 /tmp
[2024-08-14T14:43:11.949+0000] {subprocess.py:75} INFO - Running command: ['/bin/bash', '-c', 'sleep 10']
[2024-08-14T14:43:11.968+0000] {subprocess.py:86} INFO - Output:
[2024-08-14T14:43:21.981+0000] {subprocess.py:97} INFO - Command exited with return code 0
[2024-08-14T14:43:22.032+0000] {taskinstance.py:1406} INFO - Marking task as SUCCESS. dag_id=parallel_dag, task_id=load_b, execution_date=20240813T000000, start_date=20240814T144311, end_date=20240814T144322
[2024-08-14T14:43:22.060+0000] {local_task_job.py:164} INFO - Task exited with return code 0
[2024-08-14T14:43:22.084+0000] {local_task_job.py:273} INFO - 1 downstream tasks scheduled from follow-on schedule check
