[2024-08-12T16:36:26.901+0000] {taskinstance.py:1165} INFO - Dependencies all met for <TaskInstance: user_processing.extract_user scheduled__2024-08-11T00:00:00+00:00 [queued]>
[2024-08-12T16:36:26.911+0000] {taskinstance.py:1165} INFO - Dependencies all met for <TaskInstance: user_processing.extract_user scheduled__2024-08-11T00:00:00+00:00 [queued]>
[2024-08-12T16:36:26.911+0000] {taskinstance.py:1362} INFO - 
--------------------------------------------------------------------------------
[2024-08-12T16:36:26.912+0000] {taskinstance.py:1363} INFO - Starting attempt 4 of 4
[2024-08-12T16:36:26.912+0000] {taskinstance.py:1364} INFO - 
--------------------------------------------------------------------------------
[2024-08-12T16:36:26.923+0000] {taskinstance.py:1383} INFO - Executing <Task(SimpleHttpOperator): extract_user> on 2024-08-11 00:00:00+00:00
[2024-08-12T16:36:26.928+0000] {standard_task_runner.py:55} INFO - Started process 19661 to run task
[2024-08-12T16:36:26.933+0000] {standard_task_runner.py:82} INFO - Running: ['***', 'tasks', 'run', 'user_processing', 'extract_user', 'scheduled__2024-08-11T00:00:00+00:00', '--job-id', '39', '--raw', '--subdir', 'DAGS_FOLDER/user_processing.py', '--cfg-path', '/tmp/tmp_4n00_ex']
[2024-08-12T16:36:26.936+0000] {standard_task_runner.py:83} INFO - Job 39: Subtask extract_user
[2024-08-12T16:36:27.003+0000] {task_command.py:376} INFO - Running <TaskInstance: user_processing.extract_user scheduled__2024-08-11T00:00:00+00:00 [running]> on host 7b166f9b76f0
[2024-08-12T16:36:27.069+0000] {taskinstance.py:1592} INFO - Exporting the following env vars:
AIRFLOW_CTX_DAG_OWNER=***
AIRFLOW_CTX_DAG_ID=user_processing
AIRFLOW_CTX_TASK_ID=extract_user
AIRFLOW_CTX_EXECUTION_DATE=2024-08-11T00:00:00+00:00
AIRFLOW_CTX_TRY_NUMBER=4
AIRFLOW_CTX_DAG_RUN_ID=scheduled__2024-08-11T00:00:00+00:00
[2024-08-12T16:36:27.071+0000] {http.py:121} INFO - Calling HTTP method
[2024-08-12T16:36:27.082+0000] {base.py:71} INFO - Using connection ID 'user_api' for task execution.
[2024-08-12T16:36:27.085+0000] {http.py:148} INFO - Sending 'GET' to url: https://randomuser.me/api/
[2024-08-12T16:36:28.000+0000] {http.py:125} INFO - {"results":[{"gender":"male","name":{"title":"Mr","first":"Mitchell","last":"Jones"},"location":{"street":{"number":7133,"name":"Woodlawn Avenue"},"city":"Loughrea","state":"Cork","country":"Ireland","postcode":61127,"coordinates":{"latitude":"-1.1335","longitude":"-178.5035"},"timezone":{"offset":"-3:30","description":"Newfoundland"}},"email":"mitchell.jones@example.com","login":{"uuid":"b74bf919-d888-4be7-90cf-99fc559b30b5","username":"silverzebra616","password":"1954","salt":"ZIHIS3EJ","md5":"511396285ba977a5bea3f89183f8377f","sha1":"de088bad7e78e954cbf8a66a77505262d26583b8","sha256":"6c86548e5e4ee24c6234f8a18e2a9f39a60573c9d1222fc26f2b53a57c0b19a3"},"dob":{"date":"1977-04-02T02:51:14.883Z","age":47},"registered":{"date":"2021-08-21T23:56:01.753Z","age":2},"phone":"031-367-2063","cell":"081-125-7533","id":{"name":"PPS","value":"3957298T"},"picture":{"large":"https://randomuser.me/api/portraits/men/78.jpg","medium":"https://randomuser.me/api/portraits/med/men/78.jpg","thumbnail":"https://randomuser.me/api/portraits/thumb/men/78.jpg"},"nat":"IE"}],"info":{"seed":"ebe8f8a592c4d718","results":1,"page":1,"version":"1.4"}}
[2024-08-12T16:36:28.032+0000] {taskinstance.py:1406} INFO - Marking task as SUCCESS. dag_id=user_processing, task_id=extract_user, execution_date=20240811T000000, start_date=20240812T163626, end_date=20240812T163628
[2024-08-12T16:36:28.055+0000] {local_task_job.py:164} INFO - Task exited with return code 0
[2024-08-12T16:36:28.088+0000] {local_task_job.py:273} INFO - 1 downstream tasks scheduled from follow-on schedule check
