[2024-08-12T08:00:22.786+0000] {taskinstance.py:1165} INFO - Dependencies all met for <TaskInstance: user_processing.extract_user scheduled__2024-08-11T00:00:00+00:00 [None]>
[2024-08-12T08:00:22.800+0000] {taskinstance.py:1165} INFO - Dependencies all met for <TaskInstance: user_processing.extract_user scheduled__2024-08-11T00:00:00+00:00 [None]>
[2024-08-12T08:00:22.801+0000] {taskinstance.py:1362} INFO - 
--------------------------------------------------------------------------------
[2024-08-12T08:00:22.801+0000] {taskinstance.py:1363} INFO - Starting attempt 1 of 1
[2024-08-12T08:00:22.802+0000] {taskinstance.py:1364} INFO - 
--------------------------------------------------------------------------------
[2024-08-12T08:00:22.812+0000] {taskinstance.py:1383} INFO - Executing <Task(SimpleHttpOperator): extract_user> on 2024-08-11 00:00:00+00:00
[2024-08-12T08:00:22.819+0000] {standard_task_runner.py:55} INFO - Started process 12269 to run task
[2024-08-12T08:00:22.823+0000] {standard_task_runner.py:82} INFO - Running: ['***', 'tasks', 'run', 'user_processing', 'extract_user', 'scheduled__2024-08-11T00:00:00+00:00', '--job-id', '22', '--pool', 'default_pool', '--raw', '--subdir', 'DAGS_FOLDER/user_processing.py', '--cfg-path', '/tmp/tmpdgf7kgl8']
[2024-08-12T08:00:22.826+0000] {standard_task_runner.py:83} INFO - Job 22: Subtask extract_user
[2024-08-12T08:00:22.898+0000] {task_command.py:376} INFO - Running <TaskInstance: user_processing.extract_user scheduled__2024-08-11T00:00:00+00:00 [running]> on host 7b166f9b76f0
[2024-08-12T08:00:22.964+0000] {taskinstance.py:1592} INFO - Exporting the following env vars:
AIRFLOW_CTX_DAG_OWNER=***
AIRFLOW_CTX_DAG_ID=user_processing
AIRFLOW_CTX_TASK_ID=extract_user
AIRFLOW_CTX_EXECUTION_DATE=2024-08-11T00:00:00+00:00
AIRFLOW_CTX_TRY_NUMBER=1
AIRFLOW_CTX_DAG_RUN_ID=scheduled__2024-08-11T00:00:00+00:00
[2024-08-12T08:00:22.965+0000] {http.py:121} INFO - Calling HTTP method
[2024-08-12T08:00:22.978+0000] {base.py:71} INFO - Using connection ID 'user_api' for task execution.
[2024-08-12T08:00:22.981+0000] {http.py:148} INFO - Sending 'GET' to url: https://randomuser.me/api/
[2024-08-12T08:00:24.225+0000] {http.py:125} INFO - {"results":[{"gender":"male","name":{"title":"Mr","first":"Gabe","last":"Morris"},"location":{"street":{"number":6688,"name":"Cackson St"},"city":"Mckinney","state":"Virginia","country":"United States","postcode":95267,"coordinates":{"latitude":"84.4727","longitude":"-116.4180"},"timezone":{"offset":"-1:00","description":"Azores, Cape Verde Islands"}},"email":"gabe.morris@example.com","login":{"uuid":"596a18ef-0dad-4cce-bd26-2569197229de","username":"biggorilla229","password":"starcraf","salt":"d1OZXV4m","md5":"3d729a1de1f35ebc6aa236e0db3ef2ef","sha1":"fc5f626a96b3c21431d4d8425314eddbe9472335","sha256":"5a42e8a1cf0cd88ff98d02ad2d0cc63d44a351416408be78c81661a5886873f6"},"dob":{"date":"1963-08-16T20:47:39.572Z","age":60},"registered":{"date":"2010-09-03T03:25:49.463Z","age":13},"phone":"(254) 315-8823","cell":"(833) 763-2510","id":{"name":"SSN","value":"261-47-5725"},"picture":{"large":"https://randomuser.me/api/portraits/men/58.jpg","medium":"https://randomuser.me/api/portraits/med/men/58.jpg","thumbnail":"https://randomuser.me/api/portraits/thumb/men/58.jpg"},"nat":"US"}],"info":{"seed":"161fe63421a0e470","results":1,"page":1,"version":"1.4"}}
[2024-08-12T08:00:24.256+0000] {taskinstance.py:1406} INFO - Marking task as SUCCESS. dag_id=user_processing, task_id=extract_user, execution_date=20240811T000000, start_date=20240812T080022, end_date=20240812T080024
[2024-08-12T08:00:24.293+0000] {local_task_job.py:164} INFO - Task exited with return code 0
[2024-08-12T08:00:24.317+0000] {local_task_job.py:273} INFO - 0 downstream tasks scheduled from follow-on schedule check
