[2024-08-12T08:46:29.808+0000] {taskinstance.py:1165} INFO - Dependencies all met for <TaskInstance: user_processing.extract_user scheduled__2024-08-11T00:00:00+00:00 [queued]>
[2024-08-12T08:46:29.818+0000] {taskinstance.py:1165} INFO - Dependencies all met for <TaskInstance: user_processing.extract_user scheduled__2024-08-11T00:00:00+00:00 [queued]>
[2024-08-12T08:46:29.819+0000] {taskinstance.py:1362} INFO - 
--------------------------------------------------------------------------------
[2024-08-12T08:46:29.819+0000] {taskinstance.py:1363} INFO - Starting attempt 2 of 2
[2024-08-12T08:46:29.820+0000] {taskinstance.py:1364} INFO - 
--------------------------------------------------------------------------------
[2024-08-12T08:46:29.830+0000] {taskinstance.py:1383} INFO - Executing <Task(SimpleHttpOperator): extract_user> on 2024-08-11 00:00:00+00:00
[2024-08-12T08:46:29.836+0000] {standard_task_runner.py:55} INFO - Started process 14340 to run task
[2024-08-12T08:46:29.841+0000] {standard_task_runner.py:82} INFO - Running: ['***', 'tasks', 'run', 'user_processing', 'extract_user', 'scheduled__2024-08-11T00:00:00+00:00', '--job-id', '27', '--raw', '--subdir', 'DAGS_FOLDER/user_processing.py', '--cfg-path', '/tmp/tmpnnpxt32f']
[2024-08-12T08:46:29.844+0000] {standard_task_runner.py:83} INFO - Job 27: Subtask extract_user
[2024-08-12T08:46:29.915+0000] {task_command.py:376} INFO - Running <TaskInstance: user_processing.extract_user scheduled__2024-08-11T00:00:00+00:00 [running]> on host 7b166f9b76f0
[2024-08-12T08:46:29.984+0000] {taskinstance.py:1592} INFO - Exporting the following env vars:
AIRFLOW_CTX_DAG_OWNER=***
AIRFLOW_CTX_DAG_ID=user_processing
AIRFLOW_CTX_TASK_ID=extract_user
AIRFLOW_CTX_EXECUTION_DATE=2024-08-11T00:00:00+00:00
AIRFLOW_CTX_TRY_NUMBER=2
AIRFLOW_CTX_DAG_RUN_ID=scheduled__2024-08-11T00:00:00+00:00
[2024-08-12T08:46:29.985+0000] {http.py:121} INFO - Calling HTTP method
[2024-08-12T08:46:29.997+0000] {base.py:71} INFO - Using connection ID 'user_api' for task execution.
[2024-08-12T08:46:29.999+0000] {http.py:148} INFO - Sending 'GET' to url: https://randomuser.me/api/
[2024-08-12T08:46:30.661+0000] {http.py:125} INFO - {"results":[{"gender":"female","name":{"title":"Ms","first":"Alieke","last":"Straver"},"location":{"street":{"number":9615,"name":"Boswijklaan"},"city":"Herpen","state":"Overijssel","country":"Netherlands","postcode":"3695 CF","coordinates":{"latitude":"35.8556","longitude":"34.4709"},"timezone":{"offset":"+5:00","description":"Ekaterinburg, Islamabad, Karachi, Tashkent"}},"email":"alieke.straver@example.com","login":{"uuid":"0abbf35a-f516-4bd0-8020-b1021698ed02","username":"angrypanda158","password":"blonds","salt":"whAT1bVb","md5":"11bfdec1f5307c9bde5e54864c25ee1e","sha1":"dcf6537435c5b353777e91597cceedbc13b784dd","sha256":"4e95bf122b8453854121ddb7b585ec57acfb36340059eb12d05790e4d0b944b0"},"dob":{"date":"1947-09-09T02:11:02.198Z","age":76},"registered":{"date":"2004-12-15T10:50:43.772Z","age":19},"phone":"(046) 5980134","cell":"(06) 72223424","id":{"name":"BSN","value":"41854116"},"picture":{"large":"https://randomuser.me/api/portraits/women/6.jpg","medium":"https://randomuser.me/api/portraits/med/women/6.jpg","thumbnail":"https://randomuser.me/api/portraits/thumb/women/6.jpg"},"nat":"NL"}],"info":{"seed":"a2c2c25d0940fb37","results":1,"page":1,"version":"1.4"}}
[2024-08-12T08:46:30.694+0000] {taskinstance.py:1406} INFO - Marking task as SUCCESS. dag_id=user_processing, task_id=extract_user, execution_date=20240811T000000, start_date=20240812T084629, end_date=20240812T084630
[2024-08-12T08:46:30.744+0000] {local_task_job.py:164} INFO - Task exited with return code 0
[2024-08-12T08:46:30.783+0000] {local_task_job.py:273} INFO - 1 downstream tasks scheduled from follow-on schedule check
