[2024-08-12T16:31:16.304+0000] {taskinstance.py:1165} INFO - Dependencies all met for <TaskInstance: user_processing.extract_user scheduled__2024-08-11T00:00:00+00:00 [queued]>
[2024-08-12T16:31:16.314+0000] {taskinstance.py:1165} INFO - Dependencies all met for <TaskInstance: user_processing.extract_user scheduled__2024-08-11T00:00:00+00:00 [queued]>
[2024-08-12T16:31:16.315+0000] {taskinstance.py:1362} INFO - 
--------------------------------------------------------------------------------
[2024-08-12T16:31:16.316+0000] {taskinstance.py:1363} INFO - Starting attempt 3 of 3
[2024-08-12T16:31:16.316+0000] {taskinstance.py:1364} INFO - 
--------------------------------------------------------------------------------
[2024-08-12T16:31:16.326+0000] {taskinstance.py:1383} INFO - Executing <Task(SimpleHttpOperator): extract_user> on 2024-08-11 00:00:00+00:00
[2024-08-12T16:31:16.332+0000] {standard_task_runner.py:55} INFO - Started process 19400 to run task
[2024-08-12T16:31:16.336+0000] {standard_task_runner.py:82} INFO - Running: ['***', 'tasks', 'run', 'user_processing', 'extract_user', 'scheduled__2024-08-11T00:00:00+00:00', '--job-id', '34', '--raw', '--subdir', 'DAGS_FOLDER/user_processing.py', '--cfg-path', '/tmp/tmp81p95f7s']
[2024-08-12T16:31:16.339+0000] {standard_task_runner.py:83} INFO - Job 34: Subtask extract_user
[2024-08-12T16:31:16.417+0000] {task_command.py:376} INFO - Running <TaskInstance: user_processing.extract_user scheduled__2024-08-11T00:00:00+00:00 [running]> on host 7b166f9b76f0
[2024-08-12T16:31:16.480+0000] {taskinstance.py:1592} INFO - Exporting the following env vars:
AIRFLOW_CTX_DAG_OWNER=***
AIRFLOW_CTX_DAG_ID=user_processing
AIRFLOW_CTX_TASK_ID=extract_user
AIRFLOW_CTX_EXECUTION_DATE=2024-08-11T00:00:00+00:00
AIRFLOW_CTX_TRY_NUMBER=3
AIRFLOW_CTX_DAG_RUN_ID=scheduled__2024-08-11T00:00:00+00:00
[2024-08-12T16:31:16.481+0000] {http.py:121} INFO - Calling HTTP method
[2024-08-12T16:31:16.492+0000] {base.py:71} INFO - Using connection ID 'user_api' for task execution.
[2024-08-12T16:31:16.494+0000] {http.py:148} INFO - Sending 'GET' to url: https://randomuser.me/api/
[2024-08-12T16:31:18.449+0000] {http.py:125} INFO - {"results":[{"gender":"male","name":{"title":"Mr","first":"Wallace","last":"Williams"},"location":{"street":{"number":6236,"name":"Saddle Dr"},"city":"Launceston","state":"Tasmania","country":"Australia","postcode":7680,"coordinates":{"latitude":"-88.6481","longitude":"-164.6363"},"timezone":{"offset":"-4:00","description":"Atlantic Time (Canada), Caracas, La Paz"}},"email":"wallace.williams@example.com","login":{"uuid":"ff49b8ab-642f-4219-a363-ae0a04d632b3","username":"happyduck700","password":"chess","salt":"Asj0jeIO","md5":"66833bf3a1e197109eb279efc6561959","sha1":"61e20b701765e76aae3e85ce0ed1ecb6068596fa","sha256":"3935e5498226e65d851a8351acb2d5017479f9c6f68226ce92ffd9769a921f4b"},"dob":{"date":"1994-10-19T04:48:17.217Z","age":29},"registered":{"date":"2002-08-21T17:13:51.717Z","age":21},"phone":"00-2832-1729","cell":"0494-341-246","id":{"name":"TFN","value":"929271766"},"picture":{"large":"https://randomuser.me/api/portraits/men/65.jpg","medium":"https://randomuser.me/api/portraits/med/men/65.jpg","thumbnail":"https://randomuser.me/api/portraits/thumb/men/65.jpg"},"nat":"AU"}],"info":{"seed":"593622e77795ca2c","results":1,"page":1,"version":"1.4"}}
[2024-08-12T16:31:18.478+0000] {taskinstance.py:1406} INFO - Marking task as SUCCESS. dag_id=user_processing, task_id=extract_user, execution_date=20240811T000000, start_date=20240812T163116, end_date=20240812T163118
[2024-08-12T16:31:18.521+0000] {local_task_job.py:164} INFO - Task exited with return code 0
[2024-08-12T16:31:18.551+0000] {local_task_job.py:273} INFO - 1 downstream tasks scheduled from follow-on schedule check
