[2024-08-14T14:44:22.412+0000] {taskinstance.py:1165} INFO - Dependencies all met for <TaskInstance: parallel_dag.load_b manual__2024-08-14T14:44:09.826712+00:00 [queued]>
[2024-08-14T14:44:22.421+0000] {taskinstance.py:1165} INFO - Dependencies all met for <TaskInstance: parallel_dag.load_b manual__2024-08-14T14:44:09.826712+00:00 [queued]>
[2024-08-14T14:44:22.422+0000] {taskinstance.py:1362} INFO - 
--------------------------------------------------------------------------------
[2024-08-14T14:44:22.423+0000] {taskinstance.py:1363} INFO - Starting attempt 1 of 1
[2024-08-14T14:44:22.424+0000] {taskinstance.py:1364} INFO - 
--------------------------------------------------------------------------------
[2024-08-14T14:44:22.441+0000] {taskinstance.py:1383} INFO - Executing <Task(BashOperator): load_b> on 2024-08-14 14:44:09.826712+00:00
[2024-08-14T14:44:22.449+0000] {standard_task_runner.py:55} INFO - Started process 354 to run task
[2024-08-14T14:44:22.454+0000] {standard_task_runner.py:82} INFO - Running: ['***', 'tasks', 'run', 'parallel_dag', 'load_b', 'manual__2024-08-14T14:44:09.826712+00:00', '--job-id', '97', '--raw', '--subdir', 'DAGS_FOLDER/parallel_dag.py', '--cfg-path', '/tmp/tmpkwa7pb08']
[2024-08-14T14:44:22.456+0000] {standard_task_runner.py:83} INFO - Job 97: Subtask load_b
[2024-08-14T14:44:22.531+0000] {task_command.py:376} INFO - Running <TaskInstance: parallel_dag.load_b manual__2024-08-14T14:44:09.826712+00:00 [running]> on host 3b5f01e5f2f7
[2024-08-14T14:44:22.609+0000] {taskinstance.py:1592} INFO - Exporting the following env vars:
AIRFLOW_CTX_DAG_OWNER=***
AIRFLOW_CTX_DAG_ID=parallel_dag
AIRFLOW_CTX_TASK_ID=load_b
AIRFLOW_CTX_EXECUTION_DATE=2024-08-14T14:44:09.826712+00:00
AIRFLOW_CTX_TRY_NUMBER=1
AIRFLOW_CTX_DAG_RUN_ID=manual__2024-08-14T14:44:09.826712+00:00
[2024-08-14T14:44:22.611+0000] {subprocess.py:63} INFO - Tmp dir root location: 
 /tmp
[2024-08-14T14:44:22.612+0000] {subprocess.py:75} INFO - Running command: ['/bin/bash', '-c', 'sleep 10']
[2024-08-14T14:44:22.629+0000] {subprocess.py:86} INFO - Output:
[2024-08-14T14:44:32.645+0000] {subprocess.py:97} INFO - Command exited with return code 0
[2024-08-14T14:44:32.923+0000] {taskinstance.py:1406} INFO - Marking task as SUCCESS. dag_id=parallel_dag, task_id=load_b, execution_date=20240814T144409, start_date=20240814T144422, end_date=20240814T144432
[2024-08-14T14:44:33.076+0000] {local_task_job.py:164} INFO - Task exited with return code 0
[2024-08-14T14:44:33.203+0000] {local_task_job.py:273} INFO - 1 downstream tasks scheduled from follow-on schedule check
