[2024-08-13T00:00:12.137+0000] {taskinstance.py:1165} INFO - Dependencies all met for <TaskInstance: user_processing.extract_user scheduled__2024-08-12T00:00:00+00:00 [queued]>
[2024-08-13T00:00:12.185+0000] {taskinstance.py:1165} INFO - Dependencies all met for <TaskInstance: user_processing.extract_user scheduled__2024-08-12T00:00:00+00:00 [queued]>
[2024-08-13T00:00:12.191+0000] {taskinstance.py:1362} INFO - 
--------------------------------------------------------------------------------
[2024-08-13T00:00:12.197+0000] {taskinstance.py:1363} INFO - Starting attempt 1 of 1
[2024-08-13T00:00:12.201+0000] {taskinstance.py:1364} INFO - 
--------------------------------------------------------------------------------
[2024-08-13T00:00:12.266+0000] {taskinstance.py:1383} INFO - Executing <Task(SimpleHttpOperator): extract_user> on 2024-08-12 00:00:00+00:00
[2024-08-13T00:00:12.304+0000] {standard_task_runner.py:55} INFO - Started process 8435 to run task
[2024-08-13T00:00:12.343+0000] {standard_task_runner.py:82} INFO - Running: ['***', 'tasks', 'run', 'user_processing', 'extract_user', 'scheduled__2024-08-12T00:00:00+00:00', '--job-id', '73', '--raw', '--subdir', 'DAGS_FOLDER/user_processing.py', '--cfg-path', '/tmp/tmp52xc8qts']
[2024-08-13T00:00:12.356+0000] {standard_task_runner.py:83} INFO - Job 73: Subtask extract_user
[2024-08-13T00:00:12.644+0000] {task_command.py:376} INFO - Running <TaskInstance: user_processing.extract_user scheduled__2024-08-12T00:00:00+00:00 [running]> on host a76316aa0937
[2024-08-13T00:00:12.905+0000] {taskinstance.py:1592} INFO - Exporting the following env vars:
AIRFLOW_CTX_DAG_OWNER=***
AIRFLOW_CTX_DAG_ID=user_processing
AIRFLOW_CTX_TASK_ID=extract_user
AIRFLOW_CTX_EXECUTION_DATE=2024-08-12T00:00:00+00:00
AIRFLOW_CTX_TRY_NUMBER=1
AIRFLOW_CTX_DAG_RUN_ID=scheduled__2024-08-12T00:00:00+00:00
[2024-08-13T00:00:12.910+0000] {http.py:121} INFO - Calling HTTP method
[2024-08-13T00:00:12.972+0000] {base.py:71} INFO - Using connection ID 'user_api' for task execution.
[2024-08-13T00:00:12.984+0000] {http.py:148} INFO - Sending 'GET' to url: https://randomuser.me/api/
[2024-08-13T00:00:13.602+0000] {http.py:125} INFO - {"results":[{"gender":"female","name":{"title":"Ms","first":"Gorana","last":"Daničić"},"location":{"street":{"number":252,"name":"Gorana Gajića "},"city":"Vladimirci","state":"Pomoravlje","country":"Serbia","postcode":28681,"coordinates":{"latitude":"60.2500","longitude":"109.8465"},"timezone":{"offset":"-2:00","description":"Mid-Atlantic"}},"email":"gorana.danicic@example.com","login":{"uuid":"41f604e9-3b9f-4728-a59b-acacf4ec5676","username":"silverostrich818","password":"marino13","salt":"RK0DlG7v","md5":"1a31da644d30829d1cb55be98f29b331","sha1":"aab40ac9a9b28cb60eec1fb1835929749298d631","sha256":"6eb55c1c5cf717a15163f96984ee8f50c4a0df529e84609ac859da40da2932f8"},"dob":{"date":"1982-09-24T07:45:44.821Z","age":41},"registered":{"date":"2017-05-16T02:23:34.664Z","age":7},"phone":"018-7334-310","cell":"064-6128-899","id":{"name":"SID","value":"192159818"},"picture":{"large":"https://randomuser.me/api/portraits/women/94.jpg","medium":"https://randomuser.me/api/portraits/med/women/94.jpg","thumbnail":"https://randomuser.me/api/portraits/thumb/women/94.jpg"},"nat":"RS"}],"info":{"seed":"f1eb19be224eb6d2","results":1,"page":1,"version":"1.4"}}
[2024-08-13T00:00:13.713+0000] {taskinstance.py:1406} INFO - Marking task as SUCCESS. dag_id=user_processing, task_id=extract_user, execution_date=20240812T000000, start_date=20240813T000012, end_date=20240813T000013
[2024-08-13T00:00:13.802+0000] {local_task_job.py:164} INFO - Task exited with return code 0
[2024-08-13T00:00:13.933+0000] {local_task_job.py:273} INFO - 1 downstream tasks scheduled from follow-on schedule check
