[2024-08-14T14:44:11.265+0000] {taskinstance.py:1165} INFO - Dependencies all met for <TaskInstance: parallel_dag.extract_a manual__2024-08-14T14:44:09.826712+00:00 [queued]>
[2024-08-14T14:44:11.276+0000] {taskinstance.py:1165} INFO - Dependencies all met for <TaskInstance: parallel_dag.extract_a manual__2024-08-14T14:44:09.826712+00:00 [queued]>
[2024-08-14T14:44:11.276+0000] {taskinstance.py:1362} INFO - 
--------------------------------------------------------------------------------
[2024-08-14T14:44:11.277+0000] {taskinstance.py:1363} INFO - Starting attempt 1 of 1
[2024-08-14T14:44:11.278+0000] {taskinstance.py:1364} INFO - 
--------------------------------------------------------------------------------
[2024-08-14T14:44:11.296+0000] {taskinstance.py:1383} INFO - Executing <Task(BashOperator): extract_a> on 2024-08-14 14:44:09.826712+00:00
[2024-08-14T14:44:11.303+0000] {standard_task_runner.py:55} INFO - Started process 339 to run task
[2024-08-14T14:44:11.308+0000] {standard_task_runner.py:82} INFO - Running: ['***', 'tasks', 'run', 'parallel_dag', 'extract_a', 'manual__2024-08-14T14:44:09.826712+00:00', '--job-id', '95', '--raw', '--subdir', 'DAGS_FOLDER/parallel_dag.py', '--cfg-path', '/tmp/tmpt9adhe4y']
[2024-08-14T14:44:11.309+0000] {standard_task_runner.py:83} INFO - Job 95: Subtask extract_a
[2024-08-14T14:44:11.383+0000] {task_command.py:376} INFO - Running <TaskInstance: parallel_dag.extract_a manual__2024-08-14T14:44:09.826712+00:00 [running]> on host 3b5f01e5f2f7
[2024-08-14T14:44:11.454+0000] {taskinstance.py:1592} INFO - Exporting the following env vars:
AIRFLOW_CTX_DAG_OWNER=***
AIRFLOW_CTX_DAG_ID=parallel_dag
AIRFLOW_CTX_TASK_ID=extract_a
AIRFLOW_CTX_EXECUTION_DATE=2024-08-14T14:44:09.826712+00:00
AIRFLOW_CTX_TRY_NUMBER=1
AIRFLOW_CTX_DAG_RUN_ID=manual__2024-08-14T14:44:09.826712+00:00
[2024-08-14T14:44:11.455+0000] {subprocess.py:63} INFO - Tmp dir root location: 
 /tmp
[2024-08-14T14:44:11.456+0000] {subprocess.py:75} INFO - Running command: ['/bin/bash', '-c', 'sleep 10']
[2024-08-14T14:44:11.471+0000] {subprocess.py:86} INFO - Output:
[2024-08-14T14:44:21.488+0000] {subprocess.py:97} INFO - Command exited with return code 0
[2024-08-14T14:44:21.612+0000] {taskinstance.py:1406} INFO - Marking task as SUCCESS. dag_id=parallel_dag, task_id=extract_a, execution_date=20240814T144409, start_date=20240814T144411, end_date=20240814T144421
[2024-08-14T14:44:21.704+0000] {local_task_job.py:164} INFO - Task exited with return code 0
[2024-08-14T14:44:21.762+0000] {local_task_job.py:273} INFO - 1 downstream tasks scheduled from follow-on schedule check
