[2024-08-12T17:16:41.380+0000] {taskinstance.py:1165} INFO - Dependencies all met for <TaskInstance: user_processing.is_api_available scheduled__2024-08-11T00:00:00+00:00 [queued]>
[2024-08-12T17:16:41.393+0000] {taskinstance.py:1165} INFO - Dependencies all met for <TaskInstance: user_processing.is_api_available scheduled__2024-08-11T00:00:00+00:00 [queued]>
[2024-08-12T17:16:41.394+0000] {taskinstance.py:1362} INFO - 
--------------------------------------------------------------------------------
[2024-08-12T17:16:41.395+0000] {taskinstance.py:1363} INFO - Starting attempt 8 of 8
[2024-08-12T17:16:41.396+0000] {taskinstance.py:1364} INFO - 
--------------------------------------------------------------------------------
[2024-08-12T17:16:41.413+0000] {taskinstance.py:1383} INFO - Executing <Task(HttpSensor): is_api_available> on 2024-08-11 00:00:00+00:00
[2024-08-12T17:16:41.422+0000] {standard_task_runner.py:55} INFO - Started process 996 to run task
[2024-08-12T17:16:41.428+0000] {standard_task_runner.py:82} INFO - Running: ['***', 'tasks', 'run', 'user_processing', 'is_api_available', 'scheduled__2024-08-11T00:00:00+00:00', '--job-id', '55', '--raw', '--subdir', 'DAGS_FOLDER/user_processing.py', '--cfg-path', '/tmp/tmpatavyp7o']
[2024-08-12T17:16:41.432+0000] {standard_task_runner.py:83} INFO - Job 55: Subtask is_api_available
[2024-08-12T17:16:41.540+0000] {task_command.py:376} INFO - Running <TaskInstance: user_processing.is_api_available scheduled__2024-08-11T00:00:00+00:00 [running]> on host 8c3b3ba77b56
[2024-08-12T17:16:41.641+0000] {taskinstance.py:1592} INFO - Exporting the following env vars:
AIRFLOW_CTX_DAG_OWNER=***
AIRFLOW_CTX_DAG_ID=user_processing
AIRFLOW_CTX_TASK_ID=is_api_available
AIRFLOW_CTX_EXECUTION_DATE=2024-08-11T00:00:00+00:00
AIRFLOW_CTX_TRY_NUMBER=8
AIRFLOW_CTX_DAG_RUN_ID=scheduled__2024-08-11T00:00:00+00:00
[2024-08-12T17:16:41.643+0000] {http.py:120} INFO - Poking: api/
[2024-08-12T17:16:41.659+0000] {base.py:71} INFO - Using connection ID 'user_api' for task execution.
[2024-08-12T17:16:41.662+0000] {http.py:148} INFO - Sending 'GET' to url: https://randomuser.me/api/
[2024-08-12T17:16:42.404+0000] {base.py:213} INFO - Success criteria met. Exiting.
[2024-08-12T17:16:42.432+0000] {taskinstance.py:1406} INFO - Marking task as SUCCESS. dag_id=user_processing, task_id=is_api_available, execution_date=20240811T000000, start_date=20240812T171641, end_date=20240812T171642
[2024-08-12T17:16:42.486+0000] {local_task_job.py:164} INFO - Task exited with return code 0
[2024-08-12T17:16:42.522+0000] {local_task_job.py:273} INFO - 1 downstream tasks scheduled from follow-on schedule check
