[2024-08-12T16:37:22.443+0000] {taskinstance.py:1165} INFO - Dependencies all met for <TaskInstance: user_processing.is_api_available scheduled__2024-08-11T00:00:00+00:00 [queued]>
[2024-08-12T16:37:22.453+0000] {taskinstance.py:1165} INFO - Dependencies all met for <TaskInstance: user_processing.is_api_available scheduled__2024-08-11T00:00:00+00:00 [queued]>
[2024-08-12T16:37:22.454+0000] {taskinstance.py:1362} INFO - 
--------------------------------------------------------------------------------
[2024-08-12T16:37:22.454+0000] {taskinstance.py:1363} INFO - Starting attempt 6 of 6
[2024-08-12T16:37:22.455+0000] {taskinstance.py:1364} INFO - 
--------------------------------------------------------------------------------
[2024-08-12T16:37:22.468+0000] {taskinstance.py:1383} INFO - Executing <Task(HttpSensor): is_api_available> on 2024-08-11 00:00:00+00:00
[2024-08-12T16:37:22.476+0000] {standard_task_runner.py:55} INFO - Started process 19718 to run task
[2024-08-12T16:37:22.482+0000] {standard_task_runner.py:82} INFO - Running: ['***', 'tasks', 'run', 'user_processing', 'is_api_available', 'scheduled__2024-08-11T00:00:00+00:00', '--job-id', '43', '--raw', '--subdir', 'DAGS_FOLDER/user_processing.py', '--cfg-path', '/tmp/tmp6j27369a']
[2024-08-12T16:37:22.484+0000] {standard_task_runner.py:83} INFO - Job 43: Subtask is_api_available
[2024-08-12T16:37:22.568+0000] {task_command.py:376} INFO - Running <TaskInstance: user_processing.is_api_available scheduled__2024-08-11T00:00:00+00:00 [running]> on host 7b166f9b76f0
[2024-08-12T16:37:22.649+0000] {taskinstance.py:1592} INFO - Exporting the following env vars:
AIRFLOW_CTX_DAG_OWNER=***
AIRFLOW_CTX_DAG_ID=user_processing
AIRFLOW_CTX_TASK_ID=is_api_available
AIRFLOW_CTX_EXECUTION_DATE=2024-08-11T00:00:00+00:00
AIRFLOW_CTX_TRY_NUMBER=6
AIRFLOW_CTX_DAG_RUN_ID=scheduled__2024-08-11T00:00:00+00:00
[2024-08-12T16:37:22.651+0000] {http.py:120} INFO - Poking: api/
[2024-08-12T16:37:22.664+0000] {base.py:71} INFO - Using connection ID 'user_api' for task execution.
[2024-08-12T16:37:22.667+0000] {http.py:148} INFO - Sending 'GET' to url: https://randomuser.me/api/
[2024-08-12T16:37:25.385+0000] {base.py:213} INFO - Success criteria met. Exiting.
[2024-08-12T16:37:25.400+0000] {taskinstance.py:1406} INFO - Marking task as SUCCESS. dag_id=user_processing, task_id=is_api_available, execution_date=20240811T000000, start_date=20240812T163722, end_date=20240812T163725
[2024-08-12T16:37:25.445+0000] {local_task_job.py:164} INFO - Task exited with return code 0
[2024-08-12T16:37:25.498+0000] {local_task_job.py:273} INFO - 0 downstream tasks scheduled from follow-on schedule check
