[2024-08-15T00:45:24.767+0000] {taskinstance.py:1165} INFO - Dependencies all met for <TaskInstance: parallel_dag.load_a scheduled__2024-08-14T00:00:00+00:00 [queued]>
[2024-08-15T00:45:24.782+0000] {taskinstance.py:1165} INFO - Dependencies all met for <TaskInstance: parallel_dag.load_a scheduled__2024-08-14T00:00:00+00:00 [queued]>
[2024-08-15T00:45:24.783+0000] {taskinstance.py:1362} INFO - 
--------------------------------------------------------------------------------
[2024-08-15T00:45:24.784+0000] {taskinstance.py:1363} INFO - Starting attempt 1 of 1
[2024-08-15T00:45:24.785+0000] {taskinstance.py:1364} INFO - 
--------------------------------------------------------------------------------
[2024-08-15T00:45:24.806+0000] {taskinstance.py:1383} INFO - Executing <Task(BashOperator): load_a> on 2024-08-14 00:00:00+00:00
[2024-08-15T00:45:24.815+0000] {standard_task_runner.py:55} INFO - Started process 3117 to run task
[2024-08-15T00:45:24.826+0000] {standard_task_runner.py:82} INFO - Running: ['***', 'tasks', 'run', 'parallel_dag', 'load_a', 'scheduled__2024-08-14T00:00:00+00:00', '--job-id', '101', '--raw', '--subdir', 'DAGS_FOLDER/parallel_dag.py', '--cfg-path', '/tmp/tmpl9ut6980']
[2024-08-15T00:45:24.829+0000] {standard_task_runner.py:83} INFO - Job 101: Subtask load_a
[2024-08-15T00:45:25.034+0000] {task_command.py:376} INFO - Running <TaskInstance: parallel_dag.load_a scheduled__2024-08-14T00:00:00+00:00 [running]> on host 3b5f01e5f2f7
[2024-08-15T00:45:25.156+0000] {taskinstance.py:1592} INFO - Exporting the following env vars:
AIRFLOW_CTX_DAG_OWNER=***
AIRFLOW_CTX_DAG_ID=parallel_dag
AIRFLOW_CTX_TASK_ID=load_a
AIRFLOW_CTX_EXECUTION_DATE=2024-08-14T00:00:00+00:00
AIRFLOW_CTX_TRY_NUMBER=1
AIRFLOW_CTX_DAG_RUN_ID=scheduled__2024-08-14T00:00:00+00:00
[2024-08-15T00:45:25.159+0000] {subprocess.py:63} INFO - Tmp dir root location: 
 /tmp
[2024-08-15T00:45:25.161+0000] {subprocess.py:75} INFO - Running command: ['/bin/bash', '-c', 'sleep 10']
[2024-08-15T00:45:25.185+0000] {subprocess.py:86} INFO - Output:
[2024-08-15T00:45:35.194+0000] {subprocess.py:97} INFO - Command exited with return code 0
[2024-08-15T00:45:35.235+0000] {taskinstance.py:1406} INFO - Marking task as SUCCESS. dag_id=parallel_dag, task_id=load_a, execution_date=20240814T000000, start_date=20240815T004524, end_date=20240815T004535
[2024-08-15T00:45:35.294+0000] {local_task_job.py:164} INFO - Task exited with return code 0
[2024-08-15T00:45:35.318+0000] {local_task_job.py:273} INFO - 1 downstream tasks scheduled from follow-on schedule check
