[2024-08-15T10:26:45.048+0000] {taskinstance.py:1165} INFO - Dependencies all met for <TaskInstance: parallel_dag.load_b manual__2024-08-15T10:26:32.443624+00:00 [queued]>
[2024-08-15T10:26:45.060+0000] {taskinstance.py:1165} INFO - Dependencies all met for <TaskInstance: parallel_dag.load_b manual__2024-08-15T10:26:32.443624+00:00 [queued]>
[2024-08-15T10:26:45.061+0000] {taskinstance.py:1362} INFO - 
--------------------------------------------------------------------------------
[2024-08-15T10:26:45.062+0000] {taskinstance.py:1363} INFO - Starting attempt 1 of 1
[2024-08-15T10:26:45.063+0000] {taskinstance.py:1364} INFO - 
--------------------------------------------------------------------------------
[2024-08-15T10:26:45.078+0000] {taskinstance.py:1383} INFO - Executing <Task(BashOperator): load_b> on 2024-08-15 10:26:32.443624+00:00
[2024-08-15T10:26:45.085+0000] {standard_task_runner.py:55} INFO - Started process 248 to run task
[2024-08-15T10:26:45.091+0000] {standard_task_runner.py:82} INFO - Running: ['***', 'tasks', 'run', 'parallel_dag', 'load_b', 'manual__2024-08-15T10:26:32.443624+00:00', '--job-id', '111', '--raw', '--subdir', 'DAGS_FOLDER/parallel_dag.py', '--cfg-path', '/tmp/tmpe0boeo2v']
[2024-08-15T10:26:45.093+0000] {standard_task_runner.py:83} INFO - Job 111: Subtask load_b
[2024-08-15T10:26:45.166+0000] {task_command.py:376} INFO - Running <TaskInstance: parallel_dag.load_b manual__2024-08-15T10:26:32.443624+00:00 [running]> on host bd9d2eee9fac
[2024-08-15T10:26:45.243+0000] {taskinstance.py:1592} INFO - Exporting the following env vars:
AIRFLOW_CTX_DAG_OWNER=***
AIRFLOW_CTX_DAG_ID=parallel_dag
AIRFLOW_CTX_TASK_ID=load_b
AIRFLOW_CTX_EXECUTION_DATE=2024-08-15T10:26:32.443624+00:00
AIRFLOW_CTX_TRY_NUMBER=1
AIRFLOW_CTX_DAG_RUN_ID=manual__2024-08-15T10:26:32.443624+00:00
[2024-08-15T10:26:45.245+0000] {subprocess.py:63} INFO - Tmp dir root location: 
 /tmp
[2024-08-15T10:26:45.246+0000] {subprocess.py:75} INFO - Running command: ['/bin/bash', '-c', 'sleep 10']
[2024-08-15T10:26:45.261+0000] {subprocess.py:86} INFO - Output:
[2024-08-15T10:26:55.267+0000] {subprocess.py:97} INFO - Command exited with return code 0
[2024-08-15T10:26:55.306+0000] {taskinstance.py:1406} INFO - Marking task as SUCCESS. dag_id=parallel_dag, task_id=load_b, execution_date=20240815T102632, start_date=20240815T102645, end_date=20240815T102655
[2024-08-15T10:26:55.345+0000] {local_task_job.py:164} INFO - Task exited with return code 0
[2024-08-15T10:26:55.381+0000] {local_task_job.py:273} INFO - 1 downstream tasks scheduled from follow-on schedule check
