[2024-08-14T06:54:03.469+0000] {taskinstance.py:1165} INFO - Dependencies all met for <TaskInstance: producer.update_dataset scheduled__2024-08-13T00:00:00+00:00 [queued]>
[2024-08-14T06:54:03.478+0000] {taskinstance.py:1165} INFO - Dependencies all met for <TaskInstance: producer.update_dataset scheduled__2024-08-13T00:00:00+00:00 [queued]>
[2024-08-14T06:54:03.479+0000] {taskinstance.py:1362} INFO - 
--------------------------------------------------------------------------------
[2024-08-14T06:54:03.479+0000] {taskinstance.py:1363} INFO - Starting attempt 1 of 1
[2024-08-14T06:54:03.480+0000] {taskinstance.py:1364} INFO - 
--------------------------------------------------------------------------------
[2024-08-14T06:54:03.490+0000] {taskinstance.py:1383} INFO - Executing <Task(_PythonDecoratedOperator): update_dataset> on 2024-08-13 00:00:00+00:00
[2024-08-14T06:54:03.496+0000] {standard_task_runner.py:55} INFO - Started process 27724 to run task
[2024-08-14T06:54:03.501+0000] {standard_task_runner.py:82} INFO - Running: ['***', 'tasks', 'run', 'producer', 'update_dataset', 'scheduled__2024-08-13T00:00:00+00:00', '--job-id', '83', '--raw', '--subdir', 'DAGS_FOLDER/producer.py', '--cfg-path', '/tmp/tmpa8n4khr1']
[2024-08-14T06:54:03.502+0000] {standard_task_runner.py:83} INFO - Job 83: Subtask update_dataset
[2024-08-14T06:54:03.569+0000] {task_command.py:376} INFO - Running <TaskInstance: producer.update_dataset scheduled__2024-08-13T00:00:00+00:00 [running]> on host a76316aa0937
[2024-08-14T06:54:03.635+0000] {taskinstance.py:1592} INFO - Exporting the following env vars:
AIRFLOW_CTX_DAG_OWNER=***
AIRFLOW_CTX_DAG_ID=producer
AIRFLOW_CTX_TASK_ID=update_dataset
AIRFLOW_CTX_EXECUTION_DATE=2024-08-13T00:00:00+00:00
AIRFLOW_CTX_TRY_NUMBER=1
AIRFLOW_CTX_DAG_RUN_ID=scheduled__2024-08-13T00:00:00+00:00
[2024-08-14T06:54:03.637+0000] {python.py:177} INFO - Done. Returned value was: None
[2024-08-14T06:54:03.641+0000] {warnings.py:110} WARNING - /home/***/.local/lib/python3.7/site-packages/***/models/baseoperator.py:1390: RemovedInAirflow3Warning: Passing 'execution_date' to 'TaskInstance.xcom_push()' is deprecated.
  context['ti'].xcom_push(key=key, value=value, execution_date=execution_date)

[2024-08-14T06:54:03.666+0000] {taskinstance.py:1406} INFO - Marking task as SUCCESS. dag_id=producer, task_id=update_dataset, execution_date=20240813T000000, start_date=20240814T065403, end_date=20240814T065403
[2024-08-14T06:54:03.714+0000] {local_task_job.py:164} INFO - Task exited with return code 0
[2024-08-14T06:54:03.733+0000] {local_task_job.py:273} INFO - 0 downstream tasks scheduled from follow-on schedule check
