[2024-09-08T07:32:57.444+0000] {taskinstance.py:1165} INFO - Dependencies all met for <TaskInstance: parallel_dag.load_a scheduled__2024-09-07T00:00:00+00:00 [queued]>
[2024-09-08T07:32:57.477+0000] {taskinstance.py:1165} INFO - Dependencies all met for <TaskInstance: parallel_dag.load_a scheduled__2024-09-07T00:00:00+00:00 [queued]>
[2024-09-08T07:32:57.480+0000] {taskinstance.py:1362} INFO - 
--------------------------------------------------------------------------------
[2024-09-08T07:32:57.482+0000] {taskinstance.py:1363} INFO - Starting attempt 1 of 1
[2024-09-08T07:32:57.485+0000] {taskinstance.py:1364} INFO - 
--------------------------------------------------------------------------------
[2024-09-08T07:32:57.535+0000] {taskinstance.py:1383} INFO - Executing <Task(BashOperator): load_a> on 2024-09-07 00:00:00+00:00
[2024-09-08T07:32:57.548+0000] {standard_task_runner.py:55} INFO - Started process 86 to run task
[2024-09-08T07:32:57.560+0000] {standard_task_runner.py:82} INFO - Running: ['***', 'tasks', 'run', 'parallel_dag', 'load_a', 'scheduled__2024-09-07T00:00:00+00:00', '--job-id', '118', '--raw', '--subdir', 'DAGS_FOLDER/parallel_dag.py', '--cfg-path', '/tmp/tmpmgockygs']
[2024-09-08T07:32:57.563+0000] {standard_task_runner.py:83} INFO - Job 118: Subtask load_a
[2024-09-08T07:32:57.901+0000] {task_command.py:376} INFO - Running <TaskInstance: parallel_dag.load_a scheduled__2024-09-07T00:00:00+00:00 [running]> on host 9948633f3fb6
[2024-09-08T07:32:58.250+0000] {taskinstance.py:1592} INFO - Exporting the following env vars:
AIRFLOW_CTX_DAG_OWNER=***
AIRFLOW_CTX_DAG_ID=parallel_dag
AIRFLOW_CTX_TASK_ID=load_a
AIRFLOW_CTX_EXECUTION_DATE=2024-09-07T00:00:00+00:00
AIRFLOW_CTX_TRY_NUMBER=1
AIRFLOW_CTX_DAG_RUN_ID=scheduled__2024-09-07T00:00:00+00:00
[2024-09-08T07:32:58.267+0000] {subprocess.py:63} INFO - Tmp dir root location: 
 /tmp
[2024-09-08T07:32:58.275+0000] {subprocess.py:75} INFO - Running command: ['/bin/bash', '-c', 'sleep 10']
[2024-09-08T07:32:58.300+0000] {subprocess.py:86} INFO - Output:
[2024-09-08T07:33:08.312+0000] {subprocess.py:97} INFO - Command exited with return code 0
[2024-09-08T07:33:08.480+0000] {taskinstance.py:1406} INFO - Marking task as SUCCESS. dag_id=parallel_dag, task_id=load_a, execution_date=20240907T000000, start_date=20240908T073257, end_date=20240908T073308
[2024-09-08T07:33:08.639+0000] {local_task_job.py:164} INFO - Task exited with return code 0
[2024-09-08T07:33:08.719+0000] {local_task_job.py:273} INFO - 1 downstream tasks scheduled from follow-on schedule check
