[2024-08-15T00:45:13.333+0000] {taskinstance.py:1165} INFO - Dependencies all met for <TaskInstance: parallel_dag.extract_b scheduled__2024-08-14T00:00:00+00:00 [queued]>
[2024-08-15T00:45:13.345+0000] {taskinstance.py:1165} INFO - Dependencies all met for <TaskInstance: parallel_dag.extract_b scheduled__2024-08-14T00:00:00+00:00 [queued]>
[2024-08-15T00:45:13.346+0000] {taskinstance.py:1362} INFO - 
--------------------------------------------------------------------------------
[2024-08-15T00:45:13.347+0000] {taskinstance.py:1363} INFO - Starting attempt 1 of 1
[2024-08-15T00:45:13.347+0000] {taskinstance.py:1364} INFO - 
--------------------------------------------------------------------------------
[2024-08-15T00:45:13.362+0000] {taskinstance.py:1383} INFO - Executing <Task(BashOperator): extract_b> on 2024-08-14 00:00:00+00:00
[2024-08-15T00:45:13.378+0000] {standard_task_runner.py:55} INFO - Started process 3102 to run task
[2024-08-15T00:45:13.392+0000] {standard_task_runner.py:82} INFO - Running: ['***', 'tasks', 'run', 'parallel_dag', 'extract_b', 'scheduled__2024-08-14T00:00:00+00:00', '--job-id', '99', '--raw', '--subdir', 'DAGS_FOLDER/parallel_dag.py', '--cfg-path', '/tmp/tmpsksxbe4o']
[2024-08-15T00:45:13.394+0000] {standard_task_runner.py:83} INFO - Job 99: Subtask extract_b
[2024-08-15T00:45:13.547+0000] {task_command.py:376} INFO - Running <TaskInstance: parallel_dag.extract_b scheduled__2024-08-14T00:00:00+00:00 [running]> on host 3b5f01e5f2f7
[2024-08-15T00:45:13.642+0000] {taskinstance.py:1592} INFO - Exporting the following env vars:
AIRFLOW_CTX_DAG_OWNER=***
AIRFLOW_CTX_DAG_ID=parallel_dag
AIRFLOW_CTX_TASK_ID=extract_b
AIRFLOW_CTX_EXECUTION_DATE=2024-08-14T00:00:00+00:00
AIRFLOW_CTX_TRY_NUMBER=1
AIRFLOW_CTX_DAG_RUN_ID=scheduled__2024-08-14T00:00:00+00:00
[2024-08-15T00:45:13.645+0000] {subprocess.py:63} INFO - Tmp dir root location: 
 /tmp
[2024-08-15T00:45:13.647+0000] {subprocess.py:75} INFO - Running command: ['/bin/bash', '-c', 'sleep 10']
[2024-08-15T00:45:13.668+0000] {subprocess.py:86} INFO - Output:
[2024-08-15T00:45:23.676+0000] {subprocess.py:97} INFO - Command exited with return code 0
[2024-08-15T00:45:23.734+0000] {taskinstance.py:1406} INFO - Marking task as SUCCESS. dag_id=parallel_dag, task_id=extract_b, execution_date=20240814T000000, start_date=20240815T004513, end_date=20240815T004523
[2024-08-15T00:45:23.766+0000] {local_task_job.py:164} INFO - Task exited with return code 0
[2024-08-15T00:45:23.795+0000] {local_task_job.py:273} INFO - 1 downstream tasks scheduled from follow-on schedule check
