[2024-08-11T20:46:12.475+0000] {taskinstance.py:1165} INFO - Dependencies all met for <TaskInstance: example_bash_operator.runme_2 manual__2024-08-11T20:46:08.959589+00:00 [queued]>
[2024-08-11T20:46:12.670+0000] {taskinstance.py:1165} INFO - Dependencies all met for <TaskInstance: example_bash_operator.runme_2 manual__2024-08-11T20:46:08.959589+00:00 [queued]>
[2024-08-11T20:46:12.671+0000] {taskinstance.py:1362} INFO - 
--------------------------------------------------------------------------------
[2024-08-11T20:46:12.672+0000] {taskinstance.py:1363} INFO - Starting attempt 1 of 1
[2024-08-11T20:46:12.672+0000] {taskinstance.py:1364} INFO - 
--------------------------------------------------------------------------------
[2024-08-11T20:46:12.871+0000] {taskinstance.py:1383} INFO - Executing <Task(BashOperator): runme_2> on 2024-08-11 20:46:08.959589+00:00
[2024-08-11T20:46:12.902+0000] {standard_task_runner.py:55} INFO - Started process 1182 to run task
[2024-08-11T20:46:12.975+0000] {standard_task_runner.py:82} INFO - Running: ['***', 'tasks', 'run', 'example_bash_operator', 'runme_2', 'manual__2024-08-11T20:46:08.959589+00:00', '--job-id', '7', '--raw', '--subdir', '/home/***/.local/lib/python3.7/site-packages/***/example_dags/example_bash_operator.py', '--cfg-path', '/tmp/tmp75kapacb']
[2024-08-11T20:46:12.983+0000] {standard_task_runner.py:83} INFO - Job 7: Subtask runme_2
[2024-08-11T20:46:13.496+0000] {task_command.py:376} INFO - Running <TaskInstance: example_bash_operator.runme_2 manual__2024-08-11T20:46:08.959589+00:00 [running]> on host 7b166f9b76f0
[2024-08-11T20:46:13.908+0000] {taskinstance.py:1592} INFO - Exporting the following env vars:
AIRFLOW_CTX_DAG_OWNER=***
AIRFLOW_CTX_DAG_ID=example_bash_operator
AIRFLOW_CTX_TASK_ID=runme_2
AIRFLOW_CTX_EXECUTION_DATE=2024-08-11T20:46:08.959589+00:00
AIRFLOW_CTX_TRY_NUMBER=1
AIRFLOW_CTX_DAG_RUN_ID=manual__2024-08-11T20:46:08.959589+00:00
[2024-08-11T20:46:13.910+0000] {subprocess.py:63} INFO - Tmp dir root location: 
 /tmp
[2024-08-11T20:46:13.912+0000] {subprocess.py:75} INFO - Running command: ['/bin/bash', '-c', 'echo "example_bash_operator__runme_2__20240811" && sleep 1']
[2024-08-11T20:46:13.992+0000] {subprocess.py:86} INFO - Output:
[2024-08-11T20:46:14.021+0000] {subprocess.py:93} INFO - example_bash_operator__runme_2__20240811
[2024-08-11T20:46:15.031+0000] {subprocess.py:97} INFO - Command exited with return code 0
[2024-08-11T20:46:15.069+0000] {taskinstance.py:1406} INFO - Marking task as SUCCESS. dag_id=example_bash_operator, task_id=runme_2, execution_date=20240811T204608, start_date=20240811T204612, end_date=20240811T204615
[2024-08-11T20:46:15.092+0000] {local_task_job.py:164} INFO - Task exited with return code 0
[2024-08-11T20:46:15.124+0000] {local_task_job.py:273} INFO - 1 downstream tasks scheduled from follow-on schedule check
