[2024-08-12T01:21:47.340+0000] {taskinstance.py:1165} INFO - Dependencies all met for <TaskInstance: example_bash_operator.this_will_skip scheduled__2024-08-11T00:00:00+00:00 [queued]>
[2024-08-12T01:21:47.377+0000] {taskinstance.py:1165} INFO - Dependencies all met for <TaskInstance: example_bash_operator.this_will_skip scheduled__2024-08-11T00:00:00+00:00 [queued]>
[2024-08-12T01:21:47.381+0000] {taskinstance.py:1362} INFO - 
--------------------------------------------------------------------------------
[2024-08-12T01:21:47.382+0000] {taskinstance.py:1363} INFO - Starting attempt 1 of 1
[2024-08-12T01:21:47.384+0000] {taskinstance.py:1364} INFO - 
--------------------------------------------------------------------------------
[2024-08-12T01:21:47.483+0000] {taskinstance.py:1383} INFO - Executing <Task(BashOperator): this_will_skip> on 2024-08-11 00:00:00+00:00
[2024-08-12T01:21:47.547+0000] {standard_task_runner.py:55} INFO - Started process 4145 to run task
[2024-08-12T01:21:47.599+0000] {standard_task_runner.py:82} INFO - Running: ['***', 'tasks', 'run', 'example_bash_operator', 'this_will_skip', 'scheduled__2024-08-11T00:00:00+00:00', '--job-id', '15', '--raw', '--subdir', '/home/***/.local/lib/python3.7/site-packages/***/example_dags/example_bash_operator.py', '--cfg-path', '/tmp/tmp6i3z7v1f']
[2024-08-12T01:21:47.618+0000] {standard_task_runner.py:83} INFO - Job 15: Subtask this_will_skip
[2024-08-12T01:21:48.605+0000] {task_command.py:376} INFO - Running <TaskInstance: example_bash_operator.this_will_skip scheduled__2024-08-11T00:00:00+00:00 [running]> on host 7b166f9b76f0
[2024-08-12T01:21:49.646+0000] {taskinstance.py:1592} INFO - Exporting the following env vars:
AIRFLOW_CTX_DAG_OWNER=***
AIRFLOW_CTX_DAG_ID=example_bash_operator
AIRFLOW_CTX_TASK_ID=this_will_skip
AIRFLOW_CTX_EXECUTION_DATE=2024-08-11T00:00:00+00:00
AIRFLOW_CTX_TRY_NUMBER=1
AIRFLOW_CTX_DAG_RUN_ID=scheduled__2024-08-11T00:00:00+00:00
[2024-08-12T01:21:49.651+0000] {subprocess.py:63} INFO - Tmp dir root location: 
 /tmp
[2024-08-12T01:21:49.655+0000] {subprocess.py:75} INFO - Running command: ['/bin/bash', '-c', 'echo "hello world"; exit 99;']
[2024-08-12T01:21:49.750+0000] {subprocess.py:86} INFO - Output:
[2024-08-12T01:21:49.783+0000] {subprocess.py:93} INFO - hello world
[2024-08-12T01:21:49.789+0000] {subprocess.py:97} INFO - Command exited with return code 99
[2024-08-12T01:21:49.791+0000] {taskinstance.py:1481} INFO - Bash command returned exit code 99. Skipping.
[2024-08-12T01:21:49.945+0000] {taskinstance.py:1406} INFO - Marking task as SKIPPED. dag_id=example_bash_operator, task_id=this_will_skip, execution_date=20240811T000000, start_date=20240812T012147, end_date=20240812T012149
[2024-08-12T01:21:50.230+0000] {local_task_job.py:164} INFO - Task exited with return code 0
[2024-08-12T01:21:50.373+0000] {local_task_job.py:273} INFO - 0 downstream tasks scheduled from follow-on schedule check
