[2024-08-14T06:54:04.554+0000] {taskinstance.py:1165} INFO - Dependencies all met for <TaskInstance: consumer.read_dataset dataset_triggered__2024-08-14T06:54:03.680423+00:00 [queued]>
[2024-08-14T06:54:04.566+0000] {taskinstance.py:1165} INFO - Dependencies all met for <TaskInstance: consumer.read_dataset dataset_triggered__2024-08-14T06:54:03.680423+00:00 [queued]>
[2024-08-14T06:54:04.567+0000] {taskinstance.py:1362} INFO - 
--------------------------------------------------------------------------------
[2024-08-14T06:54:04.568+0000] {taskinstance.py:1363} INFO - Starting attempt 1 of 1
[2024-08-14T06:54:04.569+0000] {taskinstance.py:1364} INFO - 
--------------------------------------------------------------------------------
[2024-08-14T06:54:04.585+0000] {taskinstance.py:1383} INFO - Executing <Task(_PythonDecoratedOperator): read_dataset> on 2024-08-14 06:54:03.680423+00:00
[2024-08-14T06:54:04.592+0000] {standard_task_runner.py:55} INFO - Started process 27726 to run task
[2024-08-14T06:54:04.601+0000] {standard_task_runner.py:82} INFO - Running: ['***', 'tasks', 'run', 'consumer', 'read_dataset', 'dataset_triggered__2024-08-14T06:54:03.680423+00:00', '--job-id', '84', '--raw', '--subdir', 'DAGS_FOLDER/consumer.py', '--cfg-path', '/tmp/tmpuec2ogzz']
[2024-08-14T06:54:04.603+0000] {standard_task_runner.py:83} INFO - Job 84: Subtask read_dataset
[2024-08-14T06:54:04.689+0000] {task_command.py:376} INFO - Running <TaskInstance: consumer.read_dataset dataset_triggered__2024-08-14T06:54:03.680423+00:00 [running]> on host a76316aa0937
[2024-08-14T06:54:04.767+0000] {taskinstance.py:1592} INFO - Exporting the following env vars:
AIRFLOW_CTX_DAG_OWNER=***
AIRFLOW_CTX_DAG_ID=consumer
AIRFLOW_CTX_TASK_ID=read_dataset
AIRFLOW_CTX_EXECUTION_DATE=2024-08-14T06:54:03.680423+00:00
AIRFLOW_CTX_TRY_NUMBER=1
AIRFLOW_CTX_DAG_RUN_ID=dataset_triggered__2024-08-14T06:54:03.680423+00:00
[2024-08-14T06:54:04.769+0000] {logging_mixin.py:120} INFO - proucer_update
[2024-08-14T06:54:04.770+0000] {python.py:177} INFO - Done. Returned value was: None
[2024-08-14T06:54:04.786+0000] {taskinstance.py:1406} INFO - Marking task as SUCCESS. dag_id=consumer, task_id=read_dataset, execution_date=20240814T065403, start_date=20240814T065404, end_date=20240814T065404
[2024-08-14T06:54:04.815+0000] {local_task_job.py:164} INFO - Task exited with return code 0
[2024-08-14T06:54:04.844+0000] {local_task_job.py:273} INFO - 0 downstream tasks scheduled from follow-on schedule check
