[2024-08-11T20:46:12.712+0000] {taskinstance.py:1165} INFO - Dependencies all met for <TaskInstance: example_bash_operator.runme_1 scheduled__2024-08-10T00:00:00+00:00 [queued]>
[2024-08-11T20:46:12.792+0000] {taskinstance.py:1165} INFO - Dependencies all met for <TaskInstance: example_bash_operator.runme_1 scheduled__2024-08-10T00:00:00+00:00 [queued]>
[2024-08-11T20:46:12.796+0000] {taskinstance.py:1362} INFO - 
--------------------------------------------------------------------------------
[2024-08-11T20:46:12.801+0000] {taskinstance.py:1363} INFO - Starting attempt 1 of 1
[2024-08-11T20:46:12.802+0000] {taskinstance.py:1364} INFO - 
--------------------------------------------------------------------------------
[2024-08-11T20:46:12.887+0000] {taskinstance.py:1383} INFO - Executing <Task(BashOperator): runme_1> on 2024-08-10 00:00:00+00:00
[2024-08-11T20:46:12.897+0000] {standard_task_runner.py:55} INFO - Started process 1181 to run task
[2024-08-11T20:46:12.932+0000] {standard_task_runner.py:82} INFO - Running: ['***', 'tasks', 'run', 'example_bash_operator', 'runme_1', 'scheduled__2024-08-10T00:00:00+00:00', '--job-id', '6', '--raw', '--subdir', '/home/***/.local/lib/python3.7/site-packages/***/example_dags/example_bash_operator.py', '--cfg-path', '/tmp/tmpkg84t60m']
[2024-08-11T20:46:12.936+0000] {standard_task_runner.py:83} INFO - Job 6: Subtask runme_1
[2024-08-11T20:46:13.388+0000] {task_command.py:376} INFO - Running <TaskInstance: example_bash_operator.runme_1 scheduled__2024-08-10T00:00:00+00:00 [running]> on host 7b166f9b76f0
[2024-08-11T20:46:13.776+0000] {taskinstance.py:1592} INFO - Exporting the following env vars:
AIRFLOW_CTX_DAG_OWNER=***
AIRFLOW_CTX_DAG_ID=example_bash_operator
AIRFLOW_CTX_TASK_ID=runme_1
AIRFLOW_CTX_EXECUTION_DATE=2024-08-10T00:00:00+00:00
AIRFLOW_CTX_TRY_NUMBER=1
AIRFLOW_CTX_DAG_RUN_ID=scheduled__2024-08-10T00:00:00+00:00
[2024-08-11T20:46:13.779+0000] {subprocess.py:63} INFO - Tmp dir root location: 
 /tmp
[2024-08-11T20:46:13.781+0000] {subprocess.py:75} INFO - Running command: ['/bin/bash', '-c', 'echo "example_bash_operator__runme_1__20240810" && sleep 1']
[2024-08-11T20:46:13.832+0000] {subprocess.py:86} INFO - Output:
[2024-08-11T20:46:13.867+0000] {subprocess.py:93} INFO - example_bash_operator__runme_1__20240810
[2024-08-11T20:46:14.876+0000] {subprocess.py:97} INFO - Command exited with return code 0
[2024-08-11T20:46:14.914+0000] {taskinstance.py:1406} INFO - Marking task as SUCCESS. dag_id=example_bash_operator, task_id=runme_1, execution_date=20240810T000000, start_date=20240811T204612, end_date=20240811T204614
[2024-08-11T20:46:14.934+0000] {local_task_job.py:164} INFO - Task exited with return code 0
[2024-08-11T20:46:14.961+0000] {local_task_job.py:273} INFO - 1 downstream tasks scheduled from follow-on schedule check
