[2024-08-12T17:28:19.098+0000] {taskinstance.py:1165} INFO - Dependencies all met for <TaskInstance: user_processing.store_user scheduled__2024-08-11T00:00:00+00:00 [queued]>
[2024-08-12T17:28:19.106+0000] {taskinstance.py:1165} INFO - Dependencies all met for <TaskInstance: user_processing.store_user scheduled__2024-08-11T00:00:00+00:00 [queued]>
[2024-08-12T17:28:19.107+0000] {taskinstance.py:1362} INFO - 
--------------------------------------------------------------------------------
[2024-08-12T17:28:19.108+0000] {taskinstance.py:1363} INFO - Starting attempt 7 of 7
[2024-08-12T17:28:19.108+0000] {taskinstance.py:1364} INFO - 
--------------------------------------------------------------------------------
[2024-08-12T17:28:19.120+0000] {taskinstance.py:1383} INFO - Executing <Task(PythonOperator): store_user> on 2024-08-11 00:00:00+00:00
[2024-08-12T17:28:19.126+0000] {standard_task_runner.py:55} INFO - Started process 387 to run task
[2024-08-12T17:28:19.130+0000] {standard_task_runner.py:82} INFO - Running: ['***', 'tasks', 'run', 'user_processing', 'store_user', 'scheduled__2024-08-11T00:00:00+00:00', '--job-id', '70', '--raw', '--subdir', 'DAGS_FOLDER/user_processing.py', '--cfg-path', '/tmp/tmpbrrn4zuv']
[2024-08-12T17:28:19.133+0000] {standard_task_runner.py:83} INFO - Job 70: Subtask store_user
[2024-08-12T17:28:19.199+0000] {task_command.py:376} INFO - Running <TaskInstance: user_processing.store_user scheduled__2024-08-11T00:00:00+00:00 [running]> on host a76316aa0937
[2024-08-12T17:28:19.272+0000] {taskinstance.py:1592} INFO - Exporting the following env vars:
AIRFLOW_CTX_DAG_OWNER=***
AIRFLOW_CTX_DAG_ID=user_processing
AIRFLOW_CTX_TASK_ID=store_user
AIRFLOW_CTX_EXECUTION_DATE=2024-08-11T00:00:00+00:00
AIRFLOW_CTX_TRY_NUMBER=7
AIRFLOW_CTX_DAG_RUN_ID=scheduled__2024-08-11T00:00:00+00:00
[2024-08-12T17:28:19.274+0000] {postgres.py:129} INFO - Running copy expert: COPY users FROM stdin WITH DELIMITER as ',', filename: /tmp/processed_user.csv
[2024-08-12T17:28:19.285+0000] {base.py:71} INFO - Using connection ID 'postgres' for task execution.
[2024-08-12T17:28:19.293+0000] {python.py:177} INFO - Done. Returned value was: None
[2024-08-12T17:28:19.305+0000] {taskinstance.py:1406} INFO - Marking task as SUCCESS. dag_id=user_processing, task_id=store_user, execution_date=20240811T000000, start_date=20240812T172819, end_date=20240812T172819
[2024-08-12T17:28:19.344+0000] {local_task_job.py:164} INFO - Task exited with return code 0
[2024-08-12T17:28:19.365+0000] {local_task_job.py:273} INFO - 0 downstream tasks scheduled from follow-on schedule check
