[2024-08-12T16:36:23.587+0000] {taskinstance.py:1165} INFO - Dependencies all met for <TaskInstance: user_processing.is_api_available scheduled__2024-08-11T00:00:00+00:00 [queued]>
[2024-08-12T16:36:23.595+0000] {taskinstance.py:1165} INFO - Dependencies all met for <TaskInstance: user_processing.is_api_available scheduled__2024-08-11T00:00:00+00:00 [queued]>
[2024-08-12T16:36:23.595+0000] {taskinstance.py:1362} INFO - 
--------------------------------------------------------------------------------
[2024-08-12T16:36:23.596+0000] {taskinstance.py:1363} INFO - Starting attempt 5 of 5
[2024-08-12T16:36:23.597+0000] {taskinstance.py:1364} INFO - 
--------------------------------------------------------------------------------
[2024-08-12T16:36:23.607+0000] {taskinstance.py:1383} INFO - Executing <Task(HttpSensor): is_api_available> on 2024-08-11 00:00:00+00:00
[2024-08-12T16:36:23.612+0000] {standard_task_runner.py:55} INFO - Started process 19658 to run task
[2024-08-12T16:36:23.616+0000] {standard_task_runner.py:82} INFO - Running: ['***', 'tasks', 'run', 'user_processing', 'is_api_available', 'scheduled__2024-08-11T00:00:00+00:00', '--job-id', '38', '--raw', '--subdir', 'DAGS_FOLDER/user_processing.py', '--cfg-path', '/tmp/tmpud1gidix']
[2024-08-12T16:36:23.619+0000] {standard_task_runner.py:83} INFO - Job 38: Subtask is_api_available
[2024-08-12T16:36:23.685+0000] {task_command.py:376} INFO - Running <TaskInstance: user_processing.is_api_available scheduled__2024-08-11T00:00:00+00:00 [running]> on host 7b166f9b76f0
[2024-08-12T16:36:23.747+0000] {taskinstance.py:1592} INFO - Exporting the following env vars:
AIRFLOW_CTX_DAG_OWNER=***
AIRFLOW_CTX_DAG_ID=user_processing
AIRFLOW_CTX_TASK_ID=is_api_available
AIRFLOW_CTX_EXECUTION_DATE=2024-08-11T00:00:00+00:00
AIRFLOW_CTX_TRY_NUMBER=5
AIRFLOW_CTX_DAG_RUN_ID=scheduled__2024-08-11T00:00:00+00:00
[2024-08-12T16:36:23.748+0000] {http.py:120} INFO - Poking: api/
[2024-08-12T16:36:23.759+0000] {base.py:71} INFO - Using connection ID 'user_api' for task execution.
[2024-08-12T16:36:23.763+0000] {http.py:148} INFO - Sending 'GET' to url: https://randomuser.me/api/
[2024-08-12T16:36:26.111+0000] {base.py:213} INFO - Success criteria met. Exiting.
[2024-08-12T16:36:26.136+0000] {taskinstance.py:1406} INFO - Marking task as SUCCESS. dag_id=user_processing, task_id=is_api_available, execution_date=20240811T000000, start_date=20240812T163623, end_date=20240812T163626
[2024-08-12T16:36:26.191+0000] {local_task_job.py:164} INFO - Task exited with return code 0
[2024-08-12T16:36:26.235+0000] {local_task_job.py:273} INFO - 0 downstream tasks scheduled from follow-on schedule check
