[2024-08-12T16:39:57.865+0000] {taskinstance.py:1165} INFO - Dependencies all met for <TaskInstance: user_processing.is_api_available scheduled__2024-08-11T00:00:00+00:00 [queued]>
[2024-08-12T16:39:57.873+0000] {taskinstance.py:1165} INFO - Dependencies all met for <TaskInstance: user_processing.is_api_available scheduled__2024-08-11T00:00:00+00:00 [queued]>
[2024-08-12T16:39:57.874+0000] {taskinstance.py:1362} INFO - 
--------------------------------------------------------------------------------
[2024-08-12T16:39:57.874+0000] {taskinstance.py:1363} INFO - Starting attempt 7 of 7
[2024-08-12T16:39:57.875+0000] {taskinstance.py:1364} INFO - 
--------------------------------------------------------------------------------
[2024-08-12T16:39:57.884+0000] {taskinstance.py:1383} INFO - Executing <Task(HttpSensor): is_api_available> on 2024-08-11 00:00:00+00:00
[2024-08-12T16:39:57.889+0000] {standard_task_runner.py:55} INFO - Started process 19861 to run task
[2024-08-12T16:39:57.894+0000] {standard_task_runner.py:82} INFO - Running: ['***', 'tasks', 'run', 'user_processing', 'is_api_available', 'scheduled__2024-08-11T00:00:00+00:00', '--job-id', '48', '--raw', '--subdir', 'DAGS_FOLDER/user_processing.py', '--cfg-path', '/tmp/tmpq6q8g1uy']
[2024-08-12T16:39:57.897+0000] {standard_task_runner.py:83} INFO - Job 48: Subtask is_api_available
[2024-08-12T16:39:57.976+0000] {task_command.py:376} INFO - Running <TaskInstance: user_processing.is_api_available scheduled__2024-08-11T00:00:00+00:00 [running]> on host 7b166f9b76f0
[2024-08-12T16:39:58.040+0000] {taskinstance.py:1592} INFO - Exporting the following env vars:
AIRFLOW_CTX_DAG_OWNER=***
AIRFLOW_CTX_DAG_ID=user_processing
AIRFLOW_CTX_TASK_ID=is_api_available
AIRFLOW_CTX_EXECUTION_DATE=2024-08-11T00:00:00+00:00
AIRFLOW_CTX_TRY_NUMBER=7
AIRFLOW_CTX_DAG_RUN_ID=scheduled__2024-08-11T00:00:00+00:00
[2024-08-12T16:39:58.042+0000] {http.py:120} INFO - Poking: api/
[2024-08-12T16:39:58.054+0000] {base.py:71} INFO - Using connection ID 'user_api' for task execution.
[2024-08-12T16:39:58.057+0000] {http.py:148} INFO - Sending 'GET' to url: https://randomuser.me/api/
[2024-08-12T16:39:58.853+0000] {base.py:213} INFO - Success criteria met. Exiting.
[2024-08-12T16:39:58.878+0000] {taskinstance.py:1406} INFO - Marking task as SUCCESS. dag_id=user_processing, task_id=is_api_available, execution_date=20240811T000000, start_date=20240812T163957, end_date=20240812T163958
[2024-08-12T16:39:58.940+0000] {local_task_job.py:164} INFO - Task exited with return code 0
[2024-08-12T16:39:58.980+0000] {local_task_job.py:273} INFO - 1 downstream tasks scheduled from follow-on schedule check
