[2024-09-08T07:32:43.231+0000] {taskinstance.py:1165} INFO - Dependencies all met for <TaskInstance: parallel_dag.extract_a scheduled__2024-09-07T00:00:00+00:00 [queued]>
[2024-09-08T07:32:43.377+0000] {taskinstance.py:1165} INFO - Dependencies all met for <TaskInstance: parallel_dag.extract_a scheduled__2024-09-07T00:00:00+00:00 [queued]>
[2024-09-08T07:32:43.385+0000] {taskinstance.py:1362} INFO - 
--------------------------------------------------------------------------------
[2024-09-08T07:32:43.391+0000] {taskinstance.py:1363} INFO - Starting attempt 1 of 1
[2024-09-08T07:32:43.395+0000] {taskinstance.py:1364} INFO - 
--------------------------------------------------------------------------------
[2024-09-08T07:32:43.548+0000] {taskinstance.py:1383} INFO - Executing <Task(BashOperator): extract_a> on 2024-09-07 00:00:00+00:00
[2024-09-08T07:32:43.626+0000] {standard_task_runner.py:55} INFO - Started process 70 to run task
[2024-09-08T07:32:43.633+0000] {standard_task_runner.py:82} INFO - Running: ['***', 'tasks', 'run', 'parallel_dag', 'extract_a', 'scheduled__2024-09-07T00:00:00+00:00', '--job-id', '115', '--raw', '--subdir', 'DAGS_FOLDER/parallel_dag.py', '--cfg-path', '/tmp/tmpgf2acry3']
[2024-09-08T07:32:43.674+0000] {standard_task_runner.py:83} INFO - Job 115: Subtask extract_a
[2024-09-08T07:32:44.613+0000] {task_command.py:376} INFO - Running <TaskInstance: parallel_dag.extract_a scheduled__2024-09-07T00:00:00+00:00 [running]> on host 9948633f3fb6
[2024-09-08T07:32:45.161+0000] {taskinstance.py:1592} INFO - Exporting the following env vars:
AIRFLOW_CTX_DAG_OWNER=***
AIRFLOW_CTX_DAG_ID=parallel_dag
AIRFLOW_CTX_TASK_ID=extract_a
AIRFLOW_CTX_EXECUTION_DATE=2024-09-07T00:00:00+00:00
AIRFLOW_CTX_TRY_NUMBER=1
AIRFLOW_CTX_DAG_RUN_ID=scheduled__2024-09-07T00:00:00+00:00
[2024-09-08T07:32:45.170+0000] {subprocess.py:63} INFO - Tmp dir root location: 
 /tmp
[2024-09-08T07:32:45.177+0000] {subprocess.py:75} INFO - Running command: ['/bin/bash', '-c', 'sleep 10']
[2024-09-08T07:32:45.246+0000] {subprocess.py:86} INFO - Output:
[2024-09-08T07:32:55.266+0000] {subprocess.py:97} INFO - Command exited with return code 0
[2024-09-08T07:32:55.371+0000] {taskinstance.py:1406} INFO - Marking task as SUCCESS. dag_id=parallel_dag, task_id=extract_a, execution_date=20240907T000000, start_date=20240908T073243, end_date=20240908T073255
[2024-09-08T07:32:55.449+0000] {local_task_job.py:164} INFO - Task exited with return code 0
[2024-09-08T07:32:55.523+0000] {local_task_job.py:273} INFO - 1 downstream tasks scheduled from follow-on schedule check
