[2024-08-12T16:37:29.295+0000] {taskinstance.py:1165} INFO - Dependencies all met for <TaskInstance: user_processing.process_user scheduled__2024-08-11T00:00:00+00:00 [queued]>
[2024-08-12T16:37:29.303+0000] {taskinstance.py:1165} INFO - Dependencies all met for <TaskInstance: user_processing.process_user scheduled__2024-08-11T00:00:00+00:00 [queued]>
[2024-08-12T16:37:29.303+0000] {taskinstance.py:1362} INFO - 
--------------------------------------------------------------------------------
[2024-08-12T16:37:29.304+0000] {taskinstance.py:1363} INFO - Starting attempt 5 of 5
[2024-08-12T16:37:29.304+0000] {taskinstance.py:1364} INFO - 
--------------------------------------------------------------------------------
[2024-08-12T16:37:29.314+0000] {taskinstance.py:1383} INFO - Executing <Task(PythonOperator): process_user> on 2024-08-11 00:00:00+00:00
[2024-08-12T16:37:29.320+0000] {standard_task_runner.py:55} INFO - Started process 19733 to run task
[2024-08-12T16:37:29.325+0000] {standard_task_runner.py:82} INFO - Running: ['***', 'tasks', 'run', 'user_processing', 'process_user', 'scheduled__2024-08-11T00:00:00+00:00', '--job-id', '45', '--raw', '--subdir', 'DAGS_FOLDER/user_processing.py', '--cfg-path', '/tmp/tmpj491rj08']
[2024-08-12T16:37:29.327+0000] {standard_task_runner.py:83} INFO - Job 45: Subtask process_user
[2024-08-12T16:37:29.394+0000] {task_command.py:376} INFO - Running <TaskInstance: user_processing.process_user scheduled__2024-08-11T00:00:00+00:00 [running]> on host 7b166f9b76f0
[2024-08-12T16:37:29.469+0000] {taskinstance.py:1592} INFO - Exporting the following env vars:
AIRFLOW_CTX_DAG_OWNER=***
AIRFLOW_CTX_DAG_ID=user_processing
AIRFLOW_CTX_TASK_ID=process_user
AIRFLOW_CTX_EXECUTION_DATE=2024-08-11T00:00:00+00:00
AIRFLOW_CTX_TRY_NUMBER=5
AIRFLOW_CTX_DAG_RUN_ID=scheduled__2024-08-11T00:00:00+00:00
[2024-08-12T16:37:29.504+0000] {python.py:177} INFO - Done. Returned value was: None
[2024-08-12T16:37:29.524+0000] {taskinstance.py:1406} INFO - Marking task as SUCCESS. dag_id=user_processing, task_id=process_user, execution_date=20240811T000000, start_date=20240812T163729, end_date=20240812T163729
[2024-08-12T16:37:29.577+0000] {local_task_job.py:164} INFO - Task exited with return code 0
[2024-08-12T16:37:29.627+0000] {local_task_job.py:273} INFO - 1 downstream tasks scheduled from follow-on schedule check
