[2024-08-12T08:46:31.971+0000] {taskinstance.py:1165} INFO - Dependencies all met for <TaskInstance: user_processing.process_user scheduled__2024-08-11T00:00:00+00:00 [queued]>
[2024-08-12T08:46:31.979+0000] {taskinstance.py:1165} INFO - Dependencies all met for <TaskInstance: user_processing.process_user scheduled__2024-08-11T00:00:00+00:00 [queued]>
[2024-08-12T08:46:31.979+0000] {taskinstance.py:1362} INFO - 
--------------------------------------------------------------------------------
[2024-08-12T08:46:31.980+0000] {taskinstance.py:1363} INFO - Starting attempt 2 of 2
[2024-08-12T08:46:31.981+0000] {taskinstance.py:1364} INFO - 
--------------------------------------------------------------------------------
[2024-08-12T08:46:31.991+0000] {taskinstance.py:1383} INFO - Executing <Task(PythonOperator): process_user> on 2024-08-11 00:00:00+00:00
[2024-08-12T08:46:31.996+0000] {standard_task_runner.py:55} INFO - Started process 14345 to run task
[2024-08-12T08:46:32.001+0000] {standard_task_runner.py:82} INFO - Running: ['***', 'tasks', 'run', 'user_processing', 'process_user', 'scheduled__2024-08-11T00:00:00+00:00', '--job-id', '28', '--raw', '--subdir', 'DAGS_FOLDER/user_processing.py', '--cfg-path', '/tmp/tmpy36enjqp']
[2024-08-12T08:46:32.003+0000] {standard_task_runner.py:83} INFO - Job 28: Subtask process_user
[2024-08-12T08:46:32.074+0000] {task_command.py:376} INFO - Running <TaskInstance: user_processing.process_user scheduled__2024-08-11T00:00:00+00:00 [running]> on host 7b166f9b76f0
[2024-08-12T08:46:32.137+0000] {taskinstance.py:1592} INFO - Exporting the following env vars:
AIRFLOW_CTX_DAG_OWNER=***
AIRFLOW_CTX_DAG_ID=user_processing
AIRFLOW_CTX_TASK_ID=process_user
AIRFLOW_CTX_EXECUTION_DATE=2024-08-11T00:00:00+00:00
AIRFLOW_CTX_TRY_NUMBER=2
AIRFLOW_CTX_DAG_RUN_ID=scheduled__2024-08-11T00:00:00+00:00
[2024-08-12T08:46:32.162+0000] {python.py:177} INFO - Done. Returned value was: None
[2024-08-12T08:46:32.175+0000] {taskinstance.py:1406} INFO - Marking task as SUCCESS. dag_id=user_processing, task_id=process_user, execution_date=20240811T000000, start_date=20240812T084631, end_date=20240812T084632
[2024-08-12T08:46:32.212+0000] {local_task_job.py:164} INFO - Task exited with return code 0
[2024-08-12T08:46:32.239+0000] {local_task_job.py:273} INFO - 1 downstream tasks scheduled from follow-on schedule check
