[2024-08-12T16:31:20.479+0000] {taskinstance.py:1165} INFO - Dependencies all met for <TaskInstance: user_processing.process_user scheduled__2024-08-11T00:00:00+00:00 [queued]>
[2024-08-12T16:31:20.495+0000] {taskinstance.py:1165} INFO - Dependencies all met for <TaskInstance: user_processing.process_user scheduled__2024-08-11T00:00:00+00:00 [queued]>
[2024-08-12T16:31:20.497+0000] {taskinstance.py:1362} INFO - 
--------------------------------------------------------------------------------
[2024-08-12T16:31:20.498+0000] {taskinstance.py:1363} INFO - Starting attempt 3 of 3
[2024-08-12T16:31:20.500+0000] {taskinstance.py:1364} INFO - 
--------------------------------------------------------------------------------
[2024-08-12T16:31:20.518+0000] {taskinstance.py:1383} INFO - Executing <Task(PythonOperator): process_user> on 2024-08-11 00:00:00+00:00
[2024-08-12T16:31:20.529+0000] {standard_task_runner.py:55} INFO - Started process 19412 to run task
[2024-08-12T16:31:20.536+0000] {standard_task_runner.py:82} INFO - Running: ['***', 'tasks', 'run', 'user_processing', 'process_user', 'scheduled__2024-08-11T00:00:00+00:00', '--job-id', '35', '--raw', '--subdir', 'DAGS_FOLDER/user_processing.py', '--cfg-path', '/tmp/tmpowk_t6ga']
[2024-08-12T16:31:20.542+0000] {standard_task_runner.py:83} INFO - Job 35: Subtask process_user
[2024-08-12T16:31:20.680+0000] {task_command.py:376} INFO - Running <TaskInstance: user_processing.process_user scheduled__2024-08-11T00:00:00+00:00 [running]> on host 7b166f9b76f0
[2024-08-12T16:31:20.852+0000] {taskinstance.py:1592} INFO - Exporting the following env vars:
AIRFLOW_CTX_DAG_OWNER=***
AIRFLOW_CTX_DAG_ID=user_processing
AIRFLOW_CTX_TASK_ID=process_user
AIRFLOW_CTX_EXECUTION_DATE=2024-08-11T00:00:00+00:00
AIRFLOW_CTX_TRY_NUMBER=3
AIRFLOW_CTX_DAG_RUN_ID=scheduled__2024-08-11T00:00:00+00:00
[2024-08-12T16:31:20.910+0000] {python.py:177} INFO - Done. Returned value was: None
[2024-08-12T16:31:20.941+0000] {taskinstance.py:1406} INFO - Marking task as SUCCESS. dag_id=user_processing, task_id=process_user, execution_date=20240811T000000, start_date=20240812T163120, end_date=20240812T163120
[2024-08-12T16:31:20.989+0000] {local_task_job.py:164} INFO - Task exited with return code 0
[2024-08-12T16:31:21.037+0000] {local_task_job.py:273} INFO - 1 downstream tasks scheduled from follow-on schedule check
