[2024-08-12T17:28:17.600+0000] {taskinstance.py:1165} INFO - Dependencies all met for <TaskInstance: user_processing.process_user scheduled__2024-08-11T00:00:00+00:00 [queued]>
[2024-08-12T17:28:17.609+0000] {taskinstance.py:1165} INFO - Dependencies all met for <TaskInstance: user_processing.process_user scheduled__2024-08-11T00:00:00+00:00 [queued]>
[2024-08-12T17:28:17.610+0000] {taskinstance.py:1362} INFO - 
--------------------------------------------------------------------------------
[2024-08-12T17:28:17.612+0000] {taskinstance.py:1363} INFO - Starting attempt 8 of 8
[2024-08-12T17:28:17.612+0000] {taskinstance.py:1364} INFO - 
--------------------------------------------------------------------------------
[2024-08-12T17:28:17.624+0000] {taskinstance.py:1383} INFO - Executing <Task(PythonOperator): process_user> on 2024-08-11 00:00:00+00:00
[2024-08-12T17:28:17.630+0000] {standard_task_runner.py:55} INFO - Started process 384 to run task
[2024-08-12T17:28:17.635+0000] {standard_task_runner.py:82} INFO - Running: ['***', 'tasks', 'run', 'user_processing', 'process_user', 'scheduled__2024-08-11T00:00:00+00:00', '--job-id', '69', '--raw', '--subdir', 'DAGS_FOLDER/user_processing.py', '--cfg-path', '/tmp/tmpw0_tm4s8']
[2024-08-12T17:28:17.638+0000] {standard_task_runner.py:83} INFO - Job 69: Subtask process_user
[2024-08-12T17:28:17.707+0000] {task_command.py:376} INFO - Running <TaskInstance: user_processing.process_user scheduled__2024-08-11T00:00:00+00:00 [running]> on host a76316aa0937
[2024-08-12T17:28:17.769+0000] {taskinstance.py:1592} INFO - Exporting the following env vars:
AIRFLOW_CTX_DAG_OWNER=***
AIRFLOW_CTX_DAG_ID=user_processing
AIRFLOW_CTX_TASK_ID=process_user
AIRFLOW_CTX_EXECUTION_DATE=2024-08-11T00:00:00+00:00
AIRFLOW_CTX_TRY_NUMBER=8
AIRFLOW_CTX_DAG_RUN_ID=scheduled__2024-08-11T00:00:00+00:00
[2024-08-12T17:28:17.791+0000] {python.py:177} INFO - Done. Returned value was: None
[2024-08-12T17:28:17.803+0000] {taskinstance.py:1406} INFO - Marking task as SUCCESS. dag_id=user_processing, task_id=process_user, execution_date=20240811T000000, start_date=20240812T172817, end_date=20240812T172817
[2024-08-12T17:28:17.846+0000] {local_task_job.py:164} INFO - Task exited with return code 0
[2024-08-12T17:28:17.870+0000] {local_task_job.py:273} INFO - 1 downstream tasks scheduled from follow-on schedule check
