[2024-08-12T16:36:28.657+0000] {taskinstance.py:1165} INFO - Dependencies all met for <TaskInstance: user_processing.process_user scheduled__2024-08-11T00:00:00+00:00 [queued]>
[2024-08-12T16:36:28.668+0000] {taskinstance.py:1165} INFO - Dependencies all met for <TaskInstance: user_processing.process_user scheduled__2024-08-11T00:00:00+00:00 [queued]>
[2024-08-12T16:36:28.669+0000] {taskinstance.py:1362} INFO - 
--------------------------------------------------------------------------------
[2024-08-12T16:36:28.670+0000] {taskinstance.py:1363} INFO - Starting attempt 4 of 4
[2024-08-12T16:36:28.670+0000] {taskinstance.py:1364} INFO - 
--------------------------------------------------------------------------------
[2024-08-12T16:36:28.684+0000] {taskinstance.py:1383} INFO - Executing <Task(PythonOperator): process_user> on 2024-08-11 00:00:00+00:00
[2024-08-12T16:36:28.693+0000] {standard_task_runner.py:55} INFO - Started process 19664 to run task
[2024-08-12T16:36:28.701+0000] {standard_task_runner.py:82} INFO - Running: ['***', 'tasks', 'run', 'user_processing', 'process_user', 'scheduled__2024-08-11T00:00:00+00:00', '--job-id', '40', '--raw', '--subdir', 'DAGS_FOLDER/user_processing.py', '--cfg-path', '/tmp/tmp_awtoigh']
[2024-08-12T16:36:28.704+0000] {standard_task_runner.py:83} INFO - Job 40: Subtask process_user
[2024-08-12T16:36:28.785+0000] {task_command.py:376} INFO - Running <TaskInstance: user_processing.process_user scheduled__2024-08-11T00:00:00+00:00 [running]> on host 7b166f9b76f0
[2024-08-12T16:36:28.864+0000] {taskinstance.py:1592} INFO - Exporting the following env vars:
AIRFLOW_CTX_DAG_OWNER=***
AIRFLOW_CTX_DAG_ID=user_processing
AIRFLOW_CTX_TASK_ID=process_user
AIRFLOW_CTX_EXECUTION_DATE=2024-08-11T00:00:00+00:00
AIRFLOW_CTX_TRY_NUMBER=4
AIRFLOW_CTX_DAG_RUN_ID=scheduled__2024-08-11T00:00:00+00:00
[2024-08-12T16:36:28.890+0000] {python.py:177} INFO - Done. Returned value was: None
[2024-08-12T16:36:28.905+0000] {taskinstance.py:1406} INFO - Marking task as SUCCESS. dag_id=user_processing, task_id=process_user, execution_date=20240811T000000, start_date=20240812T163628, end_date=20240812T163628
[2024-08-12T16:36:28.951+0000] {local_task_job.py:164} INFO - Task exited with return code 0
[2024-08-12T16:36:28.980+0000] {local_task_job.py:273} INFO - 1 downstream tasks scheduled from follow-on schedule check
