[2024-08-13T00:00:19.794+0000] {taskinstance.py:1165} INFO - Dependencies all met for <TaskInstance: user_processing.store_user scheduled__2024-08-12T00:00:00+00:00 [queued]>
[2024-08-13T00:00:19.823+0000] {taskinstance.py:1165} INFO - Dependencies all met for <TaskInstance: user_processing.store_user scheduled__2024-08-12T00:00:00+00:00 [queued]>
[2024-08-13T00:00:19.826+0000] {taskinstance.py:1362} INFO - 
--------------------------------------------------------------------------------
[2024-08-13T00:00:19.829+0000] {taskinstance.py:1363} INFO - Starting attempt 1 of 1
[2024-08-13T00:00:19.831+0000] {taskinstance.py:1364} INFO - 
--------------------------------------------------------------------------------
[2024-08-13T00:00:19.873+0000] {taskinstance.py:1383} INFO - Executing <Task(PythonOperator): store_user> on 2024-08-12 00:00:00+00:00
[2024-08-13T00:00:19.889+0000] {standard_task_runner.py:55} INFO - Started process 8441 to run task
[2024-08-13T00:00:19.906+0000] {standard_task_runner.py:82} INFO - Running: ['***', 'tasks', 'run', 'user_processing', 'store_user', 'scheduled__2024-08-12T00:00:00+00:00', '--job-id', '75', '--raw', '--subdir', 'DAGS_FOLDER/user_processing.py', '--cfg-path', '/tmp/tmpuecuk5o0']
[2024-08-13T00:00:19.915+0000] {standard_task_runner.py:83} INFO - Job 75: Subtask store_user
[2024-08-13T00:00:20.176+0000] {task_command.py:376} INFO - Running <TaskInstance: user_processing.store_user scheduled__2024-08-12T00:00:00+00:00 [running]> on host a76316aa0937
[2024-08-13T00:00:20.407+0000] {taskinstance.py:1592} INFO - Exporting the following env vars:
AIRFLOW_CTX_DAG_OWNER=***
AIRFLOW_CTX_DAG_ID=user_processing
AIRFLOW_CTX_TASK_ID=store_user
AIRFLOW_CTX_EXECUTION_DATE=2024-08-12T00:00:00+00:00
AIRFLOW_CTX_TRY_NUMBER=1
AIRFLOW_CTX_DAG_RUN_ID=scheduled__2024-08-12T00:00:00+00:00
[2024-08-13T00:00:20.414+0000] {postgres.py:129} INFO - Running copy expert: COPY users FROM stdin WITH DELIMITER as ',', filename: /tmp/processed_user.csv
[2024-08-13T00:00:20.462+0000] {base.py:71} INFO - Using connection ID 'postgres' for task execution.
[2024-08-13T00:00:20.500+0000] {python.py:177} INFO - Done. Returned value was: None
[2024-08-13T00:00:20.544+0000] {taskinstance.py:1406} INFO - Marking task as SUCCESS. dag_id=user_processing, task_id=store_user, execution_date=20240812T000000, start_date=20240813T000019, end_date=20240813T000020
[2024-08-13T00:00:20.640+0000] {local_task_job.py:164} INFO - Task exited with return code 0
[2024-08-13T00:00:20.765+0000] {local_task_job.py:273} INFO - 0 downstream tasks scheduled from follow-on schedule check
