[2024-08-12T01:21:54.036+0000] {taskinstance.py:1165} INFO - Dependencies all met for <TaskInstance: example_bash_operator.run_after_loop scheduled__2024-08-11T00:00:00+00:00 [queued]>
[2024-08-12T01:21:54.096+0000] {taskinstance.py:1165} INFO - Dependencies all met for <TaskInstance: example_bash_operator.run_after_loop scheduled__2024-08-11T00:00:00+00:00 [queued]>
[2024-08-12T01:21:54.098+0000] {taskinstance.py:1362} INFO - 
--------------------------------------------------------------------------------
[2024-08-12T01:21:54.102+0000] {taskinstance.py:1363} INFO - Starting attempt 1 of 1
[2024-08-12T01:21:54.109+0000] {taskinstance.py:1364} INFO - 
--------------------------------------------------------------------------------
[2024-08-12T01:21:54.161+0000] {taskinstance.py:1383} INFO - Executing <Task(BashOperator): run_after_loop> on 2024-08-11 00:00:00+00:00
[2024-08-12T01:21:54.175+0000] {standard_task_runner.py:55} INFO - Started process 4158 to run task
[2024-08-12T01:21:54.199+0000] {standard_task_runner.py:82} INFO - Running: ['***', 'tasks', 'run', 'example_bash_operator', 'run_after_loop', 'scheduled__2024-08-11T00:00:00+00:00', '--job-id', '20', '--raw', '--subdir', '/home/***/.local/lib/python3.7/site-packages/***/example_dags/example_bash_operator.py', '--cfg-path', '/tmp/tmp9plu3l7v']
[2024-08-12T01:21:54.204+0000] {standard_task_runner.py:83} INFO - Job 20: Subtask run_after_loop
[2024-08-12T01:21:54.573+0000] {task_command.py:376} INFO - Running <TaskInstance: example_bash_operator.run_after_loop scheduled__2024-08-11T00:00:00+00:00 [running]> on host 7b166f9b76f0
[2024-08-12T01:21:54.796+0000] {taskinstance.py:1592} INFO - Exporting the following env vars:
AIRFLOW_CTX_DAG_OWNER=***
AIRFLOW_CTX_DAG_ID=example_bash_operator
AIRFLOW_CTX_TASK_ID=run_after_loop
AIRFLOW_CTX_EXECUTION_DATE=2024-08-11T00:00:00+00:00
AIRFLOW_CTX_TRY_NUMBER=1
AIRFLOW_CTX_DAG_RUN_ID=scheduled__2024-08-11T00:00:00+00:00
[2024-08-12T01:21:54.839+0000] {subprocess.py:63} INFO - Tmp dir root location: 
 /tmp
[2024-08-12T01:21:54.880+0000] {subprocess.py:75} INFO - Running command: ['/bin/bash', '-c', 'echo 1']
[2024-08-12T01:21:54.915+0000] {subprocess.py:86} INFO - Output:
[2024-08-12T01:21:54.929+0000] {subprocess.py:93} INFO - 1
[2024-08-12T01:21:54.931+0000] {subprocess.py:97} INFO - Command exited with return code 0
[2024-08-12T01:21:55.003+0000] {taskinstance.py:1406} INFO - Marking task as SUCCESS. dag_id=example_bash_operator, task_id=run_after_loop, execution_date=20240811T000000, start_date=20240812T012154, end_date=20240812T012155
[2024-08-12T01:21:55.046+0000] {local_task_job.py:164} INFO - Task exited with return code 0
[2024-08-12T01:21:55.689+0000] {local_task_job.py:273} INFO - 0 downstream tasks scheduled from follow-on schedule check
