[2024-08-12T17:25:45.771+0000] {taskinstance.py:1165} INFO - Dependencies all met for <TaskInstance: user_processing.add_country_column scheduled__2024-08-11T00:00:00+00:00 [queued]>
[2024-08-12T17:25:45.780+0000] {taskinstance.py:1165} INFO - Dependencies all met for <TaskInstance: user_processing.add_country_column scheduled__2024-08-11T00:00:00+00:00 [queued]>
[2024-08-12T17:25:45.780+0000] {taskinstance.py:1362} INFO - 
--------------------------------------------------------------------------------
[2024-08-12T17:25:45.781+0000] {taskinstance.py:1363} INFO - Starting attempt 1 of 1
[2024-08-12T17:25:45.781+0000] {taskinstance.py:1364} INFO - 
--------------------------------------------------------------------------------
[2024-08-12T17:25:45.791+0000] {taskinstance.py:1383} INFO - Executing <Task(PostgresOperator): add_country_column> on 2024-08-11 00:00:00+00:00
[2024-08-12T17:25:45.797+0000] {standard_task_runner.py:55} INFO - Started process 237 to run task
[2024-08-12T17:25:45.802+0000] {standard_task_runner.py:82} INFO - Running: ['***', 'tasks', 'run', 'user_processing', 'add_country_column', 'scheduled__2024-08-11T00:00:00+00:00', '--job-id', '62', '--raw', '--subdir', 'DAGS_FOLDER/user_processing.py', '--cfg-path', '/tmp/tmpwyazbbz_']
[2024-08-12T17:25:45.804+0000] {standard_task_runner.py:83} INFO - Job 62: Subtask add_country_column
[2024-08-12T17:25:45.887+0000] {task_command.py:376} INFO - Running <TaskInstance: user_processing.add_country_column scheduled__2024-08-11T00:00:00+00:00 [running]> on host a76316aa0937
[2024-08-12T17:25:45.969+0000] {taskinstance.py:1592} INFO - Exporting the following env vars:
AIRFLOW_CTX_DAG_OWNER=***
AIRFLOW_CTX_DAG_ID=user_processing
AIRFLOW_CTX_TASK_ID=add_country_column
AIRFLOW_CTX_EXECUTION_DATE=2024-08-11T00:00:00+00:00
AIRFLOW_CTX_TRY_NUMBER=1
AIRFLOW_CTX_DAG_RUN_ID=scheduled__2024-08-11T00:00:00+00:00
[2024-08-12T17:25:45.982+0000] {base.py:71} INFO - Using connection ID 'postgres' for task execution.
[2024-08-12T17:25:45.991+0000] {sql.py:315} INFO - Running statement: 
            ALTER TABLE users
            ADD COLUMN country TEXT NOT NULL;
        , parameters: None
[2024-08-12T17:25:46.009+0000] {taskinstance.py:1406} INFO - Marking task as SUCCESS. dag_id=user_processing, task_id=add_country_column, execution_date=20240811T000000, start_date=20240812T172545, end_date=20240812T172546
[2024-08-12T17:25:46.053+0000] {local_task_job.py:164} INFO - Task exited with return code 0
[2024-08-12T17:25:46.088+0000] {local_task_job.py:273} INFO - 1 downstream tasks scheduled from follow-on schedule check
