[2024-08-14T01:33:00.556+0000] {taskinstance.py:1165} INFO - Dependencies all met for <TaskInstance: user_processing.is_api_available scheduled__2024-08-13T00:00:00+00:00 [queued]>
[2024-08-14T01:33:00.564+0000] {taskinstance.py:1165} INFO - Dependencies all met for <TaskInstance: user_processing.is_api_available scheduled__2024-08-13T00:00:00+00:00 [queued]>
[2024-08-14T01:33:00.565+0000] {taskinstance.py:1362} INFO - 
--------------------------------------------------------------------------------
[2024-08-14T01:33:00.565+0000] {taskinstance.py:1363} INFO - Starting attempt 2 of 2
[2024-08-14T01:33:00.566+0000] {taskinstance.py:1364} INFO - 
--------------------------------------------------------------------------------
[2024-08-14T01:33:00.579+0000] {taskinstance.py:1383} INFO - Executing <Task(HttpSensor): is_api_available> on 2024-08-13 00:00:00+00:00
[2024-08-14T01:33:00.587+0000] {standard_task_runner.py:55} INFO - Started process 18807 to run task
[2024-08-14T01:33:00.592+0000] {standard_task_runner.py:82} INFO - Running: ['***', 'tasks', 'run', 'user_processing', 'is_api_available', 'scheduled__2024-08-13T00:00:00+00:00', '--job-id', '79', '--raw', '--subdir', 'DAGS_FOLDER/user_processing.py', '--cfg-path', '/tmp/tmpugqn34py']
[2024-08-14T01:33:00.595+0000] {standard_task_runner.py:83} INFO - Job 79: Subtask is_api_available
[2024-08-14T01:33:00.665+0000] {task_command.py:376} INFO - Running <TaskInstance: user_processing.is_api_available scheduled__2024-08-13T00:00:00+00:00 [running]> on host a76316aa0937
[2024-08-14T01:33:00.728+0000] {taskinstance.py:1592} INFO - Exporting the following env vars:
AIRFLOW_CTX_DAG_OWNER=***
AIRFLOW_CTX_DAG_ID=user_processing
AIRFLOW_CTX_TASK_ID=is_api_available
AIRFLOW_CTX_EXECUTION_DATE=2024-08-13T00:00:00+00:00
AIRFLOW_CTX_TRY_NUMBER=2
AIRFLOW_CTX_DAG_RUN_ID=scheduled__2024-08-13T00:00:00+00:00
[2024-08-14T01:33:00.729+0000] {http.py:120} INFO - Poking: api/
[2024-08-14T01:33:00.741+0000] {base.py:71} INFO - Using connection ID 'user_api' for task execution.
[2024-08-14T01:33:00.743+0000] {http.py:148} INFO - Sending 'GET' to url: https://randomuser.me/api/
[2024-08-14T01:33:01.785+0000] {base.py:213} INFO - Success criteria met. Exiting.
[2024-08-14T01:33:01.814+0000] {taskinstance.py:1406} INFO - Marking task as SUCCESS. dag_id=user_processing, task_id=is_api_available, execution_date=20240813T000000, start_date=20240814T013300, end_date=20240814T013301
[2024-08-14T01:33:01.857+0000] {local_task_job.py:164} INFO - Task exited with return code 0
[2024-08-14T01:33:01.895+0000] {local_task_job.py:273} INFO - 1 downstream tasks scheduled from follow-on schedule check
