[2024-09-08T07:32:31.192+0000] {processor.py:154} INFO - Started process (PID=43) to work on /opt/airflow/dags/consumer.py
[2024-09-08T07:32:31.205+0000] {processor.py:756} INFO - Processing file /opt/airflow/dags/consumer.py for tasks to queue
[2024-09-08T07:32:31.210+0000] {logging_mixin.py:120} INFO - [2024-09-08T07:32:31.210+0000] {dagbag.py:537} INFO - Filling up the DagBag from /opt/airflow/dags/consumer.py
[2024-09-08T07:32:31.407+0000] {processor.py:766} INFO - DAG(s) dict_keys(['consumer']) retrieved from /opt/airflow/dags/consumer.py
[2024-09-08T07:32:31.687+0000] {logging_mixin.py:120} INFO - [2024-09-08T07:32:31.687+0000] {dag.py:2585} INFO - Sync 1 DAGs
[2024-09-08T07:32:31.758+0000] {logging_mixin.py:120} INFO - [2024-09-08T07:32:31.757+0000] {dag.py:3340} INFO - Setting next_dagrun for consumer to None, run_after=None
[2024-09-08T07:32:31.893+0000] {processor.py:176} INFO - Processing /opt/airflow/dags/consumer.py took 0.711 seconds
[2024-09-08T07:33:49.316+0000] {processor.py:154} INFO - Started process (PID=43) to work on /opt/airflow/dags/consumer.py
[2024-09-08T07:33:49.327+0000] {processor.py:756} INFO - Processing file /opt/airflow/dags/consumer.py for tasks to queue
[2024-09-08T07:33:49.338+0000] {logging_mixin.py:120} INFO - [2024-09-08T07:33:49.329+0000] {dagbag.py:537} INFO - Filling up the DagBag from /opt/airflow/dags/consumer.py
[2024-09-08T07:33:49.531+0000] {processor.py:766} INFO - DAG(s) dict_keys(['consumer']) retrieved from /opt/airflow/dags/consumer.py
[2024-09-08T07:33:50.165+0000] {logging_mixin.py:120} INFO - [2024-09-08T07:33:50.165+0000] {dag.py:2585} INFO - Sync 1 DAGs
[2024-09-08T07:33:50.373+0000] {logging_mixin.py:120} INFO - [2024-09-08T07:33:50.372+0000] {dag.py:3340} INFO - Setting next_dagrun for consumer to None, run_after=None
[2024-09-08T07:33:50.492+0000] {processor.py:176} INFO - Processing /opt/airflow/dags/consumer.py took 1.200 seconds
[2024-09-08T07:34:20.583+0000] {processor.py:154} INFO - Started process (PID=66) to work on /opt/airflow/dags/consumer.py
[2024-09-08T07:34:20.588+0000] {processor.py:756} INFO - Processing file /opt/airflow/dags/consumer.py for tasks to queue
[2024-09-08T07:34:20.590+0000] {logging_mixin.py:120} INFO - [2024-09-08T07:34:20.590+0000] {dagbag.py:537} INFO - Filling up the DagBag from /opt/airflow/dags/consumer.py
[2024-09-08T07:34:20.619+0000] {processor.py:766} INFO - DAG(s) dict_keys(['consumer']) retrieved from /opt/airflow/dags/consumer.py
[2024-09-08T07:34:20.665+0000] {logging_mixin.py:120} INFO - [2024-09-08T07:34:20.665+0000] {dag.py:2585} INFO - Sync 1 DAGs
[2024-09-08T07:34:20.704+0000] {logging_mixin.py:120} INFO - [2024-09-08T07:34:20.704+0000] {dag.py:3340} INFO - Setting next_dagrun for consumer to None, run_after=None
[2024-09-08T07:34:20.744+0000] {processor.py:176} INFO - Processing /opt/airflow/dags/consumer.py took 0.163 seconds
[2024-09-08T07:34:51.066+0000] {processor.py:154} INFO - Started process (PID=98) to work on /opt/airflow/dags/consumer.py
[2024-09-08T07:34:51.068+0000] {processor.py:756} INFO - Processing file /opt/airflow/dags/consumer.py for tasks to queue
[2024-09-08T07:34:51.070+0000] {logging_mixin.py:120} INFO - [2024-09-08T07:34:51.070+0000] {dagbag.py:537} INFO - Filling up the DagBag from /opt/airflow/dags/consumer.py
[2024-09-08T07:34:51.093+0000] {processor.py:766} INFO - DAG(s) dict_keys(['consumer']) retrieved from /opt/airflow/dags/consumer.py
[2024-09-08T07:34:51.134+0000] {logging_mixin.py:120} INFO - [2024-09-08T07:34:51.134+0000] {dag.py:2585} INFO - Sync 1 DAGs
[2024-09-08T07:34:51.156+0000] {logging_mixin.py:120} INFO - [2024-09-08T07:34:51.156+0000] {dag.py:3340} INFO - Setting next_dagrun for consumer to None, run_after=None
[2024-09-08T07:34:51.175+0000] {processor.py:176} INFO - Processing /opt/airflow/dags/consumer.py took 0.111 seconds
[2024-09-08T07:35:21.617+0000] {processor.py:154} INFO - Started process (PID=130) to work on /opt/airflow/dags/consumer.py
[2024-09-08T07:35:21.619+0000] {processor.py:756} INFO - Processing file /opt/airflow/dags/consumer.py for tasks to queue
[2024-09-08T07:35:21.621+0000] {logging_mixin.py:120} INFO - [2024-09-08T07:35:21.621+0000] {dagbag.py:537} INFO - Filling up the DagBag from /opt/airflow/dags/consumer.py
[2024-09-08T07:35:21.651+0000] {processor.py:766} INFO - DAG(s) dict_keys(['consumer']) retrieved from /opt/airflow/dags/consumer.py
[2024-09-08T07:35:21.700+0000] {logging_mixin.py:120} INFO - [2024-09-08T07:35:21.700+0000] {dag.py:2585} INFO - Sync 1 DAGs
[2024-09-08T07:35:21.731+0000] {logging_mixin.py:120} INFO - [2024-09-08T07:35:21.730+0000] {dag.py:3340} INFO - Setting next_dagrun for consumer to None, run_after=None
[2024-09-08T07:35:21.804+0000] {processor.py:176} INFO - Processing /opt/airflow/dags/consumer.py took 0.190 seconds
[2024-09-08T07:35:52.165+0000] {processor.py:154} INFO - Started process (PID=153) to work on /opt/airflow/dags/consumer.py
[2024-09-08T07:35:52.168+0000] {processor.py:756} INFO - Processing file /opt/airflow/dags/consumer.py for tasks to queue
[2024-09-08T07:35:52.169+0000] {logging_mixin.py:120} INFO - [2024-09-08T07:35:52.169+0000] {dagbag.py:537} INFO - Filling up the DagBag from /opt/airflow/dags/consumer.py
[2024-09-08T07:35:52.201+0000] {processor.py:766} INFO - DAG(s) dict_keys(['consumer']) retrieved from /opt/airflow/dags/consumer.py
[2024-09-08T07:35:52.248+0000] {logging_mixin.py:120} INFO - [2024-09-08T07:35:52.248+0000] {dag.py:2585} INFO - Sync 1 DAGs
[2024-09-08T07:35:52.275+0000] {logging_mixin.py:120} INFO - [2024-09-08T07:35:52.274+0000] {dag.py:3340} INFO - Setting next_dagrun for consumer to None, run_after=None
[2024-09-08T07:35:52.296+0000] {processor.py:176} INFO - Processing /opt/airflow/dags/consumer.py took 0.134 seconds
[2024-09-08T07:36:22.448+0000] {processor.py:154} INFO - Started process (PID=184) to work on /opt/airflow/dags/consumer.py
[2024-09-08T07:36:22.449+0000] {processor.py:756} INFO - Processing file /opt/airflow/dags/consumer.py for tasks to queue
[2024-09-08T07:36:22.450+0000] {logging_mixin.py:120} INFO - [2024-09-08T07:36:22.450+0000] {dagbag.py:537} INFO - Filling up the DagBag from /opt/airflow/dags/consumer.py
[2024-09-08T07:36:22.470+0000] {processor.py:766} INFO - DAG(s) dict_keys(['consumer']) retrieved from /opt/airflow/dags/consumer.py
[2024-09-08T07:36:22.507+0000] {logging_mixin.py:120} INFO - [2024-09-08T07:36:22.507+0000] {dag.py:2585} INFO - Sync 1 DAGs
[2024-09-08T07:36:22.528+0000] {logging_mixin.py:120} INFO - [2024-09-08T07:36:22.528+0000] {dag.py:3340} INFO - Setting next_dagrun for consumer to None, run_after=None
[2024-09-08T07:36:22.547+0000] {processor.py:176} INFO - Processing /opt/airflow/dags/consumer.py took 0.103 seconds
[2024-09-08T07:36:52.950+0000] {processor.py:154} INFO - Started process (PID=207) to work on /opt/airflow/dags/consumer.py
[2024-09-08T07:36:52.952+0000] {processor.py:756} INFO - Processing file /opt/airflow/dags/consumer.py for tasks to queue
[2024-09-08T07:36:52.953+0000] {logging_mixin.py:120} INFO - [2024-09-08T07:36:52.953+0000] {dagbag.py:537} INFO - Filling up the DagBag from /opt/airflow/dags/consumer.py
[2024-09-08T07:36:52.975+0000] {processor.py:766} INFO - DAG(s) dict_keys(['consumer']) retrieved from /opt/airflow/dags/consumer.py
[2024-09-08T07:36:53.017+0000] {logging_mixin.py:120} INFO - [2024-09-08T07:36:53.017+0000] {dag.py:2585} INFO - Sync 1 DAGs
[2024-09-08T07:36:53.041+0000] {logging_mixin.py:120} INFO - [2024-09-08T07:36:53.041+0000] {dag.py:3340} INFO - Setting next_dagrun for consumer to None, run_after=None
[2024-09-08T07:36:53.072+0000] {processor.py:176} INFO - Processing /opt/airflow/dags/consumer.py took 0.125 seconds
[2024-09-08T07:37:23.811+0000] {processor.py:154} INFO - Started process (PID=239) to work on /opt/airflow/dags/consumer.py
[2024-09-08T07:37:23.813+0000] {processor.py:756} INFO - Processing file /opt/airflow/dags/consumer.py for tasks to queue
[2024-09-08T07:37:23.815+0000] {logging_mixin.py:120} INFO - [2024-09-08T07:37:23.814+0000] {dagbag.py:537} INFO - Filling up the DagBag from /opt/airflow/dags/consumer.py
[2024-09-08T07:37:23.837+0000] {processor.py:766} INFO - DAG(s) dict_keys(['consumer']) retrieved from /opt/airflow/dags/consumer.py
[2024-09-08T07:37:23.873+0000] {logging_mixin.py:120} INFO - [2024-09-08T07:37:23.873+0000] {dag.py:2585} INFO - Sync 1 DAGs
[2024-09-08T07:37:23.895+0000] {logging_mixin.py:120} INFO - [2024-09-08T07:37:23.895+0000] {dag.py:3340} INFO - Setting next_dagrun for consumer to None, run_after=None
[2024-09-08T07:37:23.920+0000] {processor.py:176} INFO - Processing /opt/airflow/dags/consumer.py took 0.113 seconds
[2024-09-08T07:37:54.280+0000] {processor.py:154} INFO - Started process (PID=271) to work on /opt/airflow/dags/consumer.py
[2024-09-08T07:37:54.282+0000] {processor.py:756} INFO - Processing file /opt/airflow/dags/consumer.py for tasks to queue
[2024-09-08T07:37:54.283+0000] {logging_mixin.py:120} INFO - [2024-09-08T07:37:54.283+0000] {dagbag.py:537} INFO - Filling up the DagBag from /opt/airflow/dags/consumer.py
[2024-09-08T07:37:54.305+0000] {processor.py:766} INFO - DAG(s) dict_keys(['consumer']) retrieved from /opt/airflow/dags/consumer.py
[2024-09-08T07:37:54.346+0000] {logging_mixin.py:120} INFO - [2024-09-08T07:37:54.346+0000] {dag.py:2585} INFO - Sync 1 DAGs
[2024-09-08T07:37:54.368+0000] {logging_mixin.py:120} INFO - [2024-09-08T07:37:54.368+0000] {dag.py:3340} INFO - Setting next_dagrun for consumer to None, run_after=None
[2024-09-08T07:37:54.390+0000] {processor.py:176} INFO - Processing /opt/airflow/dags/consumer.py took 0.113 seconds
[2024-09-08T07:38:24.679+0000] {processor.py:154} INFO - Started process (PID=302) to work on /opt/airflow/dags/consumer.py
[2024-09-08T07:38:24.680+0000] {processor.py:756} INFO - Processing file /opt/airflow/dags/consumer.py for tasks to queue
[2024-09-08T07:38:24.681+0000] {logging_mixin.py:120} INFO - [2024-09-08T07:38:24.681+0000] {dagbag.py:537} INFO - Filling up the DagBag from /opt/airflow/dags/consumer.py
[2024-09-08T07:38:24.706+0000] {processor.py:766} INFO - DAG(s) dict_keys(['consumer']) retrieved from /opt/airflow/dags/consumer.py
[2024-09-08T07:38:24.749+0000] {logging_mixin.py:120} INFO - [2024-09-08T07:38:24.749+0000] {dag.py:2585} INFO - Sync 1 DAGs
[2024-09-08T07:38:24.772+0000] {logging_mixin.py:120} INFO - [2024-09-08T07:38:24.772+0000] {dag.py:3340} INFO - Setting next_dagrun for consumer to None, run_after=None
[2024-09-08T07:38:24.798+0000] {processor.py:176} INFO - Processing /opt/airflow/dags/consumer.py took 0.123 seconds
[2024-09-08T07:38:55.219+0000] {processor.py:154} INFO - Started process (PID=334) to work on /opt/airflow/dags/consumer.py
[2024-09-08T07:38:55.221+0000] {processor.py:756} INFO - Processing file /opt/airflow/dags/consumer.py for tasks to queue
[2024-09-08T07:38:55.222+0000] {logging_mixin.py:120} INFO - [2024-09-08T07:38:55.222+0000] {dagbag.py:537} INFO - Filling up the DagBag from /opt/airflow/dags/consumer.py
[2024-09-08T07:38:55.243+0000] {processor.py:766} INFO - DAG(s) dict_keys(['consumer']) retrieved from /opt/airflow/dags/consumer.py
[2024-09-08T07:38:55.280+0000] {logging_mixin.py:120} INFO - [2024-09-08T07:38:55.279+0000] {dag.py:2585} INFO - Sync 1 DAGs
[2024-09-08T07:38:55.299+0000] {logging_mixin.py:120} INFO - [2024-09-08T07:38:55.299+0000] {dag.py:3340} INFO - Setting next_dagrun for consumer to None, run_after=None
[2024-09-08T07:38:55.318+0000] {processor.py:176} INFO - Processing /opt/airflow/dags/consumer.py took 0.103 seconds
[2024-09-08T07:39:25.747+0000] {processor.py:154} INFO - Started process (PID=357) to work on /opt/airflow/dags/consumer.py
[2024-09-08T07:39:25.748+0000] {processor.py:756} INFO - Processing file /opt/airflow/dags/consumer.py for tasks to queue
[2024-09-08T07:39:25.750+0000] {logging_mixin.py:120} INFO - [2024-09-08T07:39:25.750+0000] {dagbag.py:537} INFO - Filling up the DagBag from /opt/airflow/dags/consumer.py
[2024-09-08T07:39:25.770+0000] {processor.py:766} INFO - DAG(s) dict_keys(['consumer']) retrieved from /opt/airflow/dags/consumer.py
[2024-09-08T07:39:25.810+0000] {logging_mixin.py:120} INFO - [2024-09-08T07:39:25.809+0000] {dag.py:2585} INFO - Sync 1 DAGs
[2024-09-08T07:39:25.830+0000] {logging_mixin.py:120} INFO - [2024-09-08T07:39:25.830+0000] {dag.py:3340} INFO - Setting next_dagrun for consumer to None, run_after=None
[2024-09-08T07:39:25.854+0000] {processor.py:176} INFO - Processing /opt/airflow/dags/consumer.py took 0.111 seconds
[2024-09-08T07:39:56.240+0000] {processor.py:154} INFO - Started process (PID=389) to work on /opt/airflow/dags/consumer.py
[2024-09-08T07:39:56.243+0000] {processor.py:756} INFO - Processing file /opt/airflow/dags/consumer.py for tasks to queue
[2024-09-08T07:39:56.244+0000] {logging_mixin.py:120} INFO - [2024-09-08T07:39:56.244+0000] {dagbag.py:537} INFO - Filling up the DagBag from /opt/airflow/dags/consumer.py
[2024-09-08T07:39:56.272+0000] {processor.py:766} INFO - DAG(s) dict_keys(['consumer']) retrieved from /opt/airflow/dags/consumer.py
[2024-09-08T07:39:56.315+0000] {logging_mixin.py:120} INFO - [2024-09-08T07:39:56.315+0000] {dag.py:2585} INFO - Sync 1 DAGs
[2024-09-08T07:39:56.339+0000] {logging_mixin.py:120} INFO - [2024-09-08T07:39:56.338+0000] {dag.py:3340} INFO - Setting next_dagrun for consumer to None, run_after=None
[2024-09-08T07:39:56.361+0000] {processor.py:176} INFO - Processing /opt/airflow/dags/consumer.py took 0.126 seconds
[2024-09-08T07:40:26.718+0000] {processor.py:154} INFO - Started process (PID=421) to work on /opt/airflow/dags/consumer.py
[2024-09-08T07:40:26.720+0000] {processor.py:756} INFO - Processing file /opt/airflow/dags/consumer.py for tasks to queue
[2024-09-08T07:40:26.721+0000] {logging_mixin.py:120} INFO - [2024-09-08T07:40:26.720+0000] {dagbag.py:537} INFO - Filling up the DagBag from /opt/airflow/dags/consumer.py
[2024-09-08T07:40:26.739+0000] {processor.py:766} INFO - DAG(s) dict_keys(['consumer']) retrieved from /opt/airflow/dags/consumer.py
[2024-09-08T07:40:26.774+0000] {logging_mixin.py:120} INFO - [2024-09-08T07:40:26.774+0000] {dag.py:2585} INFO - Sync 1 DAGs
[2024-09-08T07:40:26.795+0000] {logging_mixin.py:120} INFO - [2024-09-08T07:40:26.794+0000] {dag.py:3340} INFO - Setting next_dagrun for consumer to None, run_after=None
[2024-09-08T07:40:26.811+0000] {processor.py:176} INFO - Processing /opt/airflow/dags/consumer.py took 0.096 seconds
[2024-09-08T07:40:57.210+0000] {processor.py:154} INFO - Started process (PID=453) to work on /opt/airflow/dags/consumer.py
[2024-09-08T07:40:57.221+0000] {processor.py:756} INFO - Processing file /opt/airflow/dags/consumer.py for tasks to queue
[2024-09-08T07:40:57.223+0000] {logging_mixin.py:120} INFO - [2024-09-08T07:40:57.223+0000] {dagbag.py:537} INFO - Filling up the DagBag from /opt/airflow/dags/consumer.py
[2024-09-08T07:40:57.294+0000] {processor.py:766} INFO - DAG(s) dict_keys(['consumer']) retrieved from /opt/airflow/dags/consumer.py
[2024-09-08T07:40:57.357+0000] {logging_mixin.py:120} INFO - [2024-09-08T07:40:57.357+0000] {dag.py:2585} INFO - Sync 1 DAGs
[2024-09-08T07:40:57.445+0000] {logging_mixin.py:120} INFO - [2024-09-08T07:40:57.444+0000] {dag.py:3340} INFO - Setting next_dagrun for consumer to None, run_after=None
[2024-09-08T07:40:57.529+0000] {processor.py:176} INFO - Processing /opt/airflow/dags/consumer.py took 0.325 seconds
[2024-09-08T07:41:27.933+0000] {processor.py:154} INFO - Started process (PID=475) to work on /opt/airflow/dags/consumer.py
[2024-09-08T07:41:27.935+0000] {processor.py:756} INFO - Processing file /opt/airflow/dags/consumer.py for tasks to queue
[2024-09-08T07:41:27.936+0000] {logging_mixin.py:120} INFO - [2024-09-08T07:41:27.935+0000] {dagbag.py:537} INFO - Filling up the DagBag from /opt/airflow/dags/consumer.py
[2024-09-08T07:41:27.954+0000] {processor.py:766} INFO - DAG(s) dict_keys(['consumer']) retrieved from /opt/airflow/dags/consumer.py
[2024-09-08T07:41:27.991+0000] {logging_mixin.py:120} INFO - [2024-09-08T07:41:27.991+0000] {dag.py:2585} INFO - Sync 1 DAGs
[2024-09-08T07:41:28.011+0000] {logging_mixin.py:120} INFO - [2024-09-08T07:41:28.011+0000] {dag.py:3340} INFO - Setting next_dagrun for consumer to None, run_after=None
[2024-09-08T07:41:28.029+0000] {processor.py:176} INFO - Processing /opt/airflow/dags/consumer.py took 0.101 seconds
[2024-09-08T07:41:58.432+0000] {processor.py:154} INFO - Started process (PID=506) to work on /opt/airflow/dags/consumer.py
[2024-09-08T07:41:58.434+0000] {processor.py:756} INFO - Processing file /opt/airflow/dags/consumer.py for tasks to queue
[2024-09-08T07:41:58.436+0000] {logging_mixin.py:120} INFO - [2024-09-08T07:41:58.436+0000] {dagbag.py:537} INFO - Filling up the DagBag from /opt/airflow/dags/consumer.py
[2024-09-08T07:41:58.460+0000] {processor.py:766} INFO - DAG(s) dict_keys(['consumer']) retrieved from /opt/airflow/dags/consumer.py
[2024-09-08T07:41:58.504+0000] {logging_mixin.py:120} INFO - [2024-09-08T07:41:58.504+0000] {dag.py:2585} INFO - Sync 1 DAGs
[2024-09-08T07:41:58.524+0000] {logging_mixin.py:120} INFO - [2024-09-08T07:41:58.524+0000] {dag.py:3340} INFO - Setting next_dagrun for consumer to None, run_after=None
[2024-09-08T07:41:58.542+0000] {processor.py:176} INFO - Processing /opt/airflow/dags/consumer.py took 0.116 seconds
[2024-09-08T07:42:28.789+0000] {processor.py:154} INFO - Started process (PID=539) to work on /opt/airflow/dags/consumer.py
[2024-09-08T07:42:28.791+0000] {processor.py:756} INFO - Processing file /opt/airflow/dags/consumer.py for tasks to queue
[2024-09-08T07:42:28.793+0000] {logging_mixin.py:120} INFO - [2024-09-08T07:42:28.793+0000] {dagbag.py:537} INFO - Filling up the DagBag from /opt/airflow/dags/consumer.py
[2024-09-08T07:42:28.824+0000] {processor.py:766} INFO - DAG(s) dict_keys(['consumer']) retrieved from /opt/airflow/dags/consumer.py
[2024-09-08T07:42:28.880+0000] {logging_mixin.py:120} INFO - [2024-09-08T07:42:28.879+0000] {dag.py:2585} INFO - Sync 1 DAGs
[2024-09-08T07:42:28.936+0000] {logging_mixin.py:120} INFO - [2024-09-08T07:42:28.936+0000] {dag.py:3340} INFO - Setting next_dagrun for consumer to None, run_after=None
[2024-09-08T07:42:28.999+0000] {processor.py:176} INFO - Processing /opt/airflow/dags/consumer.py took 0.215 seconds
[2024-09-08T07:42:59.373+0000] {processor.py:154} INFO - Started process (PID=562) to work on /opt/airflow/dags/consumer.py
[2024-09-08T07:42:59.375+0000] {processor.py:756} INFO - Processing file /opt/airflow/dags/consumer.py for tasks to queue
[2024-09-08T07:42:59.376+0000] {logging_mixin.py:120} INFO - [2024-09-08T07:42:59.376+0000] {dagbag.py:537} INFO - Filling up the DagBag from /opt/airflow/dags/consumer.py
[2024-09-08T07:42:59.397+0000] {processor.py:766} INFO - DAG(s) dict_keys(['consumer']) retrieved from /opt/airflow/dags/consumer.py
[2024-09-08T07:42:59.433+0000] {logging_mixin.py:120} INFO - [2024-09-08T07:42:59.433+0000] {dag.py:2585} INFO - Sync 1 DAGs
[2024-09-08T07:42:59.455+0000] {logging_mixin.py:120} INFO - [2024-09-08T07:42:59.455+0000] {dag.py:3340} INFO - Setting next_dagrun for consumer to None, run_after=None
[2024-09-08T07:42:59.475+0000] {processor.py:176} INFO - Processing /opt/airflow/dags/consumer.py took 0.106 seconds
[2024-09-08T07:43:29.871+0000] {processor.py:154} INFO - Started process (PID=595) to work on /opt/airflow/dags/consumer.py
[2024-09-08T07:43:29.872+0000] {processor.py:756} INFO - Processing file /opt/airflow/dags/consumer.py for tasks to queue
[2024-09-08T07:43:29.873+0000] {logging_mixin.py:120} INFO - [2024-09-08T07:43:29.873+0000] {dagbag.py:537} INFO - Filling up the DagBag from /opt/airflow/dags/consumer.py
[2024-09-08T07:43:29.893+0000] {processor.py:766} INFO - DAG(s) dict_keys(['consumer']) retrieved from /opt/airflow/dags/consumer.py
[2024-09-08T07:43:29.929+0000] {logging_mixin.py:120} INFO - [2024-09-08T07:43:29.929+0000] {dag.py:2585} INFO - Sync 1 DAGs
[2024-09-08T07:43:29.949+0000] {logging_mixin.py:120} INFO - [2024-09-08T07:43:29.949+0000] {dag.py:3340} INFO - Setting next_dagrun for consumer to None, run_after=None
[2024-09-08T07:43:29.970+0000] {processor.py:176} INFO - Processing /opt/airflow/dags/consumer.py took 0.103 seconds
[2024-09-08T07:44:00.402+0000] {processor.py:154} INFO - Started process (PID=627) to work on /opt/airflow/dags/consumer.py
[2024-09-08T07:44:00.404+0000] {processor.py:756} INFO - Processing file /opt/airflow/dags/consumer.py for tasks to queue
[2024-09-08T07:44:00.405+0000] {logging_mixin.py:120} INFO - [2024-09-08T07:44:00.405+0000] {dagbag.py:537} INFO - Filling up the DagBag from /opt/airflow/dags/consumer.py
[2024-09-08T07:44:00.428+0000] {processor.py:766} INFO - DAG(s) dict_keys(['consumer']) retrieved from /opt/airflow/dags/consumer.py
[2024-09-08T07:44:00.465+0000] {logging_mixin.py:120} INFO - [2024-09-08T07:44:00.465+0000] {dag.py:2585} INFO - Sync 1 DAGs
[2024-09-08T07:44:00.486+0000] {logging_mixin.py:120} INFO - [2024-09-08T07:44:00.486+0000] {dag.py:3340} INFO - Setting next_dagrun for consumer to None, run_after=None
[2024-09-08T07:44:00.510+0000] {processor.py:176} INFO - Processing /opt/airflow/dags/consumer.py took 0.111 seconds
[2024-09-08T07:44:30.923+0000] {processor.py:154} INFO - Started process (PID=659) to work on /opt/airflow/dags/consumer.py
[2024-09-08T07:44:30.925+0000] {processor.py:756} INFO - Processing file /opt/airflow/dags/consumer.py for tasks to queue
[2024-09-08T07:44:30.927+0000] {logging_mixin.py:120} INFO - [2024-09-08T07:44:30.926+0000] {dagbag.py:537} INFO - Filling up the DagBag from /opt/airflow/dags/consumer.py
[2024-09-08T07:44:30.948+0000] {processor.py:766} INFO - DAG(s) dict_keys(['consumer']) retrieved from /opt/airflow/dags/consumer.py
[2024-09-08T07:44:30.988+0000] {logging_mixin.py:120} INFO - [2024-09-08T07:44:30.988+0000] {dag.py:2585} INFO - Sync 1 DAGs
[2024-09-08T07:44:31.009+0000] {logging_mixin.py:120} INFO - [2024-09-08T07:44:31.009+0000] {dag.py:3340} INFO - Setting next_dagrun for consumer to None, run_after=None
[2024-09-08T07:44:31.032+0000] {processor.py:176} INFO - Processing /opt/airflow/dags/consumer.py took 0.114 seconds
[2024-09-08T07:45:01.450+0000] {processor.py:154} INFO - Started process (PID=682) to work on /opt/airflow/dags/consumer.py
[2024-09-08T07:45:01.452+0000] {processor.py:756} INFO - Processing file /opt/airflow/dags/consumer.py for tasks to queue
[2024-09-08T07:45:01.454+0000] {logging_mixin.py:120} INFO - [2024-09-08T07:45:01.454+0000] {dagbag.py:537} INFO - Filling up the DagBag from /opt/airflow/dags/consumer.py
[2024-09-08T07:45:01.474+0000] {processor.py:766} INFO - DAG(s) dict_keys(['consumer']) retrieved from /opt/airflow/dags/consumer.py
[2024-09-08T07:45:01.521+0000] {logging_mixin.py:120} INFO - [2024-09-08T07:45:01.520+0000] {dag.py:2585} INFO - Sync 1 DAGs
[2024-09-08T07:45:01.550+0000] {logging_mixin.py:120} INFO - [2024-09-08T07:45:01.550+0000] {dag.py:3340} INFO - Setting next_dagrun for consumer to None, run_after=None
[2024-09-08T07:45:01.582+0000] {processor.py:176} INFO - Processing /opt/airflow/dags/consumer.py took 0.134 seconds
[2024-09-08T07:45:31.982+0000] {processor.py:154} INFO - Started process (PID=714) to work on /opt/airflow/dags/consumer.py
[2024-09-08T07:45:31.983+0000] {processor.py:756} INFO - Processing file /opt/airflow/dags/consumer.py for tasks to queue
[2024-09-08T07:45:31.985+0000] {logging_mixin.py:120} INFO - [2024-09-08T07:45:31.984+0000] {dagbag.py:537} INFO - Filling up the DagBag from /opt/airflow/dags/consumer.py
[2024-09-08T07:45:32.005+0000] {processor.py:766} INFO - DAG(s) dict_keys(['consumer']) retrieved from /opt/airflow/dags/consumer.py
[2024-09-08T07:45:32.040+0000] {logging_mixin.py:120} INFO - [2024-09-08T07:45:32.040+0000] {dag.py:2585} INFO - Sync 1 DAGs
[2024-09-08T07:45:32.061+0000] {logging_mixin.py:120} INFO - [2024-09-08T07:45:32.061+0000] {dag.py:3340} INFO - Setting next_dagrun for consumer to None, run_after=None
[2024-09-08T07:45:32.081+0000] {processor.py:176} INFO - Processing /opt/airflow/dags/consumer.py took 0.103 seconds
[2024-09-08T07:46:02.370+0000] {processor.py:154} INFO - Started process (PID=746) to work on /opt/airflow/dags/consumer.py
[2024-09-08T07:46:02.372+0000] {processor.py:756} INFO - Processing file /opt/airflow/dags/consumer.py for tasks to queue
[2024-09-08T07:46:02.373+0000] {logging_mixin.py:120} INFO - [2024-09-08T07:46:02.373+0000] {dagbag.py:537} INFO - Filling up the DagBag from /opt/airflow/dags/consumer.py
[2024-09-08T07:46:02.392+0000] {processor.py:766} INFO - DAG(s) dict_keys(['consumer']) retrieved from /opt/airflow/dags/consumer.py
[2024-09-08T07:46:02.429+0000] {logging_mixin.py:120} INFO - [2024-09-08T07:46:02.429+0000] {dag.py:2585} INFO - Sync 1 DAGs
[2024-09-08T07:46:02.449+0000] {logging_mixin.py:120} INFO - [2024-09-08T07:46:02.449+0000] {dag.py:3340} INFO - Setting next_dagrun for consumer to None, run_after=None
[2024-09-08T07:46:02.467+0000] {processor.py:176} INFO - Processing /opt/airflow/dags/consumer.py took 0.100 seconds
[2024-09-08T07:46:32.836+0000] {processor.py:154} INFO - Started process (PID=778) to work on /opt/airflow/dags/consumer.py
[2024-09-08T07:46:32.837+0000] {processor.py:756} INFO - Processing file /opt/airflow/dags/consumer.py for tasks to queue
[2024-09-08T07:46:32.839+0000] {logging_mixin.py:120} INFO - [2024-09-08T07:46:32.838+0000] {dagbag.py:537} INFO - Filling up the DagBag from /opt/airflow/dags/consumer.py
[2024-09-08T07:46:32.861+0000] {processor.py:766} INFO - DAG(s) dict_keys(['consumer']) retrieved from /opt/airflow/dags/consumer.py
[2024-09-08T07:46:32.989+0000] {logging_mixin.py:120} INFO - [2024-09-08T07:46:32.989+0000] {dag.py:2585} INFO - Sync 1 DAGs
[2024-09-08T07:46:33.011+0000] {logging_mixin.py:120} INFO - [2024-09-08T07:46:33.011+0000] {dag.py:3340} INFO - Setting next_dagrun for consumer to None, run_after=None
[2024-09-08T07:46:33.032+0000] {processor.py:176} INFO - Processing /opt/airflow/dags/consumer.py took 0.199 seconds
[2024-09-08T07:47:03.437+0000] {processor.py:154} INFO - Started process (PID=801) to work on /opt/airflow/dags/consumer.py
[2024-09-08T07:47:03.439+0000] {processor.py:756} INFO - Processing file /opt/airflow/dags/consumer.py for tasks to queue
[2024-09-08T07:47:03.440+0000] {logging_mixin.py:120} INFO - [2024-09-08T07:47:03.440+0000] {dagbag.py:537} INFO - Filling up the DagBag from /opt/airflow/dags/consumer.py
[2024-09-08T07:47:03.460+0000] {processor.py:766} INFO - DAG(s) dict_keys(['consumer']) retrieved from /opt/airflow/dags/consumer.py
[2024-09-08T07:47:03.498+0000] {logging_mixin.py:120} INFO - [2024-09-08T07:47:03.498+0000] {dag.py:2585} INFO - Sync 1 DAGs
[2024-09-08T07:47:03.520+0000] {logging_mixin.py:120} INFO - [2024-09-08T07:47:03.520+0000] {dag.py:3340} INFO - Setting next_dagrun for consumer to None, run_after=None
[2024-09-08T07:47:03.538+0000] {processor.py:176} INFO - Processing /opt/airflow/dags/consumer.py took 0.104 seconds
[2024-09-08T07:47:33.913+0000] {processor.py:154} INFO - Started process (PID=833) to work on /opt/airflow/dags/consumer.py
[2024-09-08T07:47:33.915+0000] {processor.py:756} INFO - Processing file /opt/airflow/dags/consumer.py for tasks to queue
[2024-09-08T07:47:33.916+0000] {logging_mixin.py:120} INFO - [2024-09-08T07:47:33.916+0000] {dagbag.py:537} INFO - Filling up the DagBag from /opt/airflow/dags/consumer.py
[2024-09-08T07:47:33.935+0000] {processor.py:766} INFO - DAG(s) dict_keys(['consumer']) retrieved from /opt/airflow/dags/consumer.py
[2024-09-08T07:47:33.969+0000] {logging_mixin.py:120} INFO - [2024-09-08T07:47:33.969+0000] {dag.py:2585} INFO - Sync 1 DAGs
[2024-09-08T07:47:33.989+0000] {logging_mixin.py:120} INFO - [2024-09-08T07:47:33.989+0000] {dag.py:3340} INFO - Setting next_dagrun for consumer to None, run_after=None
[2024-09-08T07:47:34.006+0000] {processor.py:176} INFO - Processing /opt/airflow/dags/consumer.py took 0.096 seconds
[2024-09-08T07:48:04.359+0000] {processor.py:154} INFO - Started process (PID=865) to work on /opt/airflow/dags/consumer.py
[2024-09-08T07:48:04.360+0000] {processor.py:756} INFO - Processing file /opt/airflow/dags/consumer.py for tasks to queue
[2024-09-08T07:48:04.361+0000] {logging_mixin.py:120} INFO - [2024-09-08T07:48:04.361+0000] {dagbag.py:537} INFO - Filling up the DagBag from /opt/airflow/dags/consumer.py
[2024-09-08T07:48:04.380+0000] {processor.py:766} INFO - DAG(s) dict_keys(['consumer']) retrieved from /opt/airflow/dags/consumer.py
[2024-09-08T07:48:04.415+0000] {logging_mixin.py:120} INFO - [2024-09-08T07:48:04.415+0000] {dag.py:2585} INFO - Sync 1 DAGs
[2024-09-08T07:48:04.434+0000] {logging_mixin.py:120} INFO - [2024-09-08T07:48:04.434+0000] {dag.py:3340} INFO - Setting next_dagrun for consumer to None, run_after=None
[2024-09-08T07:48:04.452+0000] {processor.py:176} INFO - Processing /opt/airflow/dags/consumer.py took 0.098 seconds
[2024-09-08T07:48:34.757+0000] {processor.py:154} INFO - Started process (PID=897) to work on /opt/airflow/dags/consumer.py
[2024-09-08T07:48:34.759+0000] {processor.py:756} INFO - Processing file /opt/airflow/dags/consumer.py for tasks to queue
[2024-09-08T07:48:34.762+0000] {logging_mixin.py:120} INFO - [2024-09-08T07:48:34.762+0000] {dagbag.py:537} INFO - Filling up the DagBag from /opt/airflow/dags/consumer.py
[2024-09-08T07:48:34.783+0000] {processor.py:766} INFO - DAG(s) dict_keys(['consumer']) retrieved from /opt/airflow/dags/consumer.py
[2024-09-08T07:48:34.831+0000] {logging_mixin.py:120} INFO - [2024-09-08T07:48:34.831+0000] {dag.py:2585} INFO - Sync 1 DAGs
[2024-09-08T07:48:34.854+0000] {logging_mixin.py:120} INFO - [2024-09-08T07:48:34.854+0000] {dag.py:3340} INFO - Setting next_dagrun for consumer to None, run_after=None
[2024-09-08T07:48:34.879+0000] {processor.py:176} INFO - Processing /opt/airflow/dags/consumer.py took 0.126 seconds
[2024-09-08T07:49:05.302+0000] {processor.py:154} INFO - Started process (PID=920) to work on /opt/airflow/dags/consumer.py
[2024-09-08T07:49:05.304+0000] {processor.py:756} INFO - Processing file /opt/airflow/dags/consumer.py for tasks to queue
[2024-09-08T07:49:05.305+0000] {logging_mixin.py:120} INFO - [2024-09-08T07:49:05.305+0000] {dagbag.py:537} INFO - Filling up the DagBag from /opt/airflow/dags/consumer.py
[2024-09-08T07:49:05.326+0000] {processor.py:766} INFO - DAG(s) dict_keys(['consumer']) retrieved from /opt/airflow/dags/consumer.py
[2024-09-08T07:49:05.366+0000] {logging_mixin.py:120} INFO - [2024-09-08T07:49:05.366+0000] {dag.py:2585} INFO - Sync 1 DAGs
[2024-09-08T07:49:05.386+0000] {logging_mixin.py:120} INFO - [2024-09-08T07:49:05.386+0000] {dag.py:3340} INFO - Setting next_dagrun for consumer to None, run_after=None
[2024-09-08T07:49:05.408+0000] {processor.py:176} INFO - Processing /opt/airflow/dags/consumer.py took 0.109 seconds
[2024-09-08T07:49:35.777+0000] {processor.py:154} INFO - Started process (PID=952) to work on /opt/airflow/dags/consumer.py
[2024-09-08T07:49:35.780+0000] {processor.py:756} INFO - Processing file /opt/airflow/dags/consumer.py for tasks to queue
[2024-09-08T07:49:35.781+0000] {logging_mixin.py:120} INFO - [2024-09-08T07:49:35.781+0000] {dagbag.py:537} INFO - Filling up the DagBag from /opt/airflow/dags/consumer.py
[2024-09-08T07:49:35.802+0000] {processor.py:766} INFO - DAG(s) dict_keys(['consumer']) retrieved from /opt/airflow/dags/consumer.py
[2024-09-08T07:49:35.842+0000] {logging_mixin.py:120} INFO - [2024-09-08T07:49:35.842+0000] {dag.py:2585} INFO - Sync 1 DAGs
[2024-09-08T07:49:35.863+0000] {logging_mixin.py:120} INFO - [2024-09-08T07:49:35.863+0000] {dag.py:3340} INFO - Setting next_dagrun for consumer to None, run_after=None
[2024-09-08T07:49:35.882+0000] {processor.py:176} INFO - Processing /opt/airflow/dags/consumer.py took 0.108 seconds
[2024-09-08T07:50:06.249+0000] {processor.py:154} INFO - Started process (PID=985) to work on /opt/airflow/dags/consumer.py
[2024-09-08T07:50:06.250+0000] {processor.py:756} INFO - Processing file /opt/airflow/dags/consumer.py for tasks to queue
[2024-09-08T07:50:06.251+0000] {logging_mixin.py:120} INFO - [2024-09-08T07:50:06.251+0000] {dagbag.py:537} INFO - Filling up the DagBag from /opt/airflow/dags/consumer.py
[2024-09-08T07:50:06.271+0000] {processor.py:766} INFO - DAG(s) dict_keys(['consumer']) retrieved from /opt/airflow/dags/consumer.py
[2024-09-08T07:50:06.316+0000] {logging_mixin.py:120} INFO - [2024-09-08T07:50:06.315+0000] {dag.py:2585} INFO - Sync 1 DAGs
[2024-09-08T07:50:06.341+0000] {logging_mixin.py:120} INFO - [2024-09-08T07:50:06.341+0000] {dag.py:3340} INFO - Setting next_dagrun for consumer to None, run_after=None
[2024-09-08T07:50:06.374+0000] {processor.py:176} INFO - Processing /opt/airflow/dags/consumer.py took 0.128 seconds
[2024-09-08T07:50:36.739+0000] {processor.py:154} INFO - Started process (PID=1016) to work on /opt/airflow/dags/consumer.py
[2024-09-08T07:50:36.741+0000] {processor.py:756} INFO - Processing file /opt/airflow/dags/consumer.py for tasks to queue
[2024-09-08T07:50:36.743+0000] {logging_mixin.py:120} INFO - [2024-09-08T07:50:36.743+0000] {dagbag.py:537} INFO - Filling up the DagBag from /opt/airflow/dags/consumer.py
[2024-09-08T07:50:36.763+0000] {processor.py:766} INFO - DAG(s) dict_keys(['consumer']) retrieved from /opt/airflow/dags/consumer.py
[2024-09-08T07:50:36.805+0000] {logging_mixin.py:120} INFO - [2024-09-08T07:50:36.805+0000] {dag.py:2585} INFO - Sync 1 DAGs
[2024-09-08T07:50:36.829+0000] {logging_mixin.py:120} INFO - [2024-09-08T07:50:36.829+0000] {dag.py:3340} INFO - Setting next_dagrun for consumer to None, run_after=None
[2024-09-08T07:50:36.850+0000] {processor.py:176} INFO - Processing /opt/airflow/dags/consumer.py took 0.114 seconds
[2024-09-08T07:51:07.074+0000] {processor.py:154} INFO - Started process (PID=1038) to work on /opt/airflow/dags/consumer.py
[2024-09-08T07:51:07.076+0000] {processor.py:756} INFO - Processing file /opt/airflow/dags/consumer.py for tasks to queue
[2024-09-08T07:51:07.077+0000] {logging_mixin.py:120} INFO - [2024-09-08T07:51:07.077+0000] {dagbag.py:537} INFO - Filling up the DagBag from /opt/airflow/dags/consumer.py
[2024-09-08T07:51:07.097+0000] {processor.py:766} INFO - DAG(s) dict_keys(['consumer']) retrieved from /opt/airflow/dags/consumer.py
[2024-09-08T07:51:07.137+0000] {logging_mixin.py:120} INFO - [2024-09-08T07:51:07.137+0000] {dag.py:2585} INFO - Sync 1 DAGs
[2024-09-08T07:51:07.157+0000] {logging_mixin.py:120} INFO - [2024-09-08T07:51:07.157+0000] {dag.py:3340} INFO - Setting next_dagrun for consumer to None, run_after=None
[2024-09-08T07:51:07.180+0000] {processor.py:176} INFO - Processing /opt/airflow/dags/consumer.py took 0.109 seconds
[2024-09-08T07:51:37.543+0000] {processor.py:154} INFO - Started process (PID=1069) to work on /opt/airflow/dags/consumer.py
[2024-09-08T07:51:37.545+0000] {processor.py:756} INFO - Processing file /opt/airflow/dags/consumer.py for tasks to queue
[2024-09-08T07:51:37.546+0000] {logging_mixin.py:120} INFO - [2024-09-08T07:51:37.546+0000] {dagbag.py:537} INFO - Filling up the DagBag from /opt/airflow/dags/consumer.py
[2024-09-08T07:51:37.567+0000] {processor.py:766} INFO - DAG(s) dict_keys(['consumer']) retrieved from /opt/airflow/dags/consumer.py
[2024-09-08T07:51:37.606+0000] {logging_mixin.py:120} INFO - [2024-09-08T07:51:37.605+0000] {dag.py:2585} INFO - Sync 1 DAGs
[2024-09-08T07:51:37.626+0000] {logging_mixin.py:120} INFO - [2024-09-08T07:51:37.626+0000] {dag.py:3340} INFO - Setting next_dagrun for consumer to None, run_after=None
[2024-09-08T07:51:37.645+0000] {processor.py:176} INFO - Processing /opt/airflow/dags/consumer.py took 0.107 seconds
[2024-09-08T07:52:08.029+0000] {processor.py:154} INFO - Started process (PID=1101) to work on /opt/airflow/dags/consumer.py
[2024-09-08T07:52:08.031+0000] {processor.py:756} INFO - Processing file /opt/airflow/dags/consumer.py for tasks to queue
[2024-09-08T07:52:08.032+0000] {logging_mixin.py:120} INFO - [2024-09-08T07:52:08.032+0000] {dagbag.py:537} INFO - Filling up the DagBag from /opt/airflow/dags/consumer.py
[2024-09-08T07:52:08.060+0000] {processor.py:766} INFO - DAG(s) dict_keys(['consumer']) retrieved from /opt/airflow/dags/consumer.py
[2024-09-08T07:52:08.100+0000] {logging_mixin.py:120} INFO - [2024-09-08T07:52:08.100+0000] {dag.py:2585} INFO - Sync 1 DAGs
[2024-09-08T07:52:08.123+0000] {logging_mixin.py:120} INFO - [2024-09-08T07:52:08.122+0000] {dag.py:3340} INFO - Setting next_dagrun for consumer to None, run_after=None
[2024-09-08T07:52:08.140+0000] {processor.py:176} INFO - Processing /opt/airflow/dags/consumer.py took 0.116 seconds
[2024-09-08T07:52:38.397+0000] {processor.py:154} INFO - Started process (PID=1133) to work on /opt/airflow/dags/consumer.py
[2024-09-08T07:52:38.398+0000] {processor.py:756} INFO - Processing file /opt/airflow/dags/consumer.py for tasks to queue
[2024-09-08T07:52:38.400+0000] {logging_mixin.py:120} INFO - [2024-09-08T07:52:38.399+0000] {dagbag.py:537} INFO - Filling up the DagBag from /opt/airflow/dags/consumer.py
[2024-09-08T07:52:38.421+0000] {processor.py:766} INFO - DAG(s) dict_keys(['consumer']) retrieved from /opt/airflow/dags/consumer.py
[2024-09-08T07:52:38.459+0000] {logging_mixin.py:120} INFO - [2024-09-08T07:52:38.459+0000] {dag.py:2585} INFO - Sync 1 DAGs
[2024-09-08T07:52:38.480+0000] {logging_mixin.py:120} INFO - [2024-09-08T07:52:38.480+0000] {dag.py:3340} INFO - Setting next_dagrun for consumer to None, run_after=None
[2024-09-08T07:52:38.502+0000] {processor.py:176} INFO - Processing /opt/airflow/dags/consumer.py took 0.109 seconds
[2024-09-08T07:53:08.896+0000] {processor.py:154} INFO - Started process (PID=1163) to work on /opt/airflow/dags/consumer.py
[2024-09-08T07:53:08.898+0000] {processor.py:756} INFO - Processing file /opt/airflow/dags/consumer.py for tasks to queue
[2024-09-08T07:53:08.901+0000] {logging_mixin.py:120} INFO - [2024-09-08T07:53:08.901+0000] {dagbag.py:537} INFO - Filling up the DagBag from /opt/airflow/dags/consumer.py
[2024-09-08T07:53:08.943+0000] {processor.py:766} INFO - DAG(s) dict_keys(['consumer']) retrieved from /opt/airflow/dags/consumer.py
[2024-09-08T07:53:08.996+0000] {logging_mixin.py:120} INFO - [2024-09-08T07:53:08.996+0000] {dag.py:2585} INFO - Sync 1 DAGs
[2024-09-08T07:53:09.027+0000] {logging_mixin.py:120} INFO - [2024-09-08T07:53:09.027+0000] {dag.py:3340} INFO - Setting next_dagrun for consumer to None, run_after=None
[2024-09-08T07:53:09.048+0000] {processor.py:176} INFO - Processing /opt/airflow/dags/consumer.py took 0.156 seconds
[2024-09-08T07:53:39.442+0000] {processor.py:154} INFO - Started process (PID=1189) to work on /opt/airflow/dags/consumer.py
[2024-09-08T07:53:39.443+0000] {processor.py:756} INFO - Processing file /opt/airflow/dags/consumer.py for tasks to queue
[2024-09-08T07:53:39.445+0000] {logging_mixin.py:120} INFO - [2024-09-08T07:53:39.444+0000] {dagbag.py:537} INFO - Filling up the DagBag from /opt/airflow/dags/consumer.py
[2024-09-08T07:53:39.465+0000] {processor.py:766} INFO - DAG(s) dict_keys(['consumer']) retrieved from /opt/airflow/dags/consumer.py
[2024-09-08T07:53:39.503+0000] {logging_mixin.py:120} INFO - [2024-09-08T07:53:39.503+0000] {dag.py:2585} INFO - Sync 1 DAGs
[2024-09-08T07:53:39.524+0000] {logging_mixin.py:120} INFO - [2024-09-08T07:53:39.524+0000] {dag.py:3340} INFO - Setting next_dagrun for consumer to None, run_after=None
[2024-09-08T07:53:39.542+0000] {processor.py:176} INFO - Processing /opt/airflow/dags/consumer.py took 0.102 seconds
[2024-09-08T07:54:09.969+0000] {processor.py:154} INFO - Started process (PID=1222) to work on /opt/airflow/dags/consumer.py
[2024-09-08T07:54:09.970+0000] {processor.py:756} INFO - Processing file /opt/airflow/dags/consumer.py for tasks to queue
[2024-09-08T07:54:09.972+0000] {logging_mixin.py:120} INFO - [2024-09-08T07:54:09.971+0000] {dagbag.py:537} INFO - Filling up the DagBag from /opt/airflow/dags/consumer.py
[2024-09-08T07:54:09.996+0000] {processor.py:766} INFO - DAG(s) dict_keys(['consumer']) retrieved from /opt/airflow/dags/consumer.py
[2024-09-08T07:54:10.041+0000] {logging_mixin.py:120} INFO - [2024-09-08T07:54:10.041+0000] {dag.py:2585} INFO - Sync 1 DAGs
[2024-09-08T07:54:10.063+0000] {logging_mixin.py:120} INFO - [2024-09-08T07:54:10.063+0000] {dag.py:3340} INFO - Setting next_dagrun for consumer to None, run_after=None
[2024-09-08T07:54:10.081+0000] {processor.py:176} INFO - Processing /opt/airflow/dags/consumer.py took 0.116 seconds
[2024-09-08T07:54:40.447+0000] {processor.py:154} INFO - Started process (PID=1255) to work on /opt/airflow/dags/consumer.py
[2024-09-08T07:54:40.449+0000] {processor.py:756} INFO - Processing file /opt/airflow/dags/consumer.py for tasks to queue
[2024-09-08T07:54:40.449+0000] {logging_mixin.py:120} INFO - [2024-09-08T07:54:40.449+0000] {dagbag.py:537} INFO - Filling up the DagBag from /opt/airflow/dags/consumer.py
[2024-09-08T07:54:40.469+0000] {processor.py:766} INFO - DAG(s) dict_keys(['consumer']) retrieved from /opt/airflow/dags/consumer.py
[2024-09-08T07:54:40.506+0000] {logging_mixin.py:120} INFO - [2024-09-08T07:54:40.506+0000] {dag.py:2585} INFO - Sync 1 DAGs
[2024-09-08T07:54:40.526+0000] {logging_mixin.py:120} INFO - [2024-09-08T07:54:40.526+0000] {dag.py:3340} INFO - Setting next_dagrun for consumer to None, run_after=None
[2024-09-08T07:54:40.545+0000] {processor.py:176} INFO - Processing /opt/airflow/dags/consumer.py took 0.102 seconds
[2024-09-08T07:55:10.894+0000] {processor.py:154} INFO - Started process (PID=1287) to work on /opt/airflow/dags/consumer.py
[2024-09-08T07:55:10.896+0000] {processor.py:756} INFO - Processing file /opt/airflow/dags/consumer.py for tasks to queue
[2024-09-08T07:55:10.897+0000] {logging_mixin.py:120} INFO - [2024-09-08T07:55:10.897+0000] {dagbag.py:537} INFO - Filling up the DagBag from /opt/airflow/dags/consumer.py
[2024-09-08T07:55:10.925+0000] {processor.py:766} INFO - DAG(s) dict_keys(['consumer']) retrieved from /opt/airflow/dags/consumer.py
[2024-09-08T07:55:10.979+0000] {logging_mixin.py:120} INFO - [2024-09-08T07:55:10.979+0000] {dag.py:2585} INFO - Sync 1 DAGs
[2024-09-08T07:55:11.009+0000] {logging_mixin.py:120} INFO - [2024-09-08T07:55:11.009+0000] {dag.py:3340} INFO - Setting next_dagrun for consumer to None, run_after=None
[2024-09-08T07:55:11.034+0000] {processor.py:176} INFO - Processing /opt/airflow/dags/consumer.py took 0.146 seconds
[2024-09-08T08:22:30.940+0000] {processor.py:154} INFO - Started process (PID=1310) to work on /opt/airflow/dags/consumer.py
[2024-09-08T08:22:30.944+0000] {processor.py:756} INFO - Processing file /opt/airflow/dags/consumer.py for tasks to queue
[2024-09-08T08:22:30.946+0000] {logging_mixin.py:120} INFO - [2024-09-08T08:22:30.946+0000] {dagbag.py:537} INFO - Filling up the DagBag from /opt/airflow/dags/consumer.py
[2024-09-08T08:22:31.013+0000] {processor.py:766} INFO - DAG(s) dict_keys(['consumer']) retrieved from /opt/airflow/dags/consumer.py
[2024-09-08T08:22:31.127+0000] {logging_mixin.py:120} INFO - [2024-09-08T08:22:31.127+0000] {dag.py:2585} INFO - Sync 1 DAGs
[2024-09-08T08:22:31.400+0000] {logging_mixin.py:120} INFO - [2024-09-08T08:22:31.399+0000] {dag.py:3340} INFO - Setting next_dagrun for consumer to None, run_after=None
[2024-09-08T08:22:31.581+0000] {processor.py:176} INFO - Processing /opt/airflow/dags/consumer.py took 0.652 seconds
[2024-09-08T08:39:01.665+0000] {processor.py:154} INFO - Started process (PID=1333) to work on /opt/airflow/dags/consumer.py
[2024-09-08T08:39:01.675+0000] {processor.py:756} INFO - Processing file /opt/airflow/dags/consumer.py for tasks to queue
[2024-09-08T08:39:01.691+0000] {logging_mixin.py:120} INFO - [2024-09-08T08:39:01.690+0000] {dagbag.py:537} INFO - Filling up the DagBag from /opt/airflow/dags/consumer.py
[2024-09-08T08:39:01.769+0000] {processor.py:766} INFO - DAG(s) dict_keys(['consumer']) retrieved from /opt/airflow/dags/consumer.py
[2024-09-08T08:39:01.870+0000] {logging_mixin.py:120} INFO - [2024-09-08T08:39:01.869+0000] {dag.py:2585} INFO - Sync 1 DAGs
[2024-09-08T08:39:01.908+0000] {logging_mixin.py:120} INFO - [2024-09-08T08:39:01.908+0000] {dag.py:3340} INFO - Setting next_dagrun for consumer to None, run_after=None
[2024-09-08T08:39:01.935+0000] {processor.py:176} INFO - Processing /opt/airflow/dags/consumer.py took 0.276 seconds
[2024-09-08T08:39:32.296+0000] {processor.py:154} INFO - Started process (PID=1364) to work on /opt/airflow/dags/consumer.py
[2024-09-08T08:39:32.298+0000] {processor.py:756} INFO - Processing file /opt/airflow/dags/consumer.py for tasks to queue
[2024-09-08T08:39:32.299+0000] {logging_mixin.py:120} INFO - [2024-09-08T08:39:32.299+0000] {dagbag.py:537} INFO - Filling up the DagBag from /opt/airflow/dags/consumer.py
[2024-09-08T08:39:32.317+0000] {processor.py:766} INFO - DAG(s) dict_keys(['consumer']) retrieved from /opt/airflow/dags/consumer.py
[2024-09-08T08:39:32.352+0000] {logging_mixin.py:120} INFO - [2024-09-08T08:39:32.352+0000] {dag.py:2585} INFO - Sync 1 DAGs
[2024-09-08T08:39:32.373+0000] {logging_mixin.py:120} INFO - [2024-09-08T08:39:32.372+0000] {dag.py:3340} INFO - Setting next_dagrun for consumer to None, run_after=None
[2024-09-08T08:39:32.391+0000] {processor.py:176} INFO - Processing /opt/airflow/dags/consumer.py took 0.098 seconds
[2024-09-08T08:40:02.718+0000] {processor.py:154} INFO - Started process (PID=1396) to work on /opt/airflow/dags/consumer.py
[2024-09-08T08:40:02.720+0000] {processor.py:756} INFO - Processing file /opt/airflow/dags/consumer.py for tasks to queue
[2024-09-08T08:40:02.721+0000] {logging_mixin.py:120} INFO - [2024-09-08T08:40:02.721+0000] {dagbag.py:537} INFO - Filling up the DagBag from /opt/airflow/dags/consumer.py
[2024-09-08T08:40:02.740+0000] {processor.py:766} INFO - DAG(s) dict_keys(['consumer']) retrieved from /opt/airflow/dags/consumer.py
[2024-09-08T08:40:02.776+0000] {logging_mixin.py:120} INFO - [2024-09-08T08:40:02.776+0000] {dag.py:2585} INFO - Sync 1 DAGs
[2024-09-08T08:40:02.796+0000] {logging_mixin.py:120} INFO - [2024-09-08T08:40:02.796+0000] {dag.py:3340} INFO - Setting next_dagrun for consumer to None, run_after=None
[2024-09-08T08:40:02.816+0000] {processor.py:176} INFO - Processing /opt/airflow/dags/consumer.py took 0.103 seconds
[2024-09-08T08:40:33.223+0000] {processor.py:154} INFO - Started process (PID=1429) to work on /opt/airflow/dags/consumer.py
[2024-09-08T08:40:33.224+0000] {processor.py:756} INFO - Processing file /opt/airflow/dags/consumer.py for tasks to queue
[2024-09-08T08:40:33.226+0000] {logging_mixin.py:120} INFO - [2024-09-08T08:40:33.225+0000] {dagbag.py:537} INFO - Filling up the DagBag from /opt/airflow/dags/consumer.py
[2024-09-08T08:40:33.248+0000] {processor.py:766} INFO - DAG(s) dict_keys(['consumer']) retrieved from /opt/airflow/dags/consumer.py
[2024-09-08T08:40:33.288+0000] {logging_mixin.py:120} INFO - [2024-09-08T08:40:33.288+0000] {dag.py:2585} INFO - Sync 1 DAGs
[2024-09-08T08:40:33.307+0000] {logging_mixin.py:120} INFO - [2024-09-08T08:40:33.307+0000] {dag.py:3340} INFO - Setting next_dagrun for consumer to None, run_after=None
[2024-09-08T08:40:33.324+0000] {processor.py:176} INFO - Processing /opt/airflow/dags/consumer.py took 0.105 seconds
[2024-09-08T08:41:03.762+0000] {processor.py:154} INFO - Started process (PID=1452) to work on /opt/airflow/dags/consumer.py
[2024-09-08T08:41:03.763+0000] {processor.py:756} INFO - Processing file /opt/airflow/dags/consumer.py for tasks to queue
[2024-09-08T08:41:03.764+0000] {logging_mixin.py:120} INFO - [2024-09-08T08:41:03.764+0000] {dagbag.py:537} INFO - Filling up the DagBag from /opt/airflow/dags/consumer.py
[2024-09-08T08:41:03.784+0000] {processor.py:766} INFO - DAG(s) dict_keys(['consumer']) retrieved from /opt/airflow/dags/consumer.py
[2024-09-08T08:41:03.826+0000] {logging_mixin.py:120} INFO - [2024-09-08T08:41:03.826+0000] {dag.py:2585} INFO - Sync 1 DAGs
[2024-09-08T08:41:03.849+0000] {logging_mixin.py:120} INFO - [2024-09-08T08:41:03.849+0000] {dag.py:3340} INFO - Setting next_dagrun for consumer to None, run_after=None
[2024-09-08T08:41:03.869+0000] {processor.py:176} INFO - Processing /opt/airflow/dags/consumer.py took 0.110 seconds
[2024-09-08T08:41:34.294+0000] {processor.py:154} INFO - Started process (PID=1483) to work on /opt/airflow/dags/consumer.py
[2024-09-08T08:41:34.296+0000] {processor.py:756} INFO - Processing file /opt/airflow/dags/consumer.py for tasks to queue
[2024-09-08T08:41:34.296+0000] {logging_mixin.py:120} INFO - [2024-09-08T08:41:34.296+0000] {dagbag.py:537} INFO - Filling up the DagBag from /opt/airflow/dags/consumer.py
[2024-09-08T08:41:34.315+0000] {processor.py:766} INFO - DAG(s) dict_keys(['consumer']) retrieved from /opt/airflow/dags/consumer.py
[2024-09-08T08:41:34.352+0000] {logging_mixin.py:120} INFO - [2024-09-08T08:41:34.352+0000] {dag.py:2585} INFO - Sync 1 DAGs
[2024-09-08T08:41:34.374+0000] {logging_mixin.py:120} INFO - [2024-09-08T08:41:34.373+0000] {dag.py:3340} INFO - Setting next_dagrun for consumer to None, run_after=None
[2024-09-08T08:41:34.394+0000] {processor.py:176} INFO - Processing /opt/airflow/dags/consumer.py took 0.103 seconds
[2024-09-08T08:42:04.764+0000] {processor.py:154} INFO - Started process (PID=1515) to work on /opt/airflow/dags/consumer.py
[2024-09-08T08:42:04.767+0000] {processor.py:756} INFO - Processing file /opt/airflow/dags/consumer.py for tasks to queue
[2024-09-08T08:42:04.768+0000] {logging_mixin.py:120} INFO - [2024-09-08T08:42:04.768+0000] {dagbag.py:537} INFO - Filling up the DagBag from /opt/airflow/dags/consumer.py
[2024-09-08T08:42:04.790+0000] {processor.py:766} INFO - DAG(s) dict_keys(['consumer']) retrieved from /opt/airflow/dags/consumer.py
[2024-09-08T08:42:04.826+0000] {logging_mixin.py:120} INFO - [2024-09-08T08:42:04.825+0000] {dag.py:2585} INFO - Sync 1 DAGs
[2024-09-08T08:42:04.845+0000] {logging_mixin.py:120} INFO - [2024-09-08T08:42:04.845+0000] {dag.py:3340} INFO - Setting next_dagrun for consumer to None, run_after=None
[2024-09-08T08:42:04.863+0000] {processor.py:176} INFO - Processing /opt/airflow/dags/consumer.py took 0.102 seconds
[2024-09-08T08:42:35.256+0000] {processor.py:154} INFO - Started process (PID=1547) to work on /opt/airflow/dags/consumer.py
[2024-09-08T08:42:35.259+0000] {processor.py:756} INFO - Processing file /opt/airflow/dags/consumer.py for tasks to queue
[2024-09-08T08:42:35.260+0000] {logging_mixin.py:120} INFO - [2024-09-08T08:42:35.260+0000] {dagbag.py:537} INFO - Filling up the DagBag from /opt/airflow/dags/consumer.py
[2024-09-08T08:42:35.298+0000] {processor.py:766} INFO - DAG(s) dict_keys(['consumer']) retrieved from /opt/airflow/dags/consumer.py
[2024-09-08T08:42:35.351+0000] {logging_mixin.py:120} INFO - [2024-09-08T08:42:35.351+0000] {dag.py:2585} INFO - Sync 1 DAGs
[2024-09-08T08:42:35.380+0000] {logging_mixin.py:120} INFO - [2024-09-08T08:42:35.380+0000] {dag.py:3340} INFO - Setting next_dagrun for consumer to None, run_after=None
[2024-09-08T08:42:35.400+0000] {processor.py:176} INFO - Processing /opt/airflow/dags/consumer.py took 0.148 seconds
[2024-09-08T08:43:05.945+0000] {processor.py:154} INFO - Started process (PID=1570) to work on /opt/airflow/dags/consumer.py
[2024-09-08T08:43:05.947+0000] {processor.py:756} INFO - Processing file /opt/airflow/dags/consumer.py for tasks to queue
[2024-09-08T08:43:05.948+0000] {logging_mixin.py:120} INFO - [2024-09-08T08:43:05.948+0000] {dagbag.py:537} INFO - Filling up the DagBag from /opt/airflow/dags/consumer.py
[2024-09-08T08:43:05.969+0000] {processor.py:766} INFO - DAG(s) dict_keys(['consumer']) retrieved from /opt/airflow/dags/consumer.py
[2024-09-08T08:43:06.008+0000] {logging_mixin.py:120} INFO - [2024-09-08T08:43:06.008+0000] {dag.py:2585} INFO - Sync 1 DAGs
[2024-09-08T08:43:06.031+0000] {logging_mixin.py:120} INFO - [2024-09-08T08:43:06.031+0000] {dag.py:3340} INFO - Setting next_dagrun for consumer to None, run_after=None
[2024-09-08T08:43:06.056+0000] {processor.py:176} INFO - Processing /opt/airflow/dags/consumer.py took 0.116 seconds
[2024-09-08T08:43:36.430+0000] {processor.py:154} INFO - Started process (PID=1602) to work on /opt/airflow/dags/consumer.py
[2024-09-08T08:43:36.432+0000] {processor.py:756} INFO - Processing file /opt/airflow/dags/consumer.py for tasks to queue
[2024-09-08T08:43:36.434+0000] {logging_mixin.py:120} INFO - [2024-09-08T08:43:36.434+0000] {dagbag.py:537} INFO - Filling up the DagBag from /opt/airflow/dags/consumer.py
[2024-09-08T08:43:36.457+0000] {processor.py:766} INFO - DAG(s) dict_keys(['consumer']) retrieved from /opt/airflow/dags/consumer.py
[2024-09-08T08:43:36.496+0000] {logging_mixin.py:120} INFO - [2024-09-08T08:43:36.496+0000] {dag.py:2585} INFO - Sync 1 DAGs
[2024-09-08T08:43:36.517+0000] {logging_mixin.py:120} INFO - [2024-09-08T08:43:36.517+0000] {dag.py:3340} INFO - Setting next_dagrun for consumer to None, run_after=None
[2024-09-08T08:43:36.540+0000] {processor.py:176} INFO - Processing /opt/airflow/dags/consumer.py took 0.116 seconds
[2024-09-08T08:44:06.950+0000] {processor.py:154} INFO - Started process (PID=1634) to work on /opt/airflow/dags/consumer.py
[2024-09-08T08:44:06.953+0000] {processor.py:756} INFO - Processing file /opt/airflow/dags/consumer.py for tasks to queue
[2024-09-08T08:44:06.954+0000] {logging_mixin.py:120} INFO - [2024-09-08T08:44:06.954+0000] {dagbag.py:537} INFO - Filling up the DagBag from /opt/airflow/dags/consumer.py
[2024-09-08T08:44:06.976+0000] {processor.py:766} INFO - DAG(s) dict_keys(['consumer']) retrieved from /opt/airflow/dags/consumer.py
[2024-09-08T08:44:07.011+0000] {logging_mixin.py:120} INFO - [2024-09-08T08:44:07.011+0000] {dag.py:2585} INFO - Sync 1 DAGs
[2024-09-08T08:44:07.031+0000] {logging_mixin.py:120} INFO - [2024-09-08T08:44:07.031+0000] {dag.py:3340} INFO - Setting next_dagrun for consumer to None, run_after=None
[2024-09-08T08:44:07.049+0000] {processor.py:176} INFO - Processing /opt/airflow/dags/consumer.py took 0.103 seconds
[2024-09-08T08:44:37.408+0000] {processor.py:154} INFO - Started process (PID=1666) to work on /opt/airflow/dags/consumer.py
[2024-09-08T08:44:37.410+0000] {processor.py:756} INFO - Processing file /opt/airflow/dags/consumer.py for tasks to queue
[2024-09-08T08:44:37.411+0000] {logging_mixin.py:120} INFO - [2024-09-08T08:44:37.411+0000] {dagbag.py:537} INFO - Filling up the DagBag from /opt/airflow/dags/consumer.py
[2024-09-08T08:44:37.431+0000] {processor.py:766} INFO - DAG(s) dict_keys(['consumer']) retrieved from /opt/airflow/dags/consumer.py
[2024-09-08T08:44:37.466+0000] {logging_mixin.py:120} INFO - [2024-09-08T08:44:37.466+0000] {dag.py:2585} INFO - Sync 1 DAGs
[2024-09-08T08:44:37.487+0000] {logging_mixin.py:120} INFO - [2024-09-08T08:44:37.487+0000] {dag.py:3340} INFO - Setting next_dagrun for consumer to None, run_after=None
[2024-09-08T08:44:37.505+0000] {processor.py:176} INFO - Processing /opt/airflow/dags/consumer.py took 0.100 seconds
[2024-09-08T08:45:07.903+0000] {processor.py:154} INFO - Started process (PID=1689) to work on /opt/airflow/dags/consumer.py
[2024-09-08T08:45:07.905+0000] {processor.py:756} INFO - Processing file /opt/airflow/dags/consumer.py for tasks to queue
[2024-09-08T08:45:07.906+0000] {logging_mixin.py:120} INFO - [2024-09-08T08:45:07.906+0000] {dagbag.py:537} INFO - Filling up the DagBag from /opt/airflow/dags/consumer.py
[2024-09-08T08:45:07.932+0000] {processor.py:766} INFO - DAG(s) dict_keys(['consumer']) retrieved from /opt/airflow/dags/consumer.py
[2024-09-08T08:45:07.974+0000] {logging_mixin.py:120} INFO - [2024-09-08T08:45:07.974+0000] {dag.py:2585} INFO - Sync 1 DAGs
[2024-09-08T08:45:07.997+0000] {logging_mixin.py:120} INFO - [2024-09-08T08:45:07.996+0000] {dag.py:3340} INFO - Setting next_dagrun for consumer to None, run_after=None
[2024-09-08T08:45:08.016+0000] {processor.py:176} INFO - Processing /opt/airflow/dags/consumer.py took 0.116 seconds
[2024-09-08T08:45:38.373+0000] {processor.py:154} INFO - Started process (PID=1720) to work on /opt/airflow/dags/consumer.py
[2024-09-08T08:45:38.375+0000] {processor.py:756} INFO - Processing file /opt/airflow/dags/consumer.py for tasks to queue
[2024-09-08T08:45:38.376+0000] {logging_mixin.py:120} INFO - [2024-09-08T08:45:38.376+0000] {dagbag.py:537} INFO - Filling up the DagBag from /opt/airflow/dags/consumer.py
[2024-09-08T08:45:38.395+0000] {processor.py:766} INFO - DAG(s) dict_keys(['consumer']) retrieved from /opt/airflow/dags/consumer.py
[2024-09-08T08:45:38.429+0000] {logging_mixin.py:120} INFO - [2024-09-08T08:45:38.429+0000] {dag.py:2585} INFO - Sync 1 DAGs
[2024-09-08T08:45:38.449+0000] {logging_mixin.py:120} INFO - [2024-09-08T08:45:38.449+0000] {dag.py:3340} INFO - Setting next_dagrun for consumer to None, run_after=None
[2024-09-08T08:45:38.468+0000] {processor.py:176} INFO - Processing /opt/airflow/dags/consumer.py took 0.097 seconds
[2024-09-08T08:46:08.834+0000] {processor.py:154} INFO - Started process (PID=1752) to work on /opt/airflow/dags/consumer.py
[2024-09-08T08:46:08.836+0000] {processor.py:756} INFO - Processing file /opt/airflow/dags/consumer.py for tasks to queue
[2024-09-08T08:46:08.837+0000] {logging_mixin.py:120} INFO - [2024-09-08T08:46:08.837+0000] {dagbag.py:537} INFO - Filling up the DagBag from /opt/airflow/dags/consumer.py
[2024-09-08T08:46:08.858+0000] {processor.py:766} INFO - DAG(s) dict_keys(['consumer']) retrieved from /opt/airflow/dags/consumer.py
[2024-09-08T08:46:08.895+0000] {logging_mixin.py:120} INFO - [2024-09-08T08:46:08.895+0000] {dag.py:2585} INFO - Sync 1 DAGs
[2024-09-08T08:46:08.916+0000] {logging_mixin.py:120} INFO - [2024-09-08T08:46:08.915+0000] {dag.py:3340} INFO - Setting next_dagrun for consumer to None, run_after=None
[2024-09-08T08:46:08.934+0000] {processor.py:176} INFO - Processing /opt/airflow/dags/consumer.py took 0.103 seconds
[2024-09-08T08:46:39.295+0000] {processor.py:154} INFO - Started process (PID=1784) to work on /opt/airflow/dags/consumer.py
[2024-09-08T08:46:39.297+0000] {processor.py:756} INFO - Processing file /opt/airflow/dags/consumer.py for tasks to queue
[2024-09-08T08:46:39.298+0000] {logging_mixin.py:120} INFO - [2024-09-08T08:46:39.298+0000] {dagbag.py:537} INFO - Filling up the DagBag from /opt/airflow/dags/consumer.py
[2024-09-08T08:46:39.317+0000] {processor.py:766} INFO - DAG(s) dict_keys(['consumer']) retrieved from /opt/airflow/dags/consumer.py
[2024-09-08T08:46:39.355+0000] {logging_mixin.py:120} INFO - [2024-09-08T08:46:39.355+0000] {dag.py:2585} INFO - Sync 1 DAGs
[2024-09-08T08:46:39.377+0000] {logging_mixin.py:120} INFO - [2024-09-08T08:46:39.376+0000] {dag.py:3340} INFO - Setting next_dagrun for consumer to None, run_after=None
[2024-09-08T08:46:39.395+0000] {processor.py:176} INFO - Processing /opt/airflow/dags/consumer.py took 0.103 seconds
[2024-09-08T08:47:09.723+0000] {processor.py:154} INFO - Started process (PID=1807) to work on /opt/airflow/dags/consumer.py
[2024-09-08T08:47:09.725+0000] {processor.py:756} INFO - Processing file /opt/airflow/dags/consumer.py for tasks to queue
[2024-09-08T08:47:09.726+0000] {logging_mixin.py:120} INFO - [2024-09-08T08:47:09.726+0000] {dagbag.py:537} INFO - Filling up the DagBag from /opt/airflow/dags/consumer.py
[2024-09-08T08:47:09.747+0000] {processor.py:766} INFO - DAG(s) dict_keys(['consumer']) retrieved from /opt/airflow/dags/consumer.py
[2024-09-08T08:47:09.783+0000] {logging_mixin.py:120} INFO - [2024-09-08T08:47:09.783+0000] {dag.py:2585} INFO - Sync 1 DAGs
[2024-09-08T08:47:09.802+0000] {logging_mixin.py:120} INFO - [2024-09-08T08:47:09.802+0000] {dag.py:3340} INFO - Setting next_dagrun for consumer to None, run_after=None
[2024-09-08T08:47:09.820+0000] {processor.py:176} INFO - Processing /opt/airflow/dags/consumer.py took 0.100 seconds
[2024-09-08T08:47:40.189+0000] {processor.py:154} INFO - Started process (PID=1839) to work on /opt/airflow/dags/consumer.py
[2024-09-08T08:47:40.191+0000] {processor.py:756} INFO - Processing file /opt/airflow/dags/consumer.py for tasks to queue
[2024-09-08T08:47:40.192+0000] {logging_mixin.py:120} INFO - [2024-09-08T08:47:40.192+0000] {dagbag.py:537} INFO - Filling up the DagBag from /opt/airflow/dags/consumer.py
[2024-09-08T08:47:40.214+0000] {processor.py:766} INFO - DAG(s) dict_keys(['consumer']) retrieved from /opt/airflow/dags/consumer.py
[2024-09-08T08:47:40.255+0000] {logging_mixin.py:120} INFO - [2024-09-08T08:47:40.255+0000] {dag.py:2585} INFO - Sync 1 DAGs
[2024-09-08T08:47:40.275+0000] {logging_mixin.py:120} INFO - [2024-09-08T08:47:40.275+0000] {dag.py:3340} INFO - Setting next_dagrun for consumer to None, run_after=None
[2024-09-08T08:47:40.293+0000] {processor.py:176} INFO - Processing /opt/airflow/dags/consumer.py took 0.107 seconds
[2024-09-08T08:48:10.654+0000] {processor.py:154} INFO - Started process (PID=1871) to work on /opt/airflow/dags/consumer.py
[2024-09-08T08:48:10.655+0000] {processor.py:756} INFO - Processing file /opt/airflow/dags/consumer.py for tasks to queue
[2024-09-08T08:48:10.656+0000] {logging_mixin.py:120} INFO - [2024-09-08T08:48:10.656+0000] {dagbag.py:537} INFO - Filling up the DagBag from /opt/airflow/dags/consumer.py
[2024-09-08T08:48:10.677+0000] {processor.py:766} INFO - DAG(s) dict_keys(['consumer']) retrieved from /opt/airflow/dags/consumer.py
[2024-09-08T08:48:10.719+0000] {logging_mixin.py:120} INFO - [2024-09-08T08:48:10.719+0000] {dag.py:2585} INFO - Sync 1 DAGs
[2024-09-08T08:48:10.741+0000] {logging_mixin.py:120} INFO - [2024-09-08T08:48:10.740+0000] {dag.py:3340} INFO - Setting next_dagrun for consumer to None, run_after=None
[2024-09-08T08:48:10.763+0000] {processor.py:176} INFO - Processing /opt/airflow/dags/consumer.py took 0.113 seconds
[2024-09-08T08:48:41.151+0000] {processor.py:154} INFO - Started process (PID=1903) to work on /opt/airflow/dags/consumer.py
[2024-09-08T08:48:41.153+0000] {processor.py:756} INFO - Processing file /opt/airflow/dags/consumer.py for tasks to queue
[2024-09-08T08:48:41.154+0000] {logging_mixin.py:120} INFO - [2024-09-08T08:48:41.154+0000] {dagbag.py:537} INFO - Filling up the DagBag from /opt/airflow/dags/consumer.py
[2024-09-08T08:48:41.174+0000] {processor.py:766} INFO - DAG(s) dict_keys(['consumer']) retrieved from /opt/airflow/dags/consumer.py
[2024-09-08T08:48:41.213+0000] {logging_mixin.py:120} INFO - [2024-09-08T08:48:41.213+0000] {dag.py:2585} INFO - Sync 1 DAGs
[2024-09-08T08:48:41.236+0000] {logging_mixin.py:120} INFO - [2024-09-08T08:48:41.236+0000] {dag.py:3340} INFO - Setting next_dagrun for consumer to None, run_after=None
[2024-09-08T08:48:41.256+0000] {processor.py:176} INFO - Processing /opt/airflow/dags/consumer.py took 0.109 seconds
[2024-09-08T08:49:11.621+0000] {processor.py:154} INFO - Started process (PID=1926) to work on /opt/airflow/dags/consumer.py
[2024-09-08T08:49:11.623+0000] {processor.py:756} INFO - Processing file /opt/airflow/dags/consumer.py for tasks to queue
[2024-09-08T08:49:11.624+0000] {logging_mixin.py:120} INFO - [2024-09-08T08:49:11.624+0000] {dagbag.py:537} INFO - Filling up the DagBag from /opt/airflow/dags/consumer.py
[2024-09-08T08:49:11.649+0000] {processor.py:766} INFO - DAG(s) dict_keys(['consumer']) retrieved from /opt/airflow/dags/consumer.py
[2024-09-08T08:49:11.691+0000] {logging_mixin.py:120} INFO - [2024-09-08T08:49:11.691+0000] {dag.py:2585} INFO - Sync 1 DAGs
[2024-09-08T08:49:11.714+0000] {logging_mixin.py:120} INFO - [2024-09-08T08:49:11.714+0000] {dag.py:3340} INFO - Setting next_dagrun for consumer to None, run_after=None
[2024-09-08T08:49:11.733+0000] {processor.py:176} INFO - Processing /opt/airflow/dags/consumer.py took 0.115 seconds
[2024-09-08T08:49:42.090+0000] {processor.py:154} INFO - Started process (PID=1957) to work on /opt/airflow/dags/consumer.py
[2024-09-08T08:49:42.092+0000] {processor.py:756} INFO - Processing file /opt/airflow/dags/consumer.py for tasks to queue
[2024-09-08T08:49:42.093+0000] {logging_mixin.py:120} INFO - [2024-09-08T08:49:42.093+0000] {dagbag.py:537} INFO - Filling up the DagBag from /opt/airflow/dags/consumer.py
[2024-09-08T08:49:42.116+0000] {processor.py:766} INFO - DAG(s) dict_keys(['consumer']) retrieved from /opt/airflow/dags/consumer.py
[2024-09-08T08:49:42.154+0000] {logging_mixin.py:120} INFO - [2024-09-08T08:49:42.154+0000] {dag.py:2585} INFO - Sync 1 DAGs
[2024-09-08T08:49:42.173+0000] {logging_mixin.py:120} INFO - [2024-09-08T08:49:42.173+0000] {dag.py:3340} INFO - Setting next_dagrun for consumer to None, run_after=None
[2024-09-08T08:49:42.192+0000] {processor.py:176} INFO - Processing /opt/airflow/dags/consumer.py took 0.106 seconds
[2024-09-08T08:50:12.598+0000] {processor.py:154} INFO - Started process (PID=1989) to work on /opt/airflow/dags/consumer.py
[2024-09-08T08:50:12.601+0000] {processor.py:756} INFO - Processing file /opt/airflow/dags/consumer.py for tasks to queue
[2024-09-08T08:50:12.602+0000] {logging_mixin.py:120} INFO - [2024-09-08T08:50:12.602+0000] {dagbag.py:537} INFO - Filling up the DagBag from /opt/airflow/dags/consumer.py
[2024-09-08T08:50:12.624+0000] {processor.py:766} INFO - DAG(s) dict_keys(['consumer']) retrieved from /opt/airflow/dags/consumer.py
[2024-09-08T08:50:12.666+0000] {logging_mixin.py:120} INFO - [2024-09-08T08:50:12.666+0000] {dag.py:2585} INFO - Sync 1 DAGs
[2024-09-08T08:50:12.687+0000] {logging_mixin.py:120} INFO - [2024-09-08T08:50:12.687+0000] {dag.py:3340} INFO - Setting next_dagrun for consumer to None, run_after=None
[2024-09-08T08:50:12.704+0000] {processor.py:176} INFO - Processing /opt/airflow/dags/consumer.py took 0.109 seconds
[2024-09-08T08:50:43.065+0000] {processor.py:154} INFO - Started process (PID=2021) to work on /opt/airflow/dags/consumer.py
[2024-09-08T08:50:43.068+0000] {processor.py:756} INFO - Processing file /opt/airflow/dags/consumer.py for tasks to queue
[2024-09-08T08:50:43.069+0000] {logging_mixin.py:120} INFO - [2024-09-08T08:50:43.068+0000] {dagbag.py:537} INFO - Filling up the DagBag from /opt/airflow/dags/consumer.py
[2024-09-08T08:50:43.096+0000] {processor.py:766} INFO - DAG(s) dict_keys(['consumer']) retrieved from /opt/airflow/dags/consumer.py
[2024-09-08T08:50:43.146+0000] {logging_mixin.py:120} INFO - [2024-09-08T08:50:43.146+0000] {dag.py:2585} INFO - Sync 1 DAGs
[2024-09-08T08:50:43.169+0000] {logging_mixin.py:120} INFO - [2024-09-08T08:50:43.169+0000] {dag.py:3340} INFO - Setting next_dagrun for consumer to None, run_after=None
[2024-09-08T08:50:43.187+0000] {processor.py:176} INFO - Processing /opt/airflow/dags/consumer.py took 0.126 seconds
[2024-09-08T08:51:13.530+0000] {processor.py:154} INFO - Started process (PID=2044) to work on /opt/airflow/dags/consumer.py
[2024-09-08T08:51:13.531+0000] {processor.py:756} INFO - Processing file /opt/airflow/dags/consumer.py for tasks to queue
[2024-09-08T08:51:13.532+0000] {logging_mixin.py:120} INFO - [2024-09-08T08:51:13.532+0000] {dagbag.py:537} INFO - Filling up the DagBag from /opt/airflow/dags/consumer.py
[2024-09-08T08:51:13.551+0000] {processor.py:766} INFO - DAG(s) dict_keys(['consumer']) retrieved from /opt/airflow/dags/consumer.py
[2024-09-08T08:51:13.588+0000] {logging_mixin.py:120} INFO - [2024-09-08T08:51:13.588+0000] {dag.py:2585} INFO - Sync 1 DAGs
[2024-09-08T08:51:13.610+0000] {logging_mixin.py:120} INFO - [2024-09-08T08:51:13.610+0000] {dag.py:3340} INFO - Setting next_dagrun for consumer to None, run_after=None
[2024-09-08T08:51:13.630+0000] {processor.py:176} INFO - Processing /opt/airflow/dags/consumer.py took 0.103 seconds
[2024-09-08T08:51:44.004+0000] {processor.py:154} INFO - Started process (PID=2076) to work on /opt/airflow/dags/consumer.py
[2024-09-08T08:51:44.006+0000] {processor.py:756} INFO - Processing file /opt/airflow/dags/consumer.py for tasks to queue
[2024-09-08T08:51:44.007+0000] {logging_mixin.py:120} INFO - [2024-09-08T08:51:44.006+0000] {dagbag.py:537} INFO - Filling up the DagBag from /opt/airflow/dags/consumer.py
[2024-09-08T08:51:44.025+0000] {processor.py:766} INFO - DAG(s) dict_keys(['consumer']) retrieved from /opt/airflow/dags/consumer.py
[2024-09-08T08:51:44.060+0000] {logging_mixin.py:120} INFO - [2024-09-08T08:51:44.060+0000] {dag.py:2585} INFO - Sync 1 DAGs
[2024-09-08T08:51:44.079+0000] {logging_mixin.py:120} INFO - [2024-09-08T08:51:44.079+0000] {dag.py:3340} INFO - Setting next_dagrun for consumer to None, run_after=None
[2024-09-08T08:51:44.097+0000] {processor.py:176} INFO - Processing /opt/airflow/dags/consumer.py took 0.097 seconds
[2024-09-08T08:52:14.450+0000] {processor.py:154} INFO - Started process (PID=2108) to work on /opt/airflow/dags/consumer.py
[2024-09-08T08:52:14.452+0000] {processor.py:756} INFO - Processing file /opt/airflow/dags/consumer.py for tasks to queue
[2024-09-08T08:52:14.453+0000] {logging_mixin.py:120} INFO - [2024-09-08T08:52:14.452+0000] {dagbag.py:537} INFO - Filling up the DagBag from /opt/airflow/dags/consumer.py
[2024-09-08T08:52:14.479+0000] {processor.py:766} INFO - DAG(s) dict_keys(['consumer']) retrieved from /opt/airflow/dags/consumer.py
[2024-09-08T08:52:14.530+0000] {logging_mixin.py:120} INFO - [2024-09-08T08:52:14.530+0000] {dag.py:2585} INFO - Sync 1 DAGs
[2024-09-08T08:52:14.561+0000] {logging_mixin.py:120} INFO - [2024-09-08T08:52:14.560+0000] {dag.py:3340} INFO - Setting next_dagrun for consumer to None, run_after=None
[2024-09-08T08:52:14.587+0000] {processor.py:176} INFO - Processing /opt/airflow/dags/consumer.py took 0.141 seconds
[2024-09-08T08:52:44.940+0000] {processor.py:154} INFO - Started process (PID=2142) to work on /opt/airflow/dags/consumer.py
[2024-09-08T08:52:44.942+0000] {processor.py:756} INFO - Processing file /opt/airflow/dags/consumer.py for tasks to queue
[2024-09-08T08:52:44.943+0000] {logging_mixin.py:120} INFO - [2024-09-08T08:52:44.943+0000] {dagbag.py:537} INFO - Filling up the DagBag from /opt/airflow/dags/consumer.py
[2024-09-08T08:52:44.966+0000] {processor.py:766} INFO - DAG(s) dict_keys(['consumer']) retrieved from /opt/airflow/dags/consumer.py
[2024-09-08T08:52:45.008+0000] {logging_mixin.py:120} INFO - [2024-09-08T08:52:45.008+0000] {dag.py:2585} INFO - Sync 1 DAGs
[2024-09-08T08:52:45.031+0000] {logging_mixin.py:120} INFO - [2024-09-08T08:52:45.031+0000] {dag.py:3340} INFO - Setting next_dagrun for consumer to None, run_after=None
[2024-09-08T08:52:45.051+0000] {processor.py:176} INFO - Processing /opt/airflow/dags/consumer.py took 0.115 seconds
[2024-09-08T08:53:15.426+0000] {processor.py:154} INFO - Started process (PID=2173) to work on /opt/airflow/dags/consumer.py
[2024-09-08T08:53:15.431+0000] {processor.py:756} INFO - Processing file /opt/airflow/dags/consumer.py for tasks to queue
[2024-09-08T08:53:15.432+0000] {logging_mixin.py:120} INFO - [2024-09-08T08:53:15.432+0000] {dagbag.py:537} INFO - Filling up the DagBag from /opt/airflow/dags/consumer.py
[2024-09-08T08:53:15.466+0000] {processor.py:766} INFO - DAG(s) dict_keys(['consumer']) retrieved from /opt/airflow/dags/consumer.py
[2024-09-08T08:53:15.518+0000] {logging_mixin.py:120} INFO - [2024-09-08T08:53:15.518+0000] {dag.py:2585} INFO - Sync 1 DAGs
[2024-09-08T08:53:15.545+0000] {logging_mixin.py:120} INFO - [2024-09-08T08:53:15.545+0000] {dag.py:3340} INFO - Setting next_dagrun for consumer to None, run_after=None
[2024-09-08T08:53:15.567+0000] {processor.py:176} INFO - Processing /opt/airflow/dags/consumer.py took 0.144 seconds
[2024-09-08T08:53:45.968+0000] {processor.py:154} INFO - Started process (PID=2196) to work on /opt/airflow/dags/consumer.py
[2024-09-08T08:53:45.971+0000] {processor.py:756} INFO - Processing file /opt/airflow/dags/consumer.py for tasks to queue
[2024-09-08T08:53:45.972+0000] {logging_mixin.py:120} INFO - [2024-09-08T08:53:45.972+0000] {dagbag.py:537} INFO - Filling up the DagBag from /opt/airflow/dags/consumer.py
[2024-09-08T08:53:45.999+0000] {processor.py:766} INFO - DAG(s) dict_keys(['consumer']) retrieved from /opt/airflow/dags/consumer.py
[2024-09-08T08:53:46.045+0000] {logging_mixin.py:120} INFO - [2024-09-08T08:53:46.045+0000] {dag.py:2585} INFO - Sync 1 DAGs
[2024-09-08T08:53:46.074+0000] {logging_mixin.py:120} INFO - [2024-09-08T08:53:46.074+0000] {dag.py:3340} INFO - Setting next_dagrun for consumer to None, run_after=None
[2024-09-08T08:53:46.097+0000] {processor.py:176} INFO - Processing /opt/airflow/dags/consumer.py took 0.132 seconds
[2024-09-08T08:54:16.542+0000] {processor.py:154} INFO - Started process (PID=2228) to work on /opt/airflow/dags/consumer.py
[2024-09-08T08:54:16.544+0000] {processor.py:756} INFO - Processing file /opt/airflow/dags/consumer.py for tasks to queue
[2024-09-08T08:54:16.545+0000] {logging_mixin.py:120} INFO - [2024-09-08T08:54:16.545+0000] {dagbag.py:537} INFO - Filling up the DagBag from /opt/airflow/dags/consumer.py
[2024-09-08T08:54:16.565+0000] {processor.py:766} INFO - DAG(s) dict_keys(['consumer']) retrieved from /opt/airflow/dags/consumer.py
[2024-09-08T08:54:16.604+0000] {logging_mixin.py:120} INFO - [2024-09-08T08:54:16.604+0000] {dag.py:2585} INFO - Sync 1 DAGs
[2024-09-08T08:54:16.623+0000] {logging_mixin.py:120} INFO - [2024-09-08T08:54:16.623+0000] {dag.py:3340} INFO - Setting next_dagrun for consumer to None, run_after=None
[2024-09-08T08:54:16.645+0000] {processor.py:176} INFO - Processing /opt/airflow/dags/consumer.py took 0.106 seconds
[2024-09-08T08:54:46.968+0000] {processor.py:154} INFO - Started process (PID=2259) to work on /opt/airflow/dags/consumer.py
[2024-09-08T08:54:46.969+0000] {processor.py:756} INFO - Processing file /opt/airflow/dags/consumer.py for tasks to queue
[2024-09-08T08:54:46.970+0000] {logging_mixin.py:120} INFO - [2024-09-08T08:54:46.970+0000] {dagbag.py:537} INFO - Filling up the DagBag from /opt/airflow/dags/consumer.py
[2024-09-08T08:54:46.989+0000] {processor.py:766} INFO - DAG(s) dict_keys(['consumer']) retrieved from /opt/airflow/dags/consumer.py
[2024-09-08T08:54:47.029+0000] {logging_mixin.py:120} INFO - [2024-09-08T08:54:47.028+0000] {dag.py:2585} INFO - Sync 1 DAGs
[2024-09-08T08:54:47.051+0000] {logging_mixin.py:120} INFO - [2024-09-08T08:54:47.050+0000] {dag.py:3340} INFO - Setting next_dagrun for consumer to None, run_after=None
[2024-09-08T08:54:47.073+0000] {processor.py:176} INFO - Processing /opt/airflow/dags/consumer.py took 0.109 seconds
[2024-09-08T08:55:17.436+0000] {processor.py:154} INFO - Started process (PID=2292) to work on /opt/airflow/dags/consumer.py
[2024-09-08T08:55:17.438+0000] {processor.py:756} INFO - Processing file /opt/airflow/dags/consumer.py for tasks to queue
[2024-09-08T08:55:17.439+0000] {logging_mixin.py:120} INFO - [2024-09-08T08:55:17.439+0000] {dagbag.py:537} INFO - Filling up the DagBag from /opt/airflow/dags/consumer.py
[2024-09-08T08:55:17.473+0000] {processor.py:766} INFO - DAG(s) dict_keys(['consumer']) retrieved from /opt/airflow/dags/consumer.py
[2024-09-08T08:55:17.542+0000] {logging_mixin.py:120} INFO - [2024-09-08T08:55:17.541+0000] {dag.py:2585} INFO - Sync 1 DAGs
[2024-09-08T08:55:17.610+0000] {logging_mixin.py:120} INFO - [2024-09-08T08:55:17.610+0000] {dag.py:3340} INFO - Setting next_dagrun for consumer to None, run_after=None
[2024-09-08T08:55:17.680+0000] {processor.py:176} INFO - Processing /opt/airflow/dags/consumer.py took 0.248 seconds
[2024-09-08T08:55:48.108+0000] {processor.py:154} INFO - Started process (PID=2315) to work on /opt/airflow/dags/consumer.py
[2024-09-08T08:55:48.111+0000] {processor.py:756} INFO - Processing file /opt/airflow/dags/consumer.py for tasks to queue
[2024-09-08T08:55:48.112+0000] {logging_mixin.py:120} INFO - [2024-09-08T08:55:48.112+0000] {dagbag.py:537} INFO - Filling up the DagBag from /opt/airflow/dags/consumer.py
[2024-09-08T08:55:48.134+0000] {processor.py:766} INFO - DAG(s) dict_keys(['consumer']) retrieved from /opt/airflow/dags/consumer.py
[2024-09-08T08:55:48.169+0000] {logging_mixin.py:120} INFO - [2024-09-08T08:55:48.169+0000] {dag.py:2585} INFO - Sync 1 DAGs
[2024-09-08T08:55:48.188+0000] {logging_mixin.py:120} INFO - [2024-09-08T08:55:48.188+0000] {dag.py:3340} INFO - Setting next_dagrun for consumer to None, run_after=None
[2024-09-08T08:55:48.205+0000] {processor.py:176} INFO - Processing /opt/airflow/dags/consumer.py took 0.101 seconds
[2024-09-08T08:56:18.593+0000] {processor.py:154} INFO - Started process (PID=2348) to work on /opt/airflow/dags/consumer.py
[2024-09-08T08:56:18.595+0000] {processor.py:756} INFO - Processing file /opt/airflow/dags/consumer.py for tasks to queue
[2024-09-08T08:56:18.596+0000] {logging_mixin.py:120} INFO - [2024-09-08T08:56:18.596+0000] {dagbag.py:537} INFO - Filling up the DagBag from /opt/airflow/dags/consumer.py
[2024-09-08T08:56:18.618+0000] {processor.py:766} INFO - DAG(s) dict_keys(['consumer']) retrieved from /opt/airflow/dags/consumer.py
[2024-09-08T08:56:18.652+0000] {logging_mixin.py:120} INFO - [2024-09-08T08:56:18.652+0000] {dag.py:2585} INFO - Sync 1 DAGs
[2024-09-08T08:56:18.671+0000] {logging_mixin.py:120} INFO - [2024-09-08T08:56:18.671+0000] {dag.py:3340} INFO - Setting next_dagrun for consumer to None, run_after=None
[2024-09-08T08:56:18.689+0000] {processor.py:176} INFO - Processing /opt/airflow/dags/consumer.py took 0.101 seconds
[2024-09-08T08:56:49.047+0000] {processor.py:154} INFO - Started process (PID=2380) to work on /opt/airflow/dags/consumer.py
[2024-09-08T08:56:49.050+0000] {processor.py:756} INFO - Processing file /opt/airflow/dags/consumer.py for tasks to queue
[2024-09-08T08:56:49.051+0000] {logging_mixin.py:120} INFO - [2024-09-08T08:56:49.051+0000] {dagbag.py:537} INFO - Filling up the DagBag from /opt/airflow/dags/consumer.py
[2024-09-08T08:56:49.080+0000] {processor.py:766} INFO - DAG(s) dict_keys(['consumer']) retrieved from /opt/airflow/dags/consumer.py
[2024-09-08T08:56:49.153+0000] {logging_mixin.py:120} INFO - [2024-09-08T08:56:49.153+0000] {dag.py:2585} INFO - Sync 1 DAGs
[2024-09-08T08:56:49.176+0000] {logging_mixin.py:120} INFO - [2024-09-08T08:56:49.176+0000] {dag.py:3340} INFO - Setting next_dagrun for consumer to None, run_after=None
[2024-09-08T08:56:49.195+0000] {processor.py:176} INFO - Processing /opt/airflow/dags/consumer.py took 0.152 seconds
[2024-09-08T08:57:19.583+0000] {processor.py:154} INFO - Started process (PID=2403) to work on /opt/airflow/dags/consumer.py
[2024-09-08T08:57:19.585+0000] {processor.py:756} INFO - Processing file /opt/airflow/dags/consumer.py for tasks to queue
[2024-09-08T08:57:19.586+0000] {logging_mixin.py:120} INFO - [2024-09-08T08:57:19.586+0000] {dagbag.py:537} INFO - Filling up the DagBag from /opt/airflow/dags/consumer.py
[2024-09-08T08:57:19.607+0000] {processor.py:766} INFO - DAG(s) dict_keys(['consumer']) retrieved from /opt/airflow/dags/consumer.py
[2024-09-08T08:57:19.642+0000] {logging_mixin.py:120} INFO - [2024-09-08T08:57:19.642+0000] {dag.py:2585} INFO - Sync 1 DAGs
[2024-09-08T08:57:19.663+0000] {logging_mixin.py:120} INFO - [2024-09-08T08:57:19.662+0000] {dag.py:3340} INFO - Setting next_dagrun for consumer to None, run_after=None
[2024-09-08T08:57:19.682+0000] {processor.py:176} INFO - Processing /opt/airflow/dags/consumer.py took 0.102 seconds
[2024-09-08T08:57:50.009+0000] {processor.py:154} INFO - Started process (PID=2435) to work on /opt/airflow/dags/consumer.py
[2024-09-08T08:57:50.011+0000] {processor.py:756} INFO - Processing file /opt/airflow/dags/consumer.py for tasks to queue
[2024-09-08T08:57:50.013+0000] {logging_mixin.py:120} INFO - [2024-09-08T08:57:50.013+0000] {dagbag.py:537} INFO - Filling up the DagBag from /opt/airflow/dags/consumer.py
[2024-09-08T08:57:50.033+0000] {processor.py:766} INFO - DAG(s) dict_keys(['consumer']) retrieved from /opt/airflow/dags/consumer.py
[2024-09-08T08:57:50.074+0000] {logging_mixin.py:120} INFO - [2024-09-08T08:57:50.074+0000] {dag.py:2585} INFO - Sync 1 DAGs
[2024-09-08T08:57:50.095+0000] {logging_mixin.py:120} INFO - [2024-09-08T08:57:50.095+0000] {dag.py:3340} INFO - Setting next_dagrun for consumer to None, run_after=None
[2024-09-08T08:57:50.117+0000] {processor.py:176} INFO - Processing /opt/airflow/dags/consumer.py took 0.112 seconds
