[2024-09-08T07:32:31.889+0000] {processor.py:154} INFO - Started process (PID=44) to work on /opt/airflow/dags/producer.py
[2024-09-08T07:32:31.891+0000] {processor.py:756} INFO - Processing file /opt/airflow/dags/producer.py for tasks to queue
[2024-09-08T07:32:31.905+0000] {logging_mixin.py:120} INFO - [2024-09-08T07:32:31.905+0000] {dagbag.py:537} INFO - Filling up the DagBag from /opt/airflow/dags/producer.py
[2024-09-08T07:32:31.963+0000] {processor.py:766} INFO - DAG(s) dict_keys(['producer']) retrieved from /opt/airflow/dags/producer.py
[2024-09-08T07:32:32.184+0000] {logging_mixin.py:120} INFO - [2024-09-08T07:32:32.183+0000] {dag.py:2585} INFO - Sync 1 DAGs
[2024-09-08T07:32:32.274+0000] {logging_mixin.py:120} INFO - [2024-09-08T07:32:32.274+0000] {dag.py:3340} INFO - Setting next_dagrun for producer to 2024-09-07T00:00:00+00:00, run_after=2024-09-08T00:00:00+00:00
[2024-09-08T07:32:32.367+0000] {processor.py:176} INFO - Processing /opt/airflow/dags/producer.py took 0.491 seconds
[2024-09-08T07:33:50.591+0000] {processor.py:154} INFO - Started process (PID=44) to work on /opt/airflow/dags/producer.py
[2024-09-08T07:33:50.595+0000] {processor.py:756} INFO - Processing file /opt/airflow/dags/producer.py for tasks to queue
[2024-09-08T07:33:50.602+0000] {logging_mixin.py:120} INFO - [2024-09-08T07:33:50.602+0000] {dagbag.py:537} INFO - Filling up the DagBag from /opt/airflow/dags/producer.py
[2024-09-08T07:33:50.729+0000] {processor.py:766} INFO - DAG(s) dict_keys(['producer']) retrieved from /opt/airflow/dags/producer.py
[2024-09-08T07:33:51.074+0000] {logging_mixin.py:120} INFO - [2024-09-08T07:33:51.073+0000] {dag.py:2585} INFO - Sync 1 DAGs
[2024-09-08T07:33:51.154+0000] {logging_mixin.py:120} INFO - [2024-09-08T07:33:51.154+0000] {dag.py:3340} INFO - Setting next_dagrun for producer to 2024-09-07T00:00:00+00:00, run_after=2024-09-08T00:00:00+00:00
[2024-09-08T07:33:51.305+0000] {processor.py:176} INFO - Processing /opt/airflow/dags/producer.py took 0.730 seconds
[2024-09-08T07:34:21.798+0000] {processor.py:154} INFO - Started process (PID=67) to work on /opt/airflow/dags/producer.py
[2024-09-08T07:34:21.801+0000] {processor.py:756} INFO - Processing file /opt/airflow/dags/producer.py for tasks to queue
[2024-09-08T07:34:21.805+0000] {logging_mixin.py:120} INFO - [2024-09-08T07:34:21.805+0000] {dagbag.py:537} INFO - Filling up the DagBag from /opt/airflow/dags/producer.py
[2024-09-08T07:34:21.959+0000] {processor.py:766} INFO - DAG(s) dict_keys(['producer']) retrieved from /opt/airflow/dags/producer.py
[2024-09-08T07:34:22.086+0000] {logging_mixin.py:120} INFO - [2024-09-08T07:34:22.086+0000] {dag.py:2585} INFO - Sync 1 DAGs
[2024-09-08T07:34:22.168+0000] {logging_mixin.py:120} INFO - [2024-09-08T07:34:22.168+0000] {dag.py:3340} INFO - Setting next_dagrun for producer to 2024-09-07T00:00:00+00:00, run_after=2024-09-08T00:00:00+00:00
[2024-09-08T07:34:22.284+0000] {processor.py:176} INFO - Processing /opt/airflow/dags/producer.py took 0.493 seconds
[2024-09-08T07:34:53.238+0000] {processor.py:154} INFO - Started process (PID=99) to work on /opt/airflow/dags/producer.py
[2024-09-08T07:34:53.241+0000] {processor.py:756} INFO - Processing file /opt/airflow/dags/producer.py for tasks to queue
[2024-09-08T07:34:53.242+0000] {logging_mixin.py:120} INFO - [2024-09-08T07:34:53.242+0000] {dagbag.py:537} INFO - Filling up the DagBag from /opt/airflow/dags/producer.py
[2024-09-08T07:34:53.273+0000] {processor.py:766} INFO - DAG(s) dict_keys(['producer']) retrieved from /opt/airflow/dags/producer.py
[2024-09-08T07:34:53.322+0000] {logging_mixin.py:120} INFO - [2024-09-08T07:34:53.322+0000] {dag.py:2585} INFO - Sync 1 DAGs
[2024-09-08T07:34:53.351+0000] {logging_mixin.py:120} INFO - [2024-09-08T07:34:53.351+0000] {dag.py:3340} INFO - Setting next_dagrun for producer to 2024-09-07T00:00:00+00:00, run_after=2024-09-08T00:00:00+00:00
[2024-09-08T07:34:53.369+0000] {processor.py:176} INFO - Processing /opt/airflow/dags/producer.py took 0.135 seconds
[2024-09-08T07:35:23.870+0000] {processor.py:154} INFO - Started process (PID=131) to work on /opt/airflow/dags/producer.py
[2024-09-08T07:35:23.875+0000] {processor.py:756} INFO - Processing file /opt/airflow/dags/producer.py for tasks to queue
[2024-09-08T07:35:23.877+0000] {logging_mixin.py:120} INFO - [2024-09-08T07:35:23.876+0000] {dagbag.py:537} INFO - Filling up the DagBag from /opt/airflow/dags/producer.py
[2024-09-08T07:35:23.910+0000] {processor.py:766} INFO - DAG(s) dict_keys(['producer']) retrieved from /opt/airflow/dags/producer.py
[2024-09-08T07:35:23.966+0000] {logging_mixin.py:120} INFO - [2024-09-08T07:35:23.966+0000] {dag.py:2585} INFO - Sync 1 DAGs
[2024-09-08T07:35:24.006+0000] {logging_mixin.py:120} INFO - [2024-09-08T07:35:24.005+0000] {dag.py:3340} INFO - Setting next_dagrun for producer to 2024-09-07T00:00:00+00:00, run_after=2024-09-08T00:00:00+00:00
[2024-09-08T07:35:24.048+0000] {processor.py:176} INFO - Processing /opt/airflow/dags/producer.py took 0.181 seconds
[2024-09-08T07:35:54.363+0000] {processor.py:154} INFO - Started process (PID=154) to work on /opt/airflow/dags/producer.py
[2024-09-08T07:35:54.368+0000] {processor.py:756} INFO - Processing file /opt/airflow/dags/producer.py for tasks to queue
[2024-09-08T07:35:54.372+0000] {logging_mixin.py:120} INFO - [2024-09-08T07:35:54.372+0000] {dagbag.py:537} INFO - Filling up the DagBag from /opt/airflow/dags/producer.py
[2024-09-08T07:35:54.441+0000] {processor.py:766} INFO - DAG(s) dict_keys(['producer']) retrieved from /opt/airflow/dags/producer.py
[2024-09-08T07:35:54.587+0000] {logging_mixin.py:120} INFO - [2024-09-08T07:35:54.587+0000] {dag.py:2585} INFO - Sync 1 DAGs
[2024-09-08T07:35:54.690+0000] {logging_mixin.py:120} INFO - [2024-09-08T07:35:54.690+0000] {dag.py:3340} INFO - Setting next_dagrun for producer to 2024-09-07T00:00:00+00:00, run_after=2024-09-08T00:00:00+00:00
[2024-09-08T07:35:54.761+0000] {processor.py:176} INFO - Processing /opt/airflow/dags/producer.py took 0.409 seconds
[2024-09-08T07:36:25.584+0000] {processor.py:154} INFO - Started process (PID=185) to work on /opt/airflow/dags/producer.py
[2024-09-08T07:36:25.586+0000] {processor.py:756} INFO - Processing file /opt/airflow/dags/producer.py for tasks to queue
[2024-09-08T07:36:25.588+0000] {logging_mixin.py:120} INFO - [2024-09-08T07:36:25.588+0000] {dagbag.py:537} INFO - Filling up the DagBag from /opt/airflow/dags/producer.py
[2024-09-08T07:36:25.619+0000] {processor.py:766} INFO - DAG(s) dict_keys(['producer']) retrieved from /opt/airflow/dags/producer.py
[2024-09-08T07:36:25.672+0000] {logging_mixin.py:120} INFO - [2024-09-08T07:36:25.672+0000] {dag.py:2585} INFO - Sync 1 DAGs
[2024-09-08T07:36:25.701+0000] {logging_mixin.py:120} INFO - [2024-09-08T07:36:25.701+0000] {dag.py:3340} INFO - Setting next_dagrun for producer to 2024-09-07T00:00:00+00:00, run_after=2024-09-08T00:00:00+00:00
[2024-09-08T07:36:25.725+0000] {processor.py:176} INFO - Processing /opt/airflow/dags/producer.py took 0.144 seconds
[2024-09-08T07:36:56.142+0000] {processor.py:154} INFO - Started process (PID=217) to work on /opt/airflow/dags/producer.py
[2024-09-08T07:36:56.146+0000] {processor.py:756} INFO - Processing file /opt/airflow/dags/producer.py for tasks to queue
[2024-09-08T07:36:56.154+0000] {logging_mixin.py:120} INFO - [2024-09-08T07:36:56.154+0000] {dagbag.py:537} INFO - Filling up the DagBag from /opt/airflow/dags/producer.py
[2024-09-08T07:36:56.237+0000] {processor.py:766} INFO - DAG(s) dict_keys(['producer']) retrieved from /opt/airflow/dags/producer.py
[2024-09-08T07:36:56.358+0000] {logging_mixin.py:120} INFO - [2024-09-08T07:36:56.358+0000] {dag.py:2585} INFO - Sync 1 DAGs
[2024-09-08T07:36:56.430+0000] {logging_mixin.py:120} INFO - [2024-09-08T07:36:56.430+0000] {dag.py:3340} INFO - Setting next_dagrun for producer to 2024-09-07T00:00:00+00:00, run_after=2024-09-08T00:00:00+00:00
[2024-09-08T07:36:56.518+0000] {processor.py:176} INFO - Processing /opt/airflow/dags/producer.py took 0.385 seconds
[2024-09-08T07:37:26.952+0000] {processor.py:154} INFO - Started process (PID=249) to work on /opt/airflow/dags/producer.py
[2024-09-08T07:37:26.954+0000] {processor.py:756} INFO - Processing file /opt/airflow/dags/producer.py for tasks to queue
[2024-09-08T07:37:26.956+0000] {logging_mixin.py:120} INFO - [2024-09-08T07:37:26.955+0000] {dagbag.py:537} INFO - Filling up the DagBag from /opt/airflow/dags/producer.py
[2024-09-08T07:37:26.977+0000] {processor.py:766} INFO - DAG(s) dict_keys(['producer']) retrieved from /opt/airflow/dags/producer.py
[2024-09-08T07:37:27.014+0000] {logging_mixin.py:120} INFO - [2024-09-08T07:37:27.014+0000] {dag.py:2585} INFO - Sync 1 DAGs
[2024-09-08T07:37:27.036+0000] {logging_mixin.py:120} INFO - [2024-09-08T07:37:27.036+0000] {dag.py:3340} INFO - Setting next_dagrun for producer to 2024-09-07T00:00:00+00:00, run_after=2024-09-08T00:00:00+00:00
[2024-09-08T07:37:27.055+0000] {processor.py:176} INFO - Processing /opt/airflow/dags/producer.py took 0.105 seconds
[2024-09-08T07:37:57.318+0000] {processor.py:154} INFO - Started process (PID=272) to work on /opt/airflow/dags/producer.py
[2024-09-08T07:37:57.320+0000] {processor.py:756} INFO - Processing file /opt/airflow/dags/producer.py for tasks to queue
[2024-09-08T07:37:57.321+0000] {logging_mixin.py:120} INFO - [2024-09-08T07:37:57.321+0000] {dagbag.py:537} INFO - Filling up the DagBag from /opt/airflow/dags/producer.py
[2024-09-08T07:37:57.347+0000] {processor.py:766} INFO - DAG(s) dict_keys(['producer']) retrieved from /opt/airflow/dags/producer.py
[2024-09-08T07:37:57.384+0000] {logging_mixin.py:120} INFO - [2024-09-08T07:37:57.384+0000] {dag.py:2585} INFO - Sync 1 DAGs
[2024-09-08T07:37:57.406+0000] {logging_mixin.py:120} INFO - [2024-09-08T07:37:57.406+0000] {dag.py:3340} INFO - Setting next_dagrun for producer to 2024-09-07T00:00:00+00:00, run_after=2024-09-08T00:00:00+00:00
[2024-09-08T07:37:57.423+0000] {processor.py:176} INFO - Processing /opt/airflow/dags/producer.py took 0.110 seconds
[2024-09-08T07:38:27.866+0000] {processor.py:154} INFO - Started process (PID=303) to work on /opt/airflow/dags/producer.py
[2024-09-08T07:38:27.868+0000] {processor.py:756} INFO - Processing file /opt/airflow/dags/producer.py for tasks to queue
[2024-09-08T07:38:27.870+0000] {logging_mixin.py:120} INFO - [2024-09-08T07:38:27.870+0000] {dagbag.py:537} INFO - Filling up the DagBag from /opt/airflow/dags/producer.py
[2024-09-08T07:38:27.899+0000] {processor.py:766} INFO - DAG(s) dict_keys(['producer']) retrieved from /opt/airflow/dags/producer.py
[2024-09-08T07:38:27.937+0000] {logging_mixin.py:120} INFO - [2024-09-08T07:38:27.936+0000] {dag.py:2585} INFO - Sync 1 DAGs
[2024-09-08T07:38:27.959+0000] {logging_mixin.py:120} INFO - [2024-09-08T07:38:27.959+0000] {dag.py:3340} INFO - Setting next_dagrun for producer to 2024-09-07T00:00:00+00:00, run_after=2024-09-08T00:00:00+00:00
[2024-09-08T07:38:27.976+0000] {processor.py:176} INFO - Processing /opt/airflow/dags/producer.py took 0.116 seconds
[2024-09-08T07:38:58.373+0000] {processor.py:154} INFO - Started process (PID=335) to work on /opt/airflow/dags/producer.py
[2024-09-08T07:38:58.376+0000] {processor.py:756} INFO - Processing file /opt/airflow/dags/producer.py for tasks to queue
[2024-09-08T07:38:58.377+0000] {logging_mixin.py:120} INFO - [2024-09-08T07:38:58.377+0000] {dagbag.py:537} INFO - Filling up the DagBag from /opt/airflow/dags/producer.py
[2024-09-08T07:38:58.406+0000] {processor.py:766} INFO - DAG(s) dict_keys(['producer']) retrieved from /opt/airflow/dags/producer.py
[2024-09-08T07:38:58.442+0000] {logging_mixin.py:120} INFO - [2024-09-08T07:38:58.442+0000] {dag.py:2585} INFO - Sync 1 DAGs
[2024-09-08T07:38:58.463+0000] {logging_mixin.py:120} INFO - [2024-09-08T07:38:58.463+0000] {dag.py:3340} INFO - Setting next_dagrun for producer to 2024-09-07T00:00:00+00:00, run_after=2024-09-08T00:00:00+00:00
[2024-09-08T07:38:58.480+0000] {processor.py:176} INFO - Processing /opt/airflow/dags/producer.py took 0.112 seconds
[2024-09-08T07:39:28.902+0000] {processor.py:154} INFO - Started process (PID=367) to work on /opt/airflow/dags/producer.py
[2024-09-08T07:39:28.904+0000] {processor.py:756} INFO - Processing file /opt/airflow/dags/producer.py for tasks to queue
[2024-09-08T07:39:28.906+0000] {logging_mixin.py:120} INFO - [2024-09-08T07:39:28.906+0000] {dagbag.py:537} INFO - Filling up the DagBag from /opt/airflow/dags/producer.py
[2024-09-08T07:39:28.929+0000] {processor.py:766} INFO - DAG(s) dict_keys(['producer']) retrieved from /opt/airflow/dags/producer.py
[2024-09-08T07:39:28.966+0000] {logging_mixin.py:120} INFO - [2024-09-08T07:39:28.966+0000] {dag.py:2585} INFO - Sync 1 DAGs
[2024-09-08T07:39:28.987+0000] {logging_mixin.py:120} INFO - [2024-09-08T07:39:28.987+0000] {dag.py:3340} INFO - Setting next_dagrun for producer to 2024-09-07T00:00:00+00:00, run_after=2024-09-08T00:00:00+00:00
[2024-09-08T07:39:29.005+0000] {processor.py:176} INFO - Processing /opt/airflow/dags/producer.py took 0.106 seconds
[2024-09-08T07:39:59.401+0000] {processor.py:154} INFO - Started process (PID=390) to work on /opt/airflow/dags/producer.py
[2024-09-08T07:39:59.403+0000] {processor.py:756} INFO - Processing file /opt/airflow/dags/producer.py for tasks to queue
[2024-09-08T07:39:59.404+0000] {logging_mixin.py:120} INFO - [2024-09-08T07:39:59.404+0000] {dagbag.py:537} INFO - Filling up the DagBag from /opt/airflow/dags/producer.py
[2024-09-08T07:39:59.430+0000] {processor.py:766} INFO - DAG(s) dict_keys(['producer']) retrieved from /opt/airflow/dags/producer.py
[2024-09-08T07:39:59.470+0000] {logging_mixin.py:120} INFO - [2024-09-08T07:39:59.470+0000] {dag.py:2585} INFO - Sync 1 DAGs
[2024-09-08T07:39:59.494+0000] {logging_mixin.py:120} INFO - [2024-09-08T07:39:59.494+0000] {dag.py:3340} INFO - Setting next_dagrun for producer to 2024-09-07T00:00:00+00:00, run_after=2024-09-08T00:00:00+00:00
[2024-09-08T07:39:59.517+0000] {processor.py:176} INFO - Processing /opt/airflow/dags/producer.py took 0.119 seconds
[2024-09-08T07:40:29.864+0000] {processor.py:154} INFO - Started process (PID=422) to work on /opt/airflow/dags/producer.py
[2024-09-08T07:40:29.865+0000] {processor.py:756} INFO - Processing file /opt/airflow/dags/producer.py for tasks to queue
[2024-09-08T07:40:29.866+0000] {logging_mixin.py:120} INFO - [2024-09-08T07:40:29.866+0000] {dagbag.py:537} INFO - Filling up the DagBag from /opt/airflow/dags/producer.py
[2024-09-08T07:40:29.887+0000] {processor.py:766} INFO - DAG(s) dict_keys(['producer']) retrieved from /opt/airflow/dags/producer.py
[2024-09-08T07:40:29.923+0000] {logging_mixin.py:120} INFO - [2024-09-08T07:40:29.923+0000] {dag.py:2585} INFO - Sync 1 DAGs
[2024-09-08T07:40:29.947+0000] {logging_mixin.py:120} INFO - [2024-09-08T07:40:29.946+0000] {dag.py:3340} INFO - Setting next_dagrun for producer to 2024-09-07T00:00:00+00:00, run_after=2024-09-08T00:00:00+00:00
[2024-09-08T07:40:29.963+0000] {processor.py:176} INFO - Processing /opt/airflow/dags/producer.py took 0.102 seconds
[2024-09-08T07:41:00.607+0000] {processor.py:154} INFO - Started process (PID=454) to work on /opt/airflow/dags/producer.py
[2024-09-08T07:41:00.609+0000] {processor.py:756} INFO - Processing file /opt/airflow/dags/producer.py for tasks to queue
[2024-09-08T07:41:00.610+0000] {logging_mixin.py:120} INFO - [2024-09-08T07:41:00.610+0000] {dagbag.py:537} INFO - Filling up the DagBag from /opt/airflow/dags/producer.py
[2024-09-08T07:41:00.634+0000] {processor.py:766} INFO - DAG(s) dict_keys(['producer']) retrieved from /opt/airflow/dags/producer.py
[2024-09-08T07:41:00.671+0000] {logging_mixin.py:120} INFO - [2024-09-08T07:41:00.671+0000] {dag.py:2585} INFO - Sync 1 DAGs
[2024-09-08T07:41:00.694+0000] {logging_mixin.py:120} INFO - [2024-09-08T07:41:00.694+0000] {dag.py:3340} INFO - Setting next_dagrun for producer to 2024-09-07T00:00:00+00:00, run_after=2024-09-08T00:00:00+00:00
[2024-09-08T07:41:00.713+0000] {processor.py:176} INFO - Processing /opt/airflow/dags/producer.py took 0.109 seconds
[2024-09-08T07:41:31.058+0000] {processor.py:154} INFO - Started process (PID=476) to work on /opt/airflow/dags/producer.py
[2024-09-08T07:41:31.060+0000] {processor.py:756} INFO - Processing file /opt/airflow/dags/producer.py for tasks to queue
[2024-09-08T07:41:31.061+0000] {logging_mixin.py:120} INFO - [2024-09-08T07:41:31.061+0000] {dagbag.py:537} INFO - Filling up the DagBag from /opt/airflow/dags/producer.py
[2024-09-08T07:41:31.083+0000] {processor.py:766} INFO - DAG(s) dict_keys(['producer']) retrieved from /opt/airflow/dags/producer.py
[2024-09-08T07:41:31.124+0000] {logging_mixin.py:120} INFO - [2024-09-08T07:41:31.124+0000] {dag.py:2585} INFO - Sync 1 DAGs
[2024-09-08T07:41:31.148+0000] {logging_mixin.py:120} INFO - [2024-09-08T07:41:31.148+0000] {dag.py:3340} INFO - Setting next_dagrun for producer to 2024-09-07T00:00:00+00:00, run_after=2024-09-08T00:00:00+00:00
[2024-09-08T07:41:31.167+0000] {processor.py:176} INFO - Processing /opt/airflow/dags/producer.py took 0.112 seconds
[2024-09-08T07:42:01.485+0000] {processor.py:154} INFO - Started process (PID=507) to work on /opt/airflow/dags/producer.py
[2024-09-08T07:42:01.487+0000] {processor.py:756} INFO - Processing file /opt/airflow/dags/producer.py for tasks to queue
[2024-09-08T07:42:01.488+0000] {logging_mixin.py:120} INFO - [2024-09-08T07:42:01.488+0000] {dagbag.py:537} INFO - Filling up the DagBag from /opt/airflow/dags/producer.py
[2024-09-08T07:42:01.509+0000] {processor.py:766} INFO - DAG(s) dict_keys(['producer']) retrieved from /opt/airflow/dags/producer.py
[2024-09-08T07:42:01.545+0000] {logging_mixin.py:120} INFO - [2024-09-08T07:42:01.545+0000] {dag.py:2585} INFO - Sync 1 DAGs
[2024-09-08T07:42:01.565+0000] {logging_mixin.py:120} INFO - [2024-09-08T07:42:01.565+0000] {dag.py:3340} INFO - Setting next_dagrun for producer to 2024-09-07T00:00:00+00:00, run_after=2024-09-08T00:00:00+00:00
[2024-09-08T07:42:01.582+0000] {processor.py:176} INFO - Processing /opt/airflow/dags/producer.py took 0.101 seconds
[2024-09-08T07:42:32.037+0000] {processor.py:154} INFO - Started process (PID=540) to work on /opt/airflow/dags/producer.py
[2024-09-08T07:42:32.039+0000] {processor.py:756} INFO - Processing file /opt/airflow/dags/producer.py for tasks to queue
[2024-09-08T07:42:32.041+0000] {logging_mixin.py:120} INFO - [2024-09-08T07:42:32.041+0000] {dagbag.py:537} INFO - Filling up the DagBag from /opt/airflow/dags/producer.py
[2024-09-08T07:42:32.064+0000] {processor.py:766} INFO - DAG(s) dict_keys(['producer']) retrieved from /opt/airflow/dags/producer.py
[2024-09-08T07:42:32.101+0000] {logging_mixin.py:120} INFO - [2024-09-08T07:42:32.101+0000] {dag.py:2585} INFO - Sync 1 DAGs
[2024-09-08T07:42:32.122+0000] {logging_mixin.py:120} INFO - [2024-09-08T07:42:32.122+0000] {dag.py:3340} INFO - Setting next_dagrun for producer to 2024-09-07T00:00:00+00:00, run_after=2024-09-08T00:00:00+00:00
[2024-09-08T07:42:32.139+0000] {processor.py:176} INFO - Processing /opt/airflow/dags/producer.py took 0.107 seconds
[2024-09-08T07:43:02.512+0000] {processor.py:154} INFO - Started process (PID=572) to work on /opt/airflow/dags/producer.py
[2024-09-08T07:43:02.514+0000] {processor.py:756} INFO - Processing file /opt/airflow/dags/producer.py for tasks to queue
[2024-09-08T07:43:02.515+0000] {logging_mixin.py:120} INFO - [2024-09-08T07:43:02.515+0000] {dagbag.py:537} INFO - Filling up the DagBag from /opt/airflow/dags/producer.py
[2024-09-08T07:43:02.536+0000] {processor.py:766} INFO - DAG(s) dict_keys(['producer']) retrieved from /opt/airflow/dags/producer.py
[2024-09-08T07:43:02.571+0000] {logging_mixin.py:120} INFO - [2024-09-08T07:43:02.571+0000] {dag.py:2585} INFO - Sync 1 DAGs
[2024-09-08T07:43:02.593+0000] {logging_mixin.py:120} INFO - [2024-09-08T07:43:02.593+0000] {dag.py:3340} INFO - Setting next_dagrun for producer to 2024-09-07T00:00:00+00:00, run_after=2024-09-08T00:00:00+00:00
[2024-09-08T07:43:02.612+0000] {processor.py:176} INFO - Processing /opt/airflow/dags/producer.py took 0.103 seconds
[2024-09-08T07:43:33.023+0000] {processor.py:154} INFO - Started process (PID=596) to work on /opt/airflow/dags/producer.py
[2024-09-08T07:43:33.026+0000] {processor.py:756} INFO - Processing file /opt/airflow/dags/producer.py for tasks to queue
[2024-09-08T07:43:33.028+0000] {logging_mixin.py:120} INFO - [2024-09-08T07:43:33.028+0000] {dagbag.py:537} INFO - Filling up the DagBag from /opt/airflow/dags/producer.py
[2024-09-08T07:43:33.057+0000] {processor.py:766} INFO - DAG(s) dict_keys(['producer']) retrieved from /opt/airflow/dags/producer.py
[2024-09-08T07:43:33.093+0000] {logging_mixin.py:120} INFO - [2024-09-08T07:43:33.093+0000] {dag.py:2585} INFO - Sync 1 DAGs
[2024-09-08T07:43:33.114+0000] {logging_mixin.py:120} INFO - [2024-09-08T07:43:33.114+0000] {dag.py:3340} INFO - Setting next_dagrun for producer to 2024-09-07T00:00:00+00:00, run_after=2024-09-08T00:00:00+00:00
[2024-09-08T07:43:33.131+0000] {processor.py:176} INFO - Processing /opt/airflow/dags/producer.py took 0.112 seconds
[2024-09-08T07:44:03.576+0000] {processor.py:154} INFO - Started process (PID=628) to work on /opt/airflow/dags/producer.py
[2024-09-08T07:44:03.578+0000] {processor.py:756} INFO - Processing file /opt/airflow/dags/producer.py for tasks to queue
[2024-09-08T07:44:03.580+0000] {logging_mixin.py:120} INFO - [2024-09-08T07:44:03.580+0000] {dagbag.py:537} INFO - Filling up the DagBag from /opt/airflow/dags/producer.py
[2024-09-08T07:44:03.608+0000] {processor.py:766} INFO - DAG(s) dict_keys(['producer']) retrieved from /opt/airflow/dags/producer.py
[2024-09-08T07:44:03.643+0000] {logging_mixin.py:120} INFO - [2024-09-08T07:44:03.643+0000] {dag.py:2585} INFO - Sync 1 DAGs
[2024-09-08T07:44:03.666+0000] {logging_mixin.py:120} INFO - [2024-09-08T07:44:03.665+0000] {dag.py:3340} INFO - Setting next_dagrun for producer to 2024-09-07T00:00:00+00:00, run_after=2024-09-08T00:00:00+00:00
[2024-09-08T07:44:03.683+0000] {processor.py:176} INFO - Processing /opt/airflow/dags/producer.py took 0.113 seconds
[2024-09-08T07:44:34.093+0000] {processor.py:154} INFO - Started process (PID=660) to work on /opt/airflow/dags/producer.py
[2024-09-08T07:44:34.096+0000] {processor.py:756} INFO - Processing file /opt/airflow/dags/producer.py for tasks to queue
[2024-09-08T07:44:34.097+0000] {logging_mixin.py:120} INFO - [2024-09-08T07:44:34.097+0000] {dagbag.py:537} INFO - Filling up the DagBag from /opt/airflow/dags/producer.py
[2024-09-08T07:44:34.123+0000] {processor.py:766} INFO - DAG(s) dict_keys(['producer']) retrieved from /opt/airflow/dags/producer.py
[2024-09-08T07:44:34.160+0000] {logging_mixin.py:120} INFO - [2024-09-08T07:44:34.160+0000] {dag.py:2585} INFO - Sync 1 DAGs
[2024-09-08T07:44:34.181+0000] {logging_mixin.py:120} INFO - [2024-09-08T07:44:34.181+0000] {dag.py:3340} INFO - Setting next_dagrun for producer to 2024-09-07T00:00:00+00:00, run_after=2024-09-08T00:00:00+00:00
[2024-09-08T07:44:34.199+0000] {processor.py:176} INFO - Processing /opt/airflow/dags/producer.py took 0.112 seconds
[2024-09-08T07:45:04.641+0000] {processor.py:154} INFO - Started process (PID=692) to work on /opt/airflow/dags/producer.py
[2024-09-08T07:45:04.644+0000] {processor.py:756} INFO - Processing file /opt/airflow/dags/producer.py for tasks to queue
[2024-09-08T07:45:04.645+0000] {logging_mixin.py:120} INFO - [2024-09-08T07:45:04.645+0000] {dagbag.py:537} INFO - Filling up the DagBag from /opt/airflow/dags/producer.py
[2024-09-08T07:45:04.670+0000] {processor.py:766} INFO - DAG(s) dict_keys(['producer']) retrieved from /opt/airflow/dags/producer.py
[2024-09-08T07:45:04.706+0000] {logging_mixin.py:120} INFO - [2024-09-08T07:45:04.706+0000] {dag.py:2585} INFO - Sync 1 DAGs
[2024-09-08T07:45:04.728+0000] {logging_mixin.py:120} INFO - [2024-09-08T07:45:04.728+0000] {dag.py:3340} INFO - Setting next_dagrun for producer to 2024-09-07T00:00:00+00:00, run_after=2024-09-08T00:00:00+00:00
[2024-09-08T07:45:04.746+0000] {processor.py:176} INFO - Processing /opt/airflow/dags/producer.py took 0.108 seconds
[2024-09-08T07:45:35.006+0000] {processor.py:154} INFO - Started process (PID=715) to work on /opt/airflow/dags/producer.py
[2024-09-08T07:45:35.009+0000] {processor.py:756} INFO - Processing file /opt/airflow/dags/producer.py for tasks to queue
[2024-09-08T07:45:35.011+0000] {logging_mixin.py:120} INFO - [2024-09-08T07:45:35.010+0000] {dagbag.py:537} INFO - Filling up the DagBag from /opt/airflow/dags/producer.py
[2024-09-08T07:45:35.034+0000] {processor.py:766} INFO - DAG(s) dict_keys(['producer']) retrieved from /opt/airflow/dags/producer.py
[2024-09-08T07:45:35.078+0000] {logging_mixin.py:120} INFO - [2024-09-08T07:45:35.078+0000] {dag.py:2585} INFO - Sync 1 DAGs
[2024-09-08T07:45:35.102+0000] {logging_mixin.py:120} INFO - [2024-09-08T07:45:35.102+0000] {dag.py:3340} INFO - Setting next_dagrun for producer to 2024-09-07T00:00:00+00:00, run_after=2024-09-08T00:00:00+00:00
[2024-09-08T07:45:35.138+0000] {processor.py:176} INFO - Processing /opt/airflow/dags/producer.py took 0.134 seconds
[2024-09-08T07:46:05.522+0000] {processor.py:154} INFO - Started process (PID=747) to work on /opt/airflow/dags/producer.py
[2024-09-08T07:46:05.523+0000] {processor.py:756} INFO - Processing file /opt/airflow/dags/producer.py for tasks to queue
[2024-09-08T07:46:05.524+0000] {logging_mixin.py:120} INFO - [2024-09-08T07:46:05.524+0000] {dagbag.py:537} INFO - Filling up the DagBag from /opt/airflow/dags/producer.py
[2024-09-08T07:46:05.545+0000] {processor.py:766} INFO - DAG(s) dict_keys(['producer']) retrieved from /opt/airflow/dags/producer.py
[2024-09-08T07:46:05.581+0000] {logging_mixin.py:120} INFO - [2024-09-08T07:46:05.581+0000] {dag.py:2585} INFO - Sync 1 DAGs
[2024-09-08T07:46:05.602+0000] {logging_mixin.py:120} INFO - [2024-09-08T07:46:05.601+0000] {dag.py:3340} INFO - Setting next_dagrun for producer to 2024-09-07T00:00:00+00:00, run_after=2024-09-08T00:00:00+00:00
[2024-09-08T07:46:05.619+0000] {processor.py:176} INFO - Processing /opt/airflow/dags/producer.py took 0.100 seconds
[2024-09-08T07:46:36.067+0000] {processor.py:154} INFO - Started process (PID=779) to work on /opt/airflow/dags/producer.py
[2024-09-08T07:46:36.069+0000] {processor.py:756} INFO - Processing file /opt/airflow/dags/producer.py for tasks to queue
[2024-09-08T07:46:36.070+0000] {logging_mixin.py:120} INFO - [2024-09-08T07:46:36.070+0000] {dagbag.py:537} INFO - Filling up the DagBag from /opt/airflow/dags/producer.py
[2024-09-08T07:46:36.093+0000] {processor.py:766} INFO - DAG(s) dict_keys(['producer']) retrieved from /opt/airflow/dags/producer.py
[2024-09-08T07:46:36.130+0000] {logging_mixin.py:120} INFO - [2024-09-08T07:46:36.130+0000] {dag.py:2585} INFO - Sync 1 DAGs
[2024-09-08T07:46:36.152+0000] {logging_mixin.py:120} INFO - [2024-09-08T07:46:36.152+0000] {dag.py:3340} INFO - Setting next_dagrun for producer to 2024-09-07T00:00:00+00:00, run_after=2024-09-08T00:00:00+00:00
[2024-09-08T07:46:36.169+0000] {processor.py:176} INFO - Processing /opt/airflow/dags/producer.py took 0.105 seconds
[2024-09-08T07:47:06.573+0000] {processor.py:154} INFO - Started process (PID=811) to work on /opt/airflow/dags/producer.py
[2024-09-08T07:47:06.575+0000] {processor.py:756} INFO - Processing file /opt/airflow/dags/producer.py for tasks to queue
[2024-09-08T07:47:06.576+0000] {logging_mixin.py:120} INFO - [2024-09-08T07:47:06.576+0000] {dagbag.py:537} INFO - Filling up the DagBag from /opt/airflow/dags/producer.py
[2024-09-08T07:47:06.599+0000] {processor.py:766} INFO - DAG(s) dict_keys(['producer']) retrieved from /opt/airflow/dags/producer.py
[2024-09-08T07:47:06.637+0000] {logging_mixin.py:120} INFO - [2024-09-08T07:47:06.636+0000] {dag.py:2585} INFO - Sync 1 DAGs
[2024-09-08T07:47:06.660+0000] {logging_mixin.py:120} INFO - [2024-09-08T07:47:06.660+0000] {dag.py:3340} INFO - Setting next_dagrun for producer to 2024-09-07T00:00:00+00:00, run_after=2024-09-08T00:00:00+00:00
[2024-09-08T07:47:06.677+0000] {processor.py:176} INFO - Processing /opt/airflow/dags/producer.py took 0.107 seconds
[2024-09-08T07:47:37.062+0000] {processor.py:154} INFO - Started process (PID=834) to work on /opt/airflow/dags/producer.py
[2024-09-08T07:47:37.064+0000] {processor.py:756} INFO - Processing file /opt/airflow/dags/producer.py for tasks to queue
[2024-09-08T07:47:37.065+0000] {logging_mixin.py:120} INFO - [2024-09-08T07:47:37.065+0000] {dagbag.py:537} INFO - Filling up the DagBag from /opt/airflow/dags/producer.py
[2024-09-08T07:47:37.096+0000] {processor.py:766} INFO - DAG(s) dict_keys(['producer']) retrieved from /opt/airflow/dags/producer.py
[2024-09-08T07:47:37.134+0000] {logging_mixin.py:120} INFO - [2024-09-08T07:47:37.134+0000] {dag.py:2585} INFO - Sync 1 DAGs
[2024-09-08T07:47:37.156+0000] {logging_mixin.py:120} INFO - [2024-09-08T07:47:37.156+0000] {dag.py:3340} INFO - Setting next_dagrun for producer to 2024-09-07T00:00:00+00:00, run_after=2024-09-08T00:00:00+00:00
[2024-09-08T07:47:37.173+0000] {processor.py:176} INFO - Processing /opt/airflow/dags/producer.py took 0.115 seconds
[2024-09-08T07:48:07.399+0000] {processor.py:154} INFO - Started process (PID=866) to work on /opt/airflow/dags/producer.py
[2024-09-08T07:48:07.403+0000] {processor.py:756} INFO - Processing file /opt/airflow/dags/producer.py for tasks to queue
[2024-09-08T07:48:07.405+0000] {logging_mixin.py:120} INFO - [2024-09-08T07:48:07.404+0000] {dagbag.py:537} INFO - Filling up the DagBag from /opt/airflow/dags/producer.py
[2024-09-08T07:48:07.435+0000] {processor.py:766} INFO - DAG(s) dict_keys(['producer']) retrieved from /opt/airflow/dags/producer.py
[2024-09-08T07:48:07.474+0000] {logging_mixin.py:120} INFO - [2024-09-08T07:48:07.474+0000] {dag.py:2585} INFO - Sync 1 DAGs
[2024-09-08T07:48:07.495+0000] {logging_mixin.py:120} INFO - [2024-09-08T07:48:07.495+0000] {dag.py:3340} INFO - Setting next_dagrun for producer to 2024-09-07T00:00:00+00:00, run_after=2024-09-08T00:00:00+00:00
[2024-09-08T07:48:07.512+0000] {processor.py:176} INFO - Processing /opt/airflow/dags/producer.py took 0.117 seconds
[2024-09-08T07:48:37.923+0000] {processor.py:154} INFO - Started process (PID=898) to work on /opt/airflow/dags/producer.py
[2024-09-08T07:48:37.926+0000] {processor.py:756} INFO - Processing file /opt/airflow/dags/producer.py for tasks to queue
[2024-09-08T07:48:37.927+0000] {logging_mixin.py:120} INFO - [2024-09-08T07:48:37.927+0000] {dagbag.py:537} INFO - Filling up the DagBag from /opt/airflow/dags/producer.py
[2024-09-08T07:48:37.950+0000] {processor.py:766} INFO - DAG(s) dict_keys(['producer']) retrieved from /opt/airflow/dags/producer.py
[2024-09-08T07:48:37.986+0000] {logging_mixin.py:120} INFO - [2024-09-08T07:48:37.985+0000] {dag.py:2585} INFO - Sync 1 DAGs
[2024-09-08T07:48:38.007+0000] {logging_mixin.py:120} INFO - [2024-09-08T07:48:38.007+0000] {dag.py:3340} INFO - Setting next_dagrun for producer to 2024-09-07T00:00:00+00:00, run_after=2024-09-08T00:00:00+00:00
[2024-09-08T07:48:38.024+0000] {processor.py:176} INFO - Processing /opt/airflow/dags/producer.py took 0.105 seconds
[2024-09-08T07:49:08.453+0000] {processor.py:154} INFO - Started process (PID=930) to work on /opt/airflow/dags/producer.py
[2024-09-08T07:49:08.456+0000] {processor.py:756} INFO - Processing file /opt/airflow/dags/producer.py for tasks to queue
[2024-09-08T07:49:08.458+0000] {logging_mixin.py:120} INFO - [2024-09-08T07:49:08.457+0000] {dagbag.py:537} INFO - Filling up the DagBag from /opt/airflow/dags/producer.py
[2024-09-08T07:49:08.486+0000] {processor.py:766} INFO - DAG(s) dict_keys(['producer']) retrieved from /opt/airflow/dags/producer.py
[2024-09-08T07:49:08.528+0000] {logging_mixin.py:120} INFO - [2024-09-08T07:49:08.527+0000] {dag.py:2585} INFO - Sync 1 DAGs
[2024-09-08T07:49:08.550+0000] {logging_mixin.py:120} INFO - [2024-09-08T07:49:08.550+0000] {dag.py:3340} INFO - Setting next_dagrun for producer to 2024-09-07T00:00:00+00:00, run_after=2024-09-08T00:00:00+00:00
[2024-09-08T07:49:08.568+0000] {processor.py:176} INFO - Processing /opt/airflow/dags/producer.py took 0.118 seconds
[2024-09-08T07:49:38.912+0000] {processor.py:154} INFO - Started process (PID=953) to work on /opt/airflow/dags/producer.py
[2024-09-08T07:49:38.915+0000] {processor.py:756} INFO - Processing file /opt/airflow/dags/producer.py for tasks to queue
[2024-09-08T07:49:38.916+0000] {logging_mixin.py:120} INFO - [2024-09-08T07:49:38.916+0000] {dagbag.py:537} INFO - Filling up the DagBag from /opt/airflow/dags/producer.py
[2024-09-08T07:49:38.939+0000] {processor.py:766} INFO - DAG(s) dict_keys(['producer']) retrieved from /opt/airflow/dags/producer.py
[2024-09-08T07:49:38.976+0000] {logging_mixin.py:120} INFO - [2024-09-08T07:49:38.976+0000] {dag.py:2585} INFO - Sync 1 DAGs
[2024-09-08T07:49:39.001+0000] {logging_mixin.py:120} INFO - [2024-09-08T07:49:39.001+0000] {dag.py:3340} INFO - Setting next_dagrun for producer to 2024-09-07T00:00:00+00:00, run_after=2024-09-08T00:00:00+00:00
[2024-09-08T07:49:39.021+0000] {processor.py:176} INFO - Processing /opt/airflow/dags/producer.py took 0.111 seconds
[2024-09-08T07:50:09.418+0000] {processor.py:154} INFO - Started process (PID=986) to work on /opt/airflow/dags/producer.py
[2024-09-08T07:50:09.419+0000] {processor.py:756} INFO - Processing file /opt/airflow/dags/producer.py for tasks to queue
[2024-09-08T07:50:09.420+0000] {logging_mixin.py:120} INFO - [2024-09-08T07:50:09.420+0000] {dagbag.py:537} INFO - Filling up the DagBag from /opt/airflow/dags/producer.py
[2024-09-08T07:50:09.442+0000] {processor.py:766} INFO - DAG(s) dict_keys(['producer']) retrieved from /opt/airflow/dags/producer.py
[2024-09-08T07:50:09.479+0000] {logging_mixin.py:120} INFO - [2024-09-08T07:50:09.479+0000] {dag.py:2585} INFO - Sync 1 DAGs
[2024-09-08T07:50:09.503+0000] {logging_mixin.py:120} INFO - [2024-09-08T07:50:09.503+0000] {dag.py:3340} INFO - Setting next_dagrun for producer to 2024-09-07T00:00:00+00:00, run_after=2024-09-08T00:00:00+00:00
[2024-09-08T07:50:09.521+0000] {processor.py:176} INFO - Processing /opt/airflow/dags/producer.py took 0.106 seconds
[2024-09-08T07:50:39.765+0000] {processor.py:154} INFO - Started process (PID=1017) to work on /opt/airflow/dags/producer.py
[2024-09-08T07:50:39.766+0000] {processor.py:756} INFO - Processing file /opt/airflow/dags/producer.py for tasks to queue
[2024-09-08T07:50:39.767+0000] {logging_mixin.py:120} INFO - [2024-09-08T07:50:39.767+0000] {dagbag.py:537} INFO - Filling up the DagBag from /opt/airflow/dags/producer.py
[2024-09-08T07:50:39.788+0000] {processor.py:766} INFO - DAG(s) dict_keys(['producer']) retrieved from /opt/airflow/dags/producer.py
[2024-09-08T07:50:39.823+0000] {logging_mixin.py:120} INFO - [2024-09-08T07:50:39.823+0000] {dag.py:2585} INFO - Sync 1 DAGs
[2024-09-08T07:50:39.845+0000] {logging_mixin.py:120} INFO - [2024-09-08T07:50:39.845+0000] {dag.py:3340} INFO - Setting next_dagrun for producer to 2024-09-07T00:00:00+00:00, run_after=2024-09-08T00:00:00+00:00
[2024-09-08T07:50:39.862+0000] {processor.py:176} INFO - Processing /opt/airflow/dags/producer.py took 0.100 seconds
[2024-09-08T07:51:10.208+0000] {processor.py:154} INFO - Started process (PID=1048) to work on /opt/airflow/dags/producer.py
[2024-09-08T07:51:10.209+0000] {processor.py:756} INFO - Processing file /opt/airflow/dags/producer.py for tasks to queue
[2024-09-08T07:51:10.210+0000] {logging_mixin.py:120} INFO - [2024-09-08T07:51:10.210+0000] {dagbag.py:537} INFO - Filling up the DagBag from /opt/airflow/dags/producer.py
[2024-09-08T07:51:10.231+0000] {processor.py:766} INFO - DAG(s) dict_keys(['producer']) retrieved from /opt/airflow/dags/producer.py
[2024-09-08T07:51:10.267+0000] {logging_mixin.py:120} INFO - [2024-09-08T07:51:10.267+0000] {dag.py:2585} INFO - Sync 1 DAGs
[2024-09-08T07:51:10.288+0000] {logging_mixin.py:120} INFO - [2024-09-08T07:51:10.288+0000] {dag.py:3340} INFO - Setting next_dagrun for producer to 2024-09-07T00:00:00+00:00, run_after=2024-09-08T00:00:00+00:00
[2024-09-08T07:51:10.306+0000] {processor.py:176} INFO - Processing /opt/airflow/dags/producer.py took 0.100 seconds
[2024-09-08T07:51:40.683+0000] {processor.py:154} INFO - Started process (PID=1077) to work on /opt/airflow/dags/producer.py
[2024-09-08T07:51:40.685+0000] {processor.py:756} INFO - Processing file /opt/airflow/dags/producer.py for tasks to queue
[2024-09-08T07:51:40.686+0000] {logging_mixin.py:120} INFO - [2024-09-08T07:51:40.686+0000] {dagbag.py:537} INFO - Filling up the DagBag from /opt/airflow/dags/producer.py
[2024-09-08T07:51:40.710+0000] {processor.py:766} INFO - DAG(s) dict_keys(['producer']) retrieved from /opt/airflow/dags/producer.py
[2024-09-08T07:51:40.755+0000] {logging_mixin.py:120} INFO - [2024-09-08T07:51:40.755+0000] {dag.py:2585} INFO - Sync 1 DAGs
[2024-09-08T07:51:40.784+0000] {logging_mixin.py:120} INFO - [2024-09-08T07:51:40.783+0000] {dag.py:3340} INFO - Setting next_dagrun for producer to 2024-09-07T00:00:00+00:00, run_after=2024-09-08T00:00:00+00:00
[2024-09-08T07:51:40.809+0000] {processor.py:176} INFO - Processing /opt/airflow/dags/producer.py took 0.129 seconds
[2024-09-08T07:52:11.059+0000] {processor.py:154} INFO - Started process (PID=1102) to work on /opt/airflow/dags/producer.py
[2024-09-08T07:52:11.062+0000] {processor.py:756} INFO - Processing file /opt/airflow/dags/producer.py for tasks to queue
[2024-09-08T07:52:11.063+0000] {logging_mixin.py:120} INFO - [2024-09-08T07:52:11.063+0000] {dagbag.py:537} INFO - Filling up the DagBag from /opt/airflow/dags/producer.py
[2024-09-08T07:52:11.084+0000] {processor.py:766} INFO - DAG(s) dict_keys(['producer']) retrieved from /opt/airflow/dags/producer.py
[2024-09-08T07:52:11.120+0000] {logging_mixin.py:120} INFO - [2024-09-08T07:52:11.120+0000] {dag.py:2585} INFO - Sync 1 DAGs
[2024-09-08T07:52:11.141+0000] {logging_mixin.py:120} INFO - [2024-09-08T07:52:11.140+0000] {dag.py:3340} INFO - Setting next_dagrun for producer to 2024-09-07T00:00:00+00:00, run_after=2024-09-08T00:00:00+00:00
[2024-09-08T07:52:11.157+0000] {processor.py:176} INFO - Processing /opt/airflow/dags/producer.py took 0.102 seconds
[2024-09-08T07:52:41.553+0000] {processor.py:154} INFO - Started process (PID=1134) to work on /opt/airflow/dags/producer.py
[2024-09-08T07:52:41.555+0000] {processor.py:756} INFO - Processing file /opt/airflow/dags/producer.py for tasks to queue
[2024-09-08T07:52:41.556+0000] {logging_mixin.py:120} INFO - [2024-09-08T07:52:41.556+0000] {dagbag.py:537} INFO - Filling up the DagBag from /opt/airflow/dags/producer.py
[2024-09-08T07:52:41.579+0000] {processor.py:766} INFO - DAG(s) dict_keys(['producer']) retrieved from /opt/airflow/dags/producer.py
[2024-09-08T07:52:41.614+0000] {logging_mixin.py:120} INFO - [2024-09-08T07:52:41.614+0000] {dag.py:2585} INFO - Sync 1 DAGs
[2024-09-08T07:52:41.635+0000] {logging_mixin.py:120} INFO - [2024-09-08T07:52:41.635+0000] {dag.py:3340} INFO - Setting next_dagrun for producer to 2024-09-07T00:00:00+00:00, run_after=2024-09-08T00:00:00+00:00
[2024-09-08T07:52:41.653+0000] {processor.py:176} INFO - Processing /opt/airflow/dags/producer.py took 0.103 seconds
[2024-09-08T07:53:12.107+0000] {processor.py:154} INFO - Started process (PID=1166) to work on /opt/airflow/dags/producer.py
[2024-09-08T07:53:12.109+0000] {processor.py:756} INFO - Processing file /opt/airflow/dags/producer.py for tasks to queue
[2024-09-08T07:53:12.110+0000] {logging_mixin.py:120} INFO - [2024-09-08T07:53:12.110+0000] {dagbag.py:537} INFO - Filling up the DagBag from /opt/airflow/dags/producer.py
[2024-09-08T07:53:12.132+0000] {processor.py:766} INFO - DAG(s) dict_keys(['producer']) retrieved from /opt/airflow/dags/producer.py
[2024-09-08T07:53:12.172+0000] {logging_mixin.py:120} INFO - [2024-09-08T07:53:12.172+0000] {dag.py:2585} INFO - Sync 1 DAGs
[2024-09-08T07:53:12.195+0000] {logging_mixin.py:120} INFO - [2024-09-08T07:53:12.194+0000] {dag.py:3340} INFO - Setting next_dagrun for producer to 2024-09-07T00:00:00+00:00, run_after=2024-09-08T00:00:00+00:00
[2024-09-08T07:53:12.212+0000] {processor.py:176} INFO - Processing /opt/airflow/dags/producer.py took 0.109 seconds
[2024-09-08T07:53:42.585+0000] {processor.py:154} INFO - Started process (PID=1199) to work on /opt/airflow/dags/producer.py
[2024-09-08T07:53:42.590+0000] {processor.py:756} INFO - Processing file /opt/airflow/dags/producer.py for tasks to queue
[2024-09-08T07:53:42.592+0000] {logging_mixin.py:120} INFO - [2024-09-08T07:53:42.592+0000] {dagbag.py:537} INFO - Filling up the DagBag from /opt/airflow/dags/producer.py
[2024-09-08T07:53:42.631+0000] {processor.py:766} INFO - DAG(s) dict_keys(['producer']) retrieved from /opt/airflow/dags/producer.py
[2024-09-08T07:53:42.678+0000] {logging_mixin.py:120} INFO - [2024-09-08T07:53:42.678+0000] {dag.py:2585} INFO - Sync 1 DAGs
[2024-09-08T07:53:42.719+0000] {logging_mixin.py:120} INFO - [2024-09-08T07:53:42.718+0000] {dag.py:3340} INFO - Setting next_dagrun for producer to 2024-09-07T00:00:00+00:00, run_after=2024-09-08T00:00:00+00:00
[2024-09-08T07:53:42.752+0000] {processor.py:176} INFO - Processing /opt/airflow/dags/producer.py took 0.171 seconds
[2024-09-08T07:54:13.129+0000] {processor.py:154} INFO - Started process (PID=1223) to work on /opt/airflow/dags/producer.py
[2024-09-08T07:54:13.131+0000] {processor.py:756} INFO - Processing file /opt/airflow/dags/producer.py for tasks to queue
[2024-09-08T07:54:13.133+0000] {logging_mixin.py:120} INFO - [2024-09-08T07:54:13.133+0000] {dagbag.py:537} INFO - Filling up the DagBag from /opt/airflow/dags/producer.py
[2024-09-08T07:54:13.159+0000] {processor.py:766} INFO - DAG(s) dict_keys(['producer']) retrieved from /opt/airflow/dags/producer.py
[2024-09-08T07:54:13.197+0000] {logging_mixin.py:120} INFO - [2024-09-08T07:54:13.196+0000] {dag.py:2585} INFO - Sync 1 DAGs
[2024-09-08T07:54:13.218+0000] {logging_mixin.py:120} INFO - [2024-09-08T07:54:13.218+0000] {dag.py:3340} INFO - Setting next_dagrun for producer to 2024-09-07T00:00:00+00:00, run_after=2024-09-08T00:00:00+00:00
[2024-09-08T07:54:13.235+0000] {processor.py:176} INFO - Processing /opt/airflow/dags/producer.py took 0.110 seconds
[2024-09-08T07:54:43.579+0000] {processor.py:154} INFO - Started process (PID=1256) to work on /opt/airflow/dags/producer.py
[2024-09-08T07:54:43.581+0000] {processor.py:756} INFO - Processing file /opt/airflow/dags/producer.py for tasks to queue
[2024-09-08T07:54:43.581+0000] {logging_mixin.py:120} INFO - [2024-09-08T07:54:43.581+0000] {dagbag.py:537} INFO - Filling up the DagBag from /opt/airflow/dags/producer.py
[2024-09-08T07:54:43.602+0000] {processor.py:766} INFO - DAG(s) dict_keys(['producer']) retrieved from /opt/airflow/dags/producer.py
[2024-09-08T07:54:43.638+0000] {logging_mixin.py:120} INFO - [2024-09-08T07:54:43.638+0000] {dag.py:2585} INFO - Sync 1 DAGs
[2024-09-08T07:54:43.659+0000] {logging_mixin.py:120} INFO - [2024-09-08T07:54:43.659+0000] {dag.py:3340} INFO - Setting next_dagrun for producer to 2024-09-07T00:00:00+00:00, run_after=2024-09-08T00:00:00+00:00
[2024-09-08T07:54:43.676+0000] {processor.py:176} INFO - Processing /opt/airflow/dags/producer.py took 0.099 seconds
[2024-09-08T07:55:14.116+0000] {processor.py:154} INFO - Started process (PID=1288) to work on /opt/airflow/dags/producer.py
[2024-09-08T07:55:14.119+0000] {processor.py:756} INFO - Processing file /opt/airflow/dags/producer.py for tasks to queue
[2024-09-08T07:55:14.120+0000] {logging_mixin.py:120} INFO - [2024-09-08T07:55:14.120+0000] {dagbag.py:537} INFO - Filling up the DagBag from /opt/airflow/dags/producer.py
[2024-09-08T07:55:14.142+0000] {processor.py:766} INFO - DAG(s) dict_keys(['producer']) retrieved from /opt/airflow/dags/producer.py
[2024-09-08T07:55:14.184+0000] {logging_mixin.py:120} INFO - [2024-09-08T07:55:14.184+0000] {dag.py:2585} INFO - Sync 1 DAGs
[2024-09-08T07:55:14.207+0000] {logging_mixin.py:120} INFO - [2024-09-08T07:55:14.207+0000] {dag.py:3340} INFO - Setting next_dagrun for producer to 2024-09-07T00:00:00+00:00, run_after=2024-09-08T00:00:00+00:00
[2024-09-08T07:55:14.226+0000] {processor.py:176} INFO - Processing /opt/airflow/dags/producer.py took 0.112 seconds
[2024-09-08T08:22:31.611+0000] {processor.py:154} INFO - Started process (PID=1311) to work on /opt/airflow/dags/producer.py
[2024-09-08T08:22:31.614+0000] {processor.py:756} INFO - Processing file /opt/airflow/dags/producer.py for tasks to queue
[2024-09-08T08:22:31.615+0000] {logging_mixin.py:120} INFO - [2024-09-08T08:22:31.615+0000] {dagbag.py:537} INFO - Filling up the DagBag from /opt/airflow/dags/producer.py
[2024-09-08T08:22:31.674+0000] {processor.py:766} INFO - DAG(s) dict_keys(['producer']) retrieved from /opt/airflow/dags/producer.py
[2024-09-08T08:22:31.750+0000] {logging_mixin.py:120} INFO - [2024-09-08T08:22:31.750+0000] {dag.py:2585} INFO - Sync 1 DAGs
[2024-09-08T08:22:31.809+0000] {logging_mixin.py:120} INFO - [2024-09-08T08:22:31.809+0000] {dag.py:3340} INFO - Setting next_dagrun for producer to 2024-09-07T00:00:00+00:00, run_after=2024-09-08T00:00:00+00:00
[2024-09-08T08:22:31.861+0000] {processor.py:176} INFO - Processing /opt/airflow/dags/producer.py took 0.254 seconds
[2024-09-08T08:39:01.981+0000] {processor.py:154} INFO - Started process (PID=1334) to work on /opt/airflow/dags/producer.py
[2024-09-08T08:39:01.984+0000] {processor.py:756} INFO - Processing file /opt/airflow/dags/producer.py for tasks to queue
[2024-09-08T08:39:01.985+0000] {logging_mixin.py:120} INFO - [2024-09-08T08:39:01.985+0000] {dagbag.py:537} INFO - Filling up the DagBag from /opt/airflow/dags/producer.py
[2024-09-08T08:39:02.053+0000] {processor.py:766} INFO - DAG(s) dict_keys(['producer']) retrieved from /opt/airflow/dags/producer.py
[2024-09-08T08:39:02.161+0000] {logging_mixin.py:120} INFO - [2024-09-08T08:39:02.161+0000] {dag.py:2585} INFO - Sync 1 DAGs
[2024-09-08T08:39:02.217+0000] {logging_mixin.py:120} INFO - [2024-09-08T08:39:02.217+0000] {dag.py:3340} INFO - Setting next_dagrun for producer to 2024-09-07T00:00:00+00:00, run_after=2024-09-08T00:00:00+00:00
[2024-09-08T08:39:02.264+0000] {processor.py:176} INFO - Processing /opt/airflow/dags/producer.py took 0.286 seconds
[2024-09-08T08:39:32.408+0000] {processor.py:154} INFO - Started process (PID=1365) to work on /opt/airflow/dags/producer.py
[2024-09-08T08:39:32.410+0000] {processor.py:756} INFO - Processing file /opt/airflow/dags/producer.py for tasks to queue
[2024-09-08T08:39:32.411+0000] {logging_mixin.py:120} INFO - [2024-09-08T08:39:32.410+0000] {dagbag.py:537} INFO - Filling up the DagBag from /opt/airflow/dags/producer.py
[2024-09-08T08:39:32.431+0000] {processor.py:766} INFO - DAG(s) dict_keys(['producer']) retrieved from /opt/airflow/dags/producer.py
[2024-09-08T08:39:32.466+0000] {logging_mixin.py:120} INFO - [2024-09-08T08:39:32.466+0000] {dag.py:2585} INFO - Sync 1 DAGs
[2024-09-08T08:39:32.488+0000] {logging_mixin.py:120} INFO - [2024-09-08T08:39:32.488+0000] {dag.py:3340} INFO - Setting next_dagrun for producer to 2024-09-07T00:00:00+00:00, run_after=2024-09-08T00:00:00+00:00
[2024-09-08T08:39:32.505+0000] {processor.py:176} INFO - Processing /opt/airflow/dags/producer.py took 0.100 seconds
[2024-09-08T08:40:02.839+0000] {processor.py:154} INFO - Started process (PID=1397) to work on /opt/airflow/dags/producer.py
[2024-09-08T08:40:02.841+0000] {processor.py:756} INFO - Processing file /opt/airflow/dags/producer.py for tasks to queue
[2024-09-08T08:40:02.842+0000] {logging_mixin.py:120} INFO - [2024-09-08T08:40:02.842+0000] {dagbag.py:537} INFO - Filling up the DagBag from /opt/airflow/dags/producer.py
[2024-09-08T08:40:02.865+0000] {processor.py:766} INFO - DAG(s) dict_keys(['producer']) retrieved from /opt/airflow/dags/producer.py
[2024-09-08T08:40:02.906+0000] {logging_mixin.py:120} INFO - [2024-09-08T08:40:02.906+0000] {dag.py:2585} INFO - Sync 1 DAGs
[2024-09-08T08:40:02.929+0000] {logging_mixin.py:120} INFO - [2024-09-08T08:40:02.929+0000] {dag.py:3340} INFO - Setting next_dagrun for producer to 2024-09-07T00:00:00+00:00, run_after=2024-09-08T00:00:00+00:00
[2024-09-08T08:40:02.947+0000] {processor.py:176} INFO - Processing /opt/airflow/dags/producer.py took 0.111 seconds
[2024-09-08T08:40:33.345+0000] {processor.py:154} INFO - Started process (PID=1430) to work on /opt/airflow/dags/producer.py
[2024-09-08T08:40:33.346+0000] {processor.py:756} INFO - Processing file /opt/airflow/dags/producer.py for tasks to queue
[2024-09-08T08:40:33.347+0000] {logging_mixin.py:120} INFO - [2024-09-08T08:40:33.347+0000] {dagbag.py:537} INFO - Filling up the DagBag from /opt/airflow/dags/producer.py
[2024-09-08T08:40:33.367+0000] {processor.py:766} INFO - DAG(s) dict_keys(['producer']) retrieved from /opt/airflow/dags/producer.py
[2024-09-08T08:40:33.403+0000] {logging_mixin.py:120} INFO - [2024-09-08T08:40:33.403+0000] {dag.py:2585} INFO - Sync 1 DAGs
[2024-09-08T08:40:33.424+0000] {logging_mixin.py:120} INFO - [2024-09-08T08:40:33.424+0000] {dag.py:3340} INFO - Setting next_dagrun for producer to 2024-09-07T00:00:00+00:00, run_after=2024-09-08T00:00:00+00:00
[2024-09-08T08:40:33.441+0000] {processor.py:176} INFO - Processing /opt/airflow/dags/producer.py took 0.099 seconds
[2024-09-08T08:41:03.898+0000] {processor.py:154} INFO - Started process (PID=1453) to work on /opt/airflow/dags/producer.py
[2024-09-08T08:41:03.900+0000] {processor.py:756} INFO - Processing file /opt/airflow/dags/producer.py for tasks to queue
[2024-09-08T08:41:03.901+0000] {logging_mixin.py:120} INFO - [2024-09-08T08:41:03.901+0000] {dagbag.py:537} INFO - Filling up the DagBag from /opt/airflow/dags/producer.py
[2024-09-08T08:41:03.927+0000] {processor.py:766} INFO - DAG(s) dict_keys(['producer']) retrieved from /opt/airflow/dags/producer.py
[2024-09-08T08:41:03.973+0000] {logging_mixin.py:120} INFO - [2024-09-08T08:41:03.973+0000] {dag.py:2585} INFO - Sync 1 DAGs
[2024-09-08T08:41:03.998+0000] {logging_mixin.py:120} INFO - [2024-09-08T08:41:03.998+0000] {dag.py:3340} INFO - Setting next_dagrun for producer to 2024-09-07T00:00:00+00:00, run_after=2024-09-08T00:00:00+00:00
[2024-09-08T08:41:04.018+0000] {processor.py:176} INFO - Processing /opt/airflow/dags/producer.py took 0.123 seconds
[2024-09-08T08:41:34.411+0000] {processor.py:154} INFO - Started process (PID=1484) to work on /opt/airflow/dags/producer.py
[2024-09-08T08:41:34.412+0000] {processor.py:756} INFO - Processing file /opt/airflow/dags/producer.py for tasks to queue
[2024-09-08T08:41:34.413+0000] {logging_mixin.py:120} INFO - [2024-09-08T08:41:34.413+0000] {dagbag.py:537} INFO - Filling up the DagBag from /opt/airflow/dags/producer.py
[2024-09-08T08:41:34.434+0000] {processor.py:766} INFO - DAG(s) dict_keys(['producer']) retrieved from /opt/airflow/dags/producer.py
[2024-09-08T08:41:34.470+0000] {logging_mixin.py:120} INFO - [2024-09-08T08:41:34.470+0000] {dag.py:2585} INFO - Sync 1 DAGs
[2024-09-08T08:41:34.490+0000] {logging_mixin.py:120} INFO - [2024-09-08T08:41:34.490+0000] {dag.py:3340} INFO - Setting next_dagrun for producer to 2024-09-07T00:00:00+00:00, run_after=2024-09-08T00:00:00+00:00
[2024-09-08T08:41:34.508+0000] {processor.py:176} INFO - Processing /opt/airflow/dags/producer.py took 0.100 seconds
[2024-09-08T08:42:04.879+0000] {processor.py:154} INFO - Started process (PID=1516) to work on /opt/airflow/dags/producer.py
[2024-09-08T08:42:04.881+0000] {processor.py:756} INFO - Processing file /opt/airflow/dags/producer.py for tasks to queue
[2024-09-08T08:42:04.881+0000] {logging_mixin.py:120} INFO - [2024-09-08T08:42:04.881+0000] {dagbag.py:537} INFO - Filling up the DagBag from /opt/airflow/dags/producer.py
[2024-09-08T08:42:04.902+0000] {processor.py:766} INFO - DAG(s) dict_keys(['producer']) retrieved from /opt/airflow/dags/producer.py
[2024-09-08T08:42:04.937+0000] {logging_mixin.py:120} INFO - [2024-09-08T08:42:04.937+0000] {dag.py:2585} INFO - Sync 1 DAGs
[2024-09-08T08:42:04.958+0000] {logging_mixin.py:120} INFO - [2024-09-08T08:42:04.958+0000] {dag.py:3340} INFO - Setting next_dagrun for producer to 2024-09-07T00:00:00+00:00, run_after=2024-09-08T00:00:00+00:00
[2024-09-08T08:42:04.975+0000] {processor.py:176} INFO - Processing /opt/airflow/dags/producer.py took 0.098 seconds
[2024-09-08T08:42:35.430+0000] {processor.py:154} INFO - Started process (PID=1548) to work on /opt/airflow/dags/producer.py
[2024-09-08T08:42:35.432+0000] {processor.py:756} INFO - Processing file /opt/airflow/dags/producer.py for tasks to queue
[2024-09-08T08:42:35.433+0000] {logging_mixin.py:120} INFO - [2024-09-08T08:42:35.433+0000] {dagbag.py:537} INFO - Filling up the DagBag from /opt/airflow/dags/producer.py
[2024-09-08T08:42:35.455+0000] {processor.py:766} INFO - DAG(s) dict_keys(['producer']) retrieved from /opt/airflow/dags/producer.py
[2024-09-08T08:42:35.505+0000] {logging_mixin.py:120} INFO - [2024-09-08T08:42:35.504+0000] {dag.py:2585} INFO - Sync 1 DAGs
[2024-09-08T08:42:35.587+0000] {logging_mixin.py:120} INFO - [2024-09-08T08:42:35.586+0000] {dag.py:3340} INFO - Setting next_dagrun for producer to 2024-09-07T00:00:00+00:00, run_after=2024-09-08T00:00:00+00:00
[2024-09-08T08:42:35.655+0000] {processor.py:176} INFO - Processing /opt/airflow/dags/producer.py took 0.228 seconds
[2024-09-08T08:43:06.067+0000] {processor.py:154} INFO - Started process (PID=1571) to work on /opt/airflow/dags/producer.py
[2024-09-08T08:43:06.069+0000] {processor.py:756} INFO - Processing file /opt/airflow/dags/producer.py for tasks to queue
[2024-09-08T08:43:06.070+0000] {logging_mixin.py:120} INFO - [2024-09-08T08:43:06.070+0000] {dagbag.py:537} INFO - Filling up the DagBag from /opt/airflow/dags/producer.py
[2024-09-08T08:43:06.093+0000] {processor.py:766} INFO - DAG(s) dict_keys(['producer']) retrieved from /opt/airflow/dags/producer.py
[2024-09-08T08:43:06.134+0000] {logging_mixin.py:120} INFO - [2024-09-08T08:43:06.134+0000] {dag.py:2585} INFO - Sync 1 DAGs
[2024-09-08T08:43:06.158+0000] {logging_mixin.py:120} INFO - [2024-09-08T08:43:06.158+0000] {dag.py:3340} INFO - Setting next_dagrun for producer to 2024-09-07T00:00:00+00:00, run_after=2024-09-08T00:00:00+00:00
[2024-09-08T08:43:06.178+0000] {processor.py:176} INFO - Processing /opt/airflow/dags/producer.py took 0.114 seconds
[2024-09-08T08:43:36.571+0000] {processor.py:154} INFO - Started process (PID=1603) to work on /opt/airflow/dags/producer.py
[2024-09-08T08:43:36.574+0000] {processor.py:756} INFO - Processing file /opt/airflow/dags/producer.py for tasks to queue
[2024-09-08T08:43:36.575+0000] {logging_mixin.py:120} INFO - [2024-09-08T08:43:36.575+0000] {dagbag.py:537} INFO - Filling up the DagBag from /opt/airflow/dags/producer.py
[2024-09-08T08:43:36.600+0000] {processor.py:766} INFO - DAG(s) dict_keys(['producer']) retrieved from /opt/airflow/dags/producer.py
[2024-09-08T08:43:36.642+0000] {logging_mixin.py:120} INFO - [2024-09-08T08:43:36.642+0000] {dag.py:2585} INFO - Sync 1 DAGs
[2024-09-08T08:43:36.666+0000] {logging_mixin.py:120} INFO - [2024-09-08T08:43:36.666+0000] {dag.py:3340} INFO - Setting next_dagrun for producer to 2024-09-07T00:00:00+00:00, run_after=2024-09-08T00:00:00+00:00
[2024-09-08T08:43:36.684+0000] {processor.py:176} INFO - Processing /opt/airflow/dags/producer.py took 0.117 seconds
[2024-09-08T08:44:07.065+0000] {processor.py:154} INFO - Started process (PID=1635) to work on /opt/airflow/dags/producer.py
[2024-09-08T08:44:07.066+0000] {processor.py:756} INFO - Processing file /opt/airflow/dags/producer.py for tasks to queue
[2024-09-08T08:44:07.067+0000] {logging_mixin.py:120} INFO - [2024-09-08T08:44:07.067+0000] {dagbag.py:537} INFO - Filling up the DagBag from /opt/airflow/dags/producer.py
[2024-09-08T08:44:07.089+0000] {processor.py:766} INFO - DAG(s) dict_keys(['producer']) retrieved from /opt/airflow/dags/producer.py
[2024-09-08T08:44:07.125+0000] {logging_mixin.py:120} INFO - [2024-09-08T08:44:07.125+0000] {dag.py:2585} INFO - Sync 1 DAGs
[2024-09-08T08:44:07.145+0000] {logging_mixin.py:120} INFO - [2024-09-08T08:44:07.145+0000] {dag.py:3340} INFO - Setting next_dagrun for producer to 2024-09-07T00:00:00+00:00, run_after=2024-09-08T00:00:00+00:00
[2024-09-08T08:44:07.162+0000] {processor.py:176} INFO - Processing /opt/airflow/dags/producer.py took 0.100 seconds
[2024-09-08T08:44:37.525+0000] {processor.py:154} INFO - Started process (PID=1667) to work on /opt/airflow/dags/producer.py
[2024-09-08T08:44:37.527+0000] {processor.py:756} INFO - Processing file /opt/airflow/dags/producer.py for tasks to queue
[2024-09-08T08:44:37.528+0000] {logging_mixin.py:120} INFO - [2024-09-08T08:44:37.528+0000] {dagbag.py:537} INFO - Filling up the DagBag from /opt/airflow/dags/producer.py
[2024-09-08T08:44:37.548+0000] {processor.py:766} INFO - DAG(s) dict_keys(['producer']) retrieved from /opt/airflow/dags/producer.py
[2024-09-08T08:44:37.584+0000] {logging_mixin.py:120} INFO - [2024-09-08T08:44:37.584+0000] {dag.py:2585} INFO - Sync 1 DAGs
[2024-09-08T08:44:37.605+0000] {logging_mixin.py:120} INFO - [2024-09-08T08:44:37.605+0000] {dag.py:3340} INFO - Setting next_dagrun for producer to 2024-09-07T00:00:00+00:00, run_after=2024-09-08T00:00:00+00:00
[2024-09-08T08:44:37.623+0000] {processor.py:176} INFO - Processing /opt/airflow/dags/producer.py took 0.101 seconds
[2024-09-08T08:45:08.038+0000] {processor.py:154} INFO - Started process (PID=1690) to work on /opt/airflow/dags/producer.py
[2024-09-08T08:45:08.040+0000] {processor.py:756} INFO - Processing file /opt/airflow/dags/producer.py for tasks to queue
[2024-09-08T08:45:08.041+0000] {logging_mixin.py:120} INFO - [2024-09-08T08:45:08.041+0000] {dagbag.py:537} INFO - Filling up the DagBag from /opt/airflow/dags/producer.py
[2024-09-08T08:45:08.061+0000] {processor.py:766} INFO - DAG(s) dict_keys(['producer']) retrieved from /opt/airflow/dags/producer.py
[2024-09-08T08:45:08.097+0000] {logging_mixin.py:120} INFO - [2024-09-08T08:45:08.097+0000] {dag.py:2585} INFO - Sync 1 DAGs
[2024-09-08T08:45:08.118+0000] {logging_mixin.py:120} INFO - [2024-09-08T08:45:08.118+0000] {dag.py:3340} INFO - Setting next_dagrun for producer to 2024-09-07T00:00:00+00:00, run_after=2024-09-08T00:00:00+00:00
[2024-09-08T08:45:08.137+0000] {processor.py:176} INFO - Processing /opt/airflow/dags/producer.py took 0.102 seconds
[2024-09-08T08:45:38.490+0000] {processor.py:154} INFO - Started process (PID=1721) to work on /opt/airflow/dags/producer.py
[2024-09-08T08:45:38.492+0000] {processor.py:756} INFO - Processing file /opt/airflow/dags/producer.py for tasks to queue
[2024-09-08T08:45:38.493+0000] {logging_mixin.py:120} INFO - [2024-09-08T08:45:38.493+0000] {dagbag.py:537} INFO - Filling up the DagBag from /opt/airflow/dags/producer.py
[2024-09-08T08:45:38.514+0000] {processor.py:766} INFO - DAG(s) dict_keys(['producer']) retrieved from /opt/airflow/dags/producer.py
[2024-09-08T08:45:38.550+0000] {logging_mixin.py:120} INFO - [2024-09-08T08:45:38.549+0000] {dag.py:2585} INFO - Sync 1 DAGs
[2024-09-08T08:45:38.572+0000] {logging_mixin.py:120} INFO - [2024-09-08T08:45:38.572+0000] {dag.py:3340} INFO - Setting next_dagrun for producer to 2024-09-07T00:00:00+00:00, run_after=2024-09-08T00:00:00+00:00
[2024-09-08T08:45:38.590+0000] {processor.py:176} INFO - Processing /opt/airflow/dags/producer.py took 0.103 seconds
[2024-09-08T08:46:08.957+0000] {processor.py:154} INFO - Started process (PID=1753) to work on /opt/airflow/dags/producer.py
[2024-09-08T08:46:08.959+0000] {processor.py:756} INFO - Processing file /opt/airflow/dags/producer.py for tasks to queue
[2024-09-08T08:46:08.960+0000] {logging_mixin.py:120} INFO - [2024-09-08T08:46:08.960+0000] {dagbag.py:537} INFO - Filling up the DagBag from /opt/airflow/dags/producer.py
[2024-09-08T08:46:08.981+0000] {processor.py:766} INFO - DAG(s) dict_keys(['producer']) retrieved from /opt/airflow/dags/producer.py
[2024-09-08T08:46:09.018+0000] {logging_mixin.py:120} INFO - [2024-09-08T08:46:09.018+0000] {dag.py:2585} INFO - Sync 1 DAGs
[2024-09-08T08:46:09.041+0000] {logging_mixin.py:120} INFO - [2024-09-08T08:46:09.041+0000] {dag.py:3340} INFO - Setting next_dagrun for producer to 2024-09-07T00:00:00+00:00, run_after=2024-09-08T00:00:00+00:00
[2024-09-08T08:46:09.060+0000] {processor.py:176} INFO - Processing /opt/airflow/dags/producer.py took 0.106 seconds
[2024-09-08T08:46:39.420+0000] {processor.py:154} INFO - Started process (PID=1785) to work on /opt/airflow/dags/producer.py
[2024-09-08T08:46:39.422+0000] {processor.py:756} INFO - Processing file /opt/airflow/dags/producer.py for tasks to queue
[2024-09-08T08:46:39.423+0000] {logging_mixin.py:120} INFO - [2024-09-08T08:46:39.423+0000] {dagbag.py:537} INFO - Filling up the DagBag from /opt/airflow/dags/producer.py
[2024-09-08T08:46:39.444+0000] {processor.py:766} INFO - DAG(s) dict_keys(['producer']) retrieved from /opt/airflow/dags/producer.py
[2024-09-08T08:46:39.480+0000] {logging_mixin.py:120} INFO - [2024-09-08T08:46:39.480+0000] {dag.py:2585} INFO - Sync 1 DAGs
[2024-09-08T08:46:39.500+0000] {logging_mixin.py:120} INFO - [2024-09-08T08:46:39.500+0000] {dag.py:3340} INFO - Setting next_dagrun for producer to 2024-09-07T00:00:00+00:00, run_after=2024-09-08T00:00:00+00:00
[2024-09-08T08:46:39.518+0000] {processor.py:176} INFO - Processing /opt/airflow/dags/producer.py took 0.101 seconds
[2024-09-08T08:47:09.846+0000] {processor.py:154} INFO - Started process (PID=1808) to work on /opt/airflow/dags/producer.py
[2024-09-08T08:47:09.848+0000] {processor.py:756} INFO - Processing file /opt/airflow/dags/producer.py for tasks to queue
[2024-09-08T08:47:09.849+0000] {logging_mixin.py:120} INFO - [2024-09-08T08:47:09.849+0000] {dagbag.py:537} INFO - Filling up the DagBag from /opt/airflow/dags/producer.py
[2024-09-08T08:47:09.870+0000] {processor.py:766} INFO - DAG(s) dict_keys(['producer']) retrieved from /opt/airflow/dags/producer.py
[2024-09-08T08:47:09.906+0000] {logging_mixin.py:120} INFO - [2024-09-08T08:47:09.906+0000] {dag.py:2585} INFO - Sync 1 DAGs
[2024-09-08T08:47:09.927+0000] {logging_mixin.py:120} INFO - [2024-09-08T08:47:09.927+0000] {dag.py:3340} INFO - Setting next_dagrun for producer to 2024-09-07T00:00:00+00:00, run_after=2024-09-08T00:00:00+00:00
[2024-09-08T08:47:09.946+0000] {processor.py:176} INFO - Processing /opt/airflow/dags/producer.py took 0.103 seconds
[2024-09-08T08:47:40.309+0000] {processor.py:154} INFO - Started process (PID=1840) to work on /opt/airflow/dags/producer.py
[2024-09-08T08:47:40.311+0000] {processor.py:756} INFO - Processing file /opt/airflow/dags/producer.py for tasks to queue
[2024-09-08T08:47:40.311+0000] {logging_mixin.py:120} INFO - [2024-09-08T08:47:40.311+0000] {dagbag.py:537} INFO - Filling up the DagBag from /opt/airflow/dags/producer.py
[2024-09-08T08:47:40.332+0000] {processor.py:766} INFO - DAG(s) dict_keys(['producer']) retrieved from /opt/airflow/dags/producer.py
[2024-09-08T08:47:40.368+0000] {logging_mixin.py:120} INFO - [2024-09-08T08:47:40.368+0000] {dag.py:2585} INFO - Sync 1 DAGs
[2024-09-08T08:47:40.390+0000] {logging_mixin.py:120} INFO - [2024-09-08T08:47:40.390+0000] {dag.py:3340} INFO - Setting next_dagrun for producer to 2024-09-07T00:00:00+00:00, run_after=2024-09-08T00:00:00+00:00
[2024-09-08T08:47:40.407+0000] {processor.py:176} INFO - Processing /opt/airflow/dags/producer.py took 0.100 seconds
[2024-09-08T08:48:10.786+0000] {processor.py:154} INFO - Started process (PID=1872) to work on /opt/airflow/dags/producer.py
[2024-09-08T08:48:10.787+0000] {processor.py:756} INFO - Processing file /opt/airflow/dags/producer.py for tasks to queue
[2024-09-08T08:48:10.788+0000] {logging_mixin.py:120} INFO - [2024-09-08T08:48:10.788+0000] {dagbag.py:537} INFO - Filling up the DagBag from /opt/airflow/dags/producer.py
[2024-09-08T08:48:10.809+0000] {processor.py:766} INFO - DAG(s) dict_keys(['producer']) retrieved from /opt/airflow/dags/producer.py
[2024-09-08T08:48:10.846+0000] {logging_mixin.py:120} INFO - [2024-09-08T08:48:10.845+0000] {dag.py:2585} INFO - Sync 1 DAGs
[2024-09-08T08:48:10.867+0000] {logging_mixin.py:120} INFO - [2024-09-08T08:48:10.866+0000] {dag.py:3340} INFO - Setting next_dagrun for producer to 2024-09-07T00:00:00+00:00, run_after=2024-09-08T00:00:00+00:00
[2024-09-08T08:48:10.886+0000] {processor.py:176} INFO - Processing /opt/airflow/dags/producer.py took 0.103 seconds
[2024-09-08T08:48:41.277+0000] {processor.py:154} INFO - Started process (PID=1904) to work on /opt/airflow/dags/producer.py
[2024-09-08T08:48:41.279+0000] {processor.py:756} INFO - Processing file /opt/airflow/dags/producer.py for tasks to queue
[2024-09-08T08:48:41.280+0000] {logging_mixin.py:120} INFO - [2024-09-08T08:48:41.280+0000] {dagbag.py:537} INFO - Filling up the DagBag from /opt/airflow/dags/producer.py
[2024-09-08T08:48:41.303+0000] {processor.py:766} INFO - DAG(s) dict_keys(['producer']) retrieved from /opt/airflow/dags/producer.py
[2024-09-08T08:48:41.340+0000] {logging_mixin.py:120} INFO - [2024-09-08T08:48:41.340+0000] {dag.py:2585} INFO - Sync 1 DAGs
[2024-09-08T08:48:41.363+0000] {logging_mixin.py:120} INFO - [2024-09-08T08:48:41.363+0000] {dag.py:3340} INFO - Setting next_dagrun for producer to 2024-09-07T00:00:00+00:00, run_after=2024-09-08T00:00:00+00:00
[2024-09-08T08:48:41.380+0000] {processor.py:176} INFO - Processing /opt/airflow/dags/producer.py took 0.106 seconds
[2024-09-08T08:49:11.756+0000] {processor.py:154} INFO - Started process (PID=1927) to work on /opt/airflow/dags/producer.py
[2024-09-08T08:49:11.758+0000] {processor.py:756} INFO - Processing file /opt/airflow/dags/producer.py for tasks to queue
[2024-09-08T08:49:11.759+0000] {logging_mixin.py:120} INFO - [2024-09-08T08:49:11.759+0000] {dagbag.py:537} INFO - Filling up the DagBag from /opt/airflow/dags/producer.py
[2024-09-08T08:49:11.780+0000] {processor.py:766} INFO - DAG(s) dict_keys(['producer']) retrieved from /opt/airflow/dags/producer.py
[2024-09-08T08:49:11.816+0000] {logging_mixin.py:120} INFO - [2024-09-08T08:49:11.816+0000] {dag.py:2585} INFO - Sync 1 DAGs
[2024-09-08T08:49:11.838+0000] {logging_mixin.py:120} INFO - [2024-09-08T08:49:11.838+0000] {dag.py:3340} INFO - Setting next_dagrun for producer to 2024-09-07T00:00:00+00:00, run_after=2024-09-08T00:00:00+00:00
[2024-09-08T08:49:11.854+0000] {processor.py:176} INFO - Processing /opt/airflow/dags/producer.py took 0.100 seconds
[2024-09-08T08:49:42.209+0000] {processor.py:154} INFO - Started process (PID=1958) to work on /opt/airflow/dags/producer.py
[2024-09-08T08:49:42.212+0000] {processor.py:756} INFO - Processing file /opt/airflow/dags/producer.py for tasks to queue
[2024-09-08T08:49:42.215+0000] {logging_mixin.py:120} INFO - [2024-09-08T08:49:42.214+0000] {dagbag.py:537} INFO - Filling up the DagBag from /opt/airflow/dags/producer.py
[2024-09-08T08:49:42.237+0000] {processor.py:766} INFO - DAG(s) dict_keys(['producer']) retrieved from /opt/airflow/dags/producer.py
[2024-09-08T08:49:42.279+0000] {logging_mixin.py:120} INFO - [2024-09-08T08:49:42.279+0000] {dag.py:2585} INFO - Sync 1 DAGs
[2024-09-08T08:49:42.302+0000] {logging_mixin.py:120} INFO - [2024-09-08T08:49:42.302+0000] {dag.py:3340} INFO - Setting next_dagrun for producer to 2024-09-07T00:00:00+00:00, run_after=2024-09-08T00:00:00+00:00
[2024-09-08T08:49:42.319+0000] {processor.py:176} INFO - Processing /opt/airflow/dags/producer.py took 0.113 seconds
[2024-09-08T08:50:12.723+0000] {processor.py:154} INFO - Started process (PID=1990) to work on /opt/airflow/dags/producer.py
[2024-09-08T08:50:12.724+0000] {processor.py:756} INFO - Processing file /opt/airflow/dags/producer.py for tasks to queue
[2024-09-08T08:50:12.725+0000] {logging_mixin.py:120} INFO - [2024-09-08T08:50:12.725+0000] {dagbag.py:537} INFO - Filling up the DagBag from /opt/airflow/dags/producer.py
[2024-09-08T08:50:12.747+0000] {processor.py:766} INFO - DAG(s) dict_keys(['producer']) retrieved from /opt/airflow/dags/producer.py
[2024-09-08T08:50:12.787+0000] {logging_mixin.py:120} INFO - [2024-09-08T08:50:12.787+0000] {dag.py:2585} INFO - Sync 1 DAGs
[2024-09-08T08:50:12.809+0000] {logging_mixin.py:120} INFO - [2024-09-08T08:50:12.809+0000] {dag.py:3340} INFO - Setting next_dagrun for producer to 2024-09-07T00:00:00+00:00, run_after=2024-09-08T00:00:00+00:00
[2024-09-08T08:50:12.826+0000] {processor.py:176} INFO - Processing /opt/airflow/dags/producer.py took 0.106 seconds
[2024-09-08T08:50:43.210+0000] {processor.py:154} INFO - Started process (PID=2022) to work on /opt/airflow/dags/producer.py
[2024-09-08T08:50:43.212+0000] {processor.py:756} INFO - Processing file /opt/airflow/dags/producer.py for tasks to queue
[2024-09-08T08:50:43.213+0000] {logging_mixin.py:120} INFO - [2024-09-08T08:50:43.213+0000] {dagbag.py:537} INFO - Filling up the DagBag from /opt/airflow/dags/producer.py
[2024-09-08T08:50:43.234+0000] {processor.py:766} INFO - DAG(s) dict_keys(['producer']) retrieved from /opt/airflow/dags/producer.py
[2024-09-08T08:50:43.271+0000] {logging_mixin.py:120} INFO - [2024-09-08T08:50:43.271+0000] {dag.py:2585} INFO - Sync 1 DAGs
[2024-09-08T08:50:43.292+0000] {logging_mixin.py:120} INFO - [2024-09-08T08:50:43.291+0000] {dag.py:3340} INFO - Setting next_dagrun for producer to 2024-09-07T00:00:00+00:00, run_after=2024-09-08T00:00:00+00:00
[2024-09-08T08:50:43.309+0000] {processor.py:176} INFO - Processing /opt/airflow/dags/producer.py took 0.102 seconds
[2024-09-08T08:51:13.656+0000] {processor.py:154} INFO - Started process (PID=2052) to work on /opt/airflow/dags/producer.py
[2024-09-08T08:51:13.658+0000] {processor.py:756} INFO - Processing file /opt/airflow/dags/producer.py for tasks to queue
[2024-09-08T08:51:13.659+0000] {logging_mixin.py:120} INFO - [2024-09-08T08:51:13.659+0000] {dagbag.py:537} INFO - Filling up the DagBag from /opt/airflow/dags/producer.py
[2024-09-08T08:51:13.683+0000] {processor.py:766} INFO - DAG(s) dict_keys(['producer']) retrieved from /opt/airflow/dags/producer.py
[2024-09-08T08:51:13.718+0000] {logging_mixin.py:120} INFO - [2024-09-08T08:51:13.718+0000] {dag.py:2585} INFO - Sync 1 DAGs
[2024-09-08T08:51:13.739+0000] {logging_mixin.py:120} INFO - [2024-09-08T08:51:13.739+0000] {dag.py:3340} INFO - Setting next_dagrun for producer to 2024-09-07T00:00:00+00:00, run_after=2024-09-08T00:00:00+00:00
[2024-09-08T08:51:13.758+0000] {processor.py:176} INFO - Processing /opt/airflow/dags/producer.py took 0.104 seconds
[2024-09-08T08:51:44.122+0000] {processor.py:154} INFO - Started process (PID=2077) to work on /opt/airflow/dags/producer.py
[2024-09-08T08:51:44.124+0000] {processor.py:756} INFO - Processing file /opt/airflow/dags/producer.py for tasks to queue
[2024-09-08T08:51:44.125+0000] {logging_mixin.py:120} INFO - [2024-09-08T08:51:44.125+0000] {dagbag.py:537} INFO - Filling up the DagBag from /opt/airflow/dags/producer.py
[2024-09-08T08:51:44.145+0000] {processor.py:766} INFO - DAG(s) dict_keys(['producer']) retrieved from /opt/airflow/dags/producer.py
[2024-09-08T08:51:44.181+0000] {logging_mixin.py:120} INFO - [2024-09-08T08:51:44.181+0000] {dag.py:2585} INFO - Sync 1 DAGs
[2024-09-08T08:51:44.203+0000] {logging_mixin.py:120} INFO - [2024-09-08T08:51:44.203+0000] {dag.py:3340} INFO - Setting next_dagrun for producer to 2024-09-07T00:00:00+00:00, run_after=2024-09-08T00:00:00+00:00
[2024-09-08T08:51:44.220+0000] {processor.py:176} INFO - Processing /opt/airflow/dags/producer.py took 0.101 seconds
[2024-09-08T08:52:14.613+0000] {processor.py:154} INFO - Started process (PID=2109) to work on /opt/airflow/dags/producer.py
[2024-09-08T08:52:14.616+0000] {processor.py:756} INFO - Processing file /opt/airflow/dags/producer.py for tasks to queue
[2024-09-08T08:52:14.617+0000] {logging_mixin.py:120} INFO - [2024-09-08T08:52:14.616+0000] {dagbag.py:537} INFO - Filling up the DagBag from /opt/airflow/dags/producer.py
[2024-09-08T08:52:14.640+0000] {processor.py:766} INFO - DAG(s) dict_keys(['producer']) retrieved from /opt/airflow/dags/producer.py
[2024-09-08T08:52:14.680+0000] {logging_mixin.py:120} INFO - [2024-09-08T08:52:14.680+0000] {dag.py:2585} INFO - Sync 1 DAGs
[2024-09-08T08:52:14.701+0000] {logging_mixin.py:120} INFO - [2024-09-08T08:52:14.701+0000] {dag.py:3340} INFO - Setting next_dagrun for producer to 2024-09-07T00:00:00+00:00, run_after=2024-09-08T00:00:00+00:00
[2024-09-08T08:52:14.718+0000] {processor.py:176} INFO - Processing /opt/airflow/dags/producer.py took 0.110 seconds
[2024-09-08T08:52:45.066+0000] {processor.py:154} INFO - Started process (PID=2143) to work on /opt/airflow/dags/producer.py
[2024-09-08T08:52:45.068+0000] {processor.py:756} INFO - Processing file /opt/airflow/dags/producer.py for tasks to queue
[2024-09-08T08:52:45.069+0000] {logging_mixin.py:120} INFO - [2024-09-08T08:52:45.069+0000] {dagbag.py:537} INFO - Filling up the DagBag from /opt/airflow/dags/producer.py
[2024-09-08T08:52:45.092+0000] {processor.py:766} INFO - DAG(s) dict_keys(['producer']) retrieved from /opt/airflow/dags/producer.py
[2024-09-08T08:52:45.131+0000] {logging_mixin.py:120} INFO - [2024-09-08T08:52:45.131+0000] {dag.py:2585} INFO - Sync 1 DAGs
[2024-09-08T08:52:45.151+0000] {logging_mixin.py:120} INFO - [2024-09-08T08:52:45.151+0000] {dag.py:3340} INFO - Setting next_dagrun for producer to 2024-09-07T00:00:00+00:00, run_after=2024-09-08T00:00:00+00:00
[2024-09-08T08:52:45.168+0000] {processor.py:176} INFO - Processing /opt/airflow/dags/producer.py took 0.105 seconds
[2024-09-08T08:53:15.590+0000] {processor.py:154} INFO - Started process (PID=2174) to work on /opt/airflow/dags/producer.py
[2024-09-08T08:53:15.592+0000] {processor.py:756} INFO - Processing file /opt/airflow/dags/producer.py for tasks to queue
[2024-09-08T08:53:15.593+0000] {logging_mixin.py:120} INFO - [2024-09-08T08:53:15.593+0000] {dagbag.py:537} INFO - Filling up the DagBag from /opt/airflow/dags/producer.py
[2024-09-08T08:53:15.616+0000] {processor.py:766} INFO - DAG(s) dict_keys(['producer']) retrieved from /opt/airflow/dags/producer.py
[2024-09-08T08:53:15.656+0000] {logging_mixin.py:120} INFO - [2024-09-08T08:53:15.656+0000] {dag.py:2585} INFO - Sync 1 DAGs
[2024-09-08T08:53:15.679+0000] {logging_mixin.py:120} INFO - [2024-09-08T08:53:15.679+0000] {dag.py:3340} INFO - Setting next_dagrun for producer to 2024-09-07T00:00:00+00:00, run_after=2024-09-08T00:00:00+00:00
[2024-09-08T08:53:15.698+0000] {processor.py:176} INFO - Processing /opt/airflow/dags/producer.py took 0.112 seconds
[2024-09-08T08:53:46.126+0000] {processor.py:154} INFO - Started process (PID=2197) to work on /opt/airflow/dags/producer.py
[2024-09-08T08:53:46.129+0000] {processor.py:756} INFO - Processing file /opt/airflow/dags/producer.py for tasks to queue
[2024-09-08T08:53:46.130+0000] {logging_mixin.py:120} INFO - [2024-09-08T08:53:46.130+0000] {dagbag.py:537} INFO - Filling up the DagBag from /opt/airflow/dags/producer.py
[2024-09-08T08:53:46.157+0000] {processor.py:766} INFO - DAG(s) dict_keys(['producer']) retrieved from /opt/airflow/dags/producer.py
[2024-09-08T08:53:46.218+0000] {logging_mixin.py:120} INFO - [2024-09-08T08:53:46.218+0000] {dag.py:2585} INFO - Sync 1 DAGs
[2024-09-08T08:53:46.248+0000] {logging_mixin.py:120} INFO - [2024-09-08T08:53:46.248+0000] {dag.py:3340} INFO - Setting next_dagrun for producer to 2024-09-07T00:00:00+00:00, run_after=2024-09-08T00:00:00+00:00
[2024-09-08T08:53:46.284+0000] {processor.py:176} INFO - Processing /opt/airflow/dags/producer.py took 0.161 seconds
[2024-09-08T08:54:16.659+0000] {processor.py:154} INFO - Started process (PID=2229) to work on /opt/airflow/dags/producer.py
[2024-09-08T08:54:16.660+0000] {processor.py:756} INFO - Processing file /opt/airflow/dags/producer.py for tasks to queue
[2024-09-08T08:54:16.661+0000] {logging_mixin.py:120} INFO - [2024-09-08T08:54:16.661+0000] {dagbag.py:537} INFO - Filling up the DagBag from /opt/airflow/dags/producer.py
[2024-09-08T08:54:16.681+0000] {processor.py:766} INFO - DAG(s) dict_keys(['producer']) retrieved from /opt/airflow/dags/producer.py
[2024-09-08T08:54:16.716+0000] {logging_mixin.py:120} INFO - [2024-09-08T08:54:16.716+0000] {dag.py:2585} INFO - Sync 1 DAGs
[2024-09-08T08:54:16.739+0000] {logging_mixin.py:120} INFO - [2024-09-08T08:54:16.739+0000] {dag.py:3340} INFO - Setting next_dagrun for producer to 2024-09-07T00:00:00+00:00, run_after=2024-09-08T00:00:00+00:00
[2024-09-08T08:54:16.759+0000] {processor.py:176} INFO - Processing /opt/airflow/dags/producer.py took 0.102 seconds
[2024-09-08T08:54:47.095+0000] {processor.py:154} INFO - Started process (PID=2260) to work on /opt/airflow/dags/producer.py
[2024-09-08T08:54:47.096+0000] {processor.py:756} INFO - Processing file /opt/airflow/dags/producer.py for tasks to queue
[2024-09-08T08:54:47.097+0000] {logging_mixin.py:120} INFO - [2024-09-08T08:54:47.097+0000] {dagbag.py:537} INFO - Filling up the DagBag from /opt/airflow/dags/producer.py
[2024-09-08T08:54:47.118+0000] {processor.py:766} INFO - DAG(s) dict_keys(['producer']) retrieved from /opt/airflow/dags/producer.py
[2024-09-08T08:54:47.156+0000] {logging_mixin.py:120} INFO - [2024-09-08T08:54:47.156+0000] {dag.py:2585} INFO - Sync 1 DAGs
[2024-09-08T08:54:47.178+0000] {logging_mixin.py:120} INFO - [2024-09-08T08:54:47.178+0000] {dag.py:3340} INFO - Setting next_dagrun for producer to 2024-09-07T00:00:00+00:00, run_after=2024-09-08T00:00:00+00:00
[2024-09-08T08:54:47.195+0000] {processor.py:176} INFO - Processing /opt/airflow/dags/producer.py took 0.104 seconds
[2024-09-08T08:55:17.624+0000] {processor.py:154} INFO - Started process (PID=2293) to work on /opt/airflow/dags/producer.py
[2024-09-08T08:55:17.634+0000] {processor.py:756} INFO - Processing file /opt/airflow/dags/producer.py for tasks to queue
[2024-09-08T08:55:17.640+0000] {logging_mixin.py:120} INFO - [2024-09-08T08:55:17.640+0000] {dagbag.py:537} INFO - Filling up the DagBag from /opt/airflow/dags/producer.py
[2024-09-08T08:55:17.697+0000] {processor.py:766} INFO - DAG(s) dict_keys(['producer']) retrieved from /opt/airflow/dags/producer.py
[2024-09-08T08:55:17.780+0000] {logging_mixin.py:120} INFO - [2024-09-08T08:55:17.780+0000] {dag.py:2585} INFO - Sync 1 DAGs
[2024-09-08T08:55:17.823+0000] {logging_mixin.py:120} INFO - [2024-09-08T08:55:17.822+0000] {dag.py:3340} INFO - Setting next_dagrun for producer to 2024-09-07T00:00:00+00:00, run_after=2024-09-08T00:00:00+00:00
[2024-09-08T08:55:17.855+0000] {processor.py:176} INFO - Processing /opt/airflow/dags/producer.py took 0.236 seconds
[2024-09-08T08:55:48.224+0000] {processor.py:154} INFO - Started process (PID=2316) to work on /opt/airflow/dags/producer.py
[2024-09-08T08:55:48.226+0000] {processor.py:756} INFO - Processing file /opt/airflow/dags/producer.py for tasks to queue
[2024-09-08T08:55:48.227+0000] {logging_mixin.py:120} INFO - [2024-09-08T08:55:48.227+0000] {dagbag.py:537} INFO - Filling up the DagBag from /opt/airflow/dags/producer.py
[2024-09-08T08:55:48.248+0000] {processor.py:766} INFO - DAG(s) dict_keys(['producer']) retrieved from /opt/airflow/dags/producer.py
[2024-09-08T08:55:48.286+0000] {logging_mixin.py:120} INFO - [2024-09-08T08:55:48.286+0000] {dag.py:2585} INFO - Sync 1 DAGs
[2024-09-08T08:55:48.309+0000] {logging_mixin.py:120} INFO - [2024-09-08T08:55:48.309+0000] {dag.py:3340} INFO - Setting next_dagrun for producer to 2024-09-07T00:00:00+00:00, run_after=2024-09-08T00:00:00+00:00
[2024-09-08T08:55:48.331+0000] {processor.py:176} INFO - Processing /opt/airflow/dags/producer.py took 0.109 seconds
[2024-09-08T08:56:18.710+0000] {processor.py:154} INFO - Started process (PID=2349) to work on /opt/airflow/dags/producer.py
[2024-09-08T08:56:18.713+0000] {processor.py:756} INFO - Processing file /opt/airflow/dags/producer.py for tasks to queue
[2024-09-08T08:56:18.714+0000] {logging_mixin.py:120} INFO - [2024-09-08T08:56:18.714+0000] {dagbag.py:537} INFO - Filling up the DagBag from /opt/airflow/dags/producer.py
[2024-09-08T08:56:18.735+0000] {processor.py:766} INFO - DAG(s) dict_keys(['producer']) retrieved from /opt/airflow/dags/producer.py
[2024-09-08T08:56:18.773+0000] {logging_mixin.py:120} INFO - [2024-09-08T08:56:18.773+0000] {dag.py:2585} INFO - Sync 1 DAGs
[2024-09-08T08:56:18.795+0000] {logging_mixin.py:120} INFO - [2024-09-08T08:56:18.795+0000] {dag.py:3340} INFO - Setting next_dagrun for producer to 2024-09-07T00:00:00+00:00, run_after=2024-09-08T00:00:00+00:00
[2024-09-08T08:56:18.817+0000] {processor.py:176} INFO - Processing /opt/airflow/dags/producer.py took 0.110 seconds
[2024-09-08T08:56:49.219+0000] {processor.py:154} INFO - Started process (PID=2381) to work on /opt/airflow/dags/producer.py
[2024-09-08T08:56:49.220+0000] {processor.py:756} INFO - Processing file /opt/airflow/dags/producer.py for tasks to queue
[2024-09-08T08:56:49.221+0000] {logging_mixin.py:120} INFO - [2024-09-08T08:56:49.221+0000] {dagbag.py:537} INFO - Filling up the DagBag from /opt/airflow/dags/producer.py
[2024-09-08T08:56:49.244+0000] {processor.py:766} INFO - DAG(s) dict_keys(['producer']) retrieved from /opt/airflow/dags/producer.py
[2024-09-08T08:56:49.306+0000] {logging_mixin.py:120} INFO - [2024-09-08T08:56:49.306+0000] {dag.py:2585} INFO - Sync 1 DAGs
[2024-09-08T08:56:49.327+0000] {logging_mixin.py:120} INFO - [2024-09-08T08:56:49.327+0000] {dag.py:3340} INFO - Setting next_dagrun for producer to 2024-09-07T00:00:00+00:00, run_after=2024-09-08T00:00:00+00:00
[2024-09-08T08:56:49.346+0000] {processor.py:176} INFO - Processing /opt/airflow/dags/producer.py took 0.131 seconds
[2024-09-08T08:57:19.706+0000] {processor.py:154} INFO - Started process (PID=2404) to work on /opt/airflow/dags/producer.py
[2024-09-08T08:57:19.708+0000] {processor.py:756} INFO - Processing file /opt/airflow/dags/producer.py for tasks to queue
[2024-09-08T08:57:19.709+0000] {logging_mixin.py:120} INFO - [2024-09-08T08:57:19.709+0000] {dagbag.py:537} INFO - Filling up the DagBag from /opt/airflow/dags/producer.py
[2024-09-08T08:57:19.731+0000] {processor.py:766} INFO - DAG(s) dict_keys(['producer']) retrieved from /opt/airflow/dags/producer.py
[2024-09-08T08:57:19.768+0000] {logging_mixin.py:120} INFO - [2024-09-08T08:57:19.768+0000] {dag.py:2585} INFO - Sync 1 DAGs
[2024-09-08T08:57:19.791+0000] {logging_mixin.py:120} INFO - [2024-09-08T08:57:19.790+0000] {dag.py:3340} INFO - Setting next_dagrun for producer to 2024-09-07T00:00:00+00:00, run_after=2024-09-08T00:00:00+00:00
[2024-09-08T08:57:19.810+0000] {processor.py:176} INFO - Processing /opt/airflow/dags/producer.py took 0.107 seconds
[2024-09-08T08:57:50.133+0000] {processor.py:154} INFO - Started process (PID=2436) to work on /opt/airflow/dags/producer.py
[2024-09-08T08:57:50.135+0000] {processor.py:756} INFO - Processing file /opt/airflow/dags/producer.py for tasks to queue
[2024-09-08T08:57:50.136+0000] {logging_mixin.py:120} INFO - [2024-09-08T08:57:50.136+0000] {dagbag.py:537} INFO - Filling up the DagBag from /opt/airflow/dags/producer.py
[2024-09-08T08:57:50.157+0000] {processor.py:766} INFO - DAG(s) dict_keys(['producer']) retrieved from /opt/airflow/dags/producer.py
[2024-09-08T08:57:50.192+0000] {logging_mixin.py:120} INFO - [2024-09-08T08:57:50.192+0000] {dag.py:2585} INFO - Sync 1 DAGs
[2024-09-08T08:57:50.213+0000] {logging_mixin.py:120} INFO - [2024-09-08T08:57:50.213+0000] {dag.py:3340} INFO - Setting next_dagrun for producer to 2024-09-07T00:00:00+00:00, run_after=2024-09-08T00:00:00+00:00
[2024-09-08T08:57:50.231+0000] {processor.py:176} INFO - Processing /opt/airflow/dags/producer.py took 0.101 seconds
