[2024-09-08T07:32:32.026+0000] {processor.py:154} INFO - Started process (PID=45) to work on /opt/airflow/dags/user_processing.py
[2024-09-08T07:32:32.029+0000] {processor.py:756} INFO - Processing file /opt/airflow/dags/user_processing.py for tasks to queue
[2024-09-08T07:32:32.035+0000] {logging_mixin.py:120} INFO - [2024-09-08T07:32:32.035+0000] {dagbag.py:537} INFO - Filling up the DagBag from /opt/airflow/dags/user_processing.py
[2024-09-08T07:32:35.296+0000] {processor.py:766} INFO - DAG(s) dict_keys(['user_processing']) retrieved from /opt/airflow/dags/user_processing.py
[2024-09-08T07:32:35.836+0000] {logging_mixin.py:120} INFO - [2024-09-08T07:32:35.834+0000] {dag.py:2585} INFO - Sync 1 DAGs
[2024-09-08T07:32:35.909+0000] {logging_mixin.py:120} INFO - [2024-09-08T07:32:35.909+0000] {dag.py:3340} INFO - Setting next_dagrun for user_processing to 2024-09-07T00:00:00+00:00, run_after=2024-09-08T00:00:00+00:00
[2024-09-08T07:32:35.971+0000] {processor.py:176} INFO - Processing /opt/airflow/dags/user_processing.py took 3.957 seconds
[2024-09-08T07:33:50.607+0000] {processor.py:154} INFO - Started process (PID=45) to work on /opt/airflow/dags/user_processing.py
[2024-09-08T07:33:50.612+0000] {processor.py:756} INFO - Processing file /opt/airflow/dags/user_processing.py for tasks to queue
[2024-09-08T07:33:50.618+0000] {logging_mixin.py:120} INFO - [2024-09-08T07:33:50.617+0000] {dagbag.py:537} INFO - Filling up the DagBag from /opt/airflow/dags/user_processing.py
[2024-09-08T07:33:51.817+0000] {processor.py:766} INFO - DAG(s) dict_keys(['user_processing']) retrieved from /opt/airflow/dags/user_processing.py
[2024-09-08T07:33:52.218+0000] {logging_mixin.py:120} INFO - [2024-09-08T07:33:52.217+0000] {dag.py:2585} INFO - Sync 1 DAGs
[2024-09-08T07:33:52.291+0000] {logging_mixin.py:120} INFO - [2024-09-08T07:33:52.291+0000] {dag.py:3340} INFO - Setting next_dagrun for user_processing to 2024-09-07T00:00:00+00:00, run_after=2024-09-08T00:00:00+00:00
[2024-09-08T07:33:52.342+0000] {processor.py:176} INFO - Processing /opt/airflow/dags/user_processing.py took 1.757 seconds
[2024-09-08T07:34:22.902+0000] {processor.py:154} INFO - Started process (PID=68) to work on /opt/airflow/dags/user_processing.py
[2024-09-08T07:34:22.926+0000] {processor.py:756} INFO - Processing file /opt/airflow/dags/user_processing.py for tasks to queue
[2024-09-08T07:34:22.951+0000] {logging_mixin.py:120} INFO - [2024-09-08T07:34:22.950+0000] {dagbag.py:537} INFO - Filling up the DagBag from /opt/airflow/dags/user_processing.py
[2024-09-08T07:34:24.398+0000] {processor.py:766} INFO - DAG(s) dict_keys(['user_processing']) retrieved from /opt/airflow/dags/user_processing.py
[2024-09-08T07:34:24.972+0000] {logging_mixin.py:120} INFO - [2024-09-08T07:34:24.971+0000] {dag.py:2585} INFO - Sync 1 DAGs
[2024-09-08T07:34:25.027+0000] {logging_mixin.py:120} INFO - [2024-09-08T07:34:25.027+0000] {dag.py:3340} INFO - Setting next_dagrun for user_processing to 2024-09-07T00:00:00+00:00, run_after=2024-09-08T00:00:00+00:00
[2024-09-08T07:34:25.067+0000] {processor.py:176} INFO - Processing /opt/airflow/dags/user_processing.py took 2.187 seconds
[2024-09-08T07:34:55.262+0000] {processor.py:154} INFO - Started process (PID=100) to work on /opt/airflow/dags/user_processing.py
[2024-09-08T07:34:55.263+0000] {processor.py:756} INFO - Processing file /opt/airflow/dags/user_processing.py for tasks to queue
[2024-09-08T07:34:55.264+0000] {logging_mixin.py:120} INFO - [2024-09-08T07:34:55.264+0000] {dagbag.py:537} INFO - Filling up the DagBag from /opt/airflow/dags/user_processing.py
[2024-09-08T07:34:55.540+0000] {processor.py:766} INFO - DAG(s) dict_keys(['user_processing']) retrieved from /opt/airflow/dags/user_processing.py
[2024-09-08T07:34:55.671+0000] {logging_mixin.py:120} INFO - [2024-09-08T07:34:55.670+0000] {dag.py:2585} INFO - Sync 1 DAGs
[2024-09-08T07:34:55.693+0000] {logging_mixin.py:120} INFO - [2024-09-08T07:34:55.693+0000] {dag.py:3340} INFO - Setting next_dagrun for user_processing to 2024-09-07T00:00:00+00:00, run_after=2024-09-08T00:00:00+00:00
[2024-09-08T07:34:55.707+0000] {processor.py:176} INFO - Processing /opt/airflow/dags/user_processing.py took 0.448 seconds
[2024-09-08T07:35:25.902+0000] {processor.py:154} INFO - Started process (PID=132) to work on /opt/airflow/dags/user_processing.py
[2024-09-08T07:35:25.906+0000] {processor.py:756} INFO - Processing file /opt/airflow/dags/user_processing.py for tasks to queue
[2024-09-08T07:35:25.908+0000] {logging_mixin.py:120} INFO - [2024-09-08T07:35:25.908+0000] {dagbag.py:537} INFO - Filling up the DagBag from /opt/airflow/dags/user_processing.py
[2024-09-08T07:35:26.558+0000] {processor.py:766} INFO - DAG(s) dict_keys(['user_processing']) retrieved from /opt/airflow/dags/user_processing.py
[2024-09-08T07:35:26.915+0000] {logging_mixin.py:120} INFO - [2024-09-08T07:35:26.915+0000] {dag.py:2585} INFO - Sync 1 DAGs
[2024-09-08T07:35:26.957+0000] {logging_mixin.py:120} INFO - [2024-09-08T07:35:26.957+0000] {dag.py:3340} INFO - Setting next_dagrun for user_processing to 2024-09-07T00:00:00+00:00, run_after=2024-09-08T00:00:00+00:00
[2024-09-08T07:35:26.995+0000] {processor.py:176} INFO - Processing /opt/airflow/dags/user_processing.py took 1.102 seconds
[2024-09-08T07:35:57.397+0000] {processor.py:154} INFO - Started process (PID=155) to work on /opt/airflow/dags/user_processing.py
[2024-09-08T07:35:57.399+0000] {processor.py:756} INFO - Processing file /opt/airflow/dags/user_processing.py for tasks to queue
[2024-09-08T07:35:57.401+0000] {logging_mixin.py:120} INFO - [2024-09-08T07:35:57.401+0000] {dagbag.py:537} INFO - Filling up the DagBag from /opt/airflow/dags/user_processing.py
[2024-09-08T07:35:57.999+0000] {processor.py:766} INFO - DAG(s) dict_keys(['user_processing']) retrieved from /opt/airflow/dags/user_processing.py
[2024-09-08T07:35:58.206+0000] {logging_mixin.py:120} INFO - [2024-09-08T07:35:58.205+0000] {dag.py:2585} INFO - Sync 1 DAGs
[2024-09-08T07:35:58.235+0000] {logging_mixin.py:120} INFO - [2024-09-08T07:35:58.235+0000] {dag.py:3340} INFO - Setting next_dagrun for user_processing to 2024-09-07T00:00:00+00:00, run_after=2024-09-08T00:00:00+00:00
[2024-09-08T07:35:58.252+0000] {processor.py:176} INFO - Processing /opt/airflow/dags/user_processing.py took 0.859 seconds
[2024-09-08T07:36:28.633+0000] {processor.py:154} INFO - Started process (PID=186) to work on /opt/airflow/dags/user_processing.py
[2024-09-08T07:36:28.636+0000] {processor.py:756} INFO - Processing file /opt/airflow/dags/user_processing.py for tasks to queue
[2024-09-08T07:36:28.637+0000] {logging_mixin.py:120} INFO - [2024-09-08T07:36:28.637+0000] {dagbag.py:537} INFO - Filling up the DagBag from /opt/airflow/dags/user_processing.py
[2024-09-08T07:36:28.872+0000] {processor.py:766} INFO - DAG(s) dict_keys(['user_processing']) retrieved from /opt/airflow/dags/user_processing.py
[2024-09-08T07:36:29.002+0000] {logging_mixin.py:120} INFO - [2024-09-08T07:36:29.002+0000] {dag.py:2585} INFO - Sync 1 DAGs
[2024-09-08T07:36:29.024+0000] {logging_mixin.py:120} INFO - [2024-09-08T07:36:29.024+0000] {dag.py:3340} INFO - Setting next_dagrun for user_processing to 2024-09-07T00:00:00+00:00, run_after=2024-09-08T00:00:00+00:00
[2024-09-08T07:36:29.039+0000] {processor.py:176} INFO - Processing /opt/airflow/dags/user_processing.py took 0.412 seconds
[2024-09-08T07:36:59.172+0000] {processor.py:154} INFO - Started process (PID=218) to work on /opt/airflow/dags/user_processing.py
[2024-09-08T07:36:59.173+0000] {processor.py:756} INFO - Processing file /opt/airflow/dags/user_processing.py for tasks to queue
[2024-09-08T07:36:59.175+0000] {logging_mixin.py:120} INFO - [2024-09-08T07:36:59.175+0000] {dagbag.py:537} INFO - Filling up the DagBag from /opt/airflow/dags/user_processing.py
[2024-09-08T07:36:59.543+0000] {processor.py:766} INFO - DAG(s) dict_keys(['user_processing']) retrieved from /opt/airflow/dags/user_processing.py
[2024-09-08T07:36:59.732+0000] {logging_mixin.py:120} INFO - [2024-09-08T07:36:59.732+0000] {dag.py:2585} INFO - Sync 1 DAGs
[2024-09-08T07:36:59.757+0000] {logging_mixin.py:120} INFO - [2024-09-08T07:36:59.757+0000] {dag.py:3340} INFO - Setting next_dagrun for user_processing to 2024-09-07T00:00:00+00:00, run_after=2024-09-08T00:00:00+00:00
[2024-09-08T07:36:59.772+0000] {processor.py:176} INFO - Processing /opt/airflow/dags/user_processing.py took 0.605 seconds
[2024-09-08T07:37:29.992+0000] {processor.py:154} INFO - Started process (PID=250) to work on /opt/airflow/dags/user_processing.py
[2024-09-08T07:37:29.995+0000] {processor.py:756} INFO - Processing file /opt/airflow/dags/user_processing.py for tasks to queue
[2024-09-08T07:37:29.996+0000] {logging_mixin.py:120} INFO - [2024-09-08T07:37:29.996+0000] {dagbag.py:537} INFO - Filling up the DagBag from /opt/airflow/dags/user_processing.py
[2024-09-08T07:37:30.228+0000] {processor.py:766} INFO - DAG(s) dict_keys(['user_processing']) retrieved from /opt/airflow/dags/user_processing.py
[2024-09-08T07:37:30.357+0000] {logging_mixin.py:120} INFO - [2024-09-08T07:37:30.356+0000] {dag.py:2585} INFO - Sync 1 DAGs
[2024-09-08T07:37:30.379+0000] {logging_mixin.py:120} INFO - [2024-09-08T07:37:30.379+0000] {dag.py:3340} INFO - Setting next_dagrun for user_processing to 2024-09-07T00:00:00+00:00, run_after=2024-09-08T00:00:00+00:00
[2024-09-08T07:37:30.394+0000] {processor.py:176} INFO - Processing /opt/airflow/dags/user_processing.py took 0.408 seconds
[2024-09-08T07:38:00.452+0000] {processor.py:154} INFO - Started process (PID=281) to work on /opt/airflow/dags/user_processing.py
[2024-09-08T07:38:00.453+0000] {processor.py:756} INFO - Processing file /opt/airflow/dags/user_processing.py for tasks to queue
[2024-09-08T07:38:00.454+0000] {logging_mixin.py:120} INFO - [2024-09-08T07:38:00.454+0000] {dagbag.py:537} INFO - Filling up the DagBag from /opt/airflow/dags/user_processing.py
[2024-09-08T07:38:00.687+0000] {processor.py:766} INFO - DAG(s) dict_keys(['user_processing']) retrieved from /opt/airflow/dags/user_processing.py
[2024-09-08T07:38:00.817+0000] {logging_mixin.py:120} INFO - [2024-09-08T07:38:00.816+0000] {dag.py:2585} INFO - Sync 1 DAGs
[2024-09-08T07:38:00.837+0000] {logging_mixin.py:120} INFO - [2024-09-08T07:38:00.837+0000] {dag.py:3340} INFO - Setting next_dagrun for user_processing to 2024-09-07T00:00:00+00:00, run_after=2024-09-08T00:00:00+00:00
[2024-09-08T07:38:00.851+0000] {processor.py:176} INFO - Processing /opt/airflow/dags/user_processing.py took 0.402 seconds
[2024-09-08T07:38:30.912+0000] {processor.py:154} INFO - Started process (PID=304) to work on /opt/airflow/dags/user_processing.py
[2024-09-08T07:38:30.915+0000] {processor.py:756} INFO - Processing file /opt/airflow/dags/user_processing.py for tasks to queue
[2024-09-08T07:38:30.917+0000] {logging_mixin.py:120} INFO - [2024-09-08T07:38:30.917+0000] {dagbag.py:537} INFO - Filling up the DagBag from /opt/airflow/dags/user_processing.py
[2024-09-08T07:38:31.183+0000] {processor.py:766} INFO - DAG(s) dict_keys(['user_processing']) retrieved from /opt/airflow/dags/user_processing.py
[2024-09-08T07:38:31.326+0000] {logging_mixin.py:120} INFO - [2024-09-08T07:38:31.325+0000] {dag.py:2585} INFO - Sync 1 DAGs
[2024-09-08T07:38:31.350+0000] {logging_mixin.py:120} INFO - [2024-09-08T07:38:31.350+0000] {dag.py:3340} INFO - Setting next_dagrun for user_processing to 2024-09-07T00:00:00+00:00, run_after=2024-09-08T00:00:00+00:00
[2024-09-08T07:38:31.367+0000] {processor.py:176} INFO - Processing /opt/airflow/dags/user_processing.py took 0.461 seconds
[2024-09-08T07:39:01.422+0000] {processor.py:154} INFO - Started process (PID=336) to work on /opt/airflow/dags/user_processing.py
[2024-09-08T07:39:01.424+0000] {processor.py:756} INFO - Processing file /opt/airflow/dags/user_processing.py for tasks to queue
[2024-09-08T07:39:01.425+0000] {logging_mixin.py:120} INFO - [2024-09-08T07:39:01.425+0000] {dagbag.py:537} INFO - Filling up the DagBag from /opt/airflow/dags/user_processing.py
[2024-09-08T07:39:01.653+0000] {processor.py:766} INFO - DAG(s) dict_keys(['user_processing']) retrieved from /opt/airflow/dags/user_processing.py
[2024-09-08T07:39:01.784+0000] {logging_mixin.py:120} INFO - [2024-09-08T07:39:01.783+0000] {dag.py:2585} INFO - Sync 1 DAGs
[2024-09-08T07:39:01.806+0000] {logging_mixin.py:120} INFO - [2024-09-08T07:39:01.806+0000] {dag.py:3340} INFO - Setting next_dagrun for user_processing to 2024-09-07T00:00:00+00:00, run_after=2024-09-08T00:00:00+00:00
[2024-09-08T07:39:01.820+0000] {processor.py:176} INFO - Processing /opt/airflow/dags/user_processing.py took 0.401 seconds
[2024-09-08T07:39:31.951+0000] {processor.py:154} INFO - Started process (PID=368) to work on /opt/airflow/dags/user_processing.py
[2024-09-08T07:39:31.953+0000] {processor.py:756} INFO - Processing file /opt/airflow/dags/user_processing.py for tasks to queue
[2024-09-08T07:39:31.954+0000] {logging_mixin.py:120} INFO - [2024-09-08T07:39:31.954+0000] {dagbag.py:537} INFO - Filling up the DagBag from /opt/airflow/dags/user_processing.py
[2024-09-08T07:39:32.203+0000] {processor.py:766} INFO - DAG(s) dict_keys(['user_processing']) retrieved from /opt/airflow/dags/user_processing.py
[2024-09-08T07:39:32.339+0000] {logging_mixin.py:120} INFO - [2024-09-08T07:39:32.339+0000] {dag.py:2585} INFO - Sync 1 DAGs
[2024-09-08T07:39:32.362+0000] {logging_mixin.py:120} INFO - [2024-09-08T07:39:32.362+0000] {dag.py:3340} INFO - Setting next_dagrun for user_processing to 2024-09-07T00:00:00+00:00, run_after=2024-09-08T00:00:00+00:00
[2024-09-08T07:39:32.376+0000] {processor.py:176} INFO - Processing /opt/airflow/dags/user_processing.py took 0.429 seconds
[2024-09-08T07:40:02.431+0000] {processor.py:154} INFO - Started process (PID=400) to work on /opt/airflow/dags/user_processing.py
[2024-09-08T07:40:02.434+0000] {processor.py:756} INFO - Processing file /opt/airflow/dags/user_processing.py for tasks to queue
[2024-09-08T07:40:02.435+0000] {logging_mixin.py:120} INFO - [2024-09-08T07:40:02.435+0000] {dagbag.py:537} INFO - Filling up the DagBag from /opt/airflow/dags/user_processing.py
[2024-09-08T07:40:02.666+0000] {processor.py:766} INFO - DAG(s) dict_keys(['user_processing']) retrieved from /opt/airflow/dags/user_processing.py
[2024-09-08T07:40:02.796+0000] {logging_mixin.py:120} INFO - [2024-09-08T07:40:02.796+0000] {dag.py:2585} INFO - Sync 1 DAGs
[2024-09-08T07:40:02.817+0000] {logging_mixin.py:120} INFO - [2024-09-08T07:40:02.817+0000] {dag.py:3340} INFO - Setting next_dagrun for user_processing to 2024-09-07T00:00:00+00:00, run_after=2024-09-08T00:00:00+00:00
[2024-09-08T07:40:02.831+0000] {processor.py:176} INFO - Processing /opt/airflow/dags/user_processing.py took 0.403 seconds
[2024-09-08T07:40:32.891+0000] {processor.py:154} INFO - Started process (PID=423) to work on /opt/airflow/dags/user_processing.py
[2024-09-08T07:40:32.894+0000] {processor.py:756} INFO - Processing file /opt/airflow/dags/user_processing.py for tasks to queue
[2024-09-08T07:40:32.895+0000] {logging_mixin.py:120} INFO - [2024-09-08T07:40:32.894+0000] {dagbag.py:537} INFO - Filling up the DagBag from /opt/airflow/dags/user_processing.py
[2024-09-08T07:40:33.184+0000] {processor.py:766} INFO - DAG(s) dict_keys(['user_processing']) retrieved from /opt/airflow/dags/user_processing.py
[2024-09-08T07:40:33.342+0000] {logging_mixin.py:120} INFO - [2024-09-08T07:40:33.342+0000] {dag.py:2585} INFO - Sync 1 DAGs
[2024-09-08T07:40:33.367+0000] {logging_mixin.py:120} INFO - [2024-09-08T07:40:33.367+0000] {dag.py:3340} INFO - Setting next_dagrun for user_processing to 2024-09-07T00:00:00+00:00, run_after=2024-09-08T00:00:00+00:00
[2024-09-08T07:40:33.384+0000] {processor.py:176} INFO - Processing /opt/airflow/dags/user_processing.py took 0.496 seconds
[2024-09-08T07:41:03.659+0000] {processor.py:154} INFO - Started process (PID=455) to work on /opt/airflow/dags/user_processing.py
[2024-09-08T07:41:03.662+0000] {processor.py:756} INFO - Processing file /opt/airflow/dags/user_processing.py for tasks to queue
[2024-09-08T07:41:03.663+0000] {logging_mixin.py:120} INFO - [2024-09-08T07:41:03.663+0000] {dagbag.py:537} INFO - Filling up the DagBag from /opt/airflow/dags/user_processing.py
[2024-09-08T07:41:03.901+0000] {processor.py:766} INFO - DAG(s) dict_keys(['user_processing']) retrieved from /opt/airflow/dags/user_processing.py
[2024-09-08T07:41:04.033+0000] {logging_mixin.py:120} INFO - [2024-09-08T07:41:04.033+0000] {dag.py:2585} INFO - Sync 1 DAGs
[2024-09-08T07:41:04.057+0000] {logging_mixin.py:120} INFO - [2024-09-08T07:41:04.057+0000] {dag.py:3340} INFO - Setting next_dagrun for user_processing to 2024-09-07T00:00:00+00:00, run_after=2024-09-08T00:00:00+00:00
[2024-09-08T07:41:04.073+0000] {processor.py:176} INFO - Processing /opt/airflow/dags/user_processing.py took 0.418 seconds
[2024-09-08T07:41:34.232+0000] {processor.py:154} INFO - Started process (PID=485) to work on /opt/airflow/dags/user_processing.py
[2024-09-08T07:41:34.235+0000] {processor.py:756} INFO - Processing file /opt/airflow/dags/user_processing.py for tasks to queue
[2024-09-08T07:41:34.236+0000] {logging_mixin.py:120} INFO - [2024-09-08T07:41:34.236+0000] {dagbag.py:537} INFO - Filling up the DagBag from /opt/airflow/dags/user_processing.py
[2024-09-08T07:41:34.471+0000] {processor.py:766} INFO - DAG(s) dict_keys(['user_processing']) retrieved from /opt/airflow/dags/user_processing.py
[2024-09-08T07:41:34.600+0000] {logging_mixin.py:120} INFO - [2024-09-08T07:41:34.599+0000] {dag.py:2585} INFO - Sync 1 DAGs
[2024-09-08T07:41:34.621+0000] {logging_mixin.py:120} INFO - [2024-09-08T07:41:34.621+0000] {dag.py:3340} INFO - Setting next_dagrun for user_processing to 2024-09-07T00:00:00+00:00, run_after=2024-09-08T00:00:00+00:00
[2024-09-08T07:41:34.636+0000] {processor.py:176} INFO - Processing /opt/airflow/dags/user_processing.py took 0.410 seconds
[2024-09-08T07:42:05.593+0000] {processor.py:154} INFO - Started process (PID=508) to work on /opt/airflow/dags/user_processing.py
[2024-09-08T07:42:05.595+0000] {processor.py:756} INFO - Processing file /opt/airflow/dags/user_processing.py for tasks to queue
[2024-09-08T07:42:05.597+0000] {logging_mixin.py:120} INFO - [2024-09-08T07:42:05.596+0000] {dagbag.py:537} INFO - Filling up the DagBag from /opt/airflow/dags/user_processing.py
[2024-09-08T07:42:05.849+0000] {processor.py:766} INFO - DAG(s) dict_keys(['user_processing']) retrieved from /opt/airflow/dags/user_processing.py
[2024-09-08T07:42:05.980+0000] {logging_mixin.py:120} INFO - [2024-09-08T07:42:05.980+0000] {dag.py:2585} INFO - Sync 1 DAGs
[2024-09-08T07:42:06.003+0000] {logging_mixin.py:120} INFO - [2024-09-08T07:42:06.003+0000] {dag.py:3340} INFO - Setting next_dagrun for user_processing to 2024-09-07T00:00:00+00:00, run_after=2024-09-08T00:00:00+00:00
[2024-09-08T07:42:06.019+0000] {processor.py:176} INFO - Processing /opt/airflow/dags/user_processing.py took 0.429 seconds
[2024-09-08T07:42:36.090+0000] {processor.py:154} INFO - Started process (PID=541) to work on /opt/airflow/dags/user_processing.py
[2024-09-08T07:42:36.093+0000] {processor.py:756} INFO - Processing file /opt/airflow/dags/user_processing.py for tasks to queue
[2024-09-08T07:42:36.094+0000] {logging_mixin.py:120} INFO - [2024-09-08T07:42:36.094+0000] {dagbag.py:537} INFO - Filling up the DagBag from /opt/airflow/dags/user_processing.py
[2024-09-08T07:42:36.375+0000] {processor.py:766} INFO - DAG(s) dict_keys(['user_processing']) retrieved from /opt/airflow/dags/user_processing.py
[2024-09-08T07:42:36.514+0000] {logging_mixin.py:120} INFO - [2024-09-08T07:42:36.513+0000] {dag.py:2585} INFO - Sync 1 DAGs
[2024-09-08T07:42:36.537+0000] {logging_mixin.py:120} INFO - [2024-09-08T07:42:36.537+0000] {dag.py:3340} INFO - Setting next_dagrun for user_processing to 2024-09-07T00:00:00+00:00, run_after=2024-09-08T00:00:00+00:00
[2024-09-08T07:42:36.552+0000] {processor.py:176} INFO - Processing /opt/airflow/dags/user_processing.py took 0.465 seconds
[2024-09-08T07:43:06.678+0000] {processor.py:154} INFO - Started process (PID=573) to work on /opt/airflow/dags/user_processing.py
[2024-09-08T07:43:06.681+0000] {processor.py:756} INFO - Processing file /opt/airflow/dags/user_processing.py for tasks to queue
[2024-09-08T07:43:06.683+0000] {logging_mixin.py:120} INFO - [2024-09-08T07:43:06.683+0000] {dagbag.py:537} INFO - Filling up the DagBag from /opt/airflow/dags/user_processing.py
[2024-09-08T07:43:06.915+0000] {processor.py:766} INFO - DAG(s) dict_keys(['user_processing']) retrieved from /opt/airflow/dags/user_processing.py
[2024-09-08T07:43:07.043+0000] {logging_mixin.py:120} INFO - [2024-09-08T07:43:07.043+0000] {dag.py:2585} INFO - Sync 1 DAGs
[2024-09-08T07:43:07.065+0000] {logging_mixin.py:120} INFO - [2024-09-08T07:43:07.064+0000] {dag.py:3340} INFO - Setting next_dagrun for user_processing to 2024-09-07T00:00:00+00:00, run_after=2024-09-08T00:00:00+00:00
[2024-09-08T07:43:07.078+0000] {processor.py:176} INFO - Processing /opt/airflow/dags/user_processing.py took 0.405 seconds
[2024-09-08T07:43:37.189+0000] {processor.py:154} INFO - Started process (PID=606) to work on /opt/airflow/dags/user_processing.py
[2024-09-08T07:43:37.192+0000] {processor.py:756} INFO - Processing file /opt/airflow/dags/user_processing.py for tasks to queue
[2024-09-08T07:43:37.193+0000] {logging_mixin.py:120} INFO - [2024-09-08T07:43:37.193+0000] {dagbag.py:537} INFO - Filling up the DagBag from /opt/airflow/dags/user_processing.py
[2024-09-08T07:43:37.423+0000] {processor.py:766} INFO - DAG(s) dict_keys(['user_processing']) retrieved from /opt/airflow/dags/user_processing.py
[2024-09-08T07:43:37.552+0000] {logging_mixin.py:120} INFO - [2024-09-08T07:43:37.552+0000] {dag.py:2585} INFO - Sync 1 DAGs
[2024-09-08T07:43:37.573+0000] {logging_mixin.py:120} INFO - [2024-09-08T07:43:37.572+0000] {dag.py:3340} INFO - Setting next_dagrun for user_processing to 2024-09-07T00:00:00+00:00, run_after=2024-09-08T00:00:00+00:00
[2024-09-08T07:43:37.587+0000] {processor.py:176} INFO - Processing /opt/airflow/dags/user_processing.py took 0.402 seconds
[2024-09-08T07:44:07.721+0000] {processor.py:154} INFO - Started process (PID=638) to work on /opt/airflow/dags/user_processing.py
[2024-09-08T07:44:07.723+0000] {processor.py:756} INFO - Processing file /opt/airflow/dags/user_processing.py for tasks to queue
[2024-09-08T07:44:07.725+0000] {logging_mixin.py:120} INFO - [2024-09-08T07:44:07.725+0000] {dagbag.py:537} INFO - Filling up the DagBag from /opt/airflow/dags/user_processing.py
[2024-09-08T07:44:07.976+0000] {processor.py:766} INFO - DAG(s) dict_keys(['user_processing']) retrieved from /opt/airflow/dags/user_processing.py
[2024-09-08T07:44:08.109+0000] {logging_mixin.py:120} INFO - [2024-09-08T07:44:08.109+0000] {dag.py:2585} INFO - Sync 1 DAGs
[2024-09-08T07:44:08.130+0000] {logging_mixin.py:120} INFO - [2024-09-08T07:44:08.130+0000] {dag.py:3340} INFO - Setting next_dagrun for user_processing to 2024-09-07T00:00:00+00:00, run_after=2024-09-08T00:00:00+00:00
[2024-09-08T07:44:08.146+0000] {processor.py:176} INFO - Processing /opt/airflow/dags/user_processing.py took 0.428 seconds
[2024-09-08T07:44:38.269+0000] {processor.py:154} INFO - Started process (PID=661) to work on /opt/airflow/dags/user_processing.py
[2024-09-08T07:44:38.272+0000] {processor.py:756} INFO - Processing file /opt/airflow/dags/user_processing.py for tasks to queue
[2024-09-08T07:44:38.273+0000] {logging_mixin.py:120} INFO - [2024-09-08T07:44:38.273+0000] {dagbag.py:537} INFO - Filling up the DagBag from /opt/airflow/dags/user_processing.py
[2024-09-08T07:44:38.524+0000] {processor.py:766} INFO - DAG(s) dict_keys(['user_processing']) retrieved from /opt/airflow/dags/user_processing.py
[2024-09-08T07:44:38.657+0000] {logging_mixin.py:120} INFO - [2024-09-08T07:44:38.656+0000] {dag.py:2585} INFO - Sync 1 DAGs
[2024-09-08T07:44:38.677+0000] {logging_mixin.py:120} INFO - [2024-09-08T07:44:38.677+0000] {dag.py:3340} INFO - Setting next_dagrun for user_processing to 2024-09-07T00:00:00+00:00, run_after=2024-09-08T00:00:00+00:00
[2024-09-08T07:44:38.692+0000] {processor.py:176} INFO - Processing /opt/airflow/dags/user_processing.py took 0.427 seconds
[2024-09-08T07:45:08.806+0000] {processor.py:154} INFO - Started process (PID=693) to work on /opt/airflow/dags/user_processing.py
[2024-09-08T07:45:08.810+0000] {processor.py:756} INFO - Processing file /opt/airflow/dags/user_processing.py for tasks to queue
[2024-09-08T07:45:08.812+0000] {logging_mixin.py:120} INFO - [2024-09-08T07:45:08.811+0000] {dagbag.py:537} INFO - Filling up the DagBag from /opt/airflow/dags/user_processing.py
[2024-09-08T07:45:09.061+0000] {processor.py:766} INFO - DAG(s) dict_keys(['user_processing']) retrieved from /opt/airflow/dags/user_processing.py
[2024-09-08T07:45:09.195+0000] {logging_mixin.py:120} INFO - [2024-09-08T07:45:09.194+0000] {dag.py:2585} INFO - Sync 1 DAGs
[2024-09-08T07:45:09.215+0000] {logging_mixin.py:120} INFO - [2024-09-08T07:45:09.215+0000] {dag.py:3340} INFO - Setting next_dagrun for user_processing to 2024-09-07T00:00:00+00:00, run_after=2024-09-08T00:00:00+00:00
[2024-09-08T07:45:09.228+0000] {processor.py:176} INFO - Processing /opt/airflow/dags/user_processing.py took 0.429 seconds
[2024-09-08T07:45:40.172+0000] {processor.py:154} INFO - Started process (PID=725) to work on /opt/airflow/dags/user_processing.py
[2024-09-08T07:45:40.174+0000] {processor.py:756} INFO - Processing file /opt/airflow/dags/user_processing.py for tasks to queue
[2024-09-08T07:45:40.175+0000] {logging_mixin.py:120} INFO - [2024-09-08T07:45:40.175+0000] {dagbag.py:537} INFO - Filling up the DagBag from /opt/airflow/dags/user_processing.py
[2024-09-08T07:45:40.402+0000] {processor.py:766} INFO - DAG(s) dict_keys(['user_processing']) retrieved from /opt/airflow/dags/user_processing.py
[2024-09-08T07:45:40.530+0000] {logging_mixin.py:120} INFO - [2024-09-08T07:45:40.530+0000] {dag.py:2585} INFO - Sync 1 DAGs
[2024-09-08T07:45:40.552+0000] {logging_mixin.py:120} INFO - [2024-09-08T07:45:40.552+0000] {dag.py:3340} INFO - Setting next_dagrun for user_processing to 2024-09-07T00:00:00+00:00, run_after=2024-09-08T00:00:00+00:00
[2024-09-08T07:45:40.566+0000] {processor.py:176} INFO - Processing /opt/airflow/dags/user_processing.py took 0.398 seconds
[2024-09-08T07:46:10.677+0000] {processor.py:154} INFO - Started process (PID=757) to work on /opt/airflow/dags/user_processing.py
[2024-09-08T07:46:10.680+0000] {processor.py:756} INFO - Processing file /opt/airflow/dags/user_processing.py for tasks to queue
[2024-09-08T07:46:10.681+0000] {logging_mixin.py:120} INFO - [2024-09-08T07:46:10.681+0000] {dagbag.py:537} INFO - Filling up the DagBag from /opt/airflow/dags/user_processing.py
[2024-09-08T07:46:10.915+0000] {processor.py:766} INFO - DAG(s) dict_keys(['user_processing']) retrieved from /opt/airflow/dags/user_processing.py
[2024-09-08T07:46:11.044+0000] {logging_mixin.py:120} INFO - [2024-09-08T07:46:11.043+0000] {dag.py:2585} INFO - Sync 1 DAGs
[2024-09-08T07:46:11.067+0000] {logging_mixin.py:120} INFO - [2024-09-08T07:46:11.067+0000] {dag.py:3340} INFO - Setting next_dagrun for user_processing to 2024-09-07T00:00:00+00:00, run_after=2024-09-08T00:00:00+00:00
[2024-09-08T07:46:11.082+0000] {processor.py:176} INFO - Processing /opt/airflow/dags/user_processing.py took 0.410 seconds
[2024-09-08T07:46:41.138+0000] {processor.py:154} INFO - Started process (PID=780) to work on /opt/airflow/dags/user_processing.py
[2024-09-08T07:46:41.141+0000] {processor.py:756} INFO - Processing file /opt/airflow/dags/user_processing.py for tasks to queue
[2024-09-08T07:46:41.142+0000] {logging_mixin.py:120} INFO - [2024-09-08T07:46:41.142+0000] {dagbag.py:537} INFO - Filling up the DagBag from /opt/airflow/dags/user_processing.py
[2024-09-08T07:46:41.413+0000] {processor.py:766} INFO - DAG(s) dict_keys(['user_processing']) retrieved from /opt/airflow/dags/user_processing.py
[2024-09-08T07:46:41.548+0000] {logging_mixin.py:120} INFO - [2024-09-08T07:46:41.548+0000] {dag.py:2585} INFO - Sync 1 DAGs
[2024-09-08T07:46:41.569+0000] {logging_mixin.py:120} INFO - [2024-09-08T07:46:41.569+0000] {dag.py:3340} INFO - Setting next_dagrun for user_processing to 2024-09-07T00:00:00+00:00, run_after=2024-09-08T00:00:00+00:00
[2024-09-08T07:46:41.582+0000] {processor.py:176} INFO - Processing /opt/airflow/dags/user_processing.py took 0.449 seconds
[2024-09-08T07:47:11.618+0000] {processor.py:154} INFO - Started process (PID=812) to work on /opt/airflow/dags/user_processing.py
[2024-09-08T07:47:11.620+0000] {processor.py:756} INFO - Processing file /opt/airflow/dags/user_processing.py for tasks to queue
[2024-09-08T07:47:11.622+0000] {logging_mixin.py:120} INFO - [2024-09-08T07:47:11.622+0000] {dagbag.py:537} INFO - Filling up the DagBag from /opt/airflow/dags/user_processing.py
[2024-09-08T07:47:11.850+0000] {processor.py:766} INFO - DAG(s) dict_keys(['user_processing']) retrieved from /opt/airflow/dags/user_processing.py
[2024-09-08T07:47:11.980+0000] {logging_mixin.py:120} INFO - [2024-09-08T07:47:11.979+0000] {dag.py:2585} INFO - Sync 1 DAGs
[2024-09-08T07:47:12.001+0000] {logging_mixin.py:120} INFO - [2024-09-08T07:47:12.001+0000] {dag.py:3340} INFO - Setting next_dagrun for user_processing to 2024-09-07T00:00:00+00:00, run_after=2024-09-08T00:00:00+00:00
[2024-09-08T07:47:12.016+0000] {processor.py:176} INFO - Processing /opt/airflow/dags/user_processing.py took 0.401 seconds
[2024-09-08T07:47:42.101+0000] {processor.py:154} INFO - Started process (PID=844) to work on /opt/airflow/dags/user_processing.py
[2024-09-08T07:47:42.103+0000] {processor.py:756} INFO - Processing file /opt/airflow/dags/user_processing.py for tasks to queue
[2024-09-08T07:47:42.104+0000] {logging_mixin.py:120} INFO - [2024-09-08T07:47:42.104+0000] {dagbag.py:537} INFO - Filling up the DagBag from /opt/airflow/dags/user_processing.py
[2024-09-08T07:47:42.352+0000] {processor.py:766} INFO - DAG(s) dict_keys(['user_processing']) retrieved from /opt/airflow/dags/user_processing.py
[2024-09-08T07:47:42.483+0000] {logging_mixin.py:120} INFO - [2024-09-08T07:47:42.483+0000] {dag.py:2585} INFO - Sync 1 DAGs
[2024-09-08T07:47:42.504+0000] {logging_mixin.py:120} INFO - [2024-09-08T07:47:42.504+0000] {dag.py:3340} INFO - Setting next_dagrun for user_processing to 2024-09-07T00:00:00+00:00, run_after=2024-09-08T00:00:00+00:00
[2024-09-08T07:47:42.518+0000] {processor.py:176} INFO - Processing /opt/airflow/dags/user_processing.py took 0.421 seconds
[2024-09-08T07:48:12.569+0000] {processor.py:154} INFO - Started process (PID=876) to work on /opt/airflow/dags/user_processing.py
[2024-09-08T07:48:12.571+0000] {processor.py:756} INFO - Processing file /opt/airflow/dags/user_processing.py for tasks to queue
[2024-09-08T07:48:12.572+0000] {logging_mixin.py:120} INFO - [2024-09-08T07:48:12.572+0000] {dagbag.py:537} INFO - Filling up the DagBag from /opt/airflow/dags/user_processing.py
[2024-09-08T07:48:12.828+0000] {processor.py:766} INFO - DAG(s) dict_keys(['user_processing']) retrieved from /opt/airflow/dags/user_processing.py
[2024-09-08T07:48:12.961+0000] {logging_mixin.py:120} INFO - [2024-09-08T07:48:12.960+0000] {dag.py:2585} INFO - Sync 1 DAGs
[2024-09-08T07:48:12.981+0000] {logging_mixin.py:120} INFO - [2024-09-08T07:48:12.981+0000] {dag.py:3340} INFO - Setting next_dagrun for user_processing to 2024-09-07T00:00:00+00:00, run_after=2024-09-08T00:00:00+00:00
[2024-09-08T07:48:12.998+0000] {processor.py:176} INFO - Processing /opt/airflow/dags/user_processing.py took 0.431 seconds
[2024-09-08T07:48:43.103+0000] {processor.py:154} INFO - Started process (PID=899) to work on /opt/airflow/dags/user_processing.py
[2024-09-08T07:48:43.106+0000] {processor.py:756} INFO - Processing file /opt/airflow/dags/user_processing.py for tasks to queue
[2024-09-08T07:48:43.107+0000] {logging_mixin.py:120} INFO - [2024-09-08T07:48:43.106+0000] {dagbag.py:537} INFO - Filling up the DagBag from /opt/airflow/dags/user_processing.py
[2024-09-08T07:48:43.345+0000] {processor.py:766} INFO - DAG(s) dict_keys(['user_processing']) retrieved from /opt/airflow/dags/user_processing.py
[2024-09-08T07:48:43.480+0000] {logging_mixin.py:120} INFO - [2024-09-08T07:48:43.480+0000] {dag.py:2585} INFO - Sync 1 DAGs
[2024-09-08T07:48:43.501+0000] {logging_mixin.py:120} INFO - [2024-09-08T07:48:43.501+0000] {dag.py:3340} INFO - Setting next_dagrun for user_processing to 2024-09-07T00:00:00+00:00, run_after=2024-09-08T00:00:00+00:00
[2024-09-08T07:48:43.517+0000] {processor.py:176} INFO - Processing /opt/airflow/dags/user_processing.py took 0.417 seconds
[2024-09-08T07:49:13.626+0000] {processor.py:154} INFO - Started process (PID=931) to work on /opt/airflow/dags/user_processing.py
[2024-09-08T07:49:13.629+0000] {processor.py:756} INFO - Processing file /opt/airflow/dags/user_processing.py for tasks to queue
[2024-09-08T07:49:13.630+0000] {logging_mixin.py:120} INFO - [2024-09-08T07:49:13.630+0000] {dagbag.py:537} INFO - Filling up the DagBag from /opt/airflow/dags/user_processing.py
[2024-09-08T07:49:13.886+0000] {processor.py:766} INFO - DAG(s) dict_keys(['user_processing']) retrieved from /opt/airflow/dags/user_processing.py
[2024-09-08T07:49:14.033+0000] {logging_mixin.py:120} INFO - [2024-09-08T07:49:14.032+0000] {dag.py:2585} INFO - Sync 1 DAGs
[2024-09-08T07:49:14.055+0000] {logging_mixin.py:120} INFO - [2024-09-08T07:49:14.055+0000] {dag.py:3340} INFO - Setting next_dagrun for user_processing to 2024-09-07T00:00:00+00:00, run_after=2024-09-08T00:00:00+00:00
[2024-09-08T07:49:14.070+0000] {processor.py:176} INFO - Processing /opt/airflow/dags/user_processing.py took 0.446 seconds
[2024-09-08T07:49:44.972+0000] {processor.py:154} INFO - Started process (PID=963) to work on /opt/airflow/dags/user_processing.py
[2024-09-08T07:49:44.975+0000] {processor.py:756} INFO - Processing file /opt/airflow/dags/user_processing.py for tasks to queue
[2024-09-08T07:49:44.977+0000] {logging_mixin.py:120} INFO - [2024-09-08T07:49:44.977+0000] {dagbag.py:537} INFO - Filling up the DagBag from /opt/airflow/dags/user_processing.py
[2024-09-08T07:49:45.248+0000] {processor.py:766} INFO - DAG(s) dict_keys(['user_processing']) retrieved from /opt/airflow/dags/user_processing.py
[2024-09-08T07:49:45.386+0000] {logging_mixin.py:120} INFO - [2024-09-08T07:49:45.386+0000] {dag.py:2585} INFO - Sync 1 DAGs
[2024-09-08T07:49:45.407+0000] {logging_mixin.py:120} INFO - [2024-09-08T07:49:45.407+0000] {dag.py:3340} INFO - Setting next_dagrun for user_processing to 2024-09-07T00:00:00+00:00, run_after=2024-09-08T00:00:00+00:00
[2024-09-08T07:49:45.421+0000] {processor.py:176} INFO - Processing /opt/airflow/dags/user_processing.py took 0.455 seconds
[2024-09-08T07:50:15.457+0000] {processor.py:154} INFO - Started process (PID=996) to work on /opt/airflow/dags/user_processing.py
[2024-09-08T07:50:15.459+0000] {processor.py:756} INFO - Processing file /opt/airflow/dags/user_processing.py for tasks to queue
[2024-09-08T07:50:15.460+0000] {logging_mixin.py:120} INFO - [2024-09-08T07:50:15.460+0000] {dagbag.py:537} INFO - Filling up the DagBag from /opt/airflow/dags/user_processing.py
[2024-09-08T07:50:15.691+0000] {processor.py:766} INFO - DAG(s) dict_keys(['user_processing']) retrieved from /opt/airflow/dags/user_processing.py
[2024-09-08T07:50:15.820+0000] {logging_mixin.py:120} INFO - [2024-09-08T07:50:15.820+0000] {dag.py:2585} INFO - Sync 1 DAGs
[2024-09-08T07:50:15.841+0000] {logging_mixin.py:120} INFO - [2024-09-08T07:50:15.841+0000] {dag.py:3340} INFO - Setting next_dagrun for user_processing to 2024-09-07T00:00:00+00:00, run_after=2024-09-08T00:00:00+00:00
[2024-09-08T07:50:15.855+0000] {processor.py:176} INFO - Processing /opt/airflow/dags/user_processing.py took 0.401 seconds
[2024-09-08T07:50:45.931+0000] {processor.py:154} INFO - Started process (PID=1026) to work on /opt/airflow/dags/user_processing.py
[2024-09-08T07:50:45.933+0000] {processor.py:756} INFO - Processing file /opt/airflow/dags/user_processing.py for tasks to queue
[2024-09-08T07:50:45.935+0000] {logging_mixin.py:120} INFO - [2024-09-08T07:50:45.934+0000] {dagbag.py:537} INFO - Filling up the DagBag from /opt/airflow/dags/user_processing.py
[2024-09-08T07:50:46.176+0000] {processor.py:766} INFO - DAG(s) dict_keys(['user_processing']) retrieved from /opt/airflow/dags/user_processing.py
[2024-09-08T07:50:46.347+0000] {logging_mixin.py:120} INFO - [2024-09-08T07:50:46.347+0000] {dag.py:2585} INFO - Sync 1 DAGs
[2024-09-08T07:50:46.372+0000] {logging_mixin.py:120} INFO - [2024-09-08T07:50:46.372+0000] {dag.py:3340} INFO - Setting next_dagrun for user_processing to 2024-09-07T00:00:00+00:00, run_after=2024-09-08T00:00:00+00:00
[2024-09-08T07:50:46.393+0000] {processor.py:176} INFO - Processing /opt/airflow/dags/user_processing.py took 0.466 seconds
[2024-09-08T07:51:17.282+0000] {processor.py:154} INFO - Started process (PID=1049) to work on /opt/airflow/dags/user_processing.py
[2024-09-08T07:51:17.285+0000] {processor.py:756} INFO - Processing file /opt/airflow/dags/user_processing.py for tasks to queue
[2024-09-08T07:51:17.287+0000] {logging_mixin.py:120} INFO - [2024-09-08T07:51:17.286+0000] {dagbag.py:537} INFO - Filling up the DagBag from /opt/airflow/dags/user_processing.py
[2024-09-08T07:51:17.519+0000] {processor.py:766} INFO - DAG(s) dict_keys(['user_processing']) retrieved from /opt/airflow/dags/user_processing.py
[2024-09-08T07:51:17.647+0000] {logging_mixin.py:120} INFO - [2024-09-08T07:51:17.647+0000] {dag.py:2585} INFO - Sync 1 DAGs
[2024-09-08T07:51:17.668+0000] {logging_mixin.py:120} INFO - [2024-09-08T07:51:17.668+0000] {dag.py:3340} INFO - Setting next_dagrun for user_processing to 2024-09-07T00:00:00+00:00, run_after=2024-09-08T00:00:00+00:00
[2024-09-08T07:51:17.681+0000] {processor.py:176} INFO - Processing /opt/airflow/dags/user_processing.py took 0.405 seconds
[2024-09-08T07:51:47.745+0000] {processor.py:154} INFO - Started process (PID=1080) to work on /opt/airflow/dags/user_processing.py
[2024-09-08T07:51:47.747+0000] {processor.py:756} INFO - Processing file /opt/airflow/dags/user_processing.py for tasks to queue
[2024-09-08T07:51:47.748+0000] {logging_mixin.py:120} INFO - [2024-09-08T07:51:47.748+0000] {dagbag.py:537} INFO - Filling up the DagBag from /opt/airflow/dags/user_processing.py
[2024-09-08T07:51:47.977+0000] {processor.py:766} INFO - DAG(s) dict_keys(['user_processing']) retrieved from /opt/airflow/dags/user_processing.py
[2024-09-08T07:51:48.105+0000] {logging_mixin.py:120} INFO - [2024-09-08T07:51:48.104+0000] {dag.py:2585} INFO - Sync 1 DAGs
[2024-09-08T07:51:48.125+0000] {logging_mixin.py:120} INFO - [2024-09-08T07:51:48.125+0000] {dag.py:3340} INFO - Setting next_dagrun for user_processing to 2024-09-07T00:00:00+00:00, run_after=2024-09-08T00:00:00+00:00
[2024-09-08T07:51:48.138+0000] {processor.py:176} INFO - Processing /opt/airflow/dags/user_processing.py took 0.396 seconds
[2024-09-08T07:52:18.226+0000] {processor.py:154} INFO - Started process (PID=1112) to work on /opt/airflow/dags/user_processing.py
[2024-09-08T07:52:18.229+0000] {processor.py:756} INFO - Processing file /opt/airflow/dags/user_processing.py for tasks to queue
[2024-09-08T07:52:18.230+0000] {logging_mixin.py:120} INFO - [2024-09-08T07:52:18.230+0000] {dagbag.py:537} INFO - Filling up the DagBag from /opt/airflow/dags/user_processing.py
[2024-09-08T07:52:18.503+0000] {processor.py:766} INFO - DAG(s) dict_keys(['user_processing']) retrieved from /opt/airflow/dags/user_processing.py
[2024-09-08T07:52:18.638+0000] {logging_mixin.py:120} INFO - [2024-09-08T07:52:18.638+0000] {dag.py:2585} INFO - Sync 1 DAGs
[2024-09-08T07:52:18.663+0000] {logging_mixin.py:120} INFO - [2024-09-08T07:52:18.663+0000] {dag.py:3340} INFO - Setting next_dagrun for user_processing to 2024-09-07T00:00:00+00:00, run_after=2024-09-08T00:00:00+00:00
[2024-09-08T07:52:18.677+0000] {processor.py:176} INFO - Processing /opt/airflow/dags/user_processing.py took 0.454 seconds
[2024-09-08T07:52:48.737+0000] {processor.py:154} INFO - Started process (PID=1144) to work on /opt/airflow/dags/user_processing.py
[2024-09-08T07:52:48.740+0000] {processor.py:756} INFO - Processing file /opt/airflow/dags/user_processing.py for tasks to queue
[2024-09-08T07:52:48.742+0000] {logging_mixin.py:120} INFO - [2024-09-08T07:52:48.742+0000] {dagbag.py:537} INFO - Filling up the DagBag from /opt/airflow/dags/user_processing.py
[2024-09-08T07:52:48.986+0000] {processor.py:766} INFO - DAG(s) dict_keys(['user_processing']) retrieved from /opt/airflow/dags/user_processing.py
[2024-09-08T07:52:49.114+0000] {logging_mixin.py:120} INFO - [2024-09-08T07:52:49.114+0000] {dag.py:2585} INFO - Sync 1 DAGs
[2024-09-08T07:52:49.135+0000] {logging_mixin.py:120} INFO - [2024-09-08T07:52:49.134+0000] {dag.py:3340} INFO - Setting next_dagrun for user_processing to 2024-09-07T00:00:00+00:00, run_after=2024-09-08T00:00:00+00:00
[2024-09-08T07:52:49.149+0000] {processor.py:176} INFO - Processing /opt/airflow/dags/user_processing.py took 0.418 seconds
[2024-09-08T07:53:19.283+0000] {processor.py:154} INFO - Started process (PID=1167) to work on /opt/airflow/dags/user_processing.py
[2024-09-08T07:53:19.284+0000] {processor.py:756} INFO - Processing file /opt/airflow/dags/user_processing.py for tasks to queue
[2024-09-08T07:53:19.286+0000] {logging_mixin.py:120} INFO - [2024-09-08T07:53:19.286+0000] {dagbag.py:537} INFO - Filling up the DagBag from /opt/airflow/dags/user_processing.py
[2024-09-08T07:53:19.559+0000] {processor.py:766} INFO - DAG(s) dict_keys(['user_processing']) retrieved from /opt/airflow/dags/user_processing.py
[2024-09-08T07:53:19.700+0000] {logging_mixin.py:120} INFO - [2024-09-08T07:53:19.699+0000] {dag.py:2585} INFO - Sync 1 DAGs
[2024-09-08T07:53:19.723+0000] {logging_mixin.py:120} INFO - [2024-09-08T07:53:19.723+0000] {dag.py:3340} INFO - Setting next_dagrun for user_processing to 2024-09-07T00:00:00+00:00, run_after=2024-09-08T00:00:00+00:00
[2024-09-08T07:53:19.741+0000] {processor.py:176} INFO - Processing /opt/airflow/dags/user_processing.py took 0.462 seconds
[2024-09-08T07:53:49.834+0000] {processor.py:154} INFO - Started process (PID=1200) to work on /opt/airflow/dags/user_processing.py
[2024-09-08T07:53:49.836+0000] {processor.py:756} INFO - Processing file /opt/airflow/dags/user_processing.py for tasks to queue
[2024-09-08T07:53:49.838+0000] {logging_mixin.py:120} INFO - [2024-09-08T07:53:49.837+0000] {dagbag.py:537} INFO - Filling up the DagBag from /opt/airflow/dags/user_processing.py
[2024-09-08T07:53:50.071+0000] {processor.py:766} INFO - DAG(s) dict_keys(['user_processing']) retrieved from /opt/airflow/dags/user_processing.py
[2024-09-08T07:53:50.201+0000] {logging_mixin.py:120} INFO - [2024-09-08T07:53:50.200+0000] {dag.py:2585} INFO - Sync 1 DAGs
[2024-09-08T07:53:50.221+0000] {logging_mixin.py:120} INFO - [2024-09-08T07:53:50.221+0000] {dag.py:3340} INFO - Setting next_dagrun for user_processing to 2024-09-07T00:00:00+00:00, run_after=2024-09-08T00:00:00+00:00
[2024-09-08T07:53:50.234+0000] {processor.py:176} INFO - Processing /opt/airflow/dags/user_processing.py took 0.407 seconds
[2024-09-08T07:54:20.302+0000] {processor.py:154} INFO - Started process (PID=1234) to work on /opt/airflow/dags/user_processing.py
[2024-09-08T07:54:20.304+0000] {processor.py:756} INFO - Processing file /opt/airflow/dags/user_processing.py for tasks to queue
[2024-09-08T07:54:20.305+0000] {logging_mixin.py:120} INFO - [2024-09-08T07:54:20.305+0000] {dagbag.py:537} INFO - Filling up the DagBag from /opt/airflow/dags/user_processing.py
[2024-09-08T07:54:20.540+0000] {processor.py:766} INFO - DAG(s) dict_keys(['user_processing']) retrieved from /opt/airflow/dags/user_processing.py
[2024-09-08T07:54:20.693+0000] {logging_mixin.py:120} INFO - [2024-09-08T07:54:20.692+0000] {dag.py:2585} INFO - Sync 1 DAGs
[2024-09-08T07:54:20.720+0000] {logging_mixin.py:120} INFO - [2024-09-08T07:54:20.720+0000] {dag.py:3340} INFO - Setting next_dagrun for user_processing to 2024-09-07T00:00:00+00:00, run_after=2024-09-08T00:00:00+00:00
[2024-09-08T07:54:20.738+0000] {processor.py:176} INFO - Processing /opt/airflow/dags/user_processing.py took 0.438 seconds
[2024-09-08T07:54:51.661+0000] {processor.py:154} INFO - Started process (PID=1266) to work on /opt/airflow/dags/user_processing.py
[2024-09-08T07:54:51.663+0000] {processor.py:756} INFO - Processing file /opt/airflow/dags/user_processing.py for tasks to queue
[2024-09-08T07:54:51.665+0000] {logging_mixin.py:120} INFO - [2024-09-08T07:54:51.665+0000] {dagbag.py:537} INFO - Filling up the DagBag from /opt/airflow/dags/user_processing.py
[2024-09-08T07:54:51.899+0000] {processor.py:766} INFO - DAG(s) dict_keys(['user_processing']) retrieved from /opt/airflow/dags/user_processing.py
[2024-09-08T07:54:52.029+0000] {logging_mixin.py:120} INFO - [2024-09-08T07:54:52.028+0000] {dag.py:2585} INFO - Sync 1 DAGs
[2024-09-08T07:54:52.051+0000] {logging_mixin.py:120} INFO - [2024-09-08T07:54:52.050+0000] {dag.py:3340} INFO - Setting next_dagrun for user_processing to 2024-09-07T00:00:00+00:00, run_after=2024-09-08T00:00:00+00:00
[2024-09-08T07:54:52.066+0000] {processor.py:176} INFO - Processing /opt/airflow/dags/user_processing.py took 0.411 seconds
[2024-09-08T07:55:22.200+0000] {processor.py:154} INFO - Started process (PID=1298) to work on /opt/airflow/dags/user_processing.py
[2024-09-08T07:55:22.203+0000] {processor.py:756} INFO - Processing file /opt/airflow/dags/user_processing.py for tasks to queue
[2024-09-08T07:55:22.204+0000] {logging_mixin.py:120} INFO - [2024-09-08T07:55:22.204+0000] {dagbag.py:537} INFO - Filling up the DagBag from /opt/airflow/dags/user_processing.py
[2024-09-08T07:55:22.503+0000] {processor.py:766} INFO - DAG(s) dict_keys(['user_processing']) retrieved from /opt/airflow/dags/user_processing.py
[2024-09-08T07:55:22.658+0000] {logging_mixin.py:120} INFO - [2024-09-08T07:55:22.658+0000] {dag.py:2585} INFO - Sync 1 DAGs
[2024-09-08T07:55:22.687+0000] {logging_mixin.py:120} INFO - [2024-09-08T07:55:22.686+0000] {dag.py:3340} INFO - Setting next_dagrun for user_processing to 2024-09-07T00:00:00+00:00, run_after=2024-09-08T00:00:00+00:00
[2024-09-08T07:55:22.705+0000] {processor.py:176} INFO - Processing /opt/airflow/dags/user_processing.py took 0.510 seconds
[2024-09-08T08:22:31.637+0000] {processor.py:154} INFO - Started process (PID=1312) to work on /opt/airflow/dags/user_processing.py
[2024-09-08T08:22:31.640+0000] {processor.py:756} INFO - Processing file /opt/airflow/dags/user_processing.py for tasks to queue
[2024-09-08T08:22:31.642+0000] {logging_mixin.py:120} INFO - [2024-09-08T08:22:31.641+0000] {dagbag.py:537} INFO - Filling up the DagBag from /opt/airflow/dags/user_processing.py
[2024-09-08T08:22:32.405+0000] {processor.py:766} INFO - DAG(s) dict_keys(['user_processing']) retrieved from /opt/airflow/dags/user_processing.py
[2024-09-08T08:22:32.707+0000] {logging_mixin.py:120} INFO - [2024-09-08T08:22:32.707+0000] {dag.py:2585} INFO - Sync 1 DAGs
[2024-09-08T08:22:32.756+0000] {logging_mixin.py:120} INFO - [2024-09-08T08:22:32.756+0000] {dag.py:3340} INFO - Setting next_dagrun for user_processing to 2024-09-07T00:00:00+00:00, run_after=2024-09-08T00:00:00+00:00
[2024-09-08T08:22:32.790+0000] {processor.py:176} INFO - Processing /opt/airflow/dags/user_processing.py took 1.158 seconds
[2024-09-08T08:39:01.999+0000] {processor.py:154} INFO - Started process (PID=1335) to work on /opt/airflow/dags/user_processing.py
[2024-09-08T08:39:02.017+0000] {processor.py:756} INFO - Processing file /opt/airflow/dags/user_processing.py for tasks to queue
[2024-09-08T08:39:02.018+0000] {logging_mixin.py:120} INFO - [2024-09-08T08:39:02.018+0000] {dagbag.py:537} INFO - Filling up the DagBag from /opt/airflow/dags/user_processing.py
[2024-09-08T08:39:02.536+0000] {processor.py:766} INFO - DAG(s) dict_keys(['user_processing']) retrieved from /opt/airflow/dags/user_processing.py
[2024-09-08T08:39:02.948+0000] {logging_mixin.py:120} INFO - [2024-09-08T08:39:02.947+0000] {dag.py:2585} INFO - Sync 1 DAGs
[2024-09-08T08:39:03.029+0000] {logging_mixin.py:120} INFO - [2024-09-08T08:39:03.028+0000] {dag.py:3340} INFO - Setting next_dagrun for user_processing to 2024-09-07T00:00:00+00:00, run_after=2024-09-08T00:00:00+00:00
[2024-09-08T08:39:03.071+0000] {processor.py:176} INFO - Processing /opt/airflow/dags/user_processing.py took 1.076 seconds
[2024-09-08T08:39:33.447+0000] {processor.py:154} INFO - Started process (PID=1366) to work on /opt/airflow/dags/user_processing.py
[2024-09-08T08:39:33.451+0000] {processor.py:756} INFO - Processing file /opt/airflow/dags/user_processing.py for tasks to queue
[2024-09-08T08:39:33.452+0000] {logging_mixin.py:120} INFO - [2024-09-08T08:39:33.452+0000] {dagbag.py:537} INFO - Filling up the DagBag from /opt/airflow/dags/user_processing.py
[2024-09-08T08:39:33.702+0000] {processor.py:766} INFO - DAG(s) dict_keys(['user_processing']) retrieved from /opt/airflow/dags/user_processing.py
[2024-09-08T08:39:33.835+0000] {logging_mixin.py:120} INFO - [2024-09-08T08:39:33.835+0000] {dag.py:2585} INFO - Sync 1 DAGs
[2024-09-08T08:39:33.856+0000] {logging_mixin.py:120} INFO - [2024-09-08T08:39:33.856+0000] {dag.py:3340} INFO - Setting next_dagrun for user_processing to 2024-09-07T00:00:00+00:00, run_after=2024-09-08T00:00:00+00:00
[2024-09-08T08:39:33.870+0000] {processor.py:176} INFO - Processing /opt/airflow/dags/user_processing.py took 0.428 seconds
[2024-09-08T08:40:03.996+0000] {processor.py:154} INFO - Started process (PID=1398) to work on /opt/airflow/dags/user_processing.py
[2024-09-08T08:40:04.000+0000] {processor.py:756} INFO - Processing file /opt/airflow/dags/user_processing.py for tasks to queue
[2024-09-08T08:40:04.001+0000] {logging_mixin.py:120} INFO - [2024-09-08T08:40:04.001+0000] {dagbag.py:537} INFO - Filling up the DagBag from /opt/airflow/dags/user_processing.py
[2024-09-08T08:40:04.233+0000] {processor.py:766} INFO - DAG(s) dict_keys(['user_processing']) retrieved from /opt/airflow/dags/user_processing.py
[2024-09-08T08:40:04.363+0000] {logging_mixin.py:120} INFO - [2024-09-08T08:40:04.363+0000] {dag.py:2585} INFO - Sync 1 DAGs
[2024-09-08T08:40:04.383+0000] {logging_mixin.py:120} INFO - [2024-09-08T08:40:04.383+0000] {dag.py:3340} INFO - Setting next_dagrun for user_processing to 2024-09-07T00:00:00+00:00, run_after=2024-09-08T00:00:00+00:00
[2024-09-08T08:40:04.397+0000] {processor.py:176} INFO - Processing /opt/airflow/dags/user_processing.py took 0.406 seconds
[2024-09-08T08:40:34.489+0000] {processor.py:154} INFO - Started process (PID=1431) to work on /opt/airflow/dags/user_processing.py
[2024-09-08T08:40:34.491+0000] {processor.py:756} INFO - Processing file /opt/airflow/dags/user_processing.py for tasks to queue
[2024-09-08T08:40:34.492+0000] {logging_mixin.py:120} INFO - [2024-09-08T08:40:34.492+0000] {dagbag.py:537} INFO - Filling up the DagBag from /opt/airflow/dags/user_processing.py
[2024-09-08T08:40:34.719+0000] {processor.py:766} INFO - DAG(s) dict_keys(['user_processing']) retrieved from /opt/airflow/dags/user_processing.py
[2024-09-08T08:40:34.847+0000] {logging_mixin.py:120} INFO - [2024-09-08T08:40:34.847+0000] {dag.py:2585} INFO - Sync 1 DAGs
[2024-09-08T08:40:34.867+0000] {logging_mixin.py:120} INFO - [2024-09-08T08:40:34.867+0000] {dag.py:3340} INFO - Setting next_dagrun for user_processing to 2024-09-07T00:00:00+00:00, run_after=2024-09-08T00:00:00+00:00
[2024-09-08T08:40:34.881+0000] {processor.py:176} INFO - Processing /opt/airflow/dags/user_processing.py took 0.395 seconds
[2024-09-08T08:41:04.928+0000] {processor.py:154} INFO - Started process (PID=1454) to work on /opt/airflow/dags/user_processing.py
[2024-09-08T08:41:04.930+0000] {processor.py:756} INFO - Processing file /opt/airflow/dags/user_processing.py for tasks to queue
[2024-09-08T08:41:04.932+0000] {logging_mixin.py:120} INFO - [2024-09-08T08:41:04.932+0000] {dagbag.py:537} INFO - Filling up the DagBag from /opt/airflow/dags/user_processing.py
[2024-09-08T08:41:05.192+0000] {processor.py:766} INFO - DAG(s) dict_keys(['user_processing']) retrieved from /opt/airflow/dags/user_processing.py
[2024-09-08T08:41:05.359+0000] {logging_mixin.py:120} INFO - [2024-09-08T08:41:05.359+0000] {dag.py:2585} INFO - Sync 1 DAGs
[2024-09-08T08:41:05.387+0000] {logging_mixin.py:120} INFO - [2024-09-08T08:41:05.387+0000] {dag.py:3340} INFO - Setting next_dagrun for user_processing to 2024-09-07T00:00:00+00:00, run_after=2024-09-08T00:00:00+00:00
[2024-09-08T08:41:05.410+0000] {processor.py:176} INFO - Processing /opt/airflow/dags/user_processing.py took 0.487 seconds
[2024-09-08T08:41:35.558+0000] {processor.py:154} INFO - Started process (PID=1485) to work on /opt/airflow/dags/user_processing.py
[2024-09-08T08:41:35.560+0000] {processor.py:756} INFO - Processing file /opt/airflow/dags/user_processing.py for tasks to queue
[2024-09-08T08:41:35.562+0000] {logging_mixin.py:120} INFO - [2024-09-08T08:41:35.561+0000] {dagbag.py:537} INFO - Filling up the DagBag from /opt/airflow/dags/user_processing.py
[2024-09-08T08:41:35.794+0000] {processor.py:766} INFO - DAG(s) dict_keys(['user_processing']) retrieved from /opt/airflow/dags/user_processing.py
[2024-09-08T08:41:35.923+0000] {logging_mixin.py:120} INFO - [2024-09-08T08:41:35.923+0000] {dag.py:2585} INFO - Sync 1 DAGs
[2024-09-08T08:41:35.944+0000] {logging_mixin.py:120} INFO - [2024-09-08T08:41:35.944+0000] {dag.py:3340} INFO - Setting next_dagrun for user_processing to 2024-09-07T00:00:00+00:00, run_after=2024-09-08T00:00:00+00:00
[2024-09-08T08:41:35.957+0000] {processor.py:176} INFO - Processing /opt/airflow/dags/user_processing.py took 0.404 seconds
[2024-09-08T08:42:06.018+0000] {processor.py:154} INFO - Started process (PID=1517) to work on /opt/airflow/dags/user_processing.py
[2024-09-08T08:42:06.021+0000] {processor.py:756} INFO - Processing file /opt/airflow/dags/user_processing.py for tasks to queue
[2024-09-08T08:42:06.022+0000] {logging_mixin.py:120} INFO - [2024-09-08T08:42:06.022+0000] {dagbag.py:537} INFO - Filling up the DagBag from /opt/airflow/dags/user_processing.py
[2024-09-08T08:42:06.253+0000] {processor.py:766} INFO - DAG(s) dict_keys(['user_processing']) retrieved from /opt/airflow/dags/user_processing.py
[2024-09-08T08:42:06.380+0000] {logging_mixin.py:120} INFO - [2024-09-08T08:42:06.380+0000] {dag.py:2585} INFO - Sync 1 DAGs
[2024-09-08T08:42:06.401+0000] {logging_mixin.py:120} INFO - [2024-09-08T08:42:06.401+0000] {dag.py:3340} INFO - Setting next_dagrun for user_processing to 2024-09-07T00:00:00+00:00, run_after=2024-09-08T00:00:00+00:00
[2024-09-08T08:42:06.413+0000] {processor.py:176} INFO - Processing /opt/airflow/dags/user_processing.py took 0.400 seconds
[2024-09-08T08:42:36.727+0000] {processor.py:154} INFO - Started process (PID=1549) to work on /opt/airflow/dags/user_processing.py
[2024-09-08T08:42:36.730+0000] {processor.py:756} INFO - Processing file /opt/airflow/dags/user_processing.py for tasks to queue
[2024-09-08T08:42:36.731+0000] {logging_mixin.py:120} INFO - [2024-09-08T08:42:36.730+0000] {dagbag.py:537} INFO - Filling up the DagBag from /opt/airflow/dags/user_processing.py
[2024-09-08T08:42:37.004+0000] {processor.py:766} INFO - DAG(s) dict_keys(['user_processing']) retrieved from /opt/airflow/dags/user_processing.py
[2024-09-08T08:42:37.140+0000] {logging_mixin.py:120} INFO - [2024-09-08T08:42:37.140+0000] {dag.py:2585} INFO - Sync 1 DAGs
[2024-09-08T08:42:37.162+0000] {logging_mixin.py:120} INFO - [2024-09-08T08:42:37.162+0000] {dag.py:3340} INFO - Setting next_dagrun for user_processing to 2024-09-07T00:00:00+00:00, run_after=2024-09-08T00:00:00+00:00
[2024-09-08T08:42:37.177+0000] {processor.py:176} INFO - Processing /opt/airflow/dags/user_processing.py took 0.454 seconds
[2024-09-08T08:43:07.206+0000] {processor.py:154} INFO - Started process (PID=1572) to work on /opt/airflow/dags/user_processing.py
[2024-09-08T08:43:07.208+0000] {processor.py:756} INFO - Processing file /opt/airflow/dags/user_processing.py for tasks to queue
[2024-09-08T08:43:07.209+0000] {logging_mixin.py:120} INFO - [2024-09-08T08:43:07.209+0000] {dagbag.py:537} INFO - Filling up the DagBag from /opt/airflow/dags/user_processing.py
[2024-09-08T08:43:07.440+0000] {processor.py:766} INFO - DAG(s) dict_keys(['user_processing']) retrieved from /opt/airflow/dags/user_processing.py
[2024-09-08T08:43:07.572+0000] {logging_mixin.py:120} INFO - [2024-09-08T08:43:07.572+0000] {dag.py:2585} INFO - Sync 1 DAGs
[2024-09-08T08:43:07.594+0000] {logging_mixin.py:120} INFO - [2024-09-08T08:43:07.594+0000] {dag.py:3340} INFO - Setting next_dagrun for user_processing to 2024-09-07T00:00:00+00:00, run_after=2024-09-08T00:00:00+00:00
[2024-09-08T08:43:07.608+0000] {processor.py:176} INFO - Processing /opt/airflow/dags/user_processing.py took 0.405 seconds
[2024-09-08T08:43:37.724+0000] {processor.py:154} INFO - Started process (PID=1604) to work on /opt/airflow/dags/user_processing.py
[2024-09-08T08:43:37.726+0000] {processor.py:756} INFO - Processing file /opt/airflow/dags/user_processing.py for tasks to queue
[2024-09-08T08:43:37.727+0000] {logging_mixin.py:120} INFO - [2024-09-08T08:43:37.727+0000] {dagbag.py:537} INFO - Filling up the DagBag from /opt/airflow/dags/user_processing.py
[2024-09-08T08:43:37.958+0000] {processor.py:766} INFO - DAG(s) dict_keys(['user_processing']) retrieved from /opt/airflow/dags/user_processing.py
[2024-09-08T08:43:38.088+0000] {logging_mixin.py:120} INFO - [2024-09-08T08:43:38.087+0000] {dag.py:2585} INFO - Sync 1 DAGs
[2024-09-08T08:43:38.109+0000] {logging_mixin.py:120} INFO - [2024-09-08T08:43:38.109+0000] {dag.py:3340} INFO - Setting next_dagrun for user_processing to 2024-09-07T00:00:00+00:00, run_after=2024-09-08T00:00:00+00:00
[2024-09-08T08:43:38.123+0000] {processor.py:176} INFO - Processing /opt/airflow/dags/user_processing.py took 0.402 seconds
[2024-09-08T08:44:08.208+0000] {processor.py:154} INFO - Started process (PID=1636) to work on /opt/airflow/dags/user_processing.py
[2024-09-08T08:44:08.211+0000] {processor.py:756} INFO - Processing file /opt/airflow/dags/user_processing.py for tasks to queue
[2024-09-08T08:44:08.212+0000] {logging_mixin.py:120} INFO - [2024-09-08T08:44:08.212+0000] {dagbag.py:537} INFO - Filling up the DagBag from /opt/airflow/dags/user_processing.py
[2024-09-08T08:44:08.442+0000] {processor.py:766} INFO - DAG(s) dict_keys(['user_processing']) retrieved from /opt/airflow/dags/user_processing.py
[2024-09-08T08:44:08.571+0000] {logging_mixin.py:120} INFO - [2024-09-08T08:44:08.571+0000] {dag.py:2585} INFO - Sync 1 DAGs
[2024-09-08T08:44:08.591+0000] {logging_mixin.py:120} INFO - [2024-09-08T08:44:08.591+0000] {dag.py:3340} INFO - Setting next_dagrun for user_processing to 2024-09-07T00:00:00+00:00, run_after=2024-09-08T00:00:00+00:00
[2024-09-08T08:44:08.604+0000] {processor.py:176} INFO - Processing /opt/airflow/dags/user_processing.py took 0.402 seconds
[2024-09-08T08:44:38.652+0000] {processor.py:154} INFO - Started process (PID=1668) to work on /opt/airflow/dags/user_processing.py
[2024-09-08T08:44:38.655+0000] {processor.py:756} INFO - Processing file /opt/airflow/dags/user_processing.py for tasks to queue
[2024-09-08T08:44:38.656+0000] {logging_mixin.py:120} INFO - [2024-09-08T08:44:38.656+0000] {dagbag.py:537} INFO - Filling up the DagBag from /opt/airflow/dags/user_processing.py
[2024-09-08T08:44:38.890+0000] {processor.py:766} INFO - DAG(s) dict_keys(['user_processing']) retrieved from /opt/airflow/dags/user_processing.py
[2024-09-08T08:44:39.020+0000] {logging_mixin.py:120} INFO - [2024-09-08T08:44:39.020+0000] {dag.py:2585} INFO - Sync 1 DAGs
[2024-09-08T08:44:39.044+0000] {logging_mixin.py:120} INFO - [2024-09-08T08:44:39.043+0000] {dag.py:3340} INFO - Setting next_dagrun for user_processing to 2024-09-07T00:00:00+00:00, run_after=2024-09-08T00:00:00+00:00
[2024-09-08T08:44:39.061+0000] {processor.py:176} INFO - Processing /opt/airflow/dags/user_processing.py took 0.412 seconds
[2024-09-08T08:45:09.165+0000] {processor.py:154} INFO - Started process (PID=1691) to work on /opt/airflow/dags/user_processing.py
[2024-09-08T08:45:09.167+0000] {processor.py:756} INFO - Processing file /opt/airflow/dags/user_processing.py for tasks to queue
[2024-09-08T08:45:09.168+0000] {logging_mixin.py:120} INFO - [2024-09-08T08:45:09.168+0000] {dagbag.py:537} INFO - Filling up the DagBag from /opt/airflow/dags/user_processing.py
[2024-09-08T08:45:09.423+0000] {processor.py:766} INFO - DAG(s) dict_keys(['user_processing']) retrieved from /opt/airflow/dags/user_processing.py
[2024-09-08T08:45:09.589+0000] {logging_mixin.py:120} INFO - [2024-09-08T08:45:09.589+0000] {dag.py:2585} INFO - Sync 1 DAGs
[2024-09-08T08:45:09.617+0000] {logging_mixin.py:120} INFO - [2024-09-08T08:45:09.617+0000] {dag.py:3340} INFO - Setting next_dagrun for user_processing to 2024-09-07T00:00:00+00:00, run_after=2024-09-08T00:00:00+00:00
[2024-09-08T08:45:09.644+0000] {processor.py:176} INFO - Processing /opt/airflow/dags/user_processing.py took 0.483 seconds
[2024-09-08T08:45:40.518+0000] {processor.py:154} INFO - Started process (PID=1722) to work on /opt/airflow/dags/user_processing.py
[2024-09-08T08:45:40.520+0000] {processor.py:756} INFO - Processing file /opt/airflow/dags/user_processing.py for tasks to queue
[2024-09-08T08:45:40.521+0000] {logging_mixin.py:120} INFO - [2024-09-08T08:45:40.521+0000] {dagbag.py:537} INFO - Filling up the DagBag from /opt/airflow/dags/user_processing.py
[2024-09-08T08:45:40.755+0000] {processor.py:766} INFO - DAG(s) dict_keys(['user_processing']) retrieved from /opt/airflow/dags/user_processing.py
[2024-09-08T08:45:40.886+0000] {logging_mixin.py:120} INFO - [2024-09-08T08:45:40.886+0000] {dag.py:2585} INFO - Sync 1 DAGs
[2024-09-08T08:45:40.906+0000] {logging_mixin.py:120} INFO - [2024-09-08T08:45:40.906+0000] {dag.py:3340} INFO - Setting next_dagrun for user_processing to 2024-09-07T00:00:00+00:00, run_after=2024-09-08T00:00:00+00:00
[2024-09-08T08:45:40.921+0000] {processor.py:176} INFO - Processing /opt/airflow/dags/user_processing.py took 0.405 seconds
[2024-09-08T08:46:10.988+0000] {processor.py:154} INFO - Started process (PID=1754) to work on /opt/airflow/dags/user_processing.py
[2024-09-08T08:46:10.991+0000] {processor.py:756} INFO - Processing file /opt/airflow/dags/user_processing.py for tasks to queue
[2024-09-08T08:46:10.992+0000] {logging_mixin.py:120} INFO - [2024-09-08T08:46:10.992+0000] {dagbag.py:537} INFO - Filling up the DagBag from /opt/airflow/dags/user_processing.py
[2024-09-08T08:46:11.250+0000] {processor.py:766} INFO - DAG(s) dict_keys(['user_processing']) retrieved from /opt/airflow/dags/user_processing.py
[2024-09-08T08:46:11.380+0000] {logging_mixin.py:120} INFO - [2024-09-08T08:46:11.380+0000] {dag.py:2585} INFO - Sync 1 DAGs
[2024-09-08T08:46:11.402+0000] {logging_mixin.py:120} INFO - [2024-09-08T08:46:11.402+0000] {dag.py:3340} INFO - Setting next_dagrun for user_processing to 2024-09-07T00:00:00+00:00, run_after=2024-09-08T00:00:00+00:00
[2024-09-08T08:46:11.418+0000] {processor.py:176} INFO - Processing /opt/airflow/dags/user_processing.py took 0.433 seconds
[2024-09-08T08:46:41.549+0000] {processor.py:154} INFO - Started process (PID=1786) to work on /opt/airflow/dags/user_processing.py
[2024-09-08T08:46:41.550+0000] {processor.py:756} INFO - Processing file /opt/airflow/dags/user_processing.py for tasks to queue
[2024-09-08T08:46:41.551+0000] {logging_mixin.py:120} INFO - [2024-09-08T08:46:41.551+0000] {dagbag.py:537} INFO - Filling up the DagBag from /opt/airflow/dags/user_processing.py
[2024-09-08T08:46:41.786+0000] {processor.py:766} INFO - DAG(s) dict_keys(['user_processing']) retrieved from /opt/airflow/dags/user_processing.py
[2024-09-08T08:46:41.915+0000] {logging_mixin.py:120} INFO - [2024-09-08T08:46:41.915+0000] {dag.py:2585} INFO - Sync 1 DAGs
[2024-09-08T08:46:41.937+0000] {logging_mixin.py:120} INFO - [2024-09-08T08:46:41.937+0000] {dag.py:3340} INFO - Setting next_dagrun for user_processing to 2024-09-07T00:00:00+00:00, run_after=2024-09-08T00:00:00+00:00
[2024-09-08T08:46:41.950+0000] {processor.py:176} INFO - Processing /opt/airflow/dags/user_processing.py took 0.405 seconds
[2024-09-08T08:47:11.976+0000] {processor.py:154} INFO - Started process (PID=1818) to work on /opt/airflow/dags/user_processing.py
[2024-09-08T08:47:11.978+0000] {processor.py:756} INFO - Processing file /opt/airflow/dags/user_processing.py for tasks to queue
[2024-09-08T08:47:11.978+0000] {logging_mixin.py:120} INFO - [2024-09-08T08:47:11.978+0000] {dagbag.py:537} INFO - Filling up the DagBag from /opt/airflow/dags/user_processing.py
[2024-09-08T08:47:12.206+0000] {processor.py:766} INFO - DAG(s) dict_keys(['user_processing']) retrieved from /opt/airflow/dags/user_processing.py
[2024-09-08T08:47:12.336+0000] {logging_mixin.py:120} INFO - [2024-09-08T08:47:12.336+0000] {dag.py:2585} INFO - Sync 1 DAGs
[2024-09-08T08:47:12.357+0000] {logging_mixin.py:120} INFO - [2024-09-08T08:47:12.357+0000] {dag.py:3340} INFO - Setting next_dagrun for user_processing to 2024-09-07T00:00:00+00:00, run_after=2024-09-08T00:00:00+00:00
[2024-09-08T08:47:12.371+0000] {processor.py:176} INFO - Processing /opt/airflow/dags/user_processing.py took 0.399 seconds
[2024-09-08T08:47:42.445+0000] {processor.py:154} INFO - Started process (PID=1841) to work on /opt/airflow/dags/user_processing.py
[2024-09-08T08:47:42.447+0000] {processor.py:756} INFO - Processing file /opt/airflow/dags/user_processing.py for tasks to queue
[2024-09-08T08:47:42.449+0000] {logging_mixin.py:120} INFO - [2024-09-08T08:47:42.449+0000] {dagbag.py:537} INFO - Filling up the DagBag from /opt/airflow/dags/user_processing.py
[2024-09-08T08:47:42.682+0000] {processor.py:766} INFO - DAG(s) dict_keys(['user_processing']) retrieved from /opt/airflow/dags/user_processing.py
[2024-09-08T08:47:42.816+0000] {logging_mixin.py:120} INFO - [2024-09-08T08:47:42.816+0000] {dag.py:2585} INFO - Sync 1 DAGs
[2024-09-08T08:47:42.838+0000] {logging_mixin.py:120} INFO - [2024-09-08T08:47:42.838+0000] {dag.py:3340} INFO - Setting next_dagrun for user_processing to 2024-09-07T00:00:00+00:00, run_after=2024-09-08T00:00:00+00:00
[2024-09-08T08:47:42.856+0000] {processor.py:176} INFO - Processing /opt/airflow/dags/user_processing.py took 0.414 seconds
[2024-09-08T08:48:12.953+0000] {processor.py:154} INFO - Started process (PID=1873) to work on /opt/airflow/dags/user_processing.py
[2024-09-08T08:48:12.957+0000] {processor.py:756} INFO - Processing file /opt/airflow/dags/user_processing.py for tasks to queue
[2024-09-08T08:48:12.959+0000] {logging_mixin.py:120} INFO - [2024-09-08T08:48:12.958+0000] {dagbag.py:537} INFO - Filling up the DagBag from /opt/airflow/dags/user_processing.py
[2024-09-08T08:48:13.190+0000] {processor.py:766} INFO - DAG(s) dict_keys(['user_processing']) retrieved from /opt/airflow/dags/user_processing.py
[2024-09-08T08:48:13.319+0000] {logging_mixin.py:120} INFO - [2024-09-08T08:48:13.319+0000] {dag.py:2585} INFO - Sync 1 DAGs
[2024-09-08T08:48:13.340+0000] {logging_mixin.py:120} INFO - [2024-09-08T08:48:13.340+0000] {dag.py:3340} INFO - Setting next_dagrun for user_processing to 2024-09-07T00:00:00+00:00, run_after=2024-09-08T00:00:00+00:00
[2024-09-08T08:48:13.354+0000] {processor.py:176} INFO - Processing /opt/airflow/dags/user_processing.py took 0.406 seconds
[2024-09-08T08:48:43.414+0000] {processor.py:154} INFO - Started process (PID=1905) to work on /opt/airflow/dags/user_processing.py
[2024-09-08T08:48:43.416+0000] {processor.py:756} INFO - Processing file /opt/airflow/dags/user_processing.py for tasks to queue
[2024-09-08T08:48:43.417+0000] {logging_mixin.py:120} INFO - [2024-09-08T08:48:43.417+0000] {dagbag.py:537} INFO - Filling up the DagBag from /opt/airflow/dags/user_processing.py
[2024-09-08T08:48:43.662+0000] {processor.py:766} INFO - DAG(s) dict_keys(['user_processing']) retrieved from /opt/airflow/dags/user_processing.py
[2024-09-08T08:48:43.795+0000] {logging_mixin.py:120} INFO - [2024-09-08T08:48:43.795+0000] {dag.py:2585} INFO - Sync 1 DAGs
[2024-09-08T08:48:43.818+0000] {logging_mixin.py:120} INFO - [2024-09-08T08:48:43.818+0000] {dag.py:3340} INFO - Setting next_dagrun for user_processing to 2024-09-07T00:00:00+00:00, run_after=2024-09-08T00:00:00+00:00
[2024-09-08T08:48:43.833+0000] {processor.py:176} INFO - Processing /opt/airflow/dags/user_processing.py took 0.422 seconds
[2024-09-08T08:49:13.910+0000] {processor.py:154} INFO - Started process (PID=1937) to work on /opt/airflow/dags/user_processing.py
[2024-09-08T08:49:13.916+0000] {processor.py:756} INFO - Processing file /opt/airflow/dags/user_processing.py for tasks to queue
[2024-09-08T08:49:13.920+0000] {logging_mixin.py:120} INFO - [2024-09-08T08:49:13.920+0000] {dagbag.py:537} INFO - Filling up the DagBag from /opt/airflow/dags/user_processing.py
[2024-09-08T08:49:14.227+0000] {processor.py:766} INFO - DAG(s) dict_keys(['user_processing']) retrieved from /opt/airflow/dags/user_processing.py
[2024-09-08T08:49:14.388+0000] {logging_mixin.py:120} INFO - [2024-09-08T08:49:14.387+0000] {dag.py:2585} INFO - Sync 1 DAGs
[2024-09-08T08:49:14.410+0000] {logging_mixin.py:120} INFO - [2024-09-08T08:49:14.410+0000] {dag.py:3340} INFO - Setting next_dagrun for user_processing to 2024-09-07T00:00:00+00:00, run_after=2024-09-08T00:00:00+00:00
[2024-09-08T08:49:14.428+0000] {processor.py:176} INFO - Processing /opt/airflow/dags/user_processing.py took 0.523 seconds
[2024-09-08T08:49:45.243+0000] {processor.py:154} INFO - Started process (PID=1959) to work on /opt/airflow/dags/user_processing.py
[2024-09-08T08:49:45.245+0000] {processor.py:756} INFO - Processing file /opt/airflow/dags/user_processing.py for tasks to queue
[2024-09-08T08:49:45.246+0000] {logging_mixin.py:120} INFO - [2024-09-08T08:49:45.246+0000] {dagbag.py:537} INFO - Filling up the DagBag from /opt/airflow/dags/user_processing.py
[2024-09-08T08:49:45.517+0000] {processor.py:766} INFO - DAG(s) dict_keys(['user_processing']) retrieved from /opt/airflow/dags/user_processing.py
[2024-09-08T08:49:45.657+0000] {logging_mixin.py:120} INFO - [2024-09-08T08:49:45.656+0000] {dag.py:2585} INFO - Sync 1 DAGs
[2024-09-08T08:49:45.679+0000] {logging_mixin.py:120} INFO - [2024-09-08T08:49:45.679+0000] {dag.py:3340} INFO - Setting next_dagrun for user_processing to 2024-09-07T00:00:00+00:00, run_after=2024-09-08T00:00:00+00:00
[2024-09-08T08:49:45.694+0000] {processor.py:176} INFO - Processing /opt/airflow/dags/user_processing.py took 0.455 seconds
[2024-09-08T08:50:15.765+0000] {processor.py:154} INFO - Started process (PID=1991) to work on /opt/airflow/dags/user_processing.py
[2024-09-08T08:50:15.767+0000] {processor.py:756} INFO - Processing file /opt/airflow/dags/user_processing.py for tasks to queue
[2024-09-08T08:50:15.768+0000] {logging_mixin.py:120} INFO - [2024-09-08T08:50:15.768+0000] {dagbag.py:537} INFO - Filling up the DagBag from /opt/airflow/dags/user_processing.py
[2024-09-08T08:50:16.005+0000] {processor.py:766} INFO - DAG(s) dict_keys(['user_processing']) retrieved from /opt/airflow/dags/user_processing.py
[2024-09-08T08:50:16.137+0000] {logging_mixin.py:120} INFO - [2024-09-08T08:50:16.137+0000] {dag.py:2585} INFO - Sync 1 DAGs
[2024-09-08T08:50:16.158+0000] {logging_mixin.py:120} INFO - [2024-09-08T08:50:16.158+0000] {dag.py:3340} INFO - Setting next_dagrun for user_processing to 2024-09-07T00:00:00+00:00, run_after=2024-09-08T00:00:00+00:00
[2024-09-08T08:50:16.171+0000] {processor.py:176} INFO - Processing /opt/airflow/dags/user_processing.py took 0.409 seconds
[2024-09-08T08:50:46.232+0000] {processor.py:154} INFO - Started process (PID=2023) to work on /opt/airflow/dags/user_processing.py
[2024-09-08T08:50:46.235+0000] {processor.py:756} INFO - Processing file /opt/airflow/dags/user_processing.py for tasks to queue
[2024-09-08T08:50:46.236+0000] {logging_mixin.py:120} INFO - [2024-09-08T08:50:46.235+0000] {dagbag.py:537} INFO - Filling up the DagBag from /opt/airflow/dags/user_processing.py
[2024-09-08T08:50:46.507+0000] {processor.py:766} INFO - DAG(s) dict_keys(['user_processing']) retrieved from /opt/airflow/dags/user_processing.py
[2024-09-08T08:50:46.790+0000] {logging_mixin.py:120} INFO - [2024-09-08T08:50:46.789+0000] {dag.py:2585} INFO - Sync 1 DAGs
[2024-09-08T08:50:46.833+0000] {logging_mixin.py:120} INFO - [2024-09-08T08:50:46.832+0000] {dag.py:3340} INFO - Setting next_dagrun for user_processing to 2024-09-07T00:00:00+00:00, run_after=2024-09-08T00:00:00+00:00
[2024-09-08T08:50:46.860+0000] {processor.py:176} INFO - Processing /opt/airflow/dags/user_processing.py took 0.631 seconds
[2024-09-08T08:51:17.689+0000] {processor.py:154} INFO - Started process (PID=2055) to work on /opt/airflow/dags/user_processing.py
[2024-09-08T08:51:17.691+0000] {processor.py:756} INFO - Processing file /opt/airflow/dags/user_processing.py for tasks to queue
[2024-09-08T08:51:17.693+0000] {logging_mixin.py:120} INFO - [2024-09-08T08:51:17.692+0000] {dagbag.py:537} INFO - Filling up the DagBag from /opt/airflow/dags/user_processing.py
[2024-09-08T08:51:17.938+0000] {processor.py:766} INFO - DAG(s) dict_keys(['user_processing']) retrieved from /opt/airflow/dags/user_processing.py
[2024-09-08T08:51:18.077+0000] {logging_mixin.py:120} INFO - [2024-09-08T08:51:18.076+0000] {dag.py:2585} INFO - Sync 1 DAGs
[2024-09-08T08:51:18.099+0000] {logging_mixin.py:120} INFO - [2024-09-08T08:51:18.098+0000] {dag.py:3340} INFO - Setting next_dagrun for user_processing to 2024-09-07T00:00:00+00:00, run_after=2024-09-08T00:00:00+00:00
[2024-09-08T08:51:18.113+0000] {processor.py:176} INFO - Processing /opt/airflow/dags/user_processing.py took 0.428 seconds
[2024-09-08T08:51:48.168+0000] {processor.py:154} INFO - Started process (PID=2087) to work on /opt/airflow/dags/user_processing.py
[2024-09-08T08:51:48.171+0000] {processor.py:756} INFO - Processing file /opt/airflow/dags/user_processing.py for tasks to queue
[2024-09-08T08:51:48.173+0000] {logging_mixin.py:120} INFO - [2024-09-08T08:51:48.173+0000] {dagbag.py:537} INFO - Filling up the DagBag from /opt/airflow/dags/user_processing.py
[2024-09-08T08:51:48.437+0000] {processor.py:766} INFO - DAG(s) dict_keys(['user_processing']) retrieved from /opt/airflow/dags/user_processing.py
[2024-09-08T08:51:48.565+0000] {logging_mixin.py:120} INFO - [2024-09-08T08:51:48.564+0000] {dag.py:2585} INFO - Sync 1 DAGs
[2024-09-08T08:51:48.586+0000] {logging_mixin.py:120} INFO - [2024-09-08T08:51:48.586+0000] {dag.py:3340} INFO - Setting next_dagrun for user_processing to 2024-09-07T00:00:00+00:00, run_after=2024-09-08T00:00:00+00:00
[2024-09-08T08:51:48.600+0000] {processor.py:176} INFO - Processing /opt/airflow/dags/user_processing.py took 0.437 seconds
[2024-09-08T08:52:18.640+0000] {processor.py:154} INFO - Started process (PID=2110) to work on /opt/airflow/dags/user_processing.py
[2024-09-08T08:52:18.642+0000] {processor.py:756} INFO - Processing file /opt/airflow/dags/user_processing.py for tasks to queue
[2024-09-08T08:52:18.643+0000] {logging_mixin.py:120} INFO - [2024-09-08T08:52:18.643+0000] {dagbag.py:537} INFO - Filling up the DagBag from /opt/airflow/dags/user_processing.py
[2024-09-08T08:52:18.881+0000] {processor.py:766} INFO - DAG(s) dict_keys(['user_processing']) retrieved from /opt/airflow/dags/user_processing.py
[2024-09-08T08:52:19.011+0000] {logging_mixin.py:120} INFO - [2024-09-08T08:52:19.011+0000] {dag.py:2585} INFO - Sync 1 DAGs
[2024-09-08T08:52:19.032+0000] {logging_mixin.py:120} INFO - [2024-09-08T08:52:19.032+0000] {dag.py:3340} INFO - Setting next_dagrun for user_processing to 2024-09-07T00:00:00+00:00, run_after=2024-09-08T00:00:00+00:00
[2024-09-08T08:52:19.045+0000] {processor.py:176} INFO - Processing /opt/airflow/dags/user_processing.py took 0.408 seconds
[2024-09-08T08:52:49.131+0000] {processor.py:154} INFO - Started process (PID=2144) to work on /opt/airflow/dags/user_processing.py
[2024-09-08T08:52:49.133+0000] {processor.py:756} INFO - Processing file /opt/airflow/dags/user_processing.py for tasks to queue
[2024-09-08T08:52:49.134+0000] {logging_mixin.py:120} INFO - [2024-09-08T08:52:49.134+0000] {dagbag.py:537} INFO - Filling up the DagBag from /opt/airflow/dags/user_processing.py
[2024-09-08T08:52:49.365+0000] {processor.py:766} INFO - DAG(s) dict_keys(['user_processing']) retrieved from /opt/airflow/dags/user_processing.py
[2024-09-08T08:52:49.509+0000] {logging_mixin.py:120} INFO - [2024-09-08T08:52:49.509+0000] {dag.py:2585} INFO - Sync 1 DAGs
[2024-09-08T08:52:49.539+0000] {logging_mixin.py:120} INFO - [2024-09-08T08:52:49.539+0000] {dag.py:3340} INFO - Setting next_dagrun for user_processing to 2024-09-07T00:00:00+00:00, run_after=2024-09-08T00:00:00+00:00
[2024-09-08T08:52:49.556+0000] {processor.py:176} INFO - Processing /opt/airflow/dags/user_processing.py took 0.428 seconds
[2024-09-08T08:53:19.662+0000] {processor.py:154} INFO - Started process (PID=2175) to work on /opt/airflow/dags/user_processing.py
[2024-09-08T08:53:19.665+0000] {processor.py:756} INFO - Processing file /opt/airflow/dags/user_processing.py for tasks to queue
[2024-09-08T08:53:19.666+0000] {logging_mixin.py:120} INFO - [2024-09-08T08:53:19.666+0000] {dagbag.py:537} INFO - Filling up the DagBag from /opt/airflow/dags/user_processing.py
[2024-09-08T08:53:19.924+0000] {processor.py:766} INFO - DAG(s) dict_keys(['user_processing']) retrieved from /opt/airflow/dags/user_processing.py
[2024-09-08T08:53:20.063+0000] {logging_mixin.py:120} INFO - [2024-09-08T08:53:20.063+0000] {dag.py:2585} INFO - Sync 1 DAGs
[2024-09-08T08:53:20.084+0000] {logging_mixin.py:120} INFO - [2024-09-08T08:53:20.084+0000] {dag.py:3340} INFO - Setting next_dagrun for user_processing to 2024-09-07T00:00:00+00:00, run_after=2024-09-08T00:00:00+00:00
[2024-09-08T08:53:20.098+0000] {processor.py:176} INFO - Processing /opt/airflow/dags/user_processing.py took 0.439 seconds
[2024-09-08T08:53:50.172+0000] {processor.py:154} INFO - Started process (PID=2207) to work on /opt/airflow/dags/user_processing.py
[2024-09-08T08:53:50.175+0000] {processor.py:756} INFO - Processing file /opt/airflow/dags/user_processing.py for tasks to queue
[2024-09-08T08:53:50.177+0000] {logging_mixin.py:120} INFO - [2024-09-08T08:53:50.177+0000] {dagbag.py:537} INFO - Filling up the DagBag from /opt/airflow/dags/user_processing.py
[2024-09-08T08:53:50.498+0000] {processor.py:766} INFO - DAG(s) dict_keys(['user_processing']) retrieved from /opt/airflow/dags/user_processing.py
[2024-09-08T08:53:50.665+0000] {logging_mixin.py:120} INFO - [2024-09-08T08:53:50.664+0000] {dag.py:2585} INFO - Sync 1 DAGs
[2024-09-08T08:53:50.693+0000] {logging_mixin.py:120} INFO - [2024-09-08T08:53:50.693+0000] {dag.py:3340} INFO - Setting next_dagrun for user_processing to 2024-09-07T00:00:00+00:00, run_after=2024-09-08T00:00:00+00:00
[2024-09-08T08:53:50.716+0000] {processor.py:176} INFO - Processing /opt/airflow/dags/user_processing.py took 0.549 seconds
[2024-09-08T08:54:20.808+0000] {processor.py:154} INFO - Started process (PID=2230) to work on /opt/airflow/dags/user_processing.py
[2024-09-08T08:54:20.812+0000] {processor.py:756} INFO - Processing file /opt/airflow/dags/user_processing.py for tasks to queue
[2024-09-08T08:54:20.813+0000] {logging_mixin.py:120} INFO - [2024-09-08T08:54:20.813+0000] {dagbag.py:537} INFO - Filling up the DagBag from /opt/airflow/dags/user_processing.py
[2024-09-08T08:54:21.055+0000] {processor.py:766} INFO - DAG(s) dict_keys(['user_processing']) retrieved from /opt/airflow/dags/user_processing.py
[2024-09-08T08:54:21.185+0000] {logging_mixin.py:120} INFO - [2024-09-08T08:54:21.185+0000] {dag.py:2585} INFO - Sync 1 DAGs
[2024-09-08T08:54:21.206+0000] {logging_mixin.py:120} INFO - [2024-09-08T08:54:21.206+0000] {dag.py:3340} INFO - Setting next_dagrun for user_processing to 2024-09-07T00:00:00+00:00, run_after=2024-09-08T00:00:00+00:00
[2024-09-08T08:54:21.223+0000] {processor.py:176} INFO - Processing /opt/airflow/dags/user_processing.py took 0.419 seconds
[2024-09-08T08:54:51.256+0000] {processor.py:154} INFO - Started process (PID=2261) to work on /opt/airflow/dags/user_processing.py
[2024-09-08T08:54:51.259+0000] {processor.py:756} INFO - Processing file /opt/airflow/dags/user_processing.py for tasks to queue
[2024-09-08T08:54:51.260+0000] {logging_mixin.py:120} INFO - [2024-09-08T08:54:51.260+0000] {dagbag.py:537} INFO - Filling up the DagBag from /opt/airflow/dags/user_processing.py
[2024-09-08T08:54:51.496+0000] {processor.py:766} INFO - DAG(s) dict_keys(['user_processing']) retrieved from /opt/airflow/dags/user_processing.py
[2024-09-08T08:54:51.629+0000] {logging_mixin.py:120} INFO - [2024-09-08T08:54:51.628+0000] {dag.py:2585} INFO - Sync 1 DAGs
[2024-09-08T08:54:51.651+0000] {logging_mixin.py:120} INFO - [2024-09-08T08:54:51.650+0000] {dag.py:3340} INFO - Setting next_dagrun for user_processing to 2024-09-07T00:00:00+00:00, run_after=2024-09-08T00:00:00+00:00
[2024-09-08T08:54:51.666+0000] {processor.py:176} INFO - Processing /opt/airflow/dags/user_processing.py took 0.413 seconds
[2024-09-08T08:55:21.802+0000] {processor.py:154} INFO - Started process (PID=2294) to work on /opt/airflow/dags/user_processing.py
[2024-09-08T08:55:21.803+0000] {processor.py:756} INFO - Processing file /opt/airflow/dags/user_processing.py for tasks to queue
[2024-09-08T08:55:21.805+0000] {logging_mixin.py:120} INFO - [2024-09-08T08:55:21.805+0000] {dagbag.py:537} INFO - Filling up the DagBag from /opt/airflow/dags/user_processing.py
[2024-09-08T08:55:22.073+0000] {processor.py:766} INFO - DAG(s) dict_keys(['user_processing']) retrieved from /opt/airflow/dags/user_processing.py
[2024-09-08T08:55:22.219+0000] {logging_mixin.py:120} INFO - [2024-09-08T08:55:22.218+0000] {dag.py:2585} INFO - Sync 1 DAGs
[2024-09-08T08:55:22.242+0000] {logging_mixin.py:120} INFO - [2024-09-08T08:55:22.242+0000] {dag.py:3340} INFO - Setting next_dagrun for user_processing to 2024-09-07T00:00:00+00:00, run_after=2024-09-08T00:00:00+00:00
[2024-09-08T08:55:22.257+0000] {processor.py:176} INFO - Processing /opt/airflow/dags/user_processing.py took 0.460 seconds
[2024-09-08T08:55:52.388+0000] {processor.py:154} INFO - Started process (PID=2327) to work on /opt/airflow/dags/user_processing.py
[2024-09-08T08:55:52.391+0000] {processor.py:756} INFO - Processing file /opt/airflow/dags/user_processing.py for tasks to queue
[2024-09-08T08:55:52.392+0000] {logging_mixin.py:120} INFO - [2024-09-08T08:55:52.392+0000] {dagbag.py:537} INFO - Filling up the DagBag from /opt/airflow/dags/user_processing.py
[2024-09-08T08:55:52.650+0000] {processor.py:766} INFO - DAG(s) dict_keys(['user_processing']) retrieved from /opt/airflow/dags/user_processing.py
[2024-09-08T08:55:52.787+0000] {logging_mixin.py:120} INFO - [2024-09-08T08:55:52.786+0000] {dag.py:2585} INFO - Sync 1 DAGs
[2024-09-08T08:55:52.811+0000] {logging_mixin.py:120} INFO - [2024-09-08T08:55:52.811+0000] {dag.py:3340} INFO - Setting next_dagrun for user_processing to 2024-09-07T00:00:00+00:00, run_after=2024-09-08T00:00:00+00:00
[2024-09-08T08:55:52.826+0000] {processor.py:176} INFO - Processing /opt/airflow/dags/user_processing.py took 0.444 seconds
[2024-09-08T08:56:22.867+0000] {processor.py:154} INFO - Started process (PID=2350) to work on /opt/airflow/dags/user_processing.py
[2024-09-08T08:56:22.869+0000] {processor.py:756} INFO - Processing file /opt/airflow/dags/user_processing.py for tasks to queue
[2024-09-08T08:56:22.870+0000] {logging_mixin.py:120} INFO - [2024-09-08T08:56:22.870+0000] {dagbag.py:537} INFO - Filling up the DagBag from /opt/airflow/dags/user_processing.py
[2024-09-08T08:56:23.121+0000] {processor.py:766} INFO - DAG(s) dict_keys(['user_processing']) retrieved from /opt/airflow/dags/user_processing.py
[2024-09-08T08:56:23.261+0000] {logging_mixin.py:120} INFO - [2024-09-08T08:56:23.261+0000] {dag.py:2585} INFO - Sync 1 DAGs
[2024-09-08T08:56:23.282+0000] {logging_mixin.py:120} INFO - [2024-09-08T08:56:23.282+0000] {dag.py:3340} INFO - Setting next_dagrun for user_processing to 2024-09-07T00:00:00+00:00, run_after=2024-09-08T00:00:00+00:00
[2024-09-08T08:56:23.296+0000] {processor.py:176} INFO - Processing /opt/airflow/dags/user_processing.py took 0.432 seconds
[2024-09-08T08:56:53.402+0000] {processor.py:154} INFO - Started process (PID=2382) to work on /opt/airflow/dags/user_processing.py
[2024-09-08T08:56:53.405+0000] {processor.py:756} INFO - Processing file /opt/airflow/dags/user_processing.py for tasks to queue
[2024-09-08T08:56:53.406+0000] {logging_mixin.py:120} INFO - [2024-09-08T08:56:53.406+0000] {dagbag.py:537} INFO - Filling up the DagBag from /opt/airflow/dags/user_processing.py
[2024-09-08T08:56:53.712+0000] {processor.py:766} INFO - DAG(s) dict_keys(['user_processing']) retrieved from /opt/airflow/dags/user_processing.py
[2024-09-08T08:56:53.913+0000] {logging_mixin.py:120} INFO - [2024-09-08T08:56:53.912+0000] {dag.py:2585} INFO - Sync 1 DAGs
[2024-09-08T08:56:53.940+0000] {logging_mixin.py:120} INFO - [2024-09-08T08:56:53.940+0000] {dag.py:3340} INFO - Setting next_dagrun for user_processing to 2024-09-07T00:00:00+00:00, run_after=2024-09-08T00:00:00+00:00
[2024-09-08T08:56:53.961+0000] {processor.py:176} INFO - Processing /opt/airflow/dags/user_processing.py took 0.562 seconds
[2024-09-08T08:57:24.753+0000] {processor.py:154} INFO - Started process (PID=2414) to work on /opt/airflow/dags/user_processing.py
[2024-09-08T08:57:24.755+0000] {processor.py:756} INFO - Processing file /opt/airflow/dags/user_processing.py for tasks to queue
[2024-09-08T08:57:24.757+0000] {logging_mixin.py:120} INFO - [2024-09-08T08:57:24.757+0000] {dagbag.py:537} INFO - Filling up the DagBag from /opt/airflow/dags/user_processing.py
[2024-09-08T08:57:25.014+0000] {processor.py:766} INFO - DAG(s) dict_keys(['user_processing']) retrieved from /opt/airflow/dags/user_processing.py
[2024-09-08T08:57:25.190+0000] {logging_mixin.py:120} INFO - [2024-09-08T08:57:25.190+0000] {dag.py:2585} INFO - Sync 1 DAGs
[2024-09-08T08:57:25.227+0000] {logging_mixin.py:120} INFO - [2024-09-08T08:57:25.227+0000] {dag.py:3340} INFO - Setting next_dagrun for user_processing to 2024-09-07T00:00:00+00:00, run_after=2024-09-08T00:00:00+00:00
[2024-09-08T08:57:25.249+0000] {processor.py:176} INFO - Processing /opt/airflow/dags/user_processing.py took 0.500 seconds
[2024-09-08T08:57:56.192+0000] {processor.py:154} INFO - Started process (PID=2446) to work on /opt/airflow/dags/user_processing.py
[2024-09-08T08:57:56.194+0000] {processor.py:756} INFO - Processing file /opt/airflow/dags/user_processing.py for tasks to queue
[2024-09-08T08:57:56.196+0000] {logging_mixin.py:120} INFO - [2024-09-08T08:57:56.195+0000] {dagbag.py:537} INFO - Filling up the DagBag from /opt/airflow/dags/user_processing.py
[2024-09-08T08:57:56.482+0000] {processor.py:766} INFO - DAG(s) dict_keys(['user_processing']) retrieved from /opt/airflow/dags/user_processing.py
[2024-09-08T08:57:56.622+0000] {logging_mixin.py:120} INFO - [2024-09-08T08:57:56.622+0000] {dag.py:2585} INFO - Sync 1 DAGs
[2024-09-08T08:57:56.647+0000] {logging_mixin.py:120} INFO - [2024-09-08T08:57:56.647+0000] {dag.py:3340} INFO - Setting next_dagrun for user_processing to 2024-09-07T00:00:00+00:00, run_after=2024-09-08T00:00:00+00:00
[2024-09-08T08:57:56.662+0000] {processor.py:176} INFO - Processing /opt/airflow/dags/user_processing.py took 0.475 seconds
